[0.026s] Invoking command in '/home/unitree/go2_ros2_ws/build/go2_core': AMENT_PREFIX_PATH=/home/unitree/go2_ros2_ws/install/go2_sport_api:/home/unitree/go2_ros2_ws/install/unitree_go:/home/unitree/go2_ros2_ws/install/unitree_api:${AMENT_PREFIX_PATH} CMAKE_PREFIX_PATH=/home/unitree/go2_ros2_ws/install/go2_sport_api:/home/unitree/go2_ros2_ws/install/unitree_go:/home/unitree/go2_ros2_ws/install/unitree_api:/opt/ros/foxy LD_LIBRARY_PATH=/home/unitree/go2_ros2_ws/install/go2_sport_api/lib:/home/unitree/go2_ros2_ws/install/unitree_go/lib:/home/unitree/go2_ros2_ws/install/unitree_api/lib:${LD_LIBRARY_PATH} PYTHONPATH=/home/unitree/go2_ros2_ws/install/unitree_go/lib/python3.8/site-packages:/home/unitree/go2_ros2_ws/install/unitree_api/lib/python3.8/site-packages:${PYTHONPATH} /usr/bin/cmake --build /home/unitree/go2_ros2_ws/build/go2_core -- -j4 -l4
[0.145s] [100%] Built target go2_base
[0.166s] Invoked command in '/home/unitree/go2_ros2_ws/build/go2_core' returned '0': AMENT_PREFIX_PATH=/home/unitree/go2_ros2_ws/install/go2_sport_api:/home/unitree/go2_ros2_ws/install/unitree_go:/home/unitree/go2_ros2_ws/install/unitree_api:${AMENT_PREFIX_PATH} CMAKE_PREFIX_PATH=/home/unitree/go2_ros2_ws/install/go2_sport_api:/home/unitree/go2_ros2_ws/install/unitree_go:/home/unitree/go2_ros2_ws/install/unitree_api:/opt/ros/foxy LD_LIBRARY_PATH=/home/unitree/go2_ros2_ws/install/go2_sport_api/lib:/home/unitree/go2_ros2_ws/install/unitree_go/lib:/home/unitree/go2_ros2_ws/install/unitree_api/lib:${LD_LIBRARY_PATH} PYTHONPATH=/home/unitree/go2_ros2_ws/install/unitree_go/lib/python3.8/site-packages:/home/unitree/go2_ros2_ws/install/unitree_api/lib/python3.8/site-packages:${PYTHONPATH} /usr/bin/cmake --build /home/unitree/go2_ros2_ws/build/go2_core -- -j4 -l4
[0.173s] Invoking command in '/home/unitree/go2_ros2_ws/build/go2_core': AMENT_PREFIX_PATH=/home/unitree/go2_ros2_ws/install/go2_sport_api:/home/unitree/go2_ros2_ws/install/unitree_go:/home/unitree/go2_ros2_ws/install/unitree_api:${AMENT_PREFIX_PATH} CMAKE_PREFIX_PATH=/home/unitree/go2_ros2_ws/install/go2_sport_api:/home/unitree/go2_ros2_ws/install/unitree_go:/home/unitree/go2_ros2_ws/install/unitree_api:/opt/ros/foxy LD_LIBRARY_PATH=/home/unitree/go2_ros2_ws/install/go2_sport_api/lib:/home/unitree/go2_ros2_ws/install/unitree_go/lib:/home/unitree/go2_ros2_ws/install/unitree_api/lib:${LD_LIBRARY_PATH} PYTHONPATH=/home/unitree/go2_ros2_ws/install/unitree_go/lib/python3.8/site-packages:/home/unitree/go2_ros2_ws/install/unitree_api/lib/python3.8/site-packages:${PYTHONPATH} /usr/bin/cmake --install /home/unitree/go2_ros2_ws/build/go2_core
[0.191s] -- Install configuration: ""
[0.192s] -- Up-to-date: /home/unitree/go2_ros2_ws/install/go2_core/share/go2_core/environment/pythonpath.sh
[0.192s] -- Up-to-date: /home/unitree/go2_ros2_ws/install/go2_core/share/go2_core/environment/pythonpath.dsv
[0.192s] -- Up-to-date: /home/unitree/go2_ros2_ws/install/go2_core/lib/python3.8/site-packages/go2_core
[0.192s] -- Up-to-date: /home/unitree/go2_ros2_ws/install/go2_core/lib/python3.8/site-packages/go2_core/video_stream_node.py
[0.192s] -- Up-to-date: /home/unitree/go2_ros2_ws/install/go2_core/lib/python3.8/site-packages/go2_core/__init__.py
[0.244s] Listing '/home/unitree/go2_ros2_ws/install/go2_core/lib/python3.8/site-packages/go2_core'...
[0.252s] -- Up-to-date: /home/unitree/go2_ros2_ws/install/go2_core/lib/go2_core/go2_base
[0.253s] -- Up-to-date: /home/unitree/go2_ros2_ws/install/go2_core/lib/go2_core/video_stream_node.py
[0.253s] -- Up-to-date: /home/unitree/go2_ros2_ws/install/go2_core/share/go2_core/launch
[0.253s] -- Up-to-date: /home/unitree/go2_ros2_ws/install/go2_core/share/go2_core/launch/go2_startup.launch.py
[0.253s] -- Up-to-date: /home/unitree/go2_ros2_ws/install/go2_core/share/go2_core/launch/go2_startup_nav2.launch.py
[0.253s] -- Up-to-date: /home/unitree/go2_ros2_ws/install/go2_core/share/go2_core/launch/go2_base.launch.py
[0.254s] -- Up-to-date: /home/unitree/go2_ros2_ws/install/go2_core/share/go2_core/config
[0.254s] -- Up-to-date: /home/unitree/go2_ros2_ws/install/go2_core/share/go2_core/config/default.rviz
[0.254s] -- Up-to-date: /home/unitree/go2_ros2_ws/install/go2_core/share/ament_index/resource_index/package_run_dependencies/go2_core
[0.254s] -- Up-to-date: /home/unitree/go2_ros2_ws/install/go2_core/share/ament_index/resource_index/parent_prefix_path/go2_core
[0.255s] -- Up-to-date: /home/unitree/go2_ros2_ws/install/go2_core/share/go2_core/environment/ament_prefix_path.sh
[0.255s] -- Up-to-date: /home/unitree/go2_ros2_ws/install/go2_core/share/go2_core/environment/ament_prefix_path.dsv
[0.255s] -- Up-to-date: /home/unitree/go2_ros2_ws/install/go2_core/share/go2_core/environment/path.sh
[0.255s] -- Up-to-date: /home/unitree/go2_ros2_ws/install/go2_core/share/go2_core/environment/path.dsv
[0.255s] -- Up-to-date: /home/unitree/go2_ros2_ws/install/go2_core/share/go2_core/local_setup.bash
[0.255s] -- Up-to-date: /home/unitree/go2_ros2_ws/install/go2_core/share/go2_core/local_setup.sh
[0.255s] -- Up-to-date: /home/unitree/go2_ros2_ws/install/go2_core/share/go2_core/local_setup.zsh
[0.255s] -- Up-to-date: /home/unitree/go2_ros2_ws/install/go2_core/share/go2_core/local_setup.dsv
[0.256s] -- Installing: /home/unitree/go2_ros2_ws/install/go2_core/share/go2_core/package.dsv
[0.256s] -- Up-to-date: /home/unitree/go2_ros2_ws/install/go2_core/share/ament_index/resource_index/packages/go2_core
[0.256s] -- Up-to-date: /home/unitree/go2_ros2_ws/install/go2_core/share/go2_core/cmake/go2_coreConfig.cmake
[0.256s] -- Up-to-date: /home/unitree/go2_ros2_ws/install/go2_core/share/go2_core/cmake/go2_coreConfig-version.cmake
[0.256s] -- Up-to-date: /home/unitree/go2_ros2_ws/install/go2_core/share/go2_core/package.xml
[0.262s] Invoked command in '/home/unitree/go2_ros2_ws/build/go2_core' returned '0': AMENT_PREFIX_PATH=/home/unitree/go2_ros2_ws/install/go2_sport_api:/home/unitree/go2_ros2_ws/install/unitree_go:/home/unitree/go2_ros2_ws/install/unitree_api:${AMENT_PREFIX_PATH} CMAKE_PREFIX_PATH=/home/unitree/go2_ros2_ws/install/go2_sport_api:/home/unitree/go2_ros2_ws/install/unitree_go:/home/unitree/go2_ros2_ws/install/unitree_api:/opt/ros/foxy LD_LIBRARY_PATH=/home/unitree/go2_ros2_ws/install/go2_sport_api/lib:/home/unitree/go2_ros2_ws/install/unitree_go/lib:/home/unitree/go2_ros2_ws/install/unitree_api/lib:${LD_LIBRARY_PATH} PYTHONPATH=/home/unitree/go2_ros2_ws/install/unitree_go/lib/python3.8/site-packages:/home/unitree/go2_ros2_ws/install/unitree_api/lib/python3.8/site-packages:${PYTHONPATH} /usr/bin/cmake --install /home/unitree/go2_ros2_ws/build/go2_core
