[0.059s] Invoking command in '/home/unitree/go2_ros2_ws/build/unitree_go': CMAKE_PREFIX_PATH=${CMAKE_PREFIX_PATH}:/opt/ros/foxy /usr/bin/cmake --build /home/unitree/go2_ros2_ws/build/unitree_go -- -j4 -l4
[0.177s] [  0%] Built target unitree_go__cpp
[0.227s] [  1%] Built target unitree_go__dds_connext_idl
[0.276s] [ 13%] Built target unitree_go__rosidl_typesupport_cpp
[0.335s] [ 25%] Built target unitree_go__rosidl_typesupport_introspection_cpp
[0.400s] [ 37%] Built target unitree_go__rosidl_typesupport_fastrtps_cpp
[0.454s] [ 49%] Built target unitree_go__rosidl_generator_c
[0.524s] [ 61%] Built target unitree_go__rosidl_typesupport_fastrtps_c
[0.578s] [ 73%] Built target unitree_go__rosidl_typesupport_c
[0.632s] [ 85%] Built target unitree_go__rosidl_typesupport_introspection_c
[0.673s] [ 85%] Built target unitree_go
[0.718s] [ 85%] Built target unitree_go__py
[0.794s] [ 97%] Built target unitree_go__python
[0.847s] [ 98%] Built target unitree_go__rosidl_typesupport_c__pyext
[0.901s] [ 99%] Built target unitree_go__rosidl_typesupport_fastrtps_c__pyext
[0.950s] [100%] Built target unitree_go__rosidl_typesupport_introspection_c__pyext
[0.975s] Invoked command in '/home/unitree/go2_ros2_ws/build/unitree_go' returned '0': CMAKE_PREFIX_PATH=${CMAKE_PREFIX_PATH}:/opt/ros/foxy /usr/bin/cmake --build /home/unitree/go2_ros2_ws/build/unitree_go -- -j4 -l4
[0.981s] Invoking command in '/home/unitree/go2_ros2_ws/build/unitree_go': CMAKE_PREFIX_PATH=${CMAKE_PREFIX_PATH}:/opt/ros/foxy /usr/bin/cmake --install /home/unitree/go2_ros2_ws/build/unitree_go
[1.002s] -- Install configuration: ""
[1.003s] -- Up-to-date: /home/unitree/go2_ros2_ws/install/unitree_go/share/ament_index/resource_index/rosidl_interfaces/unitree_go
[1.003s] -- Up-to-date: /home/unitree/go2_ros2_ws/install/unitree_go/include/unitree_go
[1.003s] -- Up-to-date: /home/unitree/go2_ros2_ws/install/unitree_go/include/unitree_go/msg
[1.004s] -- Up-to-date: /home/unitree/go2_ros2_ws/install/unitree_go/include/unitree_go/msg/rosidl_generator_c__visibility_control.h
[1.004s] -- Up-to-date: /home/unitree/go2_ros2_ws/install/unitree_go/include/unitree_go/msg/path_point.h
[1.004s] -- Up-to-date: /home/unitree/go2_ros2_ws/install/unitree_go/include/unitree_go/msg/imu_state.h
[1.004s] -- Up-to-date: /home/unitree/go2_ros2_ws/install/unitree_go/include/unitree_go/msg/motor_cmd.h
[1.005s] -- Up-to-date: /home/unitree/go2_ros2_ws/install/unitree_go/include/unitree_go/msg/bms_state.h
[1.005s] -- Up-to-date: /home/unitree/go2_ros2_ws/install/unitree_go/include/unitree_go/msg/interface_config.h
[1.005s] -- Up-to-date: /home/unitree/go2_ros2_ws/install/unitree_go/include/unitree_go/msg/time_spec.h
[1.005s] -- Up-to-date: /home/unitree/go2_ros2_ws/install/unitree_go/include/unitree_go/msg/bms_cmd.h
[1.006s] -- Up-to-date: /home/unitree/go2_ros2_ws/install/unitree_go/include/unitree_go/msg/height_map.h
[1.006s] -- Up-to-date: /home/unitree/go2_ros2_ws/install/unitree_go/include/unitree_go/msg/uwb_switch.h
[1.006s] -- Up-to-date: /home/unitree/go2_ros2_ws/install/unitree_go/include/unitree_go/msg/res.h
[1.006s] -- Up-to-date: /home/unitree/go2_ros2_ws/install/unitree_go/include/unitree_go/msg/sport_mode_cmd.h
[1.007s] -- Up-to-date: /home/unitree/go2_ros2_ws/install/unitree_go/include/unitree_go/msg/audio_data.h
[1.007s] -- Up-to-date: /home/unitree/go2_ros2_ws/install/unitree_go/include/unitree_go/msg/lidar_state.h
[1.007s] -- Up-to-date: /home/unitree/go2_ros2_ws/install/unitree_go/include/unitree_go/msg/go2_front_video_data.h
[1.007s] -- Up-to-date: /home/unitree/go2_ros2_ws/install/unitree_go/include/unitree_go/msg/uwb_state.h
[1.007s] -- Up-to-date: /home/unitree/go2_ros2_ws/install/unitree_go/include/unitree_go/msg/motor_state.h
[1.007s] -- Up-to-date: /home/unitree/go2_ros2_ws/install/unitree_go/include/unitree_go/msg/req.h
[1.007s] -- Up-to-date: /home/unitree/go2_ros2_ws/install/unitree_go/include/unitree_go/msg/detail
[1.007s] -- Up-to-date: /home/unitree/go2_ros2_ws/install/unitree_go/include/unitree_go/msg/detail/motor_cmd__functions.h
[1.008s] -- Up-to-date: /home/unitree/go2_ros2_ws/install/unitree_go/include/unitree_go/msg/detail/req__functions.h
[1.008s] -- Up-to-date: /home/unitree/go2_ros2_ws/install/unitree_go/include/unitree_go/msg/detail/sport_mode_cmd__functions.h
[1.008s] -- Up-to-date: /home/unitree/go2_ros2_ws/install/unitree_go/include/unitree_go/msg/detail/motor_cmd__functions.c
[1.008s] -- Up-to-date: /home/unitree/go2_ros2_ws/install/unitree_go/include/unitree_go/msg/detail/go2_front_video_data__functions.c
[1.009s] -- Up-to-date: /home/unitree/go2_ros2_ws/install/unitree_go/include/unitree_go/msg/detail/low_cmd__type_support.h
[1.009s] -- Up-to-date: /home/unitree/go2_ros2_ws/install/unitree_go/include/unitree_go/msg/detail/uwb_switch__functions.h
[1.009s] -- Up-to-date: /home/unitree/go2_ros2_ws/install/unitree_go/include/unitree_go/msg/detail/uwb_state__type_support.h
[1.009s] -- Up-to-date: /home/unitree/go2_ros2_ws/install/unitree_go/include/unitree_go/msg/detail/motor_cmd__struct.h
[1.009s] -- Up-to-date: /home/unitree/go2_ros2_ws/install/unitree_go/include/unitree_go/msg/detail/low_state__struct.h
[1.009s] -- Up-to-date: /home/unitree/go2_ros2_ws/install/unitree_go/include/unitree_go/msg/detail/sport_mode_state__functions.h
[1.009s] -- Up-to-date: /home/unitree/go2_ros2_ws/install/unitree_go/include/unitree_go/msg/detail/bms_state__functions.c
[1.010s] -- Up-to-date: /home/unitree/go2_ros2_ws/install/unitree_go/include/unitree_go/msg/detail/uwb_state__struct.h
[1.010s] -- Up-to-date: /home/unitree/go2_ros2_ws/install/unitree_go/include/unitree_go/msg/detail/res__struct.h
[1.010s] -- Up-to-date: /home/unitree/go2_ros2_ws/install/unitree_go/include/unitree_go/msg/detail/interface_config__struct.h
[1.011s] -- Up-to-date: /home/unitree/go2_ros2_ws/install/unitree_go/include/unitree_go/msg/detail/audio_data__type_support.h
[1.011s] -- Up-to-date: /home/unitree/go2_ros2_ws/install/unitree_go/include/unitree_go/msg/detail/lidar_state__functions.c
[1.011s] -- Up-to-date: /home/unitree/go2_ros2_ws/install/unitree_go/include/unitree_go/msg/detail/wireless_controller__functions.c
[1.011s] -- Up-to-date: /home/unitree/go2_ros2_ws/install/unitree_go/include/unitree_go/msg/detail/interface_config__functions.h
[1.011s] -- Up-to-date: /home/unitree/go2_ros2_ws/install/unitree_go/include/unitree_go/msg/detail/audio_data__struct.h
[1.011s] -- Up-to-date: /home/unitree/go2_ros2_ws/install/unitree_go/include/unitree_go/msg/detail/low_state__functions.h
[1.011s] -- Up-to-date: /home/unitree/go2_ros2_ws/install/unitree_go/include/unitree_go/msg/detail/res__type_support.h
[1.012s] -- Up-to-date: /home/unitree/go2_ros2_ws/install/unitree_go/include/unitree_go/msg/detail/motor_cmd__type_support.h
[1.012s] -- Up-to-date: /home/unitree/go2_ros2_ws/install/unitree_go/include/unitree_go/msg/detail/error__functions.h
[1.012s] -- Up-to-date: /home/unitree/go2_ros2_ws/install/unitree_go/include/unitree_go/msg/detail/res__functions.h
[1.012s] -- Up-to-date: /home/unitree/go2_ros2_ws/install/unitree_go/include/unitree_go/msg/detail/interface_config__functions.c
[1.013s] -- Up-to-date: /home/unitree/go2_ros2_ws/install/unitree_go/include/unitree_go/msg/detail/height_map__functions.h
[1.013s] -- Up-to-date: /home/unitree/go2_ros2_ws/install/unitree_go/include/unitree_go/msg/detail/bms_cmd__functions.c
[1.013s] -- Up-to-date: /home/unitree/go2_ros2_ws/install/unitree_go/include/unitree_go/msg/detail/lidar_state__struct.h
[1.013s] -- Up-to-date: /home/unitree/go2_ros2_ws/install/unitree_go/include/unitree_go/msg/detail/uwb_switch__functions.c
[1.014s] -- Up-to-date: /home/unitree/go2_ros2_ws/install/unitree_go/include/unitree_go/msg/detail/bms_state__functions.h
[1.014s] -- Up-to-date: /home/unitree/go2_ros2_ws/install/unitree_go/include/unitree_go/msg/detail/audio_data__functions.c
[1.014s] -- Up-to-date: /home/unitree/go2_ros2_ws/install/unitree_go/include/unitree_go/msg/detail/error__functions.c
[1.014s] -- Up-to-date: /home/unitree/go2_ros2_ws/install/unitree_go/include/unitree_go/msg/detail/bms_state__struct.h
[1.014s] -- Up-to-date: /home/unitree/go2_ros2_ws/install/unitree_go/include/unitree_go/msg/detail/low_cmd__struct.h
[1.014s] -- Up-to-date: /home/unitree/go2_ros2_ws/install/unitree_go/include/unitree_go/msg/detail/motor_state__struct.h
[1.014s] -- Up-to-date: /home/unitree/go2_ros2_ws/install/unitree_go/include/unitree_go/msg/detail/wireless_controller__functions.h
[1.014s] -- Up-to-date: /home/unitree/go2_ros2_ws/install/unitree_go/include/unitree_go/msg/detail/sport_mode_state__struct.h
[1.015s] -- Up-to-date: /home/unitree/go2_ros2_ws/install/unitree_go/include/unitree_go/msg/detail/sport_mode_cmd__struct.h
[1.015s] -- Up-to-date: /home/unitree/go2_ros2_ws/install/unitree_go/include/unitree_go/msg/detail/interface_config__type_support.h
[1.015s] -- Up-to-date: /home/unitree/go2_ros2_ws/install/unitree_go/include/unitree_go/msg/detail/sport_mode_state__functions.c
[1.015s] -- Up-to-date: /home/unitree/go2_ros2_ws/install/unitree_go/include/unitree_go/msg/detail/go2_front_video_data__type_support.h
[1.015s] -- Up-to-date: /home/unitree/go2_ros2_ws/install/unitree_go/include/unitree_go/msg/detail/low_cmd__functions.h
[1.015s] -- Up-to-date: /home/unitree/go2_ros2_ws/install/unitree_go/include/unitree_go/msg/detail/wireless_controller__struct.h
[1.016s] -- Up-to-date: /home/unitree/go2_ros2_ws/install/unitree_go/include/unitree_go/msg/detail/bms_cmd__struct.h
[1.016s] -- Up-to-date: /home/unitree/go2_ros2_ws/install/unitree_go/include/unitree_go/msg/detail/sport_mode_state__type_support.h
[1.016s] -- Up-to-date: /home/unitree/go2_ros2_ws/install/unitree_go/include/unitree_go/msg/detail/motor_state__type_support.h
[1.016s] -- Up-to-date: /home/unitree/go2_ros2_ws/install/unitree_go/include/unitree_go/msg/detail/time_spec__functions.c
[1.017s] -- Up-to-date: /home/unitree/go2_ros2_ws/install/unitree_go/include/unitree_go/msg/detail/height_map__struct.h
[1.017s] -- Up-to-date: /home/unitree/go2_ros2_ws/install/unitree_go/include/unitree_go/msg/detail/go2_front_video_data__struct.h
[1.017s] -- Up-to-date: /home/unitree/go2_ros2_ws/install/unitree_go/include/unitree_go/msg/detail/audio_data__functions.h
[1.017s] -- Up-to-date: /home/unitree/go2_ros2_ws/install/unitree_go/include/unitree_go/msg/detail/time_spec__functions.h
[1.018s] -- Up-to-date: /home/unitree/go2_ros2_ws/install/unitree_go/include/unitree_go/msg/detail/time_spec__struct.h
[1.018s] -- Up-to-date: /home/unitree/go2_ros2_ws/install/unitree_go/include/unitree_go/msg/detail/uwb_state__functions.h
[1.018s] -- Up-to-date: /home/unitree/go2_ros2_ws/install/unitree_go/include/unitree_go/msg/detail/imu_state__type_support.h
[1.018s] -- Up-to-date: /home/unitree/go2_ros2_ws/install/unitree_go/include/unitree_go/msg/detail/path_point__struct.h
[1.019s] -- Up-to-date: /home/unitree/go2_ros2_ws/install/unitree_go/include/unitree_go/msg/detail/uwb_switch__type_support.h
[1.019s] -- Up-to-date: /home/unitree/go2_ros2_ws/install/unitree_go/include/unitree_go/msg/detail/uwb_state__functions.c
[1.019s] -- Up-to-date: /home/unitree/go2_ros2_ws/install/unitree_go/include/unitree_go/msg/detail/height_map__type_support.h
[1.019s] -- Up-to-date: /home/unitree/go2_ros2_ws/install/unitree_go/include/unitree_go/msg/detail/low_state__functions.c
[1.020s] -- Up-to-date: /home/unitree/go2_ros2_ws/install/unitree_go/include/unitree_go/msg/detail/bms_cmd__functions.h
[1.020s] -- Up-to-date: /home/unitree/go2_ros2_ws/install/unitree_go/include/unitree_go/msg/detail/time_spec__type_support.h
[1.020s] -- Up-to-date: /home/unitree/go2_ros2_ws/install/unitree_go/include/unitree_go/msg/detail/req__type_support.h
[1.020s] -- Up-to-date: /home/unitree/go2_ros2_ws/install/unitree_go/include/unitree_go/msg/detail/path_point__functions.h
[1.021s] -- Up-to-date: /home/unitree/go2_ros2_ws/install/unitree_go/include/unitree_go/msg/detail/error__type_support.h
[1.021s] -- Up-to-date: /home/unitree/go2_ros2_ws/install/unitree_go/include/unitree_go/msg/detail/bms_state__type_support.h
[1.021s] -- Up-to-date: /home/unitree/go2_ros2_ws/install/unitree_go/include/unitree_go/msg/detail/lidar_state__functions.h
[1.021s] -- Up-to-date: /home/unitree/go2_ros2_ws/install/unitree_go/include/unitree_go/msg/detail/req__struct.h
[1.022s] -- Up-to-date: /home/unitree/go2_ros2_ws/install/unitree_go/include/unitree_go/msg/detail/error__struct.h
[1.022s] -- Up-to-date: /home/unitree/go2_ros2_ws/install/unitree_go/include/unitree_go/msg/detail/req__functions.c
[1.022s] -- Up-to-date: /home/unitree/go2_ros2_ws/install/unitree_go/include/unitree_go/msg/detail/wireless_controller__type_support.h
[1.022s] -- Up-to-date: /home/unitree/go2_ros2_ws/install/unitree_go/include/unitree_go/msg/detail/motor_state__functions.c
[1.022s] -- Up-to-date: /home/unitree/go2_ros2_ws/install/unitree_go/include/unitree_go/msg/detail/res__functions.c
[1.022s] -- Up-to-date: /home/unitree/go2_ros2_ws/install/unitree_go/include/unitree_go/msg/detail/lidar_state__type_support.h
[1.022s] -- Up-to-date: /home/unitree/go2_ros2_ws/install/unitree_go/include/unitree_go/msg/detail/low_state__type_support.h
[1.022s] -- Up-to-date: /home/unitree/go2_ros2_ws/install/unitree_go/include/unitree_go/msg/detail/bms_cmd__type_support.h
[1.023s] -- Up-to-date: /home/unitree/go2_ros2_ws/install/unitree_go/include/unitree_go/msg/detail/sport_mode_cmd__functions.c
[1.023s] -- Up-to-date: /home/unitree/go2_ros2_ws/install/unitree_go/include/unitree_go/msg/detail/imu_state__struct.h
[1.023s] -- Up-to-date: /home/unitree/go2_ros2_ws/install/unitree_go/include/unitree_go/msg/detail/path_point__type_support.h
[1.023s] -- Up-to-date: /home/unitree/go2_ros2_ws/install/unitree_go/include/unitree_go/msg/detail/height_map__functions.c
[1.023s] -- Up-to-date: /home/unitree/go2_ros2_ws/install/unitree_go/include/unitree_go/msg/detail/imu_state__functions.c
[1.023s] -- Up-to-date: /home/unitree/go2_ros2_ws/install/unitree_go/include/unitree_go/msg/detail/path_point__functions.c
[1.023s] -- Up-to-date: /home/unitree/go2_ros2_ws/install/unitree_go/include/unitree_go/msg/detail/sport_mode_cmd__type_support.h
[1.024s] -- Up-to-date: /home/unitree/go2_ros2_ws/install/unitree_go/include/unitree_go/msg/detail/motor_state__functions.h
[1.024s] -- Up-to-date: /home/unitree/go2_ros2_ws/install/unitree_go/include/unitree_go/msg/detail/go2_front_video_data__functions.h
[1.024s] -- Up-to-date: /home/unitree/go2_ros2_ws/install/unitree_go/include/unitree_go/msg/detail/imu_state__functions.h
[1.024s] -- Up-to-date: /home/unitree/go2_ros2_ws/install/unitree_go/include/unitree_go/msg/detail/uwb_switch__struct.h
[1.024s] -- Up-to-date: /home/unitree/go2_ros2_ws/install/unitree_go/include/unitree_go/msg/detail/low_cmd__functions.c
[1.024s] -- Up-to-date: /home/unitree/go2_ros2_ws/install/unitree_go/include/unitree_go/msg/wireless_controller.h
[1.024s] -- Up-to-date: /home/unitree/go2_ros2_ws/install/unitree_go/include/unitree_go/msg/sport_mode_state.h
[1.024s] -- Up-to-date: /home/unitree/go2_ros2_ws/install/unitree_go/include/unitree_go/msg/error.h
[1.024s] -- Up-to-date: /home/unitree/go2_ros2_ws/install/unitree_go/include/unitree_go/msg/low_state.h
[1.025s] -- Up-to-date: /home/unitree/go2_ros2_ws/install/unitree_go/include/unitree_go/msg/low_cmd.h
[1.025s] -- Up-to-date: /home/unitree/go2_ros2_ws/install/unitree_go/share/unitree_go/environment/library_path.sh
[1.025s] -- Up-to-date: /home/unitree/go2_ros2_ws/install/unitree_go/share/unitree_go/environment/library_path.dsv
[1.025s] -- Up-to-date: /home/unitree/go2_ros2_ws/install/unitree_go/lib/libunitree_go__rosidl_generator_c.so
[1.025s] -- Up-to-date: /home/unitree/go2_ros2_ws/install/unitree_go/include/unitree_go
[1.025s] -- Up-to-date: /home/unitree/go2_ros2_ws/install/unitree_go/include/unitree_go/msg
[1.025s] -- Up-to-date: /home/unitree/go2_ros2_ws/install/unitree_go/include/unitree_go/msg/rosidl_typesupport_fastrtps_c__visibility_control.h
[1.025s] -- Up-to-date: /home/unitree/go2_ros2_ws/install/unitree_go/include/unitree_go/msg/detail
[1.025s] -- Up-to-date: /home/unitree/go2_ros2_ws/install/unitree_go/include/unitree_go/msg/detail/bms_cmd__rosidl_typesupport_fastrtps_c.h
[1.025s] -- Up-to-date: /home/unitree/go2_ros2_ws/install/unitree_go/include/unitree_go/msg/detail/height_map__rosidl_typesupport_fastrtps_c.h
[1.026s] -- Up-to-date: /home/unitree/go2_ros2_ws/install/unitree_go/include/unitree_go/msg/detail/time_spec__rosidl_typesupport_fastrtps_c.h
[1.026s] -- Up-to-date: /home/unitree/go2_ros2_ws/install/unitree_go/include/unitree_go/msg/detail/interface_config__rosidl_typesupport_fastrtps_c.h
[1.026s] -- Up-to-date: /home/unitree/go2_ros2_ws/install/unitree_go/include/unitree_go/msg/detail/motor_state__rosidl_typesupport_fastrtps_c.h
[1.026s] -- Up-to-date: /home/unitree/go2_ros2_ws/install/unitree_go/include/unitree_go/msg/detail/audio_data__rosidl_typesupport_fastrtps_c.h
[1.026s] -- Up-to-date: /home/unitree/go2_ros2_ws/install/unitree_go/include/unitree_go/msg/detail/go2_front_video_data__rosidl_typesupport_fastrtps_c.h
[1.026s] -- Up-to-date: /home/unitree/go2_ros2_ws/install/unitree_go/include/unitree_go/msg/detail/wireless_controller__rosidl_typesupport_fastrtps_c.h
[1.026s] -- Up-to-date: /home/unitree/go2_ros2_ws/install/unitree_go/include/unitree_go/msg/detail/error__rosidl_typesupport_fastrtps_c.h
[1.026s] -- Up-to-date: /home/unitree/go2_ros2_ws/install/unitree_go/include/unitree_go/msg/detail/low_cmd__rosidl_typesupport_fastrtps_c.h
[1.027s] -- Up-to-date: /home/unitree/go2_ros2_ws/install/unitree_go/include/unitree_go/msg/detail/uwb_state__rosidl_typesupport_fastrtps_c.h
[1.027s] -- Up-to-date: /home/unitree/go2_ros2_ws/install/unitree_go/include/unitree_go/msg/detail/lidar_state__rosidl_typesupport_fastrtps_c.h
[1.027s] -- Up-to-date: /home/unitree/go2_ros2_ws/install/unitree_go/include/unitree_go/msg/detail/uwb_switch__rosidl_typesupport_fastrtps_c.h
[1.027s] -- Up-to-date: /home/unitree/go2_ros2_ws/install/unitree_go/include/unitree_go/msg/detail/res__rosidl_typesupport_fastrtps_c.h
[1.027s] -- Up-to-date: /home/unitree/go2_ros2_ws/install/unitree_go/include/unitree_go/msg/detail/bms_state__rosidl_typesupport_fastrtps_c.h
[1.027s] -- Up-to-date: /home/unitree/go2_ros2_ws/install/unitree_go/include/unitree_go/msg/detail/imu_state__rosidl_typesupport_fastrtps_c.h
[1.027s] -- Up-to-date: /home/unitree/go2_ros2_ws/install/unitree_go/include/unitree_go/msg/detail/low_state__rosidl_typesupport_fastrtps_c.h
[1.027s] -- Up-to-date: /home/unitree/go2_ros2_ws/install/unitree_go/include/unitree_go/msg/detail/sport_mode_cmd__rosidl_typesupport_fastrtps_c.h
[1.027s] -- Up-to-date: /home/unitree/go2_ros2_ws/install/unitree_go/include/unitree_go/msg/detail/path_point__rosidl_typesupport_fastrtps_c.h
[1.028s] -- Up-to-date: /home/unitree/go2_ros2_ws/install/unitree_go/include/unitree_go/msg/detail/motor_cmd__rosidl_typesupport_fastrtps_c.h
[1.028s] -- Up-to-date: /home/unitree/go2_ros2_ws/install/unitree_go/include/unitree_go/msg/detail/req__rosidl_typesupport_fastrtps_c.h
[1.028s] -- Up-to-date: /home/unitree/go2_ros2_ws/install/unitree_go/include/unitree_go/msg/detail/sport_mode_state__rosidl_typesupport_fastrtps_c.h
[1.028s] -- Up-to-date: /home/unitree/go2_ros2_ws/install/unitree_go/lib/libunitree_go__rosidl_typesupport_fastrtps_c.so
[1.028s] -- Up-to-date: /home/unitree/go2_ros2_ws/install/unitree_go/include/unitree_go
[1.028s] -- Up-to-date: /home/unitree/go2_ros2_ws/install/unitree_go/include/unitree_go/msg
[1.028s] -- Up-to-date: /home/unitree/go2_ros2_ws/install/unitree_go/include/unitree_go/msg/rosidl_typesupport_fastrtps_cpp__visibility_control.h
[1.028s] -- Up-to-date: /home/unitree/go2_ros2_ws/install/unitree_go/include/unitree_go/msg/detail
[1.028s] -- Up-to-date: /home/unitree/go2_ros2_ws/install/unitree_go/include/unitree_go/msg/detail/sport_mode_state__rosidl_typesupport_fastrtps_cpp.hpp
[1.028s] -- Up-to-date: /home/unitree/go2_ros2_ws/install/unitree_go/include/unitree_go/msg/detail/low_cmd__rosidl_typesupport_fastrtps_cpp.hpp
[1.029s] -- Up-to-date: /home/unitree/go2_ros2_ws/install/unitree_go/include/unitree_go/msg/detail/time_spec__rosidl_typesupport_fastrtps_cpp.hpp
[1.029s] -- Up-to-date: /home/unitree/go2_ros2_ws/install/unitree_go/include/unitree_go/msg/detail/bms_state__rosidl_typesupport_fastrtps_cpp.hpp
[1.029s] -- Up-to-date: /home/unitree/go2_ros2_ws/install/unitree_go/include/unitree_go/msg/detail/interface_config__rosidl_typesupport_fastrtps_cpp.hpp
[1.029s] -- Up-to-date: /home/unitree/go2_ros2_ws/install/unitree_go/include/unitree_go/msg/detail/go2_front_video_data__rosidl_typesupport_fastrtps_cpp.hpp
[1.029s] -- Up-to-date: /home/unitree/go2_ros2_ws/install/unitree_go/include/unitree_go/msg/detail/wireless_controller__rosidl_typesupport_fastrtps_cpp.hpp
[1.029s] -- Up-to-date: /home/unitree/go2_ros2_ws/install/unitree_go/include/unitree_go/msg/detail/motor_state__rosidl_typesupport_fastrtps_cpp.hpp
[1.029s] -- Up-to-date: /home/unitree/go2_ros2_ws/install/unitree_go/include/unitree_go/msg/detail/audio_data__rosidl_typesupport_fastrtps_cpp.hpp
[1.029s] -- Up-to-date: /home/unitree/go2_ros2_ws/install/unitree_go/include/unitree_go/msg/detail/bms_cmd__rosidl_typesupport_fastrtps_cpp.hpp
[1.029s] -- Up-to-date: /home/unitree/go2_ros2_ws/install/unitree_go/include/unitree_go/msg/detail/lidar_state__rosidl_typesupport_fastrtps_cpp.hpp
[1.030s] -- Up-to-date: /home/unitree/go2_ros2_ws/install/unitree_go/include/unitree_go/msg/detail/req__rosidl_typesupport_fastrtps_cpp.hpp
[1.030s] -- Up-to-date: /home/unitree/go2_ros2_ws/install/unitree_go/include/unitree_go/msg/detail/sport_mode_cmd__rosidl_typesupport_fastrtps_cpp.hpp
[1.030s] -- Up-to-date: /home/unitree/go2_ros2_ws/install/unitree_go/include/unitree_go/msg/detail/height_map__rosidl_typesupport_fastrtps_cpp.hpp
[1.030s] -- Up-to-date: /home/unitree/go2_ros2_ws/install/unitree_go/include/unitree_go/msg/detail/error__rosidl_typesupport_fastrtps_cpp.hpp
[1.030s] -- Up-to-date: /home/unitree/go2_ros2_ws/install/unitree_go/include/unitree_go/msg/detail/uwb_state__rosidl_typesupport_fastrtps_cpp.hpp
[1.030s] -- Up-to-date: /home/unitree/go2_ros2_ws/install/unitree_go/include/unitree_go/msg/detail/motor_cmd__rosidl_typesupport_fastrtps_cpp.hpp
[1.030s] -- Up-to-date: /home/unitree/go2_ros2_ws/install/unitree_go/include/unitree_go/msg/detail/res__rosidl_typesupport_fastrtps_cpp.hpp
[1.030s] -- Up-to-date: /home/unitree/go2_ros2_ws/install/unitree_go/include/unitree_go/msg/detail/low_state__rosidl_typesupport_fastrtps_cpp.hpp
[1.030s] -- Up-to-date: /home/unitree/go2_ros2_ws/install/unitree_go/include/unitree_go/msg/detail/imu_state__rosidl_typesupport_fastrtps_cpp.hpp
[1.031s] -- Up-to-date: /home/unitree/go2_ros2_ws/install/unitree_go/include/unitree_go/msg/detail/path_point__rosidl_typesupport_fastrtps_cpp.hpp
[1.031s] -- Up-to-date: /home/unitree/go2_ros2_ws/install/unitree_go/include/unitree_go/msg/detail/dds_fastrtps
[1.031s] -- Up-to-date: /home/unitree/go2_ros2_ws/install/unitree_go/include/unitree_go/msg/detail/uwb_switch__rosidl_typesupport_fastrtps_cpp.hpp
[1.031s] -- Up-to-date: /home/unitree/go2_ros2_ws/install/unitree_go/lib/libunitree_go__rosidl_typesupport_fastrtps_cpp.so
[1.031s] -- Up-to-date: /home/unitree/go2_ros2_ws/install/unitree_go/include/unitree_go
[1.031s] -- Up-to-date: /home/unitree/go2_ros2_ws/install/unitree_go/include/unitree_go/msg
[1.031s] -- Up-to-date: /home/unitree/go2_ros2_ws/install/unitree_go/include/unitree_go/msg/rosidl_typesupport_introspection_c__visibility_control.h
[1.031s] -- Up-to-date: /home/unitree/go2_ros2_ws/install/unitree_go/include/unitree_go/msg/detail
[1.031s] -- Up-to-date: /home/unitree/go2_ros2_ws/install/unitree_go/include/unitree_go/msg/detail/uwb_switch__type_support.c
[1.032s] -- Up-to-date: /home/unitree/go2_ros2_ws/install/unitree_go/include/unitree_go/msg/detail/audio_data__type_support.c
[1.032s] -- Up-to-date: /home/unitree/go2_ros2_ws/install/unitree_go/include/unitree_go/msg/detail/low_state__type_support.c
[1.032s] -- Up-to-date: /home/unitree/go2_ros2_ws/install/unitree_go/include/unitree_go/msg/detail/height_map__rosidl_typesupport_introspection_c.h
[1.032s] -- Up-to-date: /home/unitree/go2_ros2_ws/install/unitree_go/include/unitree_go/msg/detail/uwb_state__type_support.c
[1.032s] -- Up-to-date: /home/unitree/go2_ros2_ws/install/unitree_go/include/unitree_go/msg/detail/motor_cmd__type_support.c
[1.032s] -- Up-to-date: /home/unitree/go2_ros2_ws/install/unitree_go/include/unitree_go/msg/detail/sport_mode_cmd__rosidl_typesupport_introspection_c.h
[1.032s] -- Up-to-date: /home/unitree/go2_ros2_ws/install/unitree_go/include/unitree_go/msg/detail/uwb_switch__rosidl_typesupport_introspection_c.h
[1.032s] -- Up-to-date: /home/unitree/go2_ros2_ws/install/unitree_go/include/unitree_go/msg/detail/motor_state__rosidl_typesupport_introspection_c.h
[1.032s] -- Up-to-date: /home/unitree/go2_ros2_ws/install/unitree_go/include/unitree_go/msg/detail/height_map__type_support.c
[1.033s] -- Up-to-date: /home/unitree/go2_ros2_ws/install/unitree_go/include/unitree_go/msg/detail/imu_state__type_support.c
[1.033s] -- Up-to-date: /home/unitree/go2_ros2_ws/install/unitree_go/include/unitree_go/msg/detail/lidar_state__type_support.c
[1.033s] -- Up-to-date: /home/unitree/go2_ros2_ws/install/unitree_go/include/unitree_go/msg/detail/sport_mode_cmd__type_support.c
[1.033s] -- Up-to-date: /home/unitree/go2_ros2_ws/install/unitree_go/include/unitree_go/msg/detail/low_state__rosidl_typesupport_introspection_c.h
[1.033s] -- Up-to-date: /home/unitree/go2_ros2_ws/install/unitree_go/include/unitree_go/msg/detail/error__rosidl_typesupport_introspection_c.h
[1.034s] -- Up-to-date: /home/unitree/go2_ros2_ws/install/unitree_go/include/unitree_go/msg/detail/sport_mode_state__rosidl_typesupport_introspection_c.h
[1.034s] -- Up-to-date: /home/unitree/go2_ros2_ws/install/unitree_go/include/unitree_go/msg/detail/res__type_support.c
[1.034s] -- Up-to-date: /home/unitree/go2_ros2_ws/install/unitree_go/include/unitree_go/msg/detail/path_point__rosidl_typesupport_introspection_c.h
[1.034s] -- Up-to-date: /home/unitree/go2_ros2_ws/install/unitree_go/include/unitree_go/msg/detail/error__type_support.c
[1.034s] -- Up-to-date: /home/unitree/go2_ros2_ws/install/unitree_go/include/unitree_go/msg/detail/imu_state__rosidl_typesupport_introspection_c.h
[1.034s] -- Up-to-date: /home/unitree/go2_ros2_ws/install/unitree_go/include/unitree_go/msg/detail/req__rosidl_typesupport_introspection_c.h
[1.034s] -- Up-to-date: /home/unitree/go2_ros2_ws/install/unitree_go/include/unitree_go/msg/detail/uwb_state__rosidl_typesupport_introspection_c.h
[1.034s] -- Up-to-date: /home/unitree/go2_ros2_ws/install/unitree_go/include/unitree_go/msg/detail/interface_config__type_support.c
[1.035s] -- Up-to-date: /home/unitree/go2_ros2_ws/install/unitree_go/include/unitree_go/msg/detail/bms_state__type_support.c
[1.035s] -- Up-to-date: /home/unitree/go2_ros2_ws/install/unitree_go/include/unitree_go/msg/detail/time_spec__rosidl_typesupport_introspection_c.h
[1.035s] -- Up-to-date: /home/unitree/go2_ros2_ws/install/unitree_go/include/unitree_go/msg/detail/motor_state__type_support.c
[1.035s] -- Up-to-date: /home/unitree/go2_ros2_ws/install/unitree_go/include/unitree_go/msg/detail/motor_cmd__rosidl_typesupport_introspection_c.h
[1.035s] -- Up-to-date: /home/unitree/go2_ros2_ws/install/unitree_go/include/unitree_go/msg/detail/path_point__type_support.c
[1.035s] -- Up-to-date: /home/unitree/go2_ros2_ws/install/unitree_go/include/unitree_go/msg/detail/bms_cmd__type_support.c
[1.035s] -- Up-to-date: /home/unitree/go2_ros2_ws/install/unitree_go/include/unitree_go/msg/detail/low_cmd__rosidl_typesupport_introspection_c.h
[1.035s] -- Up-to-date: /home/unitree/go2_ros2_ws/install/unitree_go/include/unitree_go/msg/detail/go2_front_video_data__type_support.c
[1.035s] -- Up-to-date: /home/unitree/go2_ros2_ws/install/unitree_go/include/unitree_go/msg/detail/low_cmd__type_support.c
[1.036s] -- Up-to-date: /home/unitree/go2_ros2_ws/install/unitree_go/include/unitree_go/msg/detail/interface_config__rosidl_typesupport_introspection_c.h
[1.036s] -- Up-to-date: /home/unitree/go2_ros2_ws/install/unitree_go/include/unitree_go/msg/detail/audio_data__rosidl_typesupport_introspection_c.h
[1.036s] -- Up-to-date: /home/unitree/go2_ros2_ws/install/unitree_go/include/unitree_go/msg/detail/sport_mode_state__type_support.c
[1.036s] -- Up-to-date: /home/unitree/go2_ros2_ws/install/unitree_go/include/unitree_go/msg/detail/wireless_controller__type_support.c
[1.036s] -- Up-to-date: /home/unitree/go2_ros2_ws/install/unitree_go/include/unitree_go/msg/detail/lidar_state__rosidl_typesupport_introspection_c.h
[1.036s] -- Up-to-date: /home/unitree/go2_ros2_ws/install/unitree_go/include/unitree_go/msg/detail/bms_state__rosidl_typesupport_introspection_c.h
[1.036s] -- Up-to-date: /home/unitree/go2_ros2_ws/install/unitree_go/include/unitree_go/msg/detail/wireless_controller__rosidl_typesupport_introspection_c.h
[1.036s] -- Up-to-date: /home/unitree/go2_ros2_ws/install/unitree_go/include/unitree_go/msg/detail/bms_cmd__rosidl_typesupport_introspection_c.h
[1.036s] -- Up-to-date: /home/unitree/go2_ros2_ws/install/unitree_go/include/unitree_go/msg/detail/res__rosidl_typesupport_introspection_c.h
[1.037s] -- Up-to-date: /home/unitree/go2_ros2_ws/install/unitree_go/include/unitree_go/msg/detail/req__type_support.c
[1.037s] -- Up-to-date: /home/unitree/go2_ros2_ws/install/unitree_go/include/unitree_go/msg/detail/time_spec__type_support.c
[1.037s] -- Up-to-date: /home/unitree/go2_ros2_ws/install/unitree_go/include/unitree_go/msg/detail/go2_front_video_data__rosidl_typesupport_introspection_c.h
[1.037s] -- Up-to-date: /home/unitree/go2_ros2_ws/install/unitree_go/lib/libunitree_go__rosidl_typesupport_introspection_c.so
[1.037s] -- Up-to-date: /home/unitree/go2_ros2_ws/install/unitree_go/lib/libunitree_go__rosidl_typesupport_c.so
[1.037s] -- Up-to-date: /home/unitree/go2_ros2_ws/install/unitree_go/include/unitree_go
[1.037s] -- Up-to-date: /home/unitree/go2_ros2_ws/install/unitree_go/include/unitree_go/msg
[1.037s] -- Up-to-date: /home/unitree/go2_ros2_ws/install/unitree_go/include/unitree_go/msg/path_point.hpp
[1.038s] -- Up-to-date: /home/unitree/go2_ros2_ws/install/unitree_go/include/unitree_go/msg/audio_data.hpp
[1.038s] -- Up-to-date: /home/unitree/go2_ros2_ws/install/unitree_go/include/unitree_go/msg/motor_state.hpp
[1.038s] -- Up-to-date: /home/unitree/go2_ros2_ws/install/unitree_go/include/unitree_go/msg/lidar_state.hpp
[1.038s] -- Up-to-date: /home/unitree/go2_ros2_ws/install/unitree_go/include/unitree_go/msg/imu_state.hpp
[1.038s] -- Up-to-date: /home/unitree/go2_ros2_ws/install/unitree_go/include/unitree_go/msg/go2_front_video_data.hpp
[1.038s] -- Up-to-date: /home/unitree/go2_ros2_ws/install/unitree_go/include/unitree_go/msg/motor_cmd.hpp
[1.039s] -- Up-to-date: /home/unitree/go2_ros2_ws/install/unitree_go/include/unitree_go/msg/low_state.hpp
[1.039s] -- Up-to-date: /home/unitree/go2_ros2_ws/install/unitree_go/include/unitree_go/msg/height_map.hpp
[1.039s] -- Up-to-date: /home/unitree/go2_ros2_ws/install/unitree_go/include/unitree_go/msg/sport_mode_state.hpp
[1.039s] -- Up-to-date: /home/unitree/go2_ros2_ws/install/unitree_go/include/unitree_go/msg/wireless_controller.hpp
[1.039s] -- Up-to-date: /home/unitree/go2_ros2_ws/install/unitree_go/include/unitree_go/msg/bms_cmd.hpp
[1.039s] -- Up-to-date: /home/unitree/go2_ros2_ws/install/unitree_go/include/unitree_go/msg/bms_state.hpp
[1.040s] -- Up-to-date: /home/unitree/go2_ros2_ws/install/unitree_go/include/unitree_go/msg/res.hpp
[1.040s] -- Up-to-date: /home/unitree/go2_ros2_ws/install/unitree_go/include/unitree_go/msg/sport_mode_cmd.hpp
[1.040s] -- Up-to-date: /home/unitree/go2_ros2_ws/install/unitree_go/include/unitree_go/msg/low_cmd.hpp
[1.040s] -- Up-to-date: /home/unitree/go2_ros2_ws/install/unitree_go/include/unitree_go/msg/interface_config.hpp
[1.040s] -- Up-to-date: /home/unitree/go2_ros2_ws/install/unitree_go/include/unitree_go/msg/req.hpp
[1.040s] -- Up-to-date: /home/unitree/go2_ros2_ws/install/unitree_go/include/unitree_go/msg/error.hpp
[1.041s] -- Up-to-date: /home/unitree/go2_ros2_ws/install/unitree_go/include/unitree_go/msg/detail
[1.041s] -- Up-to-date: /home/unitree/go2_ros2_ws/install/unitree_go/include/unitree_go/msg/detail/low_cmd__builder.hpp
[1.041s] -- Up-to-date: /home/unitree/go2_ros2_ws/install/unitree_go/include/unitree_go/msg/detail/motor_state__builder.hpp
[1.041s] -- Up-to-date: /home/unitree/go2_ros2_ws/install/unitree_go/include/unitree_go/msg/detail/res__struct.hpp
[1.041s] -- Up-to-date: /home/unitree/go2_ros2_ws/install/unitree_go/include/unitree_go/msg/detail/sport_mode_cmd__builder.hpp
[1.041s] -- Up-to-date: /home/unitree/go2_ros2_ws/install/unitree_go/include/unitree_go/msg/detail/motor_state__traits.hpp
[1.041s] -- Up-to-date: /home/unitree/go2_ros2_ws/install/unitree_go/include/unitree_go/msg/detail/interface_config__struct.hpp
[1.041s] -- Up-to-date: /home/unitree/go2_ros2_ws/install/unitree_go/include/unitree_go/msg/detail/time_spec__builder.hpp
[1.042s] -- Up-to-date: /home/unitree/go2_ros2_ws/install/unitree_go/include/unitree_go/msg/detail/imu_state__builder.hpp
[1.042s] -- Up-to-date: /home/unitree/go2_ros2_ws/install/unitree_go/include/unitree_go/msg/detail/uwb_state__builder.hpp
[1.042s] -- Up-to-date: /home/unitree/go2_ros2_ws/install/unitree_go/include/unitree_go/msg/detail/motor_cmd__builder.hpp
[1.042s] -- Up-to-date: /home/unitree/go2_ros2_ws/install/unitree_go/include/unitree_go/msg/detail/interface_config__builder.hpp
[1.042s] -- Up-to-date: /home/unitree/go2_ros2_ws/install/unitree_go/include/unitree_go/msg/detail/uwb_switch__builder.hpp
[1.042s] -- Up-to-date: /home/unitree/go2_ros2_ws/install/unitree_go/include/unitree_go/msg/detail/motor_state__type_support.hpp
[1.042s] -- Up-to-date: /home/unitree/go2_ros2_ws/install/unitree_go/include/unitree_go/msg/detail/motor_cmd__traits.hpp
[1.043s] -- Up-to-date: /home/unitree/go2_ros2_ws/install/unitree_go/include/unitree_go/msg/detail/go2_front_video_data__traits.hpp
[1.043s] -- Up-to-date: /home/unitree/go2_ros2_ws/install/unitree_go/include/unitree_go/msg/detail/height_map__struct.hpp
[1.043s] -- Up-to-date: /home/unitree/go2_ros2_ws/install/unitree_go/include/unitree_go/msg/detail/go2_front_video_data__builder.hpp
[1.043s] -- Up-to-date: /home/unitree/go2_ros2_ws/install/unitree_go/include/unitree_go/msg/detail/wireless_controller__type_support.hpp
[1.043s] -- Up-to-date: /home/unitree/go2_ros2_ws/install/unitree_go/include/unitree_go/msg/detail/bms_state__builder.hpp
[1.043s] -- Up-to-date: /home/unitree/go2_ros2_ws/install/unitree_go/include/unitree_go/msg/detail/height_map__type_support.hpp
[1.043s] -- Up-to-date: /home/unitree/go2_ros2_ws/install/unitree_go/include/unitree_go/msg/detail/low_cmd__type_support.hpp
[1.043s] -- Up-to-date: /home/unitree/go2_ros2_ws/install/unitree_go/include/unitree_go/msg/detail/bms_state__type_support.hpp
[1.044s] -- Up-to-date: /home/unitree/go2_ros2_ws/install/unitree_go/include/unitree_go/msg/detail/bms_cmd__traits.hpp
[1.044s] -- Up-to-date: /home/unitree/go2_ros2_ws/install/unitree_go/include/unitree_go/msg/detail/imu_state__traits.hpp
[1.044s] -- Up-to-date: /home/unitree/go2_ros2_ws/install/unitree_go/include/unitree_go/msg/detail/motor_state__struct.hpp
[1.044s] -- Up-to-date: /home/unitree/go2_ros2_ws/install/unitree_go/include/unitree_go/msg/detail/low_cmd__struct.hpp
[1.044s] -- Up-to-date: /home/unitree/go2_ros2_ws/install/unitree_go/include/unitree_go/msg/detail/res__type_support.hpp
[1.044s] -- Up-to-date: /home/unitree/go2_ros2_ws/install/unitree_go/include/unitree_go/msg/detail/low_state__builder.hpp
[1.044s] -- Up-to-date: /home/unitree/go2_ros2_ws/install/unitree_go/include/unitree_go/msg/detail/low_cmd__traits.hpp
[1.045s] -- Up-to-date: /home/unitree/go2_ros2_ws/install/unitree_go/include/unitree_go/msg/detail/height_map__traits.hpp
[1.045s] -- Up-to-date: /home/unitree/go2_ros2_ws/install/unitree_go/include/unitree_go/msg/detail/lidar_state__struct.hpp
[1.045s] -- Up-to-date: /home/unitree/go2_ros2_ws/install/unitree_go/include/unitree_go/msg/detail/lidar_state__builder.hpp
[1.045s] -- Up-to-date: /home/unitree/go2_ros2_ws/install/unitree_go/include/unitree_go/msg/detail/go2_front_video_data__type_support.hpp
[1.045s] -- Up-to-date: /home/unitree/go2_ros2_ws/install/unitree_go/include/unitree_go/msg/detail/res__traits.hpp
[1.045s] -- Up-to-date: /home/unitree/go2_ros2_ws/install/unitree_go/include/unitree_go/msg/detail/imu_state__type_support.hpp
[1.045s] -- Up-to-date: /home/unitree/go2_ros2_ws/install/unitree_go/include/unitree_go/msg/detail/audio_data__struct.hpp
[1.045s] -- Up-to-date: /home/unitree/go2_ros2_ws/install/unitree_go/include/unitree_go/msg/detail/uwb_switch__struct.hpp
[1.046s] -- Up-to-date: /home/unitree/go2_ros2_ws/install/unitree_go/include/unitree_go/msg/detail/go2_front_video_data__struct.hpp
[1.046s] -- Up-to-date: /home/unitree/go2_ros2_ws/install/unitree_go/include/unitree_go/msg/detail/wireless_controller__builder.hpp
[1.046s] -- Up-to-date: /home/unitree/go2_ros2_ws/install/unitree_go/include/unitree_go/msg/detail/sport_mode_cmd__type_support.hpp
[1.046s] -- Up-to-date: /home/unitree/go2_ros2_ws/install/unitree_go/include/unitree_go/msg/detail/wireless_controller__struct.hpp
[1.046s] -- Up-to-date: /home/unitree/go2_ros2_ws/install/unitree_go/include/unitree_go/msg/detail/interface_config__type_support.hpp
[1.046s] -- Up-to-date: /home/unitree/go2_ros2_ws/install/unitree_go/include/unitree_go/msg/detail/bms_cmd__type_support.hpp
[1.046s] -- Up-to-date: /home/unitree/go2_ros2_ws/install/unitree_go/include/unitree_go/msg/detail/sport_mode_cmd__traits.hpp
[1.046s] -- Up-to-date: /home/unitree/go2_ros2_ws/install/unitree_go/include/unitree_go/msg/detail/sport_mode_cmd__struct.hpp
[1.046s] -- Up-to-date: /home/unitree/go2_ros2_ws/install/unitree_go/include/unitree_go/msg/detail/time_spec__struct.hpp
[1.047s] -- Up-to-date: /home/unitree/go2_ros2_ws/install/unitree_go/include/unitree_go/msg/detail/interface_config__traits.hpp
[1.047s] -- Up-to-date: /home/unitree/go2_ros2_ws/install/unitree_go/include/unitree_go/msg/detail/uwb_switch__traits.hpp
[1.047s] -- Up-to-date: /home/unitree/go2_ros2_ws/install/unitree_go/include/unitree_go/msg/detail/audio_data__traits.hpp
[1.047s] -- Up-to-date: /home/unitree/go2_ros2_ws/install/unitree_go/include/unitree_go/msg/detail/audio_data__type_support.hpp
[1.047s] -- Up-to-date: /home/unitree/go2_ros2_ws/install/unitree_go/include/unitree_go/msg/detail/low_state__struct.hpp
[1.047s] -- Up-to-date: /home/unitree/go2_ros2_ws/install/unitree_go/include/unitree_go/msg/detail/bms_cmd__builder.hpp
[1.047s] -- Up-to-date: /home/unitree/go2_ros2_ws/install/unitree_go/include/unitree_go/msg/detail/path_point__builder.hpp
[1.047s] -- Up-to-date: /home/unitree/go2_ros2_ws/install/unitree_go/include/unitree_go/msg/detail/path_point__struct.hpp
[1.047s] -- Up-to-date: /home/unitree/go2_ros2_ws/install/unitree_go/include/unitree_go/msg/detail/sport_mode_state__builder.hpp
[1.048s] -- Up-to-date: /home/unitree/go2_ros2_ws/install/unitree_go/include/unitree_go/msg/detail/uwb_switch__type_support.hpp
[1.048s] -- Up-to-date: /home/unitree/go2_ros2_ws/install/unitree_go/include/unitree_go/msg/detail/error__builder.hpp
[1.048s] -- Up-to-date: /home/unitree/go2_ros2_ws/install/unitree_go/include/unitree_go/msg/detail/motor_cmd__type_support.hpp
[1.048s] -- Up-to-date: /home/unitree/go2_ros2_ws/install/unitree_go/include/unitree_go/msg/detail/error__traits.hpp
[1.048s] -- Up-to-date: /home/unitree/go2_ros2_ws/install/unitree_go/include/unitree_go/msg/detail/req__traits.hpp
[1.048s] -- Up-to-date: /home/unitree/go2_ros2_ws/install/unitree_go/include/unitree_go/msg/detail/low_state__traits.hpp
[1.049s] -- Up-to-date: /home/unitree/go2_ros2_ws/install/unitree_go/include/unitree_go/msg/detail/time_spec__traits.hpp
[1.050s] -- Up-to-date: /home/unitree/go2_ros2_ws/install/unitree_go/include/unitree_go/msg/detail/req__struct.hpp
[1.051s] -- Up-to-date: /home/unitree/go2_ros2_ws/install/unitree_go/include/unitree_go/msg/detail/imu_state__struct.hpp
[1.052s] -- Up-to-date: /home/unitree/go2_ros2_ws/install/unitree_go/include/unitree_go/msg/detail/error__type_support.hpp
[1.052s] -- Up-to-date: /home/unitree/go2_ros2_ws/install/unitree_go/include/unitree_go/msg/detail/low_state__type_support.hpp
[1.052s] -- Up-to-date: /home/unitree/go2_ros2_ws/install/unitree_go/include/unitree_go/msg/detail/height_map__builder.hpp
[1.052s] -- Up-to-date: /home/unitree/go2_ros2_ws/install/unitree_go/include/unitree_go/msg/detail/sport_mode_state__type_support.hpp
[1.052s] -- Up-to-date: /home/unitree/go2_ros2_ws/install/unitree_go/include/unitree_go/msg/detail/uwb_state__traits.hpp
[1.053s] -- Up-to-date: /home/unitree/go2_ros2_ws/install/unitree_go/include/unitree_go/msg/detail/res__builder.hpp
[1.053s] -- Up-to-date: /home/unitree/go2_ros2_ws/install/unitree_go/include/unitree_go/msg/detail/bms_state__struct.hpp
[1.053s] -- Up-to-date: /home/unitree/go2_ros2_ws/install/unitree_go/include/unitree_go/msg/detail/sport_mode_state__traits.hpp
[1.053s] -- Up-to-date: /home/unitree/go2_ros2_ws/install/unitree_go/include/unitree_go/msg/detail/bms_state__traits.hpp
[1.053s] -- Up-to-date: /home/unitree/go2_ros2_ws/install/unitree_go/include/unitree_go/msg/detail/motor_cmd__struct.hpp
[1.054s] -- Up-to-date: /home/unitree/go2_ros2_ws/install/unitree_go/include/unitree_go/msg/detail/uwb_state__type_support.hpp
[1.054s] -- Up-to-date: /home/unitree/go2_ros2_ws/install/unitree_go/include/unitree_go/msg/detail/wireless_controller__traits.hpp
[1.054s] -- Up-to-date: /home/unitree/go2_ros2_ws/install/unitree_go/include/unitree_go/msg/detail/audio_data__builder.hpp
[1.054s] -- Up-to-date: /home/unitree/go2_ros2_ws/install/unitree_go/include/unitree_go/msg/detail/lidar_state__traits.hpp
[1.055s] -- Up-to-date: /home/unitree/go2_ros2_ws/install/unitree_go/include/unitree_go/msg/detail/uwb_state__struct.hpp
[1.055s] -- Up-to-date: /home/unitree/go2_ros2_ws/install/unitree_go/include/unitree_go/msg/detail/path_point__traits.hpp
[1.055s] -- Up-to-date: /home/unitree/go2_ros2_ws/install/unitree_go/include/unitree_go/msg/detail/path_point__type_support.hpp
[1.055s] -- Up-to-date: /home/unitree/go2_ros2_ws/install/unitree_go/include/unitree_go/msg/detail/sport_mode_state__struct.hpp
[1.055s] -- Up-to-date: /home/unitree/go2_ros2_ws/install/unitree_go/include/unitree_go/msg/detail/req__type_support.hpp
[1.056s] -- Up-to-date: /home/unitree/go2_ros2_ws/install/unitree_go/include/unitree_go/msg/detail/bms_cmd__struct.hpp
[1.056s] -- Up-to-date: /home/unitree/go2_ros2_ws/install/unitree_go/include/unitree_go/msg/detail/req__builder.hpp
[1.056s] -- Up-to-date: /home/unitree/go2_ros2_ws/install/unitree_go/include/unitree_go/msg/detail/error__struct.hpp
[1.056s] -- Up-to-date: /home/unitree/go2_ros2_ws/install/unitree_go/include/unitree_go/msg/detail/lidar_state__type_support.hpp
[1.056s] -- Up-to-date: /home/unitree/go2_ros2_ws/install/unitree_go/include/unitree_go/msg/detail/time_spec__type_support.hpp
[1.056s] -- Up-to-date: /home/unitree/go2_ros2_ws/install/unitree_go/include/unitree_go/msg/rosidl_generator_cpp__visibility_control.hpp
[1.057s] -- Up-to-date: /home/unitree/go2_ros2_ws/install/unitree_go/include/unitree_go/msg/uwb_state.hpp
[1.057s] -- Up-to-date: /home/unitree/go2_ros2_ws/install/unitree_go/include/unitree_go/msg/uwb_switch.hpp
[1.057s] -- Up-to-date: /home/unitree/go2_ros2_ws/install/unitree_go/include/unitree_go/msg/time_spec.hpp
[1.057s] -- Up-to-date: /home/unitree/go2_ros2_ws/install/unitree_go/include/unitree_go
[1.057s] -- Up-to-date: /home/unitree/go2_ros2_ws/install/unitree_go/include/unitree_go/msg
[1.057s] -- Up-to-date: /home/unitree/go2_ros2_ws/install/unitree_go/include/unitree_go/msg/detail
[1.058s] -- Up-to-date: /home/unitree/go2_ros2_ws/install/unitree_go/include/unitree_go/msg/detail/interface_config__rosidl_typesupport_introspection_cpp.hpp
[1.058s] -- Up-to-date: /home/unitree/go2_ros2_ws/install/unitree_go/include/unitree_go/msg/detail/imu_state__type_support.cpp
[1.058s] -- Up-to-date: /home/unitree/go2_ros2_ws/install/unitree_go/include/unitree_go/msg/detail/lidar_state__type_support.cpp
[1.058s] -- Up-to-date: /home/unitree/go2_ros2_ws/install/unitree_go/include/unitree_go/msg/detail/height_map__type_support.cpp
[1.058s] -- Up-to-date: /home/unitree/go2_ros2_ws/install/unitree_go/include/unitree_go/msg/detail/motor_cmd__rosidl_typesupport_introspection_cpp.hpp
[1.058s] -- Up-to-date: /home/unitree/go2_ros2_ws/install/unitree_go/include/unitree_go/msg/detail/low_cmd__rosidl_typesupport_introspection_cpp.hpp
[1.059s] -- Up-to-date: /home/unitree/go2_ros2_ws/install/unitree_go/include/unitree_go/msg/detail/res__rosidl_typesupport_introspection_cpp.hpp
[1.059s] -- Up-to-date: /home/unitree/go2_ros2_ws/install/unitree_go/include/unitree_go/msg/detail/height_map__rosidl_typesupport_introspection_cpp.hpp
[1.059s] -- Up-to-date: /home/unitree/go2_ros2_ws/install/unitree_go/include/unitree_go/msg/detail/motor_cmd__type_support.cpp
[1.059s] -- Up-to-date: /home/unitree/go2_ros2_ws/install/unitree_go/include/unitree_go/msg/detail/uwb_switch__type_support.cpp
[1.059s] -- Up-to-date: /home/unitree/go2_ros2_ws/install/unitree_go/include/unitree_go/msg/detail/bms_cmd__type_support.cpp
[1.060s] -- Up-to-date: /home/unitree/go2_ros2_ws/install/unitree_go/include/unitree_go/msg/detail/wireless_controller__rosidl_typesupport_introspection_cpp.hpp
[1.061s] -- Up-to-date: /home/unitree/go2_ros2_ws/install/unitree_go/include/unitree_go/msg/detail/low_state__type_support.cpp
[1.061s] -- Up-to-date: /home/unitree/go2_ros2_ws/install/unitree_go/include/unitree_go/msg/detail/uwb_switch__rosidl_typesupport_introspection_cpp.hpp
[1.062s] -- Up-to-date: /home/unitree/go2_ros2_ws/install/unitree_go/include/unitree_go/msg/detail/bms_state__type_support.cpp
[1.062s] -- Up-to-date: /home/unitree/go2_ros2_ws/install/unitree_go/include/unitree_go/msg/detail/wireless_controller__type_support.cpp
[1.062s] -- Up-to-date: /home/unitree/go2_ros2_ws/install/unitree_go/include/unitree_go/msg/detail/req__type_support.cpp
[1.063s] -- Up-to-date: /home/unitree/go2_ros2_ws/install/unitree_go/include/unitree_go/msg/detail/time_spec__type_support.cpp
[1.063s] -- Up-to-date: /home/unitree/go2_ros2_ws/install/unitree_go/include/unitree_go/msg/detail/res__type_support.cpp
[1.063s] -- Up-to-date: /home/unitree/go2_ros2_ws/install/unitree_go/include/unitree_go/msg/detail/lidar_state__rosidl_typesupport_introspection_cpp.hpp
[1.064s] -- Up-to-date: /home/unitree/go2_ros2_ws/install/unitree_go/include/unitree_go/msg/detail/motor_state__type_support.cpp
[1.064s] -- Up-to-date: /home/unitree/go2_ros2_ws/install/unitree_go/include/unitree_go/msg/detail/go2_front_video_data__type_support.cpp
[1.064s] -- Up-to-date: /home/unitree/go2_ros2_ws/install/unitree_go/include/unitree_go/msg/detail/imu_state__rosidl_typesupport_introspection_cpp.hpp
[1.065s] -- Up-to-date: /home/unitree/go2_ros2_ws/install/unitree_go/include/unitree_go/msg/detail/error__type_support.cpp
[1.065s] -- Up-to-date: /home/unitree/go2_ros2_ws/install/unitree_go/include/unitree_go/msg/detail/req__rosidl_typesupport_introspection_cpp.hpp
[1.065s] -- Up-to-date: /home/unitree/go2_ros2_ws/install/unitree_go/include/unitree_go/msg/detail/sport_mode_cmd__type_support.cpp
[1.066s] -- Up-to-date: /home/unitree/go2_ros2_ws/install/unitree_go/include/unitree_go/msg/detail/bms_cmd__rosidl_typesupport_introspection_cpp.hpp
[1.066s] -- Up-to-date: /home/unitree/go2_ros2_ws/install/unitree_go/include/unitree_go/msg/detail/path_point__type_support.cpp
[1.067s] -- Up-to-date: /home/unitree/go2_ros2_ws/install/unitree_go/include/unitree_go/msg/detail/sport_mode_state__rosidl_typesupport_introspection_cpp.hpp
[1.067s] -- Up-to-date: /home/unitree/go2_ros2_ws/install/unitree_go/include/unitree_go/msg/detail/low_cmd__type_support.cpp
[1.067s] -- Up-to-date: /home/unitree/go2_ros2_ws/install/unitree_go/include/unitree_go/msg/detail/error__rosidl_typesupport_introspection_cpp.hpp
[1.068s] -- Up-to-date: /home/unitree/go2_ros2_ws/install/unitree_go/include/unitree_go/msg/detail/time_spec__rosidl_typesupport_introspection_cpp.hpp
[1.068s] -- Up-to-date: /home/unitree/go2_ros2_ws/install/unitree_go/include/unitree_go/msg/detail/audio_data__rosidl_typesupport_introspection_cpp.hpp
[1.069s] -- Up-to-date: /home/unitree/go2_ros2_ws/install/unitree_go/include/unitree_go/msg/detail/sport_mode_cmd__rosidl_typesupport_introspection_cpp.hpp
[1.069s] -- Up-to-date: /home/unitree/go2_ros2_ws/install/unitree_go/include/unitree_go/msg/detail/uwb_state__type_support.cpp
[1.069s] -- Up-to-date: /home/unitree/go2_ros2_ws/install/unitree_go/include/unitree_go/msg/detail/motor_state__rosidl_typesupport_introspection_cpp.hpp
[1.069s] -- Up-to-date: /home/unitree/go2_ros2_ws/install/unitree_go/include/unitree_go/msg/detail/low_state__rosidl_typesupport_introspection_cpp.hpp
[1.070s] -- Up-to-date: /home/unitree/go2_ros2_ws/install/unitree_go/include/unitree_go/msg/detail/bms_state__rosidl_typesupport_introspection_cpp.hpp
[1.070s] -- Up-to-date: /home/unitree/go2_ros2_ws/install/unitree_go/include/unitree_go/msg/detail/sport_mode_state__type_support.cpp
[1.070s] -- Up-to-date: /home/unitree/go2_ros2_ws/install/unitree_go/include/unitree_go/msg/detail/audio_data__type_support.cpp
[1.071s] -- Up-to-date: /home/unitree/go2_ros2_ws/install/unitree_go/include/unitree_go/msg/detail/interface_config__type_support.cpp
[1.071s] -- Up-to-date: /home/unitree/go2_ros2_ws/install/unitree_go/include/unitree_go/msg/detail/path_point__rosidl_typesupport_introspection_cpp.hpp
[1.072s] -- Up-to-date: /home/unitree/go2_ros2_ws/install/unitree_go/include/unitree_go/msg/detail/go2_front_video_data__rosidl_typesupport_introspection_cpp.hpp
[1.072s] -- Up-to-date: /home/unitree/go2_ros2_ws/install/unitree_go/include/unitree_go/msg/detail/uwb_state__rosidl_typesupport_introspection_cpp.hpp
[1.073s] -- Up-to-date: /home/unitree/go2_ros2_ws/install/unitree_go/lib/libunitree_go__rosidl_typesupport_introspection_cpp.so
[1.073s] -- Up-to-date: /home/unitree/go2_ros2_ws/install/unitree_go/lib/libunitree_go__rosidl_typesupport_cpp.so
[1.073s] -- Up-to-date: /home/unitree/go2_ros2_ws/install/unitree_go/share/unitree_go/environment/pythonpath.sh
[1.074s] -- Up-to-date: /home/unitree/go2_ros2_ws/install/unitree_go/share/unitree_go/environment/pythonpath.dsv
[1.074s] -- Up-to-date: /home/unitree/go2_ros2_ws/install/unitree_go/lib/python3.8/site-packages/unitree_go/__init__.py
[1.102s] -- Up-to-date: /home/unitree/go2_ros2_ws/install/unitree_go/lib/python3.8/site-packages/unitree_go/msg
[1.102s] -- Up-to-date: /home/unitree/go2_ros2_ws/install/unitree_go/lib/python3.8/site-packages/unitree_go/msg/_uwb_switch_s.c
[1.103s] -- Up-to-date: /home/unitree/go2_ros2_ws/install/unitree_go/lib/python3.8/site-packages/unitree_go/msg/_uwb_state_s.c
[1.104s] -- Up-to-date: /home/unitree/go2_ros2_ws/install/unitree_go/lib/python3.8/site-packages/unitree_go/msg/_motor_cmd.py
[1.104s] -- Up-to-date: /home/unitree/go2_ros2_ws/install/unitree_go/lib/python3.8/site-packages/unitree_go/msg/_time_spec_s.c
[1.104s] -- Up-to-date: /home/unitree/go2_ros2_ws/install/unitree_go/lib/python3.8/site-packages/unitree_go/msg/_low_state_s.c
[1.105s] -- Up-to-date: /home/unitree/go2_ros2_ws/install/unitree_go/lib/python3.8/site-packages/unitree_go/msg/_low_cmd.py
[1.105s] -- Up-to-date: /home/unitree/go2_ros2_ws/install/unitree_go/lib/python3.8/site-packages/unitree_go/msg/_audio_data_s.c
[1.105s] -- Up-to-date: /home/unitree/go2_ros2_ws/install/unitree_go/lib/python3.8/site-packages/unitree_go/msg/_imu_state_s.c
[1.106s] -- Up-to-date: /home/unitree/go2_ros2_ws/install/unitree_go/lib/python3.8/site-packages/unitree_go/msg/_path_point.py
[1.106s] -- Up-to-date: /home/unitree/go2_ros2_ws/install/unitree_go/lib/python3.8/site-packages/unitree_go/msg/_height_map.py
[1.107s] -- Up-to-date: /home/unitree/go2_ros2_ws/install/unitree_go/lib/python3.8/site-packages/unitree_go/msg/_sport_mode_cmd.py
[1.107s] -- Up-to-date: /home/unitree/go2_ros2_ws/install/unitree_go/lib/python3.8/site-packages/unitree_go/msg/_go2_front_video_data.py
[1.108s] -- Up-to-date: /home/unitree/go2_ros2_ws/install/unitree_go/lib/python3.8/site-packages/unitree_go/msg/_req.py
[1.108s] -- Up-to-date: /home/unitree/go2_ros2_ws/install/unitree_go/lib/python3.8/site-packages/unitree_go/msg/_sport_mode_state.py
[1.108s] -- Up-to-date: /home/unitree/go2_ros2_ws/install/unitree_go/lib/python3.8/site-packages/unitree_go/msg/_uwb_state.py
[1.109s] -- Up-to-date: /home/unitree/go2_ros2_ws/install/unitree_go/lib/python3.8/site-packages/unitree_go/msg/_low_cmd_s.c
[1.109s] -- Up-to-date: /home/unitree/go2_ros2_ws/install/unitree_go/lib/python3.8/site-packages/unitree_go/msg/_audio_data.py
[1.109s] -- Up-to-date: /home/unitree/go2_ros2_ws/install/unitree_go/lib/python3.8/site-packages/unitree_go/msg/_lidar_state.py
[1.110s] -- Up-to-date: /home/unitree/go2_ros2_ws/install/unitree_go/lib/python3.8/site-packages/unitree_go/msg/_sport_mode_state_s.c
[1.110s] -- Up-to-date: /home/unitree/go2_ros2_ws/install/unitree_go/lib/python3.8/site-packages/unitree_go/msg/_time_spec.py
[1.110s] -- Up-to-date: /home/unitree/go2_ros2_ws/install/unitree_go/lib/python3.8/site-packages/unitree_go/msg/_interface_config.py
[1.111s] -- Up-to-date: /home/unitree/go2_ros2_ws/install/unitree_go/lib/python3.8/site-packages/unitree_go/msg/_lidar_state_s.c
[1.111s] -- Up-to-date: /home/unitree/go2_ros2_ws/install/unitree_go/lib/python3.8/site-packages/unitree_go/msg/_uwb_switch.py
[1.112s] -- Up-to-date: /home/unitree/go2_ros2_ws/install/unitree_go/lib/python3.8/site-packages/unitree_go/msg/_res_s.c
[1.112s] -- Up-to-date: /home/unitree/go2_ros2_ws/install/unitree_go/lib/python3.8/site-packages/unitree_go/msg/_bms_cmd_s.c
[1.113s] -- Up-to-date: /home/unitree/go2_ros2_ws/install/unitree_go/lib/python3.8/site-packages/unitree_go/msg/_bms_state_s.c
[1.113s] -- Up-to-date: /home/unitree/go2_ros2_ws/install/unitree_go/lib/python3.8/site-packages/unitree_go/msg/_wireless_controller_s.c
[1.114s] -- Up-to-date: /home/unitree/go2_ros2_ws/install/unitree_go/lib/python3.8/site-packages/unitree_go/msg/_bms_state.py
[1.114s] -- Up-to-date: /home/unitree/go2_ros2_ws/install/unitree_go/lib/python3.8/site-packages/unitree_go/msg/_motor_state.py
[1.114s] -- Up-to-date: /home/unitree/go2_ros2_ws/install/unitree_go/lib/python3.8/site-packages/unitree_go/msg/_sport_mode_cmd_s.c
[1.115s] -- Up-to-date: /home/unitree/go2_ros2_ws/install/unitree_go/lib/python3.8/site-packages/unitree_go/msg/_low_state.py
[1.115s] -- Up-to-date: /home/unitree/go2_ros2_ws/install/unitree_go/lib/python3.8/site-packages/unitree_go/msg/_bms_cmd.py
[1.115s] -- Up-to-date: /home/unitree/go2_ros2_ws/install/unitree_go/lib/python3.8/site-packages/unitree_go/msg/_motor_cmd_s.c
[1.116s] -- Up-to-date: /home/unitree/go2_ros2_ws/install/unitree_go/lib/python3.8/site-packages/unitree_go/msg/_interface_config_s.c
[1.116s] -- Up-to-date: /home/unitree/go2_ros2_ws/install/unitree_go/lib/python3.8/site-packages/unitree_go/msg/_error_s.c
[1.117s] -- Up-to-date: /home/unitree/go2_ros2_ws/install/unitree_go/lib/python3.8/site-packages/unitree_go/msg/_req_s.c
[1.118s] -- Up-to-date: /home/unitree/go2_ros2_ws/install/unitree_go/lib/python3.8/site-packages/unitree_go/msg/__init__.py
[1.118s] -- Up-to-date: /home/unitree/go2_ros2_ws/install/unitree_go/lib/python3.8/site-packages/unitree_go/msg/_res.py
[1.119s] -- Up-to-date: /home/unitree/go2_ros2_ws/install/unitree_go/lib/python3.8/site-packages/unitree_go/msg/_error.py
[1.119s] -- Up-to-date: /home/unitree/go2_ros2_ws/install/unitree_go/lib/python3.8/site-packages/unitree_go/msg/_wireless_controller.py
[1.119s] -- Up-to-date: /home/unitree/go2_ros2_ws/install/unitree_go/lib/python3.8/site-packages/unitree_go/msg/_motor_state_s.c
[1.120s] -- Up-to-date: /home/unitree/go2_ros2_ws/install/unitree_go/lib/python3.8/site-packages/unitree_go/msg/_height_map_s.c
[1.120s] -- Up-to-date: /home/unitree/go2_ros2_ws/install/unitree_go/lib/python3.8/site-packages/unitree_go/msg/_go2_front_video_data_s.c
[1.120s] -- Up-to-date: /home/unitree/go2_ros2_ws/install/unitree_go/lib/python3.8/site-packages/unitree_go/msg/_imu_state.py
[1.121s] -- Up-to-date: /home/unitree/go2_ros2_ws/install/unitree_go/lib/python3.8/site-packages/unitree_go/msg/_path_point_s.c
[1.121s] -- Up-to-date: /home/unitree/go2_ros2_ws/install/unitree_go/lib/python3.8/site-packages/unitree_go/unitree_go_s__rosidl_typesupport_fastrtps_c.cpython-38-aarch64-linux-gnu.so
[1.122s] -- Up-to-date: /home/unitree/go2_ros2_ws/install/unitree_go/lib/python3.8/site-packages/unitree_go/unitree_go_s__rosidl_typesupport_introspection_c.cpython-38-aarch64-linux-gnu.so
[1.122s] -- Up-to-date: /home/unitree/go2_ros2_ws/install/unitree_go/lib/python3.8/site-packages/unitree_go/unitree_go_s__rosidl_typesupport_c.cpython-38-aarch64-linux-gnu.so
[1.123s] -- Up-to-date: /home/unitree/go2_ros2_ws/install/unitree_go/lib/libunitree_go__python.so
[1.123s] -- Up-to-date: /home/unitree/go2_ros2_ws/install/unitree_go/share/unitree_go/msg/AudioData.idl
[1.123s] -- Up-to-date: /home/unitree/go2_ros2_ws/install/unitree_go/share/unitree_go/msg/BmsCmd.idl
[1.124s] -- Up-to-date: /home/unitree/go2_ros2_ws/install/unitree_go/share/unitree_go/msg/BmsState.idl
[1.124s] -- Up-to-date: /home/unitree/go2_ros2_ws/install/unitree_go/share/unitree_go/msg/Error.idl
[1.125s] -- Up-to-date: /home/unitree/go2_ros2_ws/install/unitree_go/share/unitree_go/msg/Go2FrontVideoData.idl
[1.125s] -- Up-to-date: /home/unitree/go2_ros2_ws/install/unitree_go/share/unitree_go/msg/HeightMap.idl
[1.125s] -- Up-to-date: /home/unitree/go2_ros2_ws/install/unitree_go/share/unitree_go/msg/IMUState.idl
[1.125s] -- Up-to-date: /home/unitree/go2_ros2_ws/install/unitree_go/share/unitree_go/msg/InterfaceConfig.idl
[1.126s] -- Up-to-date: /home/unitree/go2_ros2_ws/install/unitree_go/share/unitree_go/msg/LidarState.idl
[1.126s] -- Up-to-date: /home/unitree/go2_ros2_ws/install/unitree_go/share/unitree_go/msg/LowCmd.idl
[1.127s] -- Up-to-date: /home/unitree/go2_ros2_ws/install/unitree_go/share/unitree_go/msg/LowState.idl
[1.128s] -- Up-to-date: /home/unitree/go2_ros2_ws/install/unitree_go/share/unitree_go/msg/MotorCmd.idl
[1.128s] -- Up-to-date: /home/unitree/go2_ros2_ws/install/unitree_go/share/unitree_go/msg/MotorState.idl
[1.128s] -- Up-to-date: /home/unitree/go2_ros2_ws/install/unitree_go/share/unitree_go/msg/PathPoint.idl
[1.128s] -- Up-to-date: /home/unitree/go2_ros2_ws/install/unitree_go/share/unitree_go/msg/Req.idl
[1.129s] -- Up-to-date: /home/unitree/go2_ros2_ws/install/unitree_go/share/unitree_go/msg/Res.idl
[1.129s] -- Up-to-date: /home/unitree/go2_ros2_ws/install/unitree_go/share/unitree_go/msg/SportModeCmd.idl
[1.129s] -- Up-to-date: /home/unitree/go2_ros2_ws/install/unitree_go/share/unitree_go/msg/SportModeState.idl
[1.129s] -- Up-to-date: /home/unitree/go2_ros2_ws/install/unitree_go/share/unitree_go/msg/TimeSpec.idl
[1.130s] -- Up-to-date: /home/unitree/go2_ros2_ws/install/unitree_go/share/unitree_go/msg/UwbState.idl
[1.130s] -- Up-to-date: /home/unitree/go2_ros2_ws/install/unitree_go/share/unitree_go/msg/UwbSwitch.idl
[1.130s] -- Up-to-date: /home/unitree/go2_ros2_ws/install/unitree_go/share/unitree_go/msg/WirelessController.idl
[1.130s] -- Up-to-date: /home/unitree/go2_ros2_ws/install/unitree_go/share/unitree_go/msg/AudioData.msg
[1.130s] -- Up-to-date: /home/unitree/go2_ros2_ws/install/unitree_go/share/unitree_go/msg/BmsCmd.msg
[1.131s] -- Up-to-date: /home/unitree/go2_ros2_ws/install/unitree_go/share/unitree_go/msg/BmsState.msg
[1.131s] -- Up-to-date: /home/unitree/go2_ros2_ws/install/unitree_go/share/unitree_go/msg/Error.msg
[1.131s] -- Up-to-date: /home/unitree/go2_ros2_ws/install/unitree_go/share/unitree_go/msg/Go2FrontVideoData.msg
[1.131s] -- Up-to-date: /home/unitree/go2_ros2_ws/install/unitree_go/share/unitree_go/msg/HeightMap.msg
[1.131s] -- Up-to-date: /home/unitree/go2_ros2_ws/install/unitree_go/share/unitree_go/msg/IMUState.msg
[1.132s] -- Up-to-date: /home/unitree/go2_ros2_ws/install/unitree_go/share/unitree_go/msg/InterfaceConfig.msg
[1.132s] -- Up-to-date: /home/unitree/go2_ros2_ws/install/unitree_go/share/unitree_go/msg/LidarState.msg
[1.132s] -- Up-to-date: /home/unitree/go2_ros2_ws/install/unitree_go/share/unitree_go/msg/LowCmd.msg
[1.132s] -- Up-to-date: /home/unitree/go2_ros2_ws/install/unitree_go/share/unitree_go/msg/LowState.msg
[1.132s] -- Up-to-date: /home/unitree/go2_ros2_ws/install/unitree_go/share/unitree_go/msg/MotorCmd.msg
[1.132s] -- Up-to-date: /home/unitree/go2_ros2_ws/install/unitree_go/share/unitree_go/msg/MotorState.msg
[1.133s] -- Up-to-date: /home/unitree/go2_ros2_ws/install/unitree_go/share/unitree_go/msg/PathPoint.msg
[1.133s] -- Up-to-date: /home/unitree/go2_ros2_ws/install/unitree_go/share/unitree_go/msg/Req.msg
[1.133s] -- Up-to-date: /home/unitree/go2_ros2_ws/install/unitree_go/share/unitree_go/msg/Res.msg
[1.133s] -- Up-to-date: /home/unitree/go2_ros2_ws/install/unitree_go/share/unitree_go/msg/SportModeCmd.msg
[1.133s] -- Up-to-date: /home/unitree/go2_ros2_ws/install/unitree_go/share/unitree_go/msg/SportModeState.msg
[1.133s] -- Up-to-date: /home/unitree/go2_ros2_ws/install/unitree_go/share/unitree_go/msg/TimeSpec.msg
[1.134s] -- Up-to-date: /home/unitree/go2_ros2_ws/install/unitree_go/share/unitree_go/msg/UwbState.msg
[1.134s] -- Up-to-date: /home/unitree/go2_ros2_ws/install/unitree_go/share/unitree_go/msg/UwbSwitch.msg
[1.134s] -- Up-to-date: /home/unitree/go2_ros2_ws/install/unitree_go/share/unitree_go/msg/WirelessController.msg
[1.134s] -- Up-to-date: /home/unitree/go2_ros2_ws/install/unitree_go/share/unitree_go/msg/dds_connext
[1.134s] -- Up-to-date: /home/unitree/go2_ros2_ws/install/unitree_go/share/unitree_go/msg/dds_connext/InterfaceConfig_.idl
[1.134s] -- Up-to-date: /home/unitree/go2_ros2_ws/install/unitree_go/share/unitree_go/msg/dds_connext/MotorCmd_.idl
[1.135s] -- Up-to-date: /home/unitree/go2_ros2_ws/install/unitree_go/share/unitree_go/msg/dds_connext/UwbSwitch_.idl
[1.135s] -- Up-to-date: /home/unitree/go2_ros2_ws/install/unitree_go/share/unitree_go/msg/dds_connext/LowState_.idl
[1.135s] -- Up-to-date: /home/unitree/go2_ros2_ws/install/unitree_go/share/unitree_go/msg/dds_connext/TimeSpec_.idl
[1.136s] -- Up-to-date: /home/unitree/go2_ros2_ws/install/unitree_go/share/unitree_go/msg/dds_connext/SportModeState_.idl
[1.136s] -- Up-to-date: /home/unitree/go2_ros2_ws/install/unitree_go/share/unitree_go/msg/dds_connext/WirelessController_.idl
[1.136s] -- Up-to-date: /home/unitree/go2_ros2_ws/install/unitree_go/share/unitree_go/msg/dds_connext/Req_.idl
[1.137s] -- Up-to-date: /home/unitree/go2_ros2_ws/install/unitree_go/share/unitree_go/msg/dds_connext/UwbState_.idl
[1.137s] -- Up-to-date: /home/unitree/go2_ros2_ws/install/unitree_go/share/unitree_go/msg/dds_connext/BmsState_.idl
[1.137s] -- Up-to-date: /home/unitree/go2_ros2_ws/install/unitree_go/share/unitree_go/msg/dds_connext/MotorState_.idl
[1.138s] -- Up-to-date: /home/unitree/go2_ros2_ws/install/unitree_go/share/unitree_go/msg/dds_connext/LowCmd_.idl
[1.138s] -- Up-to-date: /home/unitree/go2_ros2_ws/install/unitree_go/share/unitree_go/msg/dds_connext/HeightMap_.idl
[1.138s] -- Up-to-date: /home/unitree/go2_ros2_ws/install/unitree_go/share/unitree_go/msg/dds_connext/SportModeCmd_.idl
[1.139s] -- Up-to-date: /home/unitree/go2_ros2_ws/install/unitree_go/share/unitree_go/msg/dds_connext/IMUState_.idl
[1.139s] -- Up-to-date: /home/unitree/go2_ros2_ws/install/unitree_go/share/unitree_go/msg/dds_connext/PathPoint_.idl
[1.139s] -- Up-to-date: /home/unitree/go2_ros2_ws/install/unitree_go/share/unitree_go/msg/dds_connext/BmsCmd_.idl
[1.140s] -- Up-to-date: /home/unitree/go2_ros2_ws/install/unitree_go/share/unitree_go/msg/dds_connext/AudioData_.idl
[1.140s] -- Up-to-date: /home/unitree/go2_ros2_ws/install/unitree_go/share/unitree_go/msg/dds_connext/Go2FrontVideoData_.idl
[1.140s] -- Up-to-date: /home/unitree/go2_ros2_ws/install/unitree_go/share/unitree_go/msg/dds_connext/LidarState_.idl
[1.141s] -- Up-to-date: /home/unitree/go2_ros2_ws/install/unitree_go/share/unitree_go/msg/dds_connext/Error_.idl
[1.141s] -- Up-to-date: /home/unitree/go2_ros2_ws/install/unitree_go/share/unitree_go/msg/dds_connext/Res_.idl
[1.141s] -- Up-to-date: /home/unitree/go2_ros2_ws/install/unitree_go/share/ament_index/resource_index/package_run_dependencies/unitree_go
[1.142s] -- Up-to-date: /home/unitree/go2_ros2_ws/install/unitree_go/share/ament_index/resource_index/parent_prefix_path/unitree_go
[1.142s] -- Up-to-date: /home/unitree/go2_ros2_ws/install/unitree_go/share/unitree_go/environment/ament_prefix_path.sh
[1.142s] -- Up-to-date: /home/unitree/go2_ros2_ws/install/unitree_go/share/unitree_go/environment/ament_prefix_path.dsv
[1.143s] -- Up-to-date: /home/unitree/go2_ros2_ws/install/unitree_go/share/unitree_go/environment/path.sh
[1.143s] -- Up-to-date: /home/unitree/go2_ros2_ws/install/unitree_go/share/unitree_go/environment/path.dsv
[1.143s] -- Up-to-date: /home/unitree/go2_ros2_ws/install/unitree_go/share/unitree_go/local_setup.bash
[1.144s] -- Up-to-date: /home/unitree/go2_ros2_ws/install/unitree_go/share/unitree_go/local_setup.sh
[1.144s] -- Up-to-date: /home/unitree/go2_ros2_ws/install/unitree_go/share/unitree_go/local_setup.zsh
[1.145s] -- Up-to-date: /home/unitree/go2_ros2_ws/install/unitree_go/share/unitree_go/local_setup.dsv
[1.145s] -- Installing: /home/unitree/go2_ros2_ws/install/unitree_go/share/unitree_go/package.dsv
[1.146s] -- Up-to-date: /home/unitree/go2_ros2_ws/install/unitree_go/share/ament_index/resource_index/packages/unitree_go
[1.146s] -- Up-to-date: /home/unitree/go2_ros2_ws/install/unitree_go/share/unitree_go/cmake/unitree_go__rosidl_generator_cExport.cmake
[1.146s] -- Up-to-date: /home/unitree/go2_ros2_ws/install/unitree_go/share/unitree_go/cmake/unitree_go__rosidl_generator_cExport-noconfig.cmake
[1.147s] -- Up-to-date: /home/unitree/go2_ros2_ws/install/unitree_go/share/unitree_go/cmake/unitree_go__rosidl_typesupport_introspection_cExport.cmake
[1.147s] -- Up-to-date: /home/unitree/go2_ros2_ws/install/unitree_go/share/unitree_go/cmake/unitree_go__rosidl_typesupport_introspection_cExport-noconfig.cmake
[1.147s] -- Up-to-date: /home/unitree/go2_ros2_ws/install/unitree_go/share/unitree_go/cmake/unitree_go__rosidl_typesupport_cExport.cmake
[1.148s] -- Up-to-date: /home/unitree/go2_ros2_ws/install/unitree_go/share/unitree_go/cmake/unitree_go__rosidl_typesupport_cExport-noconfig.cmake
[1.148s] -- Up-to-date: /home/unitree/go2_ros2_ws/install/unitree_go/share/unitree_go/cmake/unitree_go__rosidl_generator_cppExport.cmake
[1.148s] -- Up-to-date: /home/unitree/go2_ros2_ws/install/unitree_go/share/unitree_go/cmake/unitree_go__rosidl_typesupport_introspection_cppExport.cmake
[1.149s] -- Up-to-date: /home/unitree/go2_ros2_ws/install/unitree_go/share/unitree_go/cmake/unitree_go__rosidl_typesupport_introspection_cppExport-noconfig.cmake
[1.150s] -- Up-to-date: /home/unitree/go2_ros2_ws/install/unitree_go/share/unitree_go/cmake/unitree_go__rosidl_typesupport_cppExport.cmake
[1.150s] -- Up-to-date: /home/unitree/go2_ros2_ws/install/unitree_go/share/unitree_go/cmake/unitree_go__rosidl_typesupport_cppExport-noconfig.cmake
[1.151s] -- Up-to-date: /home/unitree/go2_ros2_ws/install/unitree_go/share/unitree_go/cmake/rosidl_cmake-extras.cmake
[1.151s] -- Up-to-date: /home/unitree/go2_ros2_ws/install/unitree_go/share/unitree_go/cmake/ament_cmake_export_dependencies-extras.cmake
[1.151s] -- Up-to-date: /home/unitree/go2_ros2_ws/install/unitree_go/share/unitree_go/cmake/ament_cmake_export_libraries-extras.cmake
[1.152s] -- Up-to-date: /home/unitree/go2_ros2_ws/install/unitree_go/share/unitree_go/cmake/ament_cmake_export_targets-extras.cmake
[1.152s] -- Up-to-date: /home/unitree/go2_ros2_ws/install/unitree_go/share/unitree_go/cmake/ament_cmake_export_include_directories-extras.cmake
[1.153s] -- Up-to-date: /home/unitree/go2_ros2_ws/install/unitree_go/share/unitree_go/cmake/rosidl_cmake_export_typesupport_libraries-extras.cmake
[1.153s] -- Up-to-date: /home/unitree/go2_ros2_ws/install/unitree_go/share/unitree_go/cmake/rosidl_cmake_export_typesupport_targets-extras.cmake
[1.154s] -- Up-to-date: /home/unitree/go2_ros2_ws/install/unitree_go/share/unitree_go/cmake/unitree_goConfig.cmake
[1.154s] -- Up-to-date: /home/unitree/go2_ros2_ws/install/unitree_go/share/unitree_go/cmake/unitree_goConfig-version.cmake
[1.154s] -- Up-to-date: /home/unitree/go2_ros2_ws/install/unitree_go/share/unitree_go/package.xml
[1.156s] Invoked command in '/home/unitree/go2_ros2_ws/build/unitree_go' returned '0': CMAKE_PREFIX_PATH=${CMAKE_PREFIX_PATH}:/opt/ros/foxy /usr/bin/cmake --install /home/unitree/go2_ros2_ws/build/unitree_go
