[0.031s] Invoking command in '/home/unitree/go2_ros2_ws/build/go2_sport_api': CMAKE_PREFIX_PATH=/home/unitree/go2_ros2_ws/install/unitree_go:/home/unitree/go2_ros2_ws/install/unitree_api:/home/unitree/go2_ros2_ws/install/go2_core:/home/unitree/go2_ros2_ws/install/go2_sport_api:/home/unitree/go2_ros2_ws/install/go2_slam:/home/unitree/go2_ros2_ws/install/go2_perception:/home/unitree/go2_ros2_ws/install/go2_navigation:/home/unitree/go2_ros2_ws/install/go2_h264_repub:/home/unitree/unitree_ros2/unitree_ros2-master/cyclonedds_ws/install/unitree_hg:/home/unitree/unitree_ros2/unitree_ros2-master/cyclonedds_ws/install/unitree_go:/home/unitree/unitree_ros2/unitree_ros2-master/cyclonedds_ws/install/unitree_api:/home/unitree/unitree_ros2/unitree_ros2-master/cyclonedds_ws/install/cyclonedds:/opt/ros/foxy LD_LIBRARY_PATH=/home/unitree/go2_ros2_ws/install/unitree_go/lib:/home/unitree/go2_ros2_ws/install/unitree_api/lib:/home/unitree/go2_ros2_ws/install/go2_sport_api/lib:/home/unitree/go2_ros2_ws/install/go2_perception/lib:/home/unitree/unitree_ros2/unitree_ros2-master/cyclonedds_ws/install/unitree_hg/lib:/home/unitree/unitree_ros2/unitree_ros2-master/cyclonedds_ws/install/unitree_go/lib:/home/unitree/unitree_ros2/unitree_ros2-master/cyclonedds_ws/install/unitree_api/lib:/home/unitree/unitree_ros2/unitree_ros2-master/cyclonedds_ws/install/cyclonedds/lib:/opt/ros/foxy/opt/yaml_cpp_vendor/lib:/opt/ros/foxy/opt/rviz_ogre_vendor/lib:/opt/ros/foxy/lib/aarch64-linux-gnu:/opt/ros/foxy/lib PYTHONPATH=/home/unitree/go2_ros2_ws/install/unitree_go/lib/python3.8/site-packages:/home/unitree/go2_ros2_ws/install/unitree_api/lib/python3.8/site-packages:/home/unitree/go2_ros2_ws/install/go2_core/lib/python3.8/site-packages:/home/unitree/go2_ros2_ws/install/go2_perception/lib/python3.8/site-packages:/home/unitree/unitree_ros2/unitree_ros2-master/cyclonedds_ws/install/unitree_hg/lib/python3.8/site-packages:/home/unitree/unitree_ros2/unitree_ros2-master/cyclonedds_ws/install/unitree_go/lib/python3.8/site-packages:/home/unitree/unitree_ros2/unitree_ros2-master/cyclonedds_ws/install/unitree_api/lib/python3.8/site-packages:/opt/ros/foxy/lib/python3.8/site-packages /usr/bin/cmake --build /home/unitree/go2_ros2_ws/build/go2_sport_api -- -j4 -l4
[0.148s] [ 40%] Built target go2_sport_api
[0.157s] [100%] Built target vel_ctrl
[0.180s] Invoked command in '/home/unitree/go2_ros2_ws/build/go2_sport_api' returned '0': CMAKE_PREFIX_PATH=/home/unitree/go2_ros2_ws/install/unitree_go:/home/unitree/go2_ros2_ws/install/unitree_api:/home/unitree/go2_ros2_ws/install/go2_core:/home/unitree/go2_ros2_ws/install/go2_sport_api:/home/unitree/go2_ros2_ws/install/go2_slam:/home/unitree/go2_ros2_ws/install/go2_perception:/home/unitree/go2_ros2_ws/install/go2_navigation:/home/unitree/go2_ros2_ws/install/go2_h264_repub:/home/unitree/unitree_ros2/unitree_ros2-master/cyclonedds_ws/install/unitree_hg:/home/unitree/unitree_ros2/unitree_ros2-master/cyclonedds_ws/install/unitree_go:/home/unitree/unitree_ros2/unitree_ros2-master/cyclonedds_ws/install/unitree_api:/home/unitree/unitree_ros2/unitree_ros2-master/cyclonedds_ws/install/cyclonedds:/opt/ros/foxy LD_LIBRARY_PATH=/home/unitree/go2_ros2_ws/install/unitree_go/lib:/home/unitree/go2_ros2_ws/install/unitree_api/lib:/home/unitree/go2_ros2_ws/install/go2_sport_api/lib:/home/unitree/go2_ros2_ws/install/go2_perception/lib:/home/unitree/unitree_ros2/unitree_ros2-master/cyclonedds_ws/install/unitree_hg/lib:/home/unitree/unitree_ros2/unitree_ros2-master/cyclonedds_ws/install/unitree_go/lib:/home/unitree/unitree_ros2/unitree_ros2-master/cyclonedds_ws/install/unitree_api/lib:/home/unitree/unitree_ros2/unitree_ros2-master/cyclonedds_ws/install/cyclonedds/lib:/opt/ros/foxy/opt/yaml_cpp_vendor/lib:/opt/ros/foxy/opt/rviz_ogre_vendor/lib:/opt/ros/foxy/lib/aarch64-linux-gnu:/opt/ros/foxy/lib PYTHONPATH=/home/unitree/go2_ros2_ws/install/unitree_go/lib/python3.8/site-packages:/home/unitree/go2_ros2_ws/install/unitree_api/lib/python3.8/site-packages:/home/unitree/go2_ros2_ws/install/go2_core/lib/python3.8/site-packages:/home/unitree/go2_ros2_ws/install/go2_perception/lib/python3.8/site-packages:/home/unitree/unitree_ros2/unitree_ros2-master/cyclonedds_ws/install/unitree_hg/lib/python3.8/site-packages:/home/unitree/unitree_ros2/unitree_ros2-master/cyclonedds_ws/install/unitree_go/lib/python3.8/site-packages:/home/unitree/unitree_ros2/unitree_ros2-master/cyclonedds_ws/install/unitree_api/lib/python3.8/site-packages:/opt/ros/foxy/lib/python3.8/site-packages /usr/bin/cmake --build /home/unitree/go2_ros2_ws/build/go2_sport_api -- -j4 -l4
[0.186s] Invoking command in '/home/unitree/go2_ros2_ws/build/go2_sport_api': CMAKE_PREFIX_PATH=/home/unitree/go2_ros2_ws/install/unitree_go:/home/unitree/go2_ros2_ws/install/unitree_api:/home/unitree/go2_ros2_ws/install/go2_core:/home/unitree/go2_ros2_ws/install/go2_sport_api:/home/unitree/go2_ros2_ws/install/go2_slam:/home/unitree/go2_ros2_ws/install/go2_perception:/home/unitree/go2_ros2_ws/install/go2_navigation:/home/unitree/go2_ros2_ws/install/go2_h264_repub:/home/unitree/unitree_ros2/unitree_ros2-master/cyclonedds_ws/install/unitree_hg:/home/unitree/unitree_ros2/unitree_ros2-master/cyclonedds_ws/install/unitree_go:/home/unitree/unitree_ros2/unitree_ros2-master/cyclonedds_ws/install/unitree_api:/home/unitree/unitree_ros2/unitree_ros2-master/cyclonedds_ws/install/cyclonedds:/opt/ros/foxy LD_LIBRARY_PATH=/home/unitree/go2_ros2_ws/install/unitree_go/lib:/home/unitree/go2_ros2_ws/install/unitree_api/lib:/home/unitree/go2_ros2_ws/install/go2_sport_api/lib:/home/unitree/go2_ros2_ws/install/go2_perception/lib:/home/unitree/unitree_ros2/unitree_ros2-master/cyclonedds_ws/install/unitree_hg/lib:/home/unitree/unitree_ros2/unitree_ros2-master/cyclonedds_ws/install/unitree_go/lib:/home/unitree/unitree_ros2/unitree_ros2-master/cyclonedds_ws/install/unitree_api/lib:/home/unitree/unitree_ros2/unitree_ros2-master/cyclonedds_ws/install/cyclonedds/lib:/opt/ros/foxy/opt/yaml_cpp_vendor/lib:/opt/ros/foxy/opt/rviz_ogre_vendor/lib:/opt/ros/foxy/lib/aarch64-linux-gnu:/opt/ros/foxy/lib PYTHONPATH=/home/unitree/go2_ros2_ws/install/unitree_go/lib/python3.8/site-packages:/home/unitree/go2_ros2_ws/install/unitree_api/lib/python3.8/site-packages:/home/unitree/go2_ros2_ws/install/go2_core/lib/python3.8/site-packages:/home/unitree/go2_ros2_ws/install/go2_perception/lib/python3.8/site-packages:/home/unitree/unitree_ros2/unitree_ros2-master/cyclonedds_ws/install/unitree_hg/lib/python3.8/site-packages:/home/unitree/unitree_ros2/unitree_ros2-master/cyclonedds_ws/install/unitree_go/lib/python3.8/site-packages:/home/unitree/unitree_ros2/unitree_ros2-master/cyclonedds_ws/install/unitree_api/lib/python3.8/site-packages:/opt/ros/foxy/lib/python3.8/site-packages /usr/bin/cmake --install /home/unitree/go2_ros2_ws/build/go2_sport_api
[0.206s] -- Install configuration: ""
[0.206s] -- Up-to-date: /home/unitree/go2_ros2_ws/install/go2_sport_api/include/include
[0.206s] -- Up-to-date: /home/unitree/go2_ros2_ws/install/go2_sport_api/include/include/common
[0.207s] -- Up-to-date: /home/unitree/go2_ros2_ws/install/go2_sport_api/include/include/common/motor_crc.h
[0.207s] -- Up-to-date: /home/unitree/go2_ros2_ws/install/go2_sport_api/include/include/common/ros2_sport_client.h
[0.207s] -- Up-to-date: /home/unitree/go2_ros2_ws/install/go2_sport_api/include/include/nlohmann
[0.207s] -- Up-to-date: /home/unitree/go2_ros2_ws/install/go2_sport_api/include/include/nlohmann/adl_serializer.hpp
[0.207s] -- Up-to-date: /home/unitree/go2_ros2_ws/install/go2_sport_api/include/include/nlohmann/thirdparty
[0.208s] -- Up-to-date: /home/unitree/go2_ros2_ws/install/go2_sport_api/include/include/nlohmann/thirdparty/hedley
[0.208s] -- Up-to-date: /home/unitree/go2_ros2_ws/install/go2_sport_api/include/include/nlohmann/thirdparty/hedley/hedley_undef.hpp
[0.208s] -- Up-to-date: /home/unitree/go2_ros2_ws/install/go2_sport_api/include/include/nlohmann/thirdparty/hedley/hedley.hpp
[0.208s] -- Up-to-date: /home/unitree/go2_ros2_ws/install/go2_sport_api/include/include/nlohmann/ordered_map.hpp
[0.208s] -- Up-to-date: /home/unitree/go2_ros2_ws/install/go2_sport_api/include/include/nlohmann/byte_container_with_subtype.hpp
[0.209s] -- Up-to-date: /home/unitree/go2_ros2_ws/install/go2_sport_api/include/include/nlohmann/json.hpp
[0.209s] -- Up-to-date: /home/unitree/go2_ros2_ws/install/go2_sport_api/include/include/nlohmann/detail
[0.209s] -- Up-to-date: /home/unitree/go2_ros2_ws/install/go2_sport_api/include/include/nlohmann/detail/json_custom_base_class.hpp
[0.209s] -- Up-to-date: /home/unitree/go2_ros2_ws/install/go2_sport_api/include/include/nlohmann/detail/iterators
[0.209s] -- Up-to-date: /home/unitree/go2_ros2_ws/install/go2_sport_api/include/include/nlohmann/detail/iterators/iterator_traits.hpp
[0.210s] -- Up-to-date: /home/unitree/go2_ros2_ws/install/go2_sport_api/include/include/nlohmann/detail/iterators/iteration_proxy.hpp
[0.210s] -- Up-to-date: /home/unitree/go2_ros2_ws/install/go2_sport_api/include/include/nlohmann/detail/iterators/primitive_iterator.hpp
[0.210s] -- Up-to-date: /home/unitree/go2_ros2_ws/install/go2_sport_api/include/include/nlohmann/detail/iterators/json_reverse_iterator.hpp
[0.210s] -- Up-to-date: /home/unitree/go2_ros2_ws/install/go2_sport_api/include/include/nlohmann/detail/iterators/internal_iterator.hpp
[0.210s] -- Up-to-date: /home/unitree/go2_ros2_ws/install/go2_sport_api/include/include/nlohmann/detail/iterators/iter_impl.hpp
[0.210s] -- Up-to-date: /home/unitree/go2_ros2_ws/install/go2_sport_api/include/include/nlohmann/detail/string_concat.hpp
[0.210s] -- Up-to-date: /home/unitree/go2_ros2_ws/install/go2_sport_api/include/include/nlohmann/detail/input
[0.210s] -- Up-to-date: /home/unitree/go2_ros2_ws/install/go2_sport_api/include/include/nlohmann/detail/input/binary_reader.hpp
[0.210s] -- Up-to-date: /home/unitree/go2_ros2_ws/install/go2_sport_api/include/include/nlohmann/detail/input/lexer.hpp
[0.211s] -- Up-to-date: /home/unitree/go2_ros2_ws/install/go2_sport_api/include/include/nlohmann/detail/input/json_sax.hpp
[0.211s] -- Up-to-date: /home/unitree/go2_ros2_ws/install/go2_sport_api/include/include/nlohmann/detail/input/input_adapters.hpp
[0.211s] -- Up-to-date: /home/unitree/go2_ros2_ws/install/go2_sport_api/include/include/nlohmann/detail/input/parser.hpp
[0.211s] -- Up-to-date: /home/unitree/go2_ros2_ws/install/go2_sport_api/include/include/nlohmann/detail/input/position_t.hpp
[0.211s] -- Up-to-date: /home/unitree/go2_ros2_ws/install/go2_sport_api/include/include/nlohmann/detail/output
[0.211s] -- Up-to-date: /home/unitree/go2_ros2_ws/install/go2_sport_api/include/include/nlohmann/detail/output/output_adapters.hpp
[0.211s] -- Up-to-date: /home/unitree/go2_ros2_ws/install/go2_sport_api/include/include/nlohmann/detail/output/binary_writer.hpp
[0.211s] -- Up-to-date: /home/unitree/go2_ros2_ws/install/go2_sport_api/include/include/nlohmann/detail/output/serializer.hpp
[0.212s] -- Up-to-date: /home/unitree/go2_ros2_ws/install/go2_sport_api/include/include/nlohmann/detail/string_escape.hpp
[0.212s] -- Up-to-date: /home/unitree/go2_ros2_ws/install/go2_sport_api/include/include/nlohmann/detail/conversions
[0.212s] -- Up-to-date: /home/unitree/go2_ros2_ws/install/go2_sport_api/include/include/nlohmann/detail/conversions/to_chars.hpp
[0.212s] -- Up-to-date: /home/unitree/go2_ros2_ws/install/go2_sport_api/include/include/nlohmann/detail/conversions/to_json.hpp
[0.212s] -- Up-to-date: /home/unitree/go2_ros2_ws/install/go2_sport_api/include/include/nlohmann/detail/conversions/from_json.hpp
[0.212s] -- Up-to-date: /home/unitree/go2_ros2_ws/install/go2_sport_api/include/include/nlohmann/detail/macro_scope.hpp
[0.212s] -- Up-to-date: /home/unitree/go2_ros2_ws/install/go2_sport_api/include/include/nlohmann/detail/abi_macros.hpp
[0.213s] -- Up-to-date: /home/unitree/go2_ros2_ws/install/go2_sport_api/include/include/nlohmann/detail/hash.hpp
[0.213s] -- Up-to-date: /home/unitree/go2_ros2_ws/install/go2_sport_api/include/include/nlohmann/detail/json_ref.hpp
[0.213s] -- Up-to-date: /home/unitree/go2_ros2_ws/install/go2_sport_api/include/include/nlohmann/detail/exceptions.hpp
[0.213s] -- Up-to-date: /home/unitree/go2_ros2_ws/install/go2_sport_api/include/include/nlohmann/detail/macro_unscope.hpp
[0.213s] -- Up-to-date: /home/unitree/go2_ros2_ws/install/go2_sport_api/include/include/nlohmann/detail/json_pointer.hpp
[0.213s] -- Up-to-date: /home/unitree/go2_ros2_ws/install/go2_sport_api/include/include/nlohmann/detail/value_t.hpp
[0.213s] -- Up-to-date: /home/unitree/go2_ros2_ws/install/go2_sport_api/include/include/nlohmann/detail/meta
[0.214s] -- Up-to-date: /home/unitree/go2_ros2_ws/install/go2_sport_api/include/include/nlohmann/detail/meta/cpp_future.hpp
[0.214s] -- Up-to-date: /home/unitree/go2_ros2_ws/install/go2_sport_api/include/include/nlohmann/detail/meta/type_traits.hpp
[0.214s] -- Up-to-date: /home/unitree/go2_ros2_ws/install/go2_sport_api/include/include/nlohmann/detail/meta/call_std
[0.214s] -- Up-to-date: /home/unitree/go2_ros2_ws/install/go2_sport_api/include/include/nlohmann/detail/meta/call_std/end.hpp
[0.214s] -- Up-to-date: /home/unitree/go2_ros2_ws/install/go2_sport_api/include/include/nlohmann/detail/meta/call_std/begin.hpp
[0.214s] -- Up-to-date: /home/unitree/go2_ros2_ws/install/go2_sport_api/include/include/nlohmann/detail/meta/is_sax.hpp
[0.214s] -- Up-to-date: /home/unitree/go2_ros2_ws/install/go2_sport_api/include/include/nlohmann/detail/meta/std_fs.hpp
[0.214s] -- Up-to-date: /home/unitree/go2_ros2_ws/install/go2_sport_api/include/include/nlohmann/detail/meta/detected.hpp
[0.214s] -- Up-to-date: /home/unitree/go2_ros2_ws/install/go2_sport_api/include/include/nlohmann/detail/meta/identity_tag.hpp
[0.215s] -- Up-to-date: /home/unitree/go2_ros2_ws/install/go2_sport_api/include/include/nlohmann/detail/meta/void_t.hpp
[0.215s] -- Up-to-date: /home/unitree/go2_ros2_ws/install/go2_sport_api/include/include/nlohmann/json_fwd.hpp
[0.215s] -- Up-to-date: /home/unitree/go2_ros2_ws/install/go2_sport_api/lib/go2_sport_api/vel_ctrl
[0.215s] -- Up-to-date: /home/unitree/go2_ros2_ws/install/go2_sport_api/lib/libgo2_sport_api.so
[0.215s] -- Up-to-date: /home/unitree/go2_ros2_ws/install/go2_sport_api/share/go2_sport_api/environment/library_path.sh
[0.215s] -- Up-to-date: /home/unitree/go2_ros2_ws/install/go2_sport_api/share/go2_sport_api/environment/library_path.dsv
[0.215s] -- Up-to-date: /home/unitree/go2_ros2_ws/install/go2_sport_api/share/ament_index/resource_index/package_run_dependencies/go2_sport_api
[0.216s] -- Up-to-date: /home/unitree/go2_ros2_ws/install/go2_sport_api/share/ament_index/resource_index/parent_prefix_path/go2_sport_api
[0.216s] -- Up-to-date: /home/unitree/go2_ros2_ws/install/go2_sport_api/share/go2_sport_api/environment/ament_prefix_path.sh
[0.216s] -- Up-to-date: /home/unitree/go2_ros2_ws/install/go2_sport_api/share/go2_sport_api/environment/ament_prefix_path.dsv
[0.216s] -- Up-to-date: /home/unitree/go2_ros2_ws/install/go2_sport_api/share/go2_sport_api/environment/path.sh
[0.216s] -- Up-to-date: /home/unitree/go2_ros2_ws/install/go2_sport_api/share/go2_sport_api/environment/path.dsv
[0.216s] -- Up-to-date: /home/unitree/go2_ros2_ws/install/go2_sport_api/share/go2_sport_api/local_setup.bash
[0.216s] -- Up-to-date: /home/unitree/go2_ros2_ws/install/go2_sport_api/share/go2_sport_api/local_setup.sh
[0.216s] -- Up-to-date: /home/unitree/go2_ros2_ws/install/go2_sport_api/share/go2_sport_api/local_setup.zsh
[0.216s] -- Up-to-date: /home/unitree/go2_ros2_ws/install/go2_sport_api/share/go2_sport_api/local_setup.dsv
[0.217s] -- Installing: /home/unitree/go2_ros2_ws/install/go2_sport_api/share/go2_sport_api/package.dsv
[0.217s] -- Up-to-date: /home/unitree/go2_ros2_ws/install/go2_sport_api/share/ament_index/resource_index/packages/go2_sport_api
[0.217s] -- Up-to-date: /home/unitree/go2_ros2_ws/install/go2_sport_api/share/go2_sport_api/cmake/export_go2_sport_apiExport.cmake
[0.217s] -- Up-to-date: /home/unitree/go2_ros2_ws/install/go2_sport_api/share/go2_sport_api/cmake/export_go2_sport_apiExport-noconfig.cmake
[0.217s] -- Up-to-date: /home/unitree/go2_ros2_ws/install/go2_sport_api/share/go2_sport_api/cmake/ament_cmake_export_dependencies-extras.cmake
[0.217s] -- Up-to-date: /home/unitree/go2_ros2_ws/install/go2_sport_api/share/go2_sport_api/cmake/ament_cmake_export_libraries-extras.cmake
[0.217s] -- Up-to-date: /home/unitree/go2_ros2_ws/install/go2_sport_api/share/go2_sport_api/cmake/ament_cmake_export_include_directories-extras.cmake
[0.217s] -- Up-to-date: /home/unitree/go2_ros2_ws/install/go2_sport_api/share/go2_sport_api/cmake/ament_cmake_export_targets-extras.cmake
[0.217s] -- Up-to-date: /home/unitree/go2_ros2_ws/install/go2_sport_api/share/go2_sport_api/cmake/go2_sport_apiConfig.cmake
[0.218s] -- Up-to-date: /home/unitree/go2_ros2_ws/install/go2_sport_api/share/go2_sport_api/cmake/go2_sport_apiConfig-version.cmake
[0.218s] -- Up-to-date: /home/unitree/go2_ros2_ws/install/go2_sport_api/share/go2_sport_api/package.xml
[0.221s] Invoked command in '/home/unitree/go2_ros2_ws/build/go2_sport_api' returned '0': CMAKE_PREFIX_PATH=/home/unitree/go2_ros2_ws/install/unitree_go:/home/unitree/go2_ros2_ws/install/unitree_api:/home/unitree/go2_ros2_ws/install/go2_core:/home/unitree/go2_ros2_ws/install/go2_sport_api:/home/unitree/go2_ros2_ws/install/go2_slam:/home/unitree/go2_ros2_ws/install/go2_perception:/home/unitree/go2_ros2_ws/install/go2_navigation:/home/unitree/go2_ros2_ws/install/go2_h264_repub:/home/unitree/unitree_ros2/unitree_ros2-master/cyclonedds_ws/install/unitree_hg:/home/unitree/unitree_ros2/unitree_ros2-master/cyclonedds_ws/install/unitree_go:/home/unitree/unitree_ros2/unitree_ros2-master/cyclonedds_ws/install/unitree_api:/home/unitree/unitree_ros2/unitree_ros2-master/cyclonedds_ws/install/cyclonedds:/opt/ros/foxy LD_LIBRARY_PATH=/home/unitree/go2_ros2_ws/install/unitree_go/lib:/home/unitree/go2_ros2_ws/install/unitree_api/lib:/home/unitree/go2_ros2_ws/install/go2_sport_api/lib:/home/unitree/go2_ros2_ws/install/go2_perception/lib:/home/unitree/unitree_ros2/unitree_ros2-master/cyclonedds_ws/install/unitree_hg/lib:/home/unitree/unitree_ros2/unitree_ros2-master/cyclonedds_ws/install/unitree_go/lib:/home/unitree/unitree_ros2/unitree_ros2-master/cyclonedds_ws/install/unitree_api/lib:/home/unitree/unitree_ros2/unitree_ros2-master/cyclonedds_ws/install/cyclonedds/lib:/opt/ros/foxy/opt/yaml_cpp_vendor/lib:/opt/ros/foxy/opt/rviz_ogre_vendor/lib:/opt/ros/foxy/lib/aarch64-linux-gnu:/opt/ros/foxy/lib PYTHONPATH=/home/unitree/go2_ros2_ws/install/unitree_go/lib/python3.8/site-packages:/home/unitree/go2_ros2_ws/install/unitree_api/lib/python3.8/site-packages:/home/unitree/go2_ros2_ws/install/go2_core/lib/python3.8/site-packages:/home/unitree/go2_ros2_ws/install/go2_perception/lib/python3.8/site-packages:/home/unitree/unitree_ros2/unitree_ros2-master/cyclonedds_ws/install/unitree_hg/lib/python3.8/site-packages:/home/unitree/unitree_ros2/unitree_ros2-master/cyclonedds_ws/install/unitree_go/lib/python3.8/site-packages:/home/unitree/unitree_ros2/unitree_ros2-master/cyclonedds_ws/install/unitree_api/lib/python3.8/site-packages:/opt/ros/foxy/lib/python3.8/site-packages /usr/bin/cmake --install /home/unitree/go2_ros2_ws/build/go2_sport_api
