[0.050s] Invoking command in '/home/unitree/go2_ros2_ws/build/unitree_api': CMAKE_PREFIX_PATH=/opt/ros/foxy /usr/bin/cmake --build /home/unitree/go2_ros2_ws/build/unitree_api -- -j4 -l4
[0.184s] [  1%] Built target unitree_api__dds_connext_idl
[0.197s] [  2%] Built target unitree_api__cpp
[0.219s] [ 13%] Built target unitree_api__rosidl_generator_c
[0.302s] [ 25%] Built target unitree_api__rosidl_typesupport_cpp
[0.333s] [ 36%] Built target unitree_api__rosidl_typesupport_introspection_cpp
[0.346s] [ 47%] Built target unitree_api__rosidl_typesupport_fastrtps_cpp
[0.355s] [ 59%] Built target unitree_api__rosidl_typesupport_c
[0.416s] [ 78%] Built target unitree_api__rosidl_typesupport_introspection_c
[0.417s] [ 81%] Built target unitree_api__rosidl_typesupport_fastrtps_c
[0.467s] [ 81%] Built target unitree_api
[0.510s] [ 82%] Built target unitree_api__py
[0.587s] [ 93%] Built target unitree_api__python
[0.652s] [ 95%] Built target unitree_api__rosidl_typesupport_introspection_c__pyext
[0.667s] [ 97%] Built target unitree_api__rosidl_typesupport_c__pyext
[0.670s] [100%] Built target unitree_api__rosidl_typesupport_fastrtps_c__pyext
[0.719s] Invoked command in '/home/unitree/go2_ros2_ws/build/unitree_api' returned '0': CMAKE_PREFIX_PATH=/opt/ros/foxy /usr/bin/cmake --build /home/unitree/go2_ros2_ws/build/unitree_api -- -j4 -l4
[0.721s] Invoking command in '/home/unitree/go2_ros2_ws/build/unitree_api': CMAKE_PREFIX_PATH=/opt/ros/foxy /usr/bin/cmake --install /home/unitree/go2_ros2_ws/build/unitree_api
[0.748s] -- Install configuration: ""
[0.749s] -- Up-to-date: /home/unitree/go2_ros2_ws/install/unitree_api/share/ament_index/resource_index/rosidl_interfaces/unitree_api
[0.749s] -- Up-to-date: /home/unitree/go2_ros2_ws/install/unitree_api/include/unitree_api
[0.750s] -- Up-to-date: /home/unitree/go2_ros2_ws/install/unitree_api/include/unitree_api/msg
[0.750s] -- Up-to-date: /home/unitree/go2_ros2_ws/install/unitree_api/include/unitree_api/msg/request_header.h
[0.751s] -- Up-to-date: /home/unitree/go2_ros2_ws/install/unitree_api/include/unitree_api/msg/rosidl_generator_c__visibility_control.h
[0.751s] -- Up-to-date: /home/unitree/go2_ros2_ws/install/unitree_api/include/unitree_api/msg/request_lease.h
[0.751s] -- Up-to-date: /home/unitree/go2_ros2_ws/install/unitree_api/include/unitree_api/msg/response_status.h
[0.752s] -- Up-to-date: /home/unitree/go2_ros2_ws/install/unitree_api/include/unitree_api/msg/request_identity.h
[0.753s] -- Up-to-date: /home/unitree/go2_ros2_ws/install/unitree_api/include/unitree_api/msg/request.h
[0.753s] -- Up-to-date: /home/unitree/go2_ros2_ws/install/unitree_api/include/unitree_api/msg/request_policy.h
[0.753s] -- Up-to-date: /home/unitree/go2_ros2_ws/install/unitree_api/include/unitree_api/msg/response_header.h
[0.754s] -- Up-to-date: /home/unitree/go2_ros2_ws/install/unitree_api/include/unitree_api/msg/response.h
[0.754s] -- Up-to-date: /home/unitree/go2_ros2_ws/install/unitree_api/include/unitree_api/msg/detail
[0.754s] -- Up-to-date: /home/unitree/go2_ros2_ws/install/unitree_api/include/unitree_api/msg/detail/request_header__struct.h
[0.755s] -- Up-to-date: /home/unitree/go2_ros2_ws/install/unitree_api/include/unitree_api/msg/detail/response__functions.h
[0.755s] -- Up-to-date: /home/unitree/go2_ros2_ws/install/unitree_api/include/unitree_api/msg/detail/request_header__functions.c
[0.755s] -- Up-to-date: /home/unitree/go2_ros2_ws/install/unitree_api/include/unitree_api/msg/detail/request_identity__functions.h
[0.756s] -- Up-to-date: /home/unitree/go2_ros2_ws/install/unitree_api/include/unitree_api/msg/detail/request_policy__struct.h
[0.756s] -- Up-to-date: /home/unitree/go2_ros2_ws/install/unitree_api/include/unitree_api/msg/detail/response_header__type_support.h
[0.756s] -- Up-to-date: /home/unitree/go2_ros2_ws/install/unitree_api/include/unitree_api/msg/detail/request_header__type_support.h
[0.756s] -- Up-to-date: /home/unitree/go2_ros2_ws/install/unitree_api/include/unitree_api/msg/detail/request_lease__functions.c
[0.759s] -- Up-to-date: /home/unitree/go2_ros2_ws/install/unitree_api/include/unitree_api/msg/detail/response__type_support.h
[0.760s] -- Up-to-date: /home/unitree/go2_ros2_ws/install/unitree_api/include/unitree_api/msg/detail/response_status__struct.h
[0.760s] -- Up-to-date: /home/unitree/go2_ros2_ws/install/unitree_api/include/unitree_api/msg/detail/request_lease__functions.h
[0.761s] -- Up-to-date: /home/unitree/go2_ros2_ws/install/unitree_api/include/unitree_api/msg/detail/response_header__struct.h
[0.762s] -- Up-to-date: /home/unitree/go2_ros2_ws/install/unitree_api/include/unitree_api/msg/detail/request_lease__type_support.h
[0.762s] -- Up-to-date: /home/unitree/go2_ros2_ws/install/unitree_api/include/unitree_api/msg/detail/response_status__functions.c
[0.763s] -- Up-to-date: /home/unitree/go2_ros2_ws/install/unitree_api/include/unitree_api/msg/detail/request__type_support.h
[0.763s] -- Up-to-date: /home/unitree/go2_ros2_ws/install/unitree_api/include/unitree_api/msg/detail/request_policy__functions.h
[0.764s] -- Up-to-date: /home/unitree/go2_ros2_ws/install/unitree_api/include/unitree_api/msg/detail/response_status__type_support.h
[0.765s] -- Up-to-date: /home/unitree/go2_ros2_ws/install/unitree_api/include/unitree_api/msg/detail/request_identity__functions.c
[0.765s] -- Up-to-date: /home/unitree/go2_ros2_ws/install/unitree_api/include/unitree_api/msg/detail/request_policy__functions.c
[0.765s] -- Up-to-date: /home/unitree/go2_ros2_ws/install/unitree_api/include/unitree_api/msg/detail/response_header__functions.h
[0.766s] -- Up-to-date: /home/unitree/go2_ros2_ws/install/unitree_api/include/unitree_api/msg/detail/response_header__functions.c
[0.766s] -- Up-to-date: /home/unitree/go2_ros2_ws/install/unitree_api/include/unitree_api/msg/detail/request_policy__type_support.h
[0.766s] -- Up-to-date: /home/unitree/go2_ros2_ws/install/unitree_api/include/unitree_api/msg/detail/response__struct.h
[0.767s] -- Up-to-date: /home/unitree/go2_ros2_ws/install/unitree_api/include/unitree_api/msg/detail/request_lease__struct.h
[0.767s] -- Up-to-date: /home/unitree/go2_ros2_ws/install/unitree_api/include/unitree_api/msg/detail/response_status__functions.h
[0.768s] -- Up-to-date: /home/unitree/go2_ros2_ws/install/unitree_api/include/unitree_api/msg/detail/request_header__functions.h
[0.768s] -- Up-to-date: /home/unitree/go2_ros2_ws/install/unitree_api/include/unitree_api/msg/detail/request__functions.h
[0.768s] -- Up-to-date: /home/unitree/go2_ros2_ws/install/unitree_api/include/unitree_api/msg/detail/request_identity__struct.h
[0.769s] -- Up-to-date: /home/unitree/go2_ros2_ws/install/unitree_api/include/unitree_api/msg/detail/request_identity__type_support.h
[0.770s] -- Up-to-date: /home/unitree/go2_ros2_ws/install/unitree_api/include/unitree_api/msg/detail/request__functions.c
[0.770s] -- Up-to-date: /home/unitree/go2_ros2_ws/install/unitree_api/include/unitree_api/msg/detail/response__functions.c
[0.771s] -- Up-to-date: /home/unitree/go2_ros2_ws/install/unitree_api/include/unitree_api/msg/detail/request__struct.h
[0.771s] -- Up-to-date: /home/unitree/go2_ros2_ws/install/unitree_api/share/unitree_api/environment/library_path.sh
[0.771s] -- Up-to-date: /home/unitree/go2_ros2_ws/install/unitree_api/share/unitree_api/environment/library_path.dsv
[0.772s] -- Up-to-date: /home/unitree/go2_ros2_ws/install/unitree_api/lib/libunitree_api__rosidl_generator_c.so
[0.772s] -- Up-to-date: /home/unitree/go2_ros2_ws/install/unitree_api/include/unitree_api
[0.772s] -- Up-to-date: /home/unitree/go2_ros2_ws/install/unitree_api/include/unitree_api/msg
[0.773s] -- Up-to-date: /home/unitree/go2_ros2_ws/install/unitree_api/include/unitree_api/msg/rosidl_typesupport_fastrtps_c__visibility_control.h
[0.773s] -- Up-to-date: /home/unitree/go2_ros2_ws/install/unitree_api/include/unitree_api/msg/detail
[0.774s] -- Up-to-date: /home/unitree/go2_ros2_ws/install/unitree_api/include/unitree_api/msg/detail/response_header__rosidl_typesupport_fastrtps_c.h
[0.774s] -- Up-to-date: /home/unitree/go2_ros2_ws/install/unitree_api/include/unitree_api/msg/detail/request__rosidl_typesupport_fastrtps_c.h
[0.775s] -- Up-to-date: /home/unitree/go2_ros2_ws/install/unitree_api/include/unitree_api/msg/detail/request_identity__rosidl_typesupport_fastrtps_c.h
[0.776s] -- Up-to-date: /home/unitree/go2_ros2_ws/install/unitree_api/include/unitree_api/msg/detail/response_status__rosidl_typesupport_fastrtps_c.h
[0.777s] -- Up-to-date: /home/unitree/go2_ros2_ws/install/unitree_api/include/unitree_api/msg/detail/request_policy__rosidl_typesupport_fastrtps_c.h
[0.779s] -- Up-to-date: /home/unitree/go2_ros2_ws/install/unitree_api/include/unitree_api/msg/detail/response__rosidl_typesupport_fastrtps_c.h
[0.780s] -- Up-to-date: /home/unitree/go2_ros2_ws/install/unitree_api/include/unitree_api/msg/detail/request_header__rosidl_typesupport_fastrtps_c.h
[0.781s] -- Up-to-date: /home/unitree/go2_ros2_ws/install/unitree_api/include/unitree_api/msg/detail/request_lease__rosidl_typesupport_fastrtps_c.h
[0.781s] -- Up-to-date: /home/unitree/go2_ros2_ws/install/unitree_api/lib/libunitree_api__rosidl_typesupport_fastrtps_c.so
[0.782s] -- Up-to-date: /home/unitree/go2_ros2_ws/install/unitree_api/include/unitree_api
[0.782s] -- Up-to-date: /home/unitree/go2_ros2_ws/install/unitree_api/include/unitree_api/msg
[0.782s] -- Up-to-date: /home/unitree/go2_ros2_ws/install/unitree_api/include/unitree_api/msg/rosidl_typesupport_fastrtps_cpp__visibility_control.h
[0.783s] -- Up-to-date: /home/unitree/go2_ros2_ws/install/unitree_api/include/unitree_api/msg/detail
[0.783s] -- Up-to-date: /home/unitree/go2_ros2_ws/install/unitree_api/include/unitree_api/msg/detail/response_status__rosidl_typesupport_fastrtps_cpp.hpp
[0.784s] -- Up-to-date: /home/unitree/go2_ros2_ws/install/unitree_api/include/unitree_api/msg/detail/request_lease__rosidl_typesupport_fastrtps_cpp.hpp
[0.784s] -- Up-to-date: /home/unitree/go2_ros2_ws/install/unitree_api/include/unitree_api/msg/detail/response_header__rosidl_typesupport_fastrtps_cpp.hpp
[0.784s] -- Up-to-date: /home/unitree/go2_ros2_ws/install/unitree_api/include/unitree_api/msg/detail/request_header__rosidl_typesupport_fastrtps_cpp.hpp
[0.784s] -- Up-to-date: /home/unitree/go2_ros2_ws/install/unitree_api/include/unitree_api/msg/detail/request_policy__rosidl_typesupport_fastrtps_cpp.hpp
[0.785s] -- Up-to-date: /home/unitree/go2_ros2_ws/install/unitree_api/include/unitree_api/msg/detail/request_identity__rosidl_typesupport_fastrtps_cpp.hpp
[0.785s] -- Up-to-date: /home/unitree/go2_ros2_ws/install/unitree_api/include/unitree_api/msg/detail/response__rosidl_typesupport_fastrtps_cpp.hpp
[0.785s] -- Up-to-date: /home/unitree/go2_ros2_ws/install/unitree_api/include/unitree_api/msg/detail/request__rosidl_typesupport_fastrtps_cpp.hpp
[0.786s] -- Up-to-date: /home/unitree/go2_ros2_ws/install/unitree_api/include/unitree_api/msg/detail/dds_fastrtps
[0.787s] -- Up-to-date: /home/unitree/go2_ros2_ws/install/unitree_api/lib/libunitree_api__rosidl_typesupport_fastrtps_cpp.so
[0.787s] -- Up-to-date: /home/unitree/go2_ros2_ws/install/unitree_api/include/unitree_api
[0.788s] -- Up-to-date: /home/unitree/go2_ros2_ws/install/unitree_api/include/unitree_api/msg
[0.788s] -- Up-to-date: /home/unitree/go2_ros2_ws/install/unitree_api/include/unitree_api/msg/rosidl_typesupport_introspection_c__visibility_control.h
[0.788s] -- Up-to-date: /home/unitree/go2_ros2_ws/install/unitree_api/include/unitree_api/msg/detail
[0.788s] -- Up-to-date: /home/unitree/go2_ros2_ws/install/unitree_api/include/unitree_api/msg/detail/response_header__rosidl_typesupport_introspection_c.h
[0.789s] -- Up-to-date: /home/unitree/go2_ros2_ws/install/unitree_api/include/unitree_api/msg/detail/request_lease__rosidl_typesupport_introspection_c.h
[0.789s] -- Up-to-date: /home/unitree/go2_ros2_ws/install/unitree_api/include/unitree_api/msg/detail/request_policy__type_support.c
[0.789s] -- Up-to-date: /home/unitree/go2_ros2_ws/install/unitree_api/include/unitree_api/msg/detail/request_identity__type_support.c
[0.789s] -- Up-to-date: /home/unitree/go2_ros2_ws/install/unitree_api/include/unitree_api/msg/detail/request_identity__rosidl_typesupport_introspection_c.h
[0.789s] -- Up-to-date: /home/unitree/go2_ros2_ws/install/unitree_api/include/unitree_api/msg/detail/response__type_support.c
[0.790s] -- Up-to-date: /home/unitree/go2_ros2_ws/install/unitree_api/include/unitree_api/msg/detail/request_header__rosidl_typesupport_introspection_c.h
[0.790s] -- Up-to-date: /home/unitree/go2_ros2_ws/install/unitree_api/include/unitree_api/msg/detail/response_header__type_support.c
[0.790s] -- Up-to-date: /home/unitree/go2_ros2_ws/install/unitree_api/include/unitree_api/msg/detail/response__rosidl_typesupport_introspection_c.h
[0.790s] -- Up-to-date: /home/unitree/go2_ros2_ws/install/unitree_api/include/unitree_api/msg/detail/response_status__type_support.c
[0.791s] -- Up-to-date: /home/unitree/go2_ros2_ws/install/unitree_api/include/unitree_api/msg/detail/request_header__type_support.c
[0.791s] -- Up-to-date: /home/unitree/go2_ros2_ws/install/unitree_api/include/unitree_api/msg/detail/request_lease__type_support.c
[0.791s] -- Up-to-date: /home/unitree/go2_ros2_ws/install/unitree_api/include/unitree_api/msg/detail/response_status__rosidl_typesupport_introspection_c.h
[0.791s] -- Up-to-date: /home/unitree/go2_ros2_ws/install/unitree_api/include/unitree_api/msg/detail/request__rosidl_typesupport_introspection_c.h
[0.791s] -- Up-to-date: /home/unitree/go2_ros2_ws/install/unitree_api/include/unitree_api/msg/detail/request_policy__rosidl_typesupport_introspection_c.h
[0.791s] -- Up-to-date: /home/unitree/go2_ros2_ws/install/unitree_api/include/unitree_api/msg/detail/request__type_support.c
[0.792s] -- Up-to-date: /home/unitree/go2_ros2_ws/install/unitree_api/lib/libunitree_api__rosidl_typesupport_introspection_c.so
[0.792s] -- Up-to-date: /home/unitree/go2_ros2_ws/install/unitree_api/lib/libunitree_api__rosidl_typesupport_c.so
[0.792s] -- Up-to-date: /home/unitree/go2_ros2_ws/install/unitree_api/include/unitree_api
[0.792s] -- Up-to-date: /home/unitree/go2_ros2_ws/install/unitree_api/include/unitree_api/msg
[0.793s] -- Up-to-date: /home/unitree/go2_ros2_ws/install/unitree_api/include/unitree_api/msg/request_header.hpp
[0.793s] -- Up-to-date: /home/unitree/go2_ros2_ws/install/unitree_api/include/unitree_api/msg/response_header.hpp
[0.794s] -- Up-to-date: /home/unitree/go2_ros2_ws/install/unitree_api/include/unitree_api/msg/request_identity.hpp
[0.794s] -- Up-to-date: /home/unitree/go2_ros2_ws/install/unitree_api/include/unitree_api/msg/request.hpp
[0.794s] -- Up-to-date: /home/unitree/go2_ros2_ws/install/unitree_api/include/unitree_api/msg/request_lease.hpp
[0.795s] -- Up-to-date: /home/unitree/go2_ros2_ws/install/unitree_api/include/unitree_api/msg/response.hpp
[0.795s] -- Up-to-date: /home/unitree/go2_ros2_ws/install/unitree_api/include/unitree_api/msg/request_policy.hpp
[0.795s] -- Up-to-date: /home/unitree/go2_ros2_ws/install/unitree_api/include/unitree_api/msg/response_status.hpp
[0.796s] -- Up-to-date: /home/unitree/go2_ros2_ws/install/unitree_api/include/unitree_api/msg/detail
[0.796s] -- Up-to-date: /home/unitree/go2_ros2_ws/install/unitree_api/include/unitree_api/msg/detail/request__builder.hpp
[0.796s] -- Up-to-date: /home/unitree/go2_ros2_ws/install/unitree_api/include/unitree_api/msg/detail/request_identity__builder.hpp
[0.797s] -- Up-to-date: /home/unitree/go2_ros2_ws/install/unitree_api/include/unitree_api/msg/detail/request_policy__struct.hpp
[0.797s] -- Up-to-date: /home/unitree/go2_ros2_ws/install/unitree_api/include/unitree_api/msg/detail/request_policy__type_support.hpp
[0.797s] -- Up-to-date: /home/unitree/go2_ros2_ws/install/unitree_api/include/unitree_api/msg/detail/request_identity__traits.hpp
[0.798s] -- Up-to-date: /home/unitree/go2_ros2_ws/install/unitree_api/include/unitree_api/msg/detail/request_header__traits.hpp
[0.798s] -- Up-to-date: /home/unitree/go2_ros2_ws/install/unitree_api/include/unitree_api/msg/detail/response_status__traits.hpp
[0.799s] -- Up-to-date: /home/unitree/go2_ros2_ws/install/unitree_api/include/unitree_api/msg/detail/request_policy__builder.hpp
[0.799s] -- Up-to-date: /home/unitree/go2_ros2_ws/install/unitree_api/include/unitree_api/msg/detail/request__traits.hpp
[0.799s] -- Up-to-date: /home/unitree/go2_ros2_ws/install/unitree_api/include/unitree_api/msg/detail/request__type_support.hpp
[0.800s] -- Up-to-date: /home/unitree/go2_ros2_ws/install/unitree_api/include/unitree_api/msg/detail/response__builder.hpp
[0.800s] -- Up-to-date: /home/unitree/go2_ros2_ws/install/unitree_api/include/unitree_api/msg/detail/request_identity__type_support.hpp
[0.800s] -- Up-to-date: /home/unitree/go2_ros2_ws/install/unitree_api/include/unitree_api/msg/detail/request_lease__struct.hpp
[0.801s] -- Up-to-date: /home/unitree/go2_ros2_ws/install/unitree_api/include/unitree_api/msg/detail/request_identity__struct.hpp
[0.801s] -- Up-to-date: /home/unitree/go2_ros2_ws/install/unitree_api/include/unitree_api/msg/detail/request_header__builder.hpp
[0.802s] -- Up-to-date: /home/unitree/go2_ros2_ws/install/unitree_api/include/unitree_api/msg/detail/response__struct.hpp
[0.802s] -- Up-to-date: /home/unitree/go2_ros2_ws/install/unitree_api/include/unitree_api/msg/detail/request_policy__traits.hpp
[0.802s] -- Up-to-date: /home/unitree/go2_ros2_ws/install/unitree_api/include/unitree_api/msg/detail/response_status__builder.hpp
[0.804s] -- Up-to-date: /home/unitree/go2_ros2_ws/install/unitree_api/include/unitree_api/msg/detail/request__struct.hpp
[0.804s] -- Up-to-date: /home/unitree/go2_ros2_ws/install/unitree_api/include/unitree_api/msg/detail/response_header__struct.hpp
[0.805s] -- Up-to-date: /home/unitree/go2_ros2_ws/install/unitree_api/include/unitree_api/msg/detail/response__traits.hpp
[0.805s] -- Up-to-date: /home/unitree/go2_ros2_ws/install/unitree_api/include/unitree_api/msg/detail/request_lease__traits.hpp
[0.805s] -- Up-to-date: /home/unitree/go2_ros2_ws/install/unitree_api/include/unitree_api/msg/detail/request_header__type_support.hpp
[0.805s] -- Up-to-date: /home/unitree/go2_ros2_ws/install/unitree_api/include/unitree_api/msg/detail/response_status__struct.hpp
[0.806s] -- Up-to-date: /home/unitree/go2_ros2_ws/install/unitree_api/include/unitree_api/msg/detail/response_header__type_support.hpp
[0.806s] -- Up-to-date: /home/unitree/go2_ros2_ws/install/unitree_api/include/unitree_api/msg/detail/response_header__builder.hpp
[0.806s] -- Up-to-date: /home/unitree/go2_ros2_ws/install/unitree_api/include/unitree_api/msg/detail/request_lease__builder.hpp
[0.807s] -- Up-to-date: /home/unitree/go2_ros2_ws/install/unitree_api/include/unitree_api/msg/detail/response_header__traits.hpp
[0.807s] -- Up-to-date: /home/unitree/go2_ros2_ws/install/unitree_api/include/unitree_api/msg/detail/request_lease__type_support.hpp
[0.807s] -- Up-to-date: /home/unitree/go2_ros2_ws/install/unitree_api/include/unitree_api/msg/detail/response__type_support.hpp
[0.807s] -- Up-to-date: /home/unitree/go2_ros2_ws/install/unitree_api/include/unitree_api/msg/detail/request_header__struct.hpp
[0.807s] -- Up-to-date: /home/unitree/go2_ros2_ws/install/unitree_api/include/unitree_api/msg/detail/response_status__type_support.hpp
[0.808s] -- Up-to-date: /home/unitree/go2_ros2_ws/install/unitree_api/include/unitree_api/msg/rosidl_generator_cpp__visibility_control.hpp
[0.808s] -- Up-to-date: /home/unitree/go2_ros2_ws/install/unitree_api/include/unitree_api
[0.809s] -- Up-to-date: /home/unitree/go2_ros2_ws/install/unitree_api/include/unitree_api/msg
[0.810s] -- Up-to-date: /home/unitree/go2_ros2_ws/install/unitree_api/include/unitree_api/msg/detail
[0.811s] -- Up-to-date: /home/unitree/go2_ros2_ws/install/unitree_api/include/unitree_api/msg/detail/request_policy__rosidl_typesupport_introspection_cpp.hpp
[0.811s] -- Up-to-date: /home/unitree/go2_ros2_ws/install/unitree_api/include/unitree_api/msg/detail/response_status__type_support.cpp
[0.811s] -- Up-to-date: /home/unitree/go2_ros2_ws/install/unitree_api/include/unitree_api/msg/detail/request_identity__type_support.cpp
[0.812s] -- Up-to-date: /home/unitree/go2_ros2_ws/install/unitree_api/include/unitree_api/msg/detail/request_policy__type_support.cpp
[0.812s] -- Up-to-date: /home/unitree/go2_ros2_ws/install/unitree_api/include/unitree_api/msg/detail/request__rosidl_typesupport_introspection_cpp.hpp
[0.813s] -- Up-to-date: /home/unitree/go2_ros2_ws/install/unitree_api/include/unitree_api/msg/detail/response_header__rosidl_typesupport_introspection_cpp.hpp
[0.814s] -- Up-to-date: /home/unitree/go2_ros2_ws/install/unitree_api/include/unitree_api/msg/detail/response_status__rosidl_typesupport_introspection_cpp.hpp
[0.814s] -- Up-to-date: /home/unitree/go2_ros2_ws/install/unitree_api/include/unitree_api/msg/detail/request_lease__rosidl_typesupport_introspection_cpp.hpp
[0.814s] -- Up-to-date: /home/unitree/go2_ros2_ws/install/unitree_api/include/unitree_api/msg/detail/request_header__rosidl_typesupport_introspection_cpp.hpp
[0.815s] -- Up-to-date: /home/unitree/go2_ros2_ws/install/unitree_api/include/unitree_api/msg/detail/request_identity__rosidl_typesupport_introspection_cpp.hpp
[0.815s] -- Up-to-date: /home/unitree/go2_ros2_ws/install/unitree_api/include/unitree_api/msg/detail/request_header__type_support.cpp
[0.816s] -- Up-to-date: /home/unitree/go2_ros2_ws/install/unitree_api/include/unitree_api/msg/detail/response__type_support.cpp
[0.816s] -- Up-to-date: /home/unitree/go2_ros2_ws/install/unitree_api/include/unitree_api/msg/detail/response__rosidl_typesupport_introspection_cpp.hpp
[0.817s] -- Up-to-date: /home/unitree/go2_ros2_ws/install/unitree_api/include/unitree_api/msg/detail/request__type_support.cpp
[0.817s] -- Up-to-date: /home/unitree/go2_ros2_ws/install/unitree_api/include/unitree_api/msg/detail/request_lease__type_support.cpp
[0.817s] -- Up-to-date: /home/unitree/go2_ros2_ws/install/unitree_api/include/unitree_api/msg/detail/response_header__type_support.cpp
[0.818s] -- Up-to-date: /home/unitree/go2_ros2_ws/install/unitree_api/lib/libunitree_api__rosidl_typesupport_introspection_cpp.so
[0.818s] -- Up-to-date: /home/unitree/go2_ros2_ws/install/unitree_api/lib/libunitree_api__rosidl_typesupport_cpp.so
[0.818s] -- Up-to-date: /home/unitree/go2_ros2_ws/install/unitree_api/share/unitree_api/environment/pythonpath.sh
[0.819s] -- Up-to-date: /home/unitree/go2_ros2_ws/install/unitree_api/share/unitree_api/environment/pythonpath.dsv
[0.820s] -- Up-to-date: /home/unitree/go2_ros2_ws/install/unitree_api/lib/python3.8/site-packages/unitree_api/__init__.py
[0.830s] -- Up-to-date: /home/unitree/go2_ros2_ws/install/unitree_api/lib/python3.8/site-packages/unitree_api/msg
[0.830s] -- Up-to-date: /home/unitree/go2_ros2_ws/install/unitree_api/lib/python3.8/site-packages/unitree_api/msg/_response_header.py
[0.831s] -- Up-to-date: /home/unitree/go2_ros2_ws/install/unitree_api/lib/python3.8/site-packages/unitree_api/msg/_response_status_s.c
[0.831s] -- Up-to-date: /home/unitree/go2_ros2_ws/install/unitree_api/lib/python3.8/site-packages/unitree_api/msg/_request_s.c
[0.832s] -- Up-to-date: /home/unitree/go2_ros2_ws/install/unitree_api/lib/python3.8/site-packages/unitree_api/msg/_request_identity_s.c
[0.832s] -- Up-to-date: /home/unitree/go2_ros2_ws/install/unitree_api/lib/python3.8/site-packages/unitree_api/msg/_request.py
[0.832s] -- Up-to-date: /home/unitree/go2_ros2_ws/install/unitree_api/lib/python3.8/site-packages/unitree_api/msg/_request_policy.py
[0.832s] -- Up-to-date: /home/unitree/go2_ros2_ws/install/unitree_api/lib/python3.8/site-packages/unitree_api/msg/_response.py
[0.832s] -- Up-to-date: /home/unitree/go2_ros2_ws/install/unitree_api/lib/python3.8/site-packages/unitree_api/msg/_request_policy_s.c
[0.832s] -- Up-to-date: /home/unitree/go2_ros2_ws/install/unitree_api/lib/python3.8/site-packages/unitree_api/msg/_response_status.py
[0.833s] -- Up-to-date: /home/unitree/go2_ros2_ws/install/unitree_api/lib/python3.8/site-packages/unitree_api/msg/_request_header.py
[0.833s] -- Up-to-date: /home/unitree/go2_ros2_ws/install/unitree_api/lib/python3.8/site-packages/unitree_api/msg/__init__.py
[0.833s] -- Up-to-date: /home/unitree/go2_ros2_ws/install/unitree_api/lib/python3.8/site-packages/unitree_api/msg/_request_lease_s.c
[0.833s] -- Up-to-date: /home/unitree/go2_ros2_ws/install/unitree_api/lib/python3.8/site-packages/unitree_api/msg/_request_identity.py
[0.833s] -- Up-to-date: /home/unitree/go2_ros2_ws/install/unitree_api/lib/python3.8/site-packages/unitree_api/msg/_response_header_s.c
[0.833s] -- Up-to-date: /home/unitree/go2_ros2_ws/install/unitree_api/lib/python3.8/site-packages/unitree_api/msg/_response_s.c
[0.833s] -- Up-to-date: /home/unitree/go2_ros2_ws/install/unitree_api/lib/python3.8/site-packages/unitree_api/msg/_request_lease.py
[0.833s] -- Up-to-date: /home/unitree/go2_ros2_ws/install/unitree_api/lib/python3.8/site-packages/unitree_api/msg/_request_header_s.c
[0.834s] -- Up-to-date: /home/unitree/go2_ros2_ws/install/unitree_api/lib/python3.8/site-packages/unitree_api/unitree_api_s__rosidl_typesupport_fastrtps_c.cpython-38-aarch64-linux-gnu.so
[0.834s] -- Up-to-date: /home/unitree/go2_ros2_ws/install/unitree_api/lib/python3.8/site-packages/unitree_api/unitree_api_s__rosidl_typesupport_introspection_c.cpython-38-aarch64-linux-gnu.so
[0.834s] -- Up-to-date: /home/unitree/go2_ros2_ws/install/unitree_api/lib/python3.8/site-packages/unitree_api/unitree_api_s__rosidl_typesupport_c.cpython-38-aarch64-linux-gnu.so
[0.834s] -- Up-to-date: /home/unitree/go2_ros2_ws/install/unitree_api/lib/libunitree_api__python.so
[0.834s] -- Up-to-date: /home/unitree/go2_ros2_ws/install/unitree_api/share/unitree_api/msg/Request.idl
[0.834s] -- Up-to-date: /home/unitree/go2_ros2_ws/install/unitree_api/share/unitree_api/msg/RequestHeader.idl
[0.834s] -- Up-to-date: /home/unitree/go2_ros2_ws/install/unitree_api/share/unitree_api/msg/RequestIdentity.idl
[0.835s] -- Up-to-date: /home/unitree/go2_ros2_ws/install/unitree_api/share/unitree_api/msg/RequestLease.idl
[0.835s] -- Up-to-date: /home/unitree/go2_ros2_ws/install/unitree_api/share/unitree_api/msg/RequestPolicy.idl
[0.835s] -- Up-to-date: /home/unitree/go2_ros2_ws/install/unitree_api/share/unitree_api/msg/Response.idl
[0.835s] -- Up-to-date: /home/unitree/go2_ros2_ws/install/unitree_api/share/unitree_api/msg/ResponseHeader.idl
[0.835s] -- Up-to-date: /home/unitree/go2_ros2_ws/install/unitree_api/share/unitree_api/msg/ResponseStatus.idl
[0.835s] -- Up-to-date: /home/unitree/go2_ros2_ws/install/unitree_api/share/unitree_api/msg/Request.msg
[0.835s] -- Up-to-date: /home/unitree/go2_ros2_ws/install/unitree_api/share/unitree_api/msg/RequestHeader.msg
[0.836s] -- Up-to-date: /home/unitree/go2_ros2_ws/install/unitree_api/share/unitree_api/msg/RequestIdentity.msg
[0.836s] -- Up-to-date: /home/unitree/go2_ros2_ws/install/unitree_api/share/unitree_api/msg/RequestLease.msg
[0.836s] -- Up-to-date: /home/unitree/go2_ros2_ws/install/unitree_api/share/unitree_api/msg/RequestPolicy.msg
[0.836s] -- Up-to-date: /home/unitree/go2_ros2_ws/install/unitree_api/share/unitree_api/msg/Response.msg
[0.836s] -- Up-to-date: /home/unitree/go2_ros2_ws/install/unitree_api/share/unitree_api/msg/ResponseHeader.msg
[0.836s] -- Up-to-date: /home/unitree/go2_ros2_ws/install/unitree_api/share/unitree_api/msg/ResponseStatus.msg
[0.836s] -- Up-to-date: /home/unitree/go2_ros2_ws/install/unitree_api/share/unitree_api/msg/dds_connext
[0.837s] -- Up-to-date: /home/unitree/go2_ros2_ws/install/unitree_api/share/unitree_api/msg/dds_connext/Request_.idl
[0.837s] -- Up-to-date: /home/unitree/go2_ros2_ws/install/unitree_api/share/unitree_api/msg/dds_connext/RequestLease_.idl
[0.837s] -- Up-to-date: /home/unitree/go2_ros2_ws/install/unitree_api/share/unitree_api/msg/dds_connext/RequestHeader_.idl
[0.837s] -- Up-to-date: /home/unitree/go2_ros2_ws/install/unitree_api/share/unitree_api/msg/dds_connext/Response_.idl
[0.837s] -- Up-to-date: /home/unitree/go2_ros2_ws/install/unitree_api/share/unitree_api/msg/dds_connext/ResponseHeader_.idl
[0.837s] -- Up-to-date: /home/unitree/go2_ros2_ws/install/unitree_api/share/unitree_api/msg/dds_connext/ResponseStatus_.idl
[0.837s] -- Up-to-date: /home/unitree/go2_ros2_ws/install/unitree_api/share/unitree_api/msg/dds_connext/RequestIdentity_.idl
[0.837s] -- Up-to-date: /home/unitree/go2_ros2_ws/install/unitree_api/share/unitree_api/msg/dds_connext/RequestPolicy_.idl
[0.837s] -- Up-to-date: /home/unitree/go2_ros2_ws/install/unitree_api/share/ament_index/resource_index/package_run_dependencies/unitree_api
[0.838s] -- Up-to-date: /home/unitree/go2_ros2_ws/install/unitree_api/share/ament_index/resource_index/parent_prefix_path/unitree_api
[0.838s] -- Up-to-date: /home/unitree/go2_ros2_ws/install/unitree_api/share/unitree_api/environment/ament_prefix_path.sh
[0.838s] -- Up-to-date: /home/unitree/go2_ros2_ws/install/unitree_api/share/unitree_api/environment/ament_prefix_path.dsv
[0.838s] -- Up-to-date: /home/unitree/go2_ros2_ws/install/unitree_api/share/unitree_api/environment/path.sh
[0.838s] -- Up-to-date: /home/unitree/go2_ros2_ws/install/unitree_api/share/unitree_api/environment/path.dsv
[0.838s] -- Up-to-date: /home/unitree/go2_ros2_ws/install/unitree_api/share/unitree_api/local_setup.bash
[0.838s] -- Up-to-date: /home/unitree/go2_ros2_ws/install/unitree_api/share/unitree_api/local_setup.sh
[0.838s] -- Up-to-date: /home/unitree/go2_ros2_ws/install/unitree_api/share/unitree_api/local_setup.zsh
[0.838s] -- Up-to-date: /home/unitree/go2_ros2_ws/install/unitree_api/share/unitree_api/local_setup.dsv
[0.839s] -- Installing: /home/unitree/go2_ros2_ws/install/unitree_api/share/unitree_api/package.dsv
[0.839s] -- Up-to-date: /home/unitree/go2_ros2_ws/install/unitree_api/share/ament_index/resource_index/packages/unitree_api
[0.839s] -- Up-to-date: /home/unitree/go2_ros2_ws/install/unitree_api/share/unitree_api/cmake/unitree_api__rosidl_generator_cExport.cmake
[0.839s] -- Up-to-date: /home/unitree/go2_ros2_ws/install/unitree_api/share/unitree_api/cmake/unitree_api__rosidl_generator_cExport-noconfig.cmake
[0.839s] -- Up-to-date: /home/unitree/go2_ros2_ws/install/unitree_api/share/unitree_api/cmake/unitree_api__rosidl_typesupport_introspection_cExport.cmake
[0.839s] -- Up-to-date: /home/unitree/go2_ros2_ws/install/unitree_api/share/unitree_api/cmake/unitree_api__rosidl_typesupport_introspection_cExport-noconfig.cmake
[0.839s] -- Up-to-date: /home/unitree/go2_ros2_ws/install/unitree_api/share/unitree_api/cmake/unitree_api__rosidl_typesupport_cExport.cmake
[0.839s] -- Up-to-date: /home/unitree/go2_ros2_ws/install/unitree_api/share/unitree_api/cmake/unitree_api__rosidl_typesupport_cExport-noconfig.cmake
[0.840s] -- Up-to-date: /home/unitree/go2_ros2_ws/install/unitree_api/share/unitree_api/cmake/unitree_api__rosidl_generator_cppExport.cmake
[0.840s] -- Up-to-date: /home/unitree/go2_ros2_ws/install/unitree_api/share/unitree_api/cmake/unitree_api__rosidl_typesupport_introspection_cppExport.cmake
[0.840s] -- Up-to-date: /home/unitree/go2_ros2_ws/install/unitree_api/share/unitree_api/cmake/unitree_api__rosidl_typesupport_introspection_cppExport-noconfig.cmake
[0.840s] -- Up-to-date: /home/unitree/go2_ros2_ws/install/unitree_api/share/unitree_api/cmake/unitree_api__rosidl_typesupport_cppExport.cmake
[0.841s] -- Up-to-date: /home/unitree/go2_ros2_ws/install/unitree_api/share/unitree_api/cmake/unitree_api__rosidl_typesupport_cppExport-noconfig.cmake
[0.843s] -- Up-to-date: /home/unitree/go2_ros2_ws/install/unitree_api/share/unitree_api/cmake/rosidl_cmake-extras.cmake
[0.843s] -- Up-to-date: /home/unitree/go2_ros2_ws/install/unitree_api/share/unitree_api/cmake/ament_cmake_export_dependencies-extras.cmake
[0.843s] -- Up-to-date: /home/unitree/go2_ros2_ws/install/unitree_api/share/unitree_api/cmake/ament_cmake_export_libraries-extras.cmake
[0.844s] -- Up-to-date: /home/unitree/go2_ros2_ws/install/unitree_api/share/unitree_api/cmake/ament_cmake_export_targets-extras.cmake
[0.844s] -- Up-to-date: /home/unitree/go2_ros2_ws/install/unitree_api/share/unitree_api/cmake/ament_cmake_export_include_directories-extras.cmake
[0.844s] -- Up-to-date: /home/unitree/go2_ros2_ws/install/unitree_api/share/unitree_api/cmake/rosidl_cmake_export_typesupport_libraries-extras.cmake
[0.844s] -- Up-to-date: /home/unitree/go2_ros2_ws/install/unitree_api/share/unitree_api/cmake/rosidl_cmake_export_typesupport_targets-extras.cmake
[0.845s] -- Up-to-date: /home/unitree/go2_ros2_ws/install/unitree_api/share/unitree_api/cmake/unitree_apiConfig.cmake
[0.845s] -- Up-to-date: /home/unitree/go2_ros2_ws/install/unitree_api/share/unitree_api/cmake/unitree_apiConfig-version.cmake
[0.845s] -- Up-to-date: /home/unitree/go2_ros2_ws/install/unitree_api/share/unitree_api/package.xml
[0.846s] Invoked command in '/home/unitree/go2_ros2_ws/build/unitree_api' returned '0': CMAKE_PREFIX_PATH=/opt/ros/foxy /usr/bin/cmake --install /home/unitree/go2_ros2_ws/build/unitree_api
