[0.034s] Invoking command in '/home/unitree/go2_ros2_ws/build/unitree_api': /usr/bin/cmake /home/unitree/go2_ros2_ws/src/go2_ros2_toolbox/go2_ros2_toolbox-main/unitree_pkgs/unitree_api -DCMAKE_INSTALL_PREFIX=/home/unitree/go2_ros2_ws/install/unitree_api
[0.150s] -- The C compiler identification is GNU 9.4.0
[0.257s] -- The CXX compiler identification is GNU 9.4.0
[0.268s] -- Check for working C compiler: /usr/bin/cc
[0.409s] -- Check for working C compiler: /usr/bin/cc -- works
[0.410s] -- Detecting C compiler ABI info
[0.563s] -- Detecting C compiler ABI info - done
[0.583s] -- Detecting C compile features
[0.584s] -- Detecting C compile features - done
[0.589s] -- Check for working CXX compiler: /usr/bin/c++
[0.738s] -- Check for working CXX compiler: /usr/bin/c++ -- works
[0.740s] -- Detecting CXX compiler ABI info
[0.890s] -- Detecting CXX compiler ABI info - done
[0.911s] -- Detecting CXX compile features
[0.914s] -- Detecting CXX compile features - done
[0.938s] CMake Error at CMakeLists.txt:19 (find_package):
[0.938s]   By not providing "Findament_cmake.cmake" in CMAKE_MODULE_PATH this project
[0.938s]   has asked CMake to find a package configuration file provided by
[0.939s]   "ament_cmake", but CMake did not find one.
[0.939s] 
[0.939s]   Could not find a package configuration file provided by "ament_cmake" with
[0.939s]   any of the following names:
[0.939s] 
[0.939s]     ament_cmakeConfig.cmake
[0.939s]     ament_cmake-config.cmake
[0.939s] 
[0.939s]   Add the installation prefix of "ament_cmake" to CMAKE_PREFIX_PATH or set
[0.940s]   "ament_cmake_DIR" to a directory containing one of the above files.  If
[0.940s]   "ament_cmake" provides a separate development package or SDK, be sure it
[0.940s]   has been installed.
[0.940s] 
[0.940s] 
[0.942s] -- Configuring incomplete, errors occurred!
[0.943s] See also "/home/unitree/go2_ros2_ws/build/unitree_api/CMakeFiles/CMakeOutput.log".
