[0.061s] Invoking command in '/home/unitree/go2_ros2_ws/build/go2_perception': CMAKE_PREFIX_PATH=${CMAKE_PREFIX_PATH}:/opt/ros/foxy /usr/bin/cmake --build /home/unitree/go2_ros2_ws/build/go2_perception -- -j4 -l4
[0.213s] [ 33%] Built target pointcloud_to_laserscan_node
[0.216s] [ 66%] Built target cloud_accumulation
[0.251s] [100%] Built target pointcloud_to_laserscan
[0.287s] Invoked command in '/home/unitree/go2_ros2_ws/build/go2_perception' returned '0': CMAKE_PREFIX_PATH=${CMAKE_PREFIX_PATH}:/opt/ros/foxy /usr/bin/cmake --build /home/unitree/go2_ros2_ws/build/go2_perception -- -j4 -l4
[0.289s] Invoking command in '/home/unitree/go2_ros2_ws/build/go2_perception': CMAKE_PREFIX_PATH=${CMAKE_PREFIX_PATH}:/opt/ros/foxy /usr/bin/cmake --install /home/unitree/go2_ros2_ws/build/go2_perception
[0.328s] -- Install configuration: ""
[0.328s] -- Up-to-date: /home/unitree/go2_ros2_ws/install/go2_perception/lib/go2_perception/pointcloud_to_laserscan_node
[0.329s] -- Up-to-date: /home/unitree/go2_ros2_ws/install/go2_perception/lib/libpointcloud_to_laserscan.so
[0.329s] -- Up-to-date: /home/unitree/go2_ros2_ws/install/go2_perception/lib/go2_perception/cloud_accumulation
[0.330s] -- Up-to-date: /home/unitree/go2_ros2_ws/install/go2_perception/share/go2_perception/launch
[0.330s] -- Up-to-date: /home/unitree/go2_ros2_ws/install/go2_perception/share/go2_perception/launch/go2_pointcloud_process.launch.py
[0.330s] -- Up-to-date: /home/unitree/go2_ros2_ws/install/go2_perception/share/go2_perception/environment/pythonpath.sh
[0.330s] -- Up-to-date: /home/unitree/go2_ros2_ws/install/go2_perception/share/go2_perception/environment/pythonpath.dsv
[0.330s] -- Up-to-date: /home/unitree/go2_ros2_ws/install/go2_perception/lib/python3.8/site-packages/go2_perception
[0.330s] -- Up-to-date: /home/unitree/go2_ros2_ws/install/go2_perception/lib/python3.8/site-packages/go2_perception/__init__.py
[0.390s] Listing '/home/unitree/go2_ros2_ws/install/go2_perception/lib/python3.8/site-packages/go2_perception'...
[0.404s] -- Up-to-date: /home/unitree/go2_ros2_ws/install/go2_perception/share/ament_index/resource_index/package_run_dependencies/go2_perception
[0.404s] -- Up-to-date: /home/unitree/go2_ros2_ws/install/go2_perception/share/ament_index/resource_index/parent_prefix_path/go2_perception
[0.404s] -- Up-to-date: /home/unitree/go2_ros2_ws/install/go2_perception/share/go2_perception/environment/ament_prefix_path.sh
[0.404s] -- Up-to-date: /home/unitree/go2_ros2_ws/install/go2_perception/share/go2_perception/environment/ament_prefix_path.dsv
[0.405s] -- Up-to-date: /home/unitree/go2_ros2_ws/install/go2_perception/share/go2_perception/environment/path.sh
[0.405s] -- Up-to-date: /home/unitree/go2_ros2_ws/install/go2_perception/share/go2_perception/environment/path.dsv
[0.405s] -- Up-to-date: /home/unitree/go2_ros2_ws/install/go2_perception/share/go2_perception/local_setup.bash
[0.405s] -- Up-to-date: /home/unitree/go2_ros2_ws/install/go2_perception/share/go2_perception/local_setup.sh
[0.405s] -- Up-to-date: /home/unitree/go2_ros2_ws/install/go2_perception/share/go2_perception/local_setup.zsh
[0.405s] -- Up-to-date: /home/unitree/go2_ros2_ws/install/go2_perception/share/go2_perception/local_setup.dsv
[0.405s] -- Installing: /home/unitree/go2_ros2_ws/install/go2_perception/share/go2_perception/package.dsv
[0.405s] -- Up-to-date: /home/unitree/go2_ros2_ws/install/go2_perception/share/ament_index/resource_index/packages/go2_perception
[0.406s] -- Up-to-date: /home/unitree/go2_ros2_ws/install/go2_perception/share/ament_index/resource_index/rclcpp_components/go2_perception
[0.407s] -- Up-to-date: /home/unitree/go2_ros2_ws/install/go2_perception/share/go2_perception/cmake/go2_perceptionConfig.cmake
[0.408s] -- Up-to-date: /home/unitree/go2_ros2_ws/install/go2_perception/share/go2_perception/cmake/go2_perceptionConfig-version.cmake
[0.409s] -- Up-to-date: /home/unitree/go2_ros2_ws/install/go2_perception/share/go2_perception/package.xml
[0.411s] Invoked command in '/home/unitree/go2_ros2_ws/build/go2_perception' returned '0': CMAKE_PREFIX_PATH=${CMAKE_PREFIX_PATH}:/opt/ros/foxy /usr/bin/cmake --install /home/unitree/go2_ros2_ws/build/go2_perception
