[0.032s] Invoking command in '/home/unitree/go2_ros2_ws/build/go2_slam': CMAKE_PREFIX_PATH=${CMAKE_PREFIX_PATH}:/opt/ros/foxy /usr/bin/cmake --build /home/unitree/go2_ros2_ws/build/go2_slam -- -j4 -l4
[0.160s] Invoked command in '/home/unitree/go2_ros2_ws/build/go2_slam' returned '0': CMAKE_PREFIX_PATH=${CMAKE_PREFIX_PATH}:/opt/ros/foxy /usr/bin/cmake --build /home/unitree/go2_ros2_ws/build/go2_slam -- -j4 -l4
[0.167s] Invoking command in '/home/unitree/go2_ros2_ws/build/go2_slam': CMAKE_PREFIX_PATH=${CMAKE_PREFIX_PATH}:/opt/ros/foxy /usr/bin/cmake --install /home/unitree/go2_ros2_ws/build/go2_slam
[0.185s] -- Install configuration: ""
[0.186s] -- Up-to-date: /home/unitree/go2_ros2_ws/install/go2_slam/share/go2_slam/config
[0.186s] -- Up-to-date: /home/unitree/go2_ros2_ws/install/go2_slam/share/go2_slam/config/mapper_params_online_async.yaml
[0.187s] -- Up-to-date: /home/unitree/go2_ros2_ws/install/go2_slam/share/go2_slam/launch
[0.194s] -- Up-to-date: /home/unitree/go2_ros2_ws/install/go2_slam/share/go2_slam/launch/go2_slamtoolbox.launch.py
[0.194s] -- Up-to-date: /home/unitree/go2_ros2_ws/install/go2_slam/share/ament_index/resource_index/package_run_dependencies/go2_slam
[0.194s] -- Up-to-date: /home/unitree/go2_ros2_ws/install/go2_slam/share/ament_index/resource_index/parent_prefix_path/go2_slam
[0.195s] -- Up-to-date: /home/unitree/go2_ros2_ws/install/go2_slam/share/go2_slam/environment/ament_prefix_path.sh
[0.195s] -- Up-to-date: /home/unitree/go2_ros2_ws/install/go2_slam/share/go2_slam/environment/ament_prefix_path.dsv
[0.195s] -- Up-to-date: /home/unitree/go2_ros2_ws/install/go2_slam/share/go2_slam/environment/path.sh
[0.196s] -- Up-to-date: /home/unitree/go2_ros2_ws/install/go2_slam/share/go2_slam/environment/path.dsv
[0.196s] -- Up-to-date: /home/unitree/go2_ros2_ws/install/go2_slam/share/go2_slam/local_setup.bash
[0.196s] -- Up-to-date: /home/unitree/go2_ros2_ws/install/go2_slam/share/go2_slam/local_setup.sh
[0.196s] -- Up-to-date: /home/unitree/go2_ros2_ws/install/go2_slam/share/go2_slam/local_setup.zsh
[0.196s] -- Up-to-date: /home/unitree/go2_ros2_ws/install/go2_slam/share/go2_slam/local_setup.dsv
[0.196s] -- Installing: /home/unitree/go2_ros2_ws/install/go2_slam/share/go2_slam/package.dsv
[0.197s] -- Up-to-date: /home/unitree/go2_ros2_ws/install/go2_slam/share/ament_index/resource_index/packages/go2_slam
[0.197s] -- Up-to-date: /home/unitree/go2_ros2_ws/install/go2_slam/share/go2_slam/cmake/go2_slamConfig.cmake
[0.197s] -- Up-to-date: /home/unitree/go2_ros2_ws/install/go2_slam/share/go2_slam/cmake/go2_slamConfig-version.cmake
[0.197s] -- Up-to-date: /home/unitree/go2_ros2_ws/install/go2_slam/share/go2_slam/package.xml
[0.217s] Invoked command in '/home/unitree/go2_ros2_ws/build/go2_slam' returned '0': CMAKE_PREFIX_PATH=${CMAKE_PREFIX_PATH}:/opt/ros/foxy /usr/bin/cmake --install /home/unitree/go2_ros2_ws/build/go2_slam
