-- Found ament_cmake: 0.9.12 (/opt/ros/foxy/share/ament_cmake/cmake)
-- Found PythonInterp: /usr/bin/python3 (found suitable version "3.8.10", minimum required is "3") 
-- Using PYTHON_EXECUTABLE: /usr/bin/python3
-- Found OpenCV: /usr/local (found version "4.13.0") 
-- Found rclcpp: 2.4.3 (/opt/ros/foxy/share/rclcpp/cmake)
-- Using all available rosidl_typesupport_c: rosidl_typesupport_fastrtps_c;rosidl_typesupport_introspection_c
-- Found rosidl_adapter: 1.3.1 (/opt/ros/foxy/share/rosidl_adapter/cmake)
-- Found OpenSSL: /usr/lib/aarch64-linux-gnu/libcrypto.so (found version "1.1.1f")  
-- Found FastRTPS: /opt/ros/foxy/include  
-- Using all available rosidl_typesupport_cpp: rosidl_typesupport_fastrtps_cpp;rosidl_typesupport_introspection_cpp
-- Found rmw_implementation_cmake: 1.0.4 (/opt/ros/foxy/share/rmw_implementation_cmake/cmake)
-- Using RMW implementation 'rmw_cyclonedds_cpp' as default
-- Looking for pthread.h
-- Looking for pthread.h - found
-- Performing Test CMAKE_HAVE_LIBC_PTHREAD
-- Performing Test CMAKE_HAVE_LIBC_PTHREAD - Failed
-- Looking for pthread_create in pthreads
-- Looking for pthread_create in pthreads - not found
-- Looking for pthread_create in pthread
-- Looking for pthread_create in pthread - found
-- Found Threads: TRUE  
-- Found sensor_msgs: 2.0.5 (/opt/ros/foxy/share/sensor_msgs/cmake)
-- Found cv_bridge: 3.0.7 (/opt/ros/foxy/share/cv_bridge/cmake)
-- Found ament_lint_auto: 0.9.8 (/opt/ros/foxy/share/ament_lint_auto/cmake)
-- Added test 'copyright' to check source files copyright and LICENSE
-- Added test 'cppcheck' to perform static code analysis on C / C++ code
-- Configured cppcheck include dirs: 
-- Configured cppcheck exclude dirs and/or files: 
-- Added test 'cpplint' to check C / C++ code against the Google style
-- Configured cpplint exclude dirs and/or files: 
-- Added test 'lint_cmake' to check CMake code style
-- Added test 'uncrustify' to check C / C++ code style
-- Configured uncrustify additional arguments: 
-- Added test 'xmllint' to check XML markup files
-- Configuring done
-- Generating done
-- Build files have been written to: /home/unitree/go2_ros2_ws/build/go2_h264_repub
[35m[1mScanning dependencies of target go2_h264_repub[0m
[ 50%] [32mBuilding CXX object CMakeFiles/go2_h264_repub.dir/src/go2_h264_repub.cpp.o[0m
[100%] [32m[1mLinking CXX executable go2_h264_repub[0m
[100%] Built target go2_h264_repub
-- Install configuration: ""
-- Installing: /home/unitree/go2_ros2_ws/install/go2_h264_repub/lib/go2_h264_repub/go2_h264_repub
-- Set runtime path of "/home/unitree/go2_ros2_ws/install/go2_h264_repub/lib/go2_h264_repub/go2_h264_repub" to ""
-- Installing: /home/unitree/go2_ros2_ws/install/go2_h264_repub/share/ament_index/resource_index/package_run_dependencies/go2_h264_repub
-- Installing: /home/unitree/go2_ros2_ws/install/go2_h264_repub/share/ament_index/resource_index/parent_prefix_path/go2_h264_repub
-- Installing: /home/unitree/go2_ros2_ws/install/go2_h264_repub/share/go2_h264_repub/environment/ament_prefix_path.sh
-- Installing: /home/unitree/go2_ros2_ws/install/go2_h264_repub/share/go2_h264_repub/environment/ament_prefix_path.dsv
-- Installing: /home/unitree/go2_ros2_ws/install/go2_h264_repub/share/go2_h264_repub/environment/path.sh
-- Installing: /home/unitree/go2_ros2_ws/install/go2_h264_repub/share/go2_h264_repub/environment/path.dsv
-- Installing: /home/unitree/go2_ros2_ws/install/go2_h264_repub/share/go2_h264_repub/local_setup.bash
-- Installing: /home/unitree/go2_ros2_ws/install/go2_h264_repub/share/go2_h264_repub/local_setup.sh
-- Installing: /home/unitree/go2_ros2_ws/install/go2_h264_repub/share/go2_h264_repub/local_setup.zsh
-- Installing: /home/unitree/go2_ros2_ws/install/go2_h264_repub/share/go2_h264_repub/local_setup.dsv
-- Installing: /home/unitree/go2_ros2_ws/install/go2_h264_repub/share/go2_h264_repub/package.dsv
-- Installing: /home/unitree/go2_ros2_ws/install/go2_h264_repub/share/ament_index/resource_index/packages/go2_h264_repub
-- Installing: /home/unitree/go2_ros2_ws/install/go2_h264_repub/share/go2_h264_repub/cmake/go2_h264_repubConfig.cmake
-- Installing: /home/unitree/go2_ros2_ws/install/go2_h264_repub/share/go2_h264_repub/cmake/go2_h264_repubConfig-version.cmake
-- Installing: /home/unitree/go2_ros2_ws/install/go2_h264_repub/share/go2_h264_repub/package.xml
