[0.041s] Invoking command in '/home/unitree/go2_ros2_ws/build/go2_h264_repub': CMAKE_PREFIX_PATH=/opt/ros/foxy /usr/bin/cmake /home/unitree/go2_ros2_ws/src/go2_ros2_toolbox/go2_ros2_toolbox-main/unitree_pkgs/go2_h264_repub -DCMAKE_INSTALL_PREFIX=/home/unitree/go2_ros2_ws/install/go2_h264_repub
[0.116s] -- Found ament_cmake: 0.9.12 (/opt/ros/foxy/share/ament_cmake/cmake)
[0.121s] -- Found PythonInterp: /usr/bin/python3 (found suitable version "3.8.10", minimum required is "3") 
[0.121s] -- Using PYTHON_EXECUTABLE: /usr/bin/python3
[0.569s] -- Found OpenCV: /usr/local (found version "4.13.0") 
[0.573s] -- Found rclcpp: 2.4.3 (/opt/ros/foxy/share/rclcpp/cmake)
[0.666s] -- Using all available rosidl_typesupport_c: rosidl_typesupport_fastrtps_c;rosidl_typesupport_introspection_c
[0.680s] -- Found rosidl_adapter: 1.3.1 (/opt/ros/foxy/share/rosidl_adapter/cmake)
[0.843s] -- Found OpenSSL: /usr/lib/aarch64-linux-gnu/libcrypto.so (found version "1.1.1f")  
[0.904s] -- Found FastRTPS: /opt/ros/foxy/include  
[1.069s] -- Using all available rosidl_typesupport_cpp: rosidl_typesupport_fastrtps_cpp;rosidl_typesupport_introspection_cpp
[1.182s] -- Found rmw_implementation_cmake: 1.0.4 (/opt/ros/foxy/share/rmw_implementation_cmake/cmake)
[1.187s] -- Using RMW implementation 'rmw_cyclonedds_cpp' as default
[1.188s] -- Looking for pthread.h
[1.357s] -- Looking for pthread.h - found
[1.358s] -- Performing Test CMAKE_HAVE_LIBC_PTHREAD
[1.525s] -- Performing Test CMAKE_HAVE_LIBC_PTHREAD - Failed
[1.526s] -- Looking for pthread_create in pthreads
[1.640s] -- Looking for pthread_create in pthreads - not found
[1.641s] -- Looking for pthread_create in pthread
[1.794s] -- Looking for pthread_create in pthread - found
[1.797s] -- Found Threads: TRUE  
[2.084s] -- Found sensor_msgs: 2.0.5 (/opt/ros/foxy/share/sensor_msgs/cmake)
[2.294s] -- Found cv_bridge: 3.0.7 (/opt/ros/foxy/share/cv_bridge/cmake)
[2.322s] -- Found ament_lint_auto: 0.9.8 (/opt/ros/foxy/share/ament_lint_auto/cmake)
[2.471s] -- Added test 'copyright' to check source files copyright and LICENSE
[2.474s] -- Added test 'cppcheck' to perform static code analysis on C / C++ code
[2.474s] -- Configured cppcheck include dirs: 
[2.474s] -- Configured cppcheck exclude dirs and/or files: 
[2.476s] -- Added test 'cpplint' to check C / C++ code against the Google style
[2.477s] -- Configured cpplint exclude dirs and/or files: 
[2.479s] -- Added test 'lint_cmake' to check CMake code style
[2.482s] -- Added test 'uncrustify' to check C / C++ code style
[2.482s] -- Configured uncrustify additional arguments: 
[2.483s] -- Added test 'xmllint' to check XML markup files
[2.491s] -- Configuring done
[2.520s] -- Generating done
[2.532s] -- Build files have been written to: /home/unitree/go2_ros2_ws/build/go2_h264_repub
[2.560s] Invoked command in '/home/unitree/go2_ros2_ws/build/go2_h264_repub' returned '0': CMAKE_PREFIX_PATH=/opt/ros/foxy /usr/bin/cmake /home/unitree/go2_ros2_ws/src/go2_ros2_toolbox/go2_ros2_toolbox-main/unitree_pkgs/go2_h264_repub -DCMAKE_INSTALL_PREFIX=/home/unitree/go2_ros2_ws/install/go2_h264_repub
[2.561s] Invoking command in '/home/unitree/go2_ros2_ws/build/go2_h264_repub': CMAKE_PREFIX_PATH=/opt/ros/foxy /usr/bin/cmake --build /home/unitree/go2_ros2_ws/build/go2_h264_repub -- -j4 -l4
[2.655s] [35m[1mScanning dependencies of target go2_h264_repub[0m
[2.845s] [ 50%] [32mBuilding CXX object CMakeFiles/go2_h264_repub.dir/src/go2_h264_repub.cpp.o[0m
[29.912s] [100%] [32m[1mLinking CXX executable go2_h264_repub[0m
[32.468s] /usr/bin/ld: warning: libopencv_core.so.4.2, needed by /opt/ros/foxy/lib/libcv_bridge.so, may conflict with libopencv_core.so.413
[32.534s] [100%] Built target go2_h264_repub
[32.595s] Invoked command in '/home/unitree/go2_ros2_ws/build/go2_h264_repub' returned '0': CMAKE_PREFIX_PATH=/opt/ros/foxy /usr/bin/cmake --build /home/unitree/go2_ros2_ws/build/go2_h264_repub -- -j4 -l4
[32.596s] Invoking command in '/home/unitree/go2_ros2_ws/build/go2_h264_repub': CMAKE_PREFIX_PATH=/opt/ros/foxy /usr/bin/cmake --install /home/unitree/go2_ros2_ws/build/go2_h264_repub
[32.646s] -- Install configuration: ""
[32.646s] -- Installing: /home/unitree/go2_ros2_ws/install/go2_h264_repub/lib/go2_h264_repub/go2_h264_repub
[32.652s] -- Set runtime path of "/home/unitree/go2_ros2_ws/install/go2_h264_repub/lib/go2_h264_repub/go2_h264_repub" to ""
[32.653s] -- Installing: /home/unitree/go2_ros2_ws/install/go2_h264_repub/share/ament_index/resource_index/package_run_dependencies/go2_h264_repub
[32.654s] -- Installing: /home/unitree/go2_ros2_ws/install/go2_h264_repub/share/ament_index/resource_index/parent_prefix_path/go2_h264_repub
[32.654s] -- Installing: /home/unitree/go2_ros2_ws/install/go2_h264_repub/share/go2_h264_repub/environment/ament_prefix_path.sh
[32.661s] -- Installing: /home/unitree/go2_ros2_ws/install/go2_h264_repub/share/go2_h264_repub/environment/ament_prefix_path.dsv
[32.662s] -- Installing: /home/unitree/go2_ros2_ws/install/go2_h264_repub/share/go2_h264_repub/environment/path.sh
[32.662s] -- Installing: /home/unitree/go2_ros2_ws/install/go2_h264_repub/share/go2_h264_repub/environment/path.dsv
[32.663s] -- Installing: /home/unitree/go2_ros2_ws/install/go2_h264_repub/share/go2_h264_repub/local_setup.bash
[32.663s] -- Installing: /home/unitree/go2_ros2_ws/install/go2_h264_repub/share/go2_h264_repub/local_setup.sh
[32.664s] -- Installing: /home/unitree/go2_ros2_ws/install/go2_h264_repub/share/go2_h264_repub/local_setup.zsh
[32.664s] -- Installing: /home/unitree/go2_ros2_ws/install/go2_h264_repub/share/go2_h264_repub/local_setup.dsv
[32.665s] -- Installing: /home/unitree/go2_ros2_ws/install/go2_h264_repub/share/go2_h264_repub/package.dsv
[32.665s] -- Installing: /home/unitree/go2_ros2_ws/install/go2_h264_repub/share/ament_index/resource_index/packages/go2_h264_repub
[32.666s] -- Installing: /home/unitree/go2_ros2_ws/install/go2_h264_repub/share/go2_h264_repub/cmake/go2_h264_repubConfig.cmake
[32.666s] -- Installing: /home/unitree/go2_ros2_ws/install/go2_h264_repub/share/go2_h264_repub/cmake/go2_h264_repubConfig-version.cmake
[32.667s] -- Installing: /home/unitree/go2_ros2_ws/install/go2_h264_repub/share/go2_h264_repub/package.xml
[32.674s] Invoked command in '/home/unitree/go2_ros2_ws/build/go2_h264_repub' returned '0': CMAKE_PREFIX_PATH=/opt/ros/foxy /usr/bin/cmake --install /home/unitree/go2_ros2_ws/build/go2_h264_repub
