[0.065s] Invoking command in '/home/unitree/go2_ros2_ws/build/unitree_api': CMAKE_PREFIX_PATH=${CMAKE_PREFIX_PATH}:/opt/ros/foxy /usr/bin/cmake --build /home/unitree/go2_ros2_ws/build/unitree_api -- -j4 -l4
[0.307s] [ 11%] Built target unitree_api__rosidl_generator_c
[0.310s] [ 12%] Built target unitree_api__dds_connext_idl
[0.323s] [ 13%] Built target unitree_api__cpp
[0.434s] [ 25%] Built target unitree_api__rosidl_typesupport_c
[0.496s] [ 36%] Built target unitree_api__rosidl_typesupport_introspection_cpp
[0.500s] [ 47%] Built target unitree_api__rosidl_typesupport_cpp
[0.516s] [ 59%] Built target unitree_api__rosidl_typesupport_introspection_c
[0.550s] [ 70%] Built target unitree_api__rosidl_typesupport_fastrtps_cpp
[0.631s] [ 81%] Built target unitree_api__rosidl_typesupport_fastrtps_c
[0.729s] [ 81%] Built target unitree_api
[0.802s] [ 82%] Built target unitree_api__py
[0.953s] [ 93%] Built target unitree_api__python
[1.053s] [ 95%] Built target unitree_api__rosidl_typesupport_fastrtps_c__pyext
[1.096s] [100%] Built target unitree_api__rosidl_typesupport_introspection_c__pyext
[1.097s] [100%] Built target unitree_api__rosidl_typesupport_c__pyext
[1.146s] Invoked command in '/home/unitree/go2_ros2_ws/build/unitree_api' returned '0': CMAKE_PREFIX_PATH=${CMAKE_PREFIX_PATH}:/opt/ros/foxy /usr/bin/cmake --build /home/unitree/go2_ros2_ws/build/unitree_api -- -j4 -l4
[1.151s] Invoking command in '/home/unitree/go2_ros2_ws/build/unitree_api': CMAKE_PREFIX_PATH=${CMAKE_PREFIX_PATH}:/opt/ros/foxy /usr/bin/cmake --install /home/unitree/go2_ros2_ws/build/unitree_api
[1.177s] -- Install configuration: ""
[1.177s] -- Up-to-date: /home/unitree/go2_ros2_ws/install/unitree_api/share/ament_index/resource_index/rosidl_interfaces/unitree_api
[1.177s] -- Up-to-date: /home/unitree/go2_ros2_ws/install/unitree_api/include/unitree_api
[1.177s] -- Up-to-date: /home/unitree/go2_ros2_ws/install/unitree_api/include/unitree_api/msg
[1.177s] -- Up-to-date: /home/unitree/go2_ros2_ws/install/unitree_api/include/unitree_api/msg/request_header.h
[1.178s] -- Up-to-date: /home/unitree/go2_ros2_ws/install/unitree_api/include/unitree_api/msg/rosidl_generator_c__visibility_control.h
[1.178s] -- Up-to-date: /home/unitree/go2_ros2_ws/install/unitree_api/include/unitree_api/msg/request_lease.h
[1.178s] -- Up-to-date: /home/unitree/go2_ros2_ws/install/unitree_api/include/unitree_api/msg/response_status.h
[1.178s] -- Up-to-date: /home/unitree/go2_ros2_ws/install/unitree_api/include/unitree_api/msg/request_identity.h
[1.178s] -- Up-to-date: /home/unitree/go2_ros2_ws/install/unitree_api/include/unitree_api/msg/request.h
[1.178s] -- Up-to-date: /home/unitree/go2_ros2_ws/install/unitree_api/include/unitree_api/msg/request_policy.h
[1.178s] -- Up-to-date: /home/unitree/go2_ros2_ws/install/unitree_api/include/unitree_api/msg/response_header.h
[1.179s] -- Up-to-date: /home/unitree/go2_ros2_ws/install/unitree_api/include/unitree_api/msg/response.h
[1.179s] -- Up-to-date: /home/unitree/go2_ros2_ws/install/unitree_api/include/unitree_api/msg/detail
[1.179s] -- Up-to-date: /home/unitree/go2_ros2_ws/install/unitree_api/include/unitree_api/msg/detail/request_header__struct.h
[1.179s] -- Up-to-date: /home/unitree/go2_ros2_ws/install/unitree_api/include/unitree_api/msg/detail/response__functions.h
[1.179s] -- Up-to-date: /home/unitree/go2_ros2_ws/install/unitree_api/include/unitree_api/msg/detail/request_header__functions.c
[1.179s] -- Up-to-date: /home/unitree/go2_ros2_ws/install/unitree_api/include/unitree_api/msg/detail/request_identity__functions.h
[1.179s] -- Up-to-date: /home/unitree/go2_ros2_ws/install/unitree_api/include/unitree_api/msg/detail/request_policy__struct.h
[1.179s] -- Up-to-date: /home/unitree/go2_ros2_ws/install/unitree_api/include/unitree_api/msg/detail/response_header__type_support.h
[1.180s] -- Up-to-date: /home/unitree/go2_ros2_ws/install/unitree_api/include/unitree_api/msg/detail/request_header__type_support.h
[1.180s] -- Up-to-date: /home/unitree/go2_ros2_ws/install/unitree_api/include/unitree_api/msg/detail/request_lease__functions.c
[1.180s] -- Up-to-date: /home/unitree/go2_ros2_ws/install/unitree_api/include/unitree_api/msg/detail/response__type_support.h
[1.180s] -- Up-to-date: /home/unitree/go2_ros2_ws/install/unitree_api/include/unitree_api/msg/detail/response_status__struct.h
[1.180s] -- Up-to-date: /home/unitree/go2_ros2_ws/install/unitree_api/include/unitree_api/msg/detail/request_lease__functions.h
[1.180s] -- Up-to-date: /home/unitree/go2_ros2_ws/install/unitree_api/include/unitree_api/msg/detail/response_header__struct.h
[1.180s] -- Up-to-date: /home/unitree/go2_ros2_ws/install/unitree_api/include/unitree_api/msg/detail/request_lease__type_support.h
[1.180s] -- Up-to-date: /home/unitree/go2_ros2_ws/install/unitree_api/include/unitree_api/msg/detail/response_status__functions.c
[1.181s] -- Up-to-date: /home/unitree/go2_ros2_ws/install/unitree_api/include/unitree_api/msg/detail/request__type_support.h
[1.181s] -- Up-to-date: /home/unitree/go2_ros2_ws/install/unitree_api/include/unitree_api/msg/detail/request_policy__functions.h
[1.181s] -- Up-to-date: /home/unitree/go2_ros2_ws/install/unitree_api/include/unitree_api/msg/detail/response_status__type_support.h
[1.181s] -- Up-to-date: /home/unitree/go2_ros2_ws/install/unitree_api/include/unitree_api/msg/detail/request_identity__functions.c
[1.181s] -- Up-to-date: /home/unitree/go2_ros2_ws/install/unitree_api/include/unitree_api/msg/detail/request_policy__functions.c
[1.182s] -- Up-to-date: /home/unitree/go2_ros2_ws/install/unitree_api/include/unitree_api/msg/detail/response_header__functions.h
[1.183s] -- Up-to-date: /home/unitree/go2_ros2_ws/install/unitree_api/include/unitree_api/msg/detail/response_header__functions.c
[1.183s] -- Up-to-date: /home/unitree/go2_ros2_ws/install/unitree_api/include/unitree_api/msg/detail/request_policy__type_support.h
[1.184s] -- Up-to-date: /home/unitree/go2_ros2_ws/install/unitree_api/include/unitree_api/msg/detail/response__struct.h
[1.184s] -- Up-to-date: /home/unitree/go2_ros2_ws/install/unitree_api/include/unitree_api/msg/detail/request_lease__struct.h
[1.187s] -- Up-to-date: /home/unitree/go2_ros2_ws/install/unitree_api/include/unitree_api/msg/detail/response_status__functions.h
[1.188s] -- Up-to-date: /home/unitree/go2_ros2_ws/install/unitree_api/include/unitree_api/msg/detail/request_header__functions.h
[1.190s] -- Up-to-date: /home/unitree/go2_ros2_ws/install/unitree_api/include/unitree_api/msg/detail/request__functions.h
[1.191s] -- Up-to-date: /home/unitree/go2_ros2_ws/install/unitree_api/include/unitree_api/msg/detail/request_identity__struct.h
[1.191s] -- Up-to-date: /home/unitree/go2_ros2_ws/install/unitree_api/include/unitree_api/msg/detail/request_identity__type_support.h
[1.192s] -- Up-to-date: /home/unitree/go2_ros2_ws/install/unitree_api/include/unitree_api/msg/detail/request__functions.c
[1.192s] -- Up-to-date: /home/unitree/go2_ros2_ws/install/unitree_api/include/unitree_api/msg/detail/response__functions.c
[1.197s] -- Up-to-date: /home/unitree/go2_ros2_ws/install/unitree_api/include/unitree_api/msg/detail/request__struct.h
[1.198s] -- Up-to-date: /home/unitree/go2_ros2_ws/install/unitree_api/share/unitree_api/environment/library_path.sh
[1.199s] -- Up-to-date: /home/unitree/go2_ros2_ws/install/unitree_api/share/unitree_api/environment/library_path.dsv
[1.216s] -- Up-to-date: /home/unitree/go2_ros2_ws/install/unitree_api/lib/libunitree_api__rosidl_generator_c.so
[1.218s] -- Up-to-date: /home/unitree/go2_ros2_ws/install/unitree_api/include/unitree_api
[1.220s] -- Up-to-date: /home/unitree/go2_ros2_ws/install/unitree_api/include/unitree_api/msg
[1.221s] -- Up-to-date: /home/unitree/go2_ros2_ws/install/unitree_api/include/unitree_api/msg/rosidl_typesupport_fastrtps_c__visibility_control.h
[1.223s] -- Up-to-date: /home/unitree/go2_ros2_ws/install/unitree_api/include/unitree_api/msg/detail
[1.223s] -- Up-to-date: /home/unitree/go2_ros2_ws/install/unitree_api/include/unitree_api/msg/detail/response_header__rosidl_typesupport_fastrtps_c.h
[1.239s] -- Up-to-date: /home/unitree/go2_ros2_ws/install/unitree_api/include/unitree_api/msg/detail/request__rosidl_typesupport_fastrtps_c.h
[1.239s] -- Up-to-date: /home/unitree/go2_ros2_ws/install/unitree_api/include/unitree_api/msg/detail/request_identity__rosidl_typesupport_fastrtps_c.h
[1.239s] -- Up-to-date: /home/unitree/go2_ros2_ws/install/unitree_api/include/unitree_api/msg/detail/response_status__rosidl_typesupport_fastrtps_c.h
[1.239s] -- Up-to-date: /home/unitree/go2_ros2_ws/install/unitree_api/include/unitree_api/msg/detail/request_policy__rosidl_typesupport_fastrtps_c.h
[1.239s] -- Up-to-date: /home/unitree/go2_ros2_ws/install/unitree_api/include/unitree_api/msg/detail/response__rosidl_typesupport_fastrtps_c.h
[1.240s] -- Up-to-date: /home/unitree/go2_ros2_ws/install/unitree_api/include/unitree_api/msg/detail/request_header__rosidl_typesupport_fastrtps_c.h
[1.240s] -- Up-to-date: /home/unitree/go2_ros2_ws/install/unitree_api/include/unitree_api/msg/detail/request_lease__rosidl_typesupport_fastrtps_c.h
[1.240s] -- Up-to-date: /home/unitree/go2_ros2_ws/install/unitree_api/lib/libunitree_api__rosidl_typesupport_fastrtps_c.so
[1.240s] -- Up-to-date: /home/unitree/go2_ros2_ws/install/unitree_api/include/unitree_api
[1.240s] -- Up-to-date: /home/unitree/go2_ros2_ws/install/unitree_api/include/unitree_api/msg
[1.241s] -- Up-to-date: /home/unitree/go2_ros2_ws/install/unitree_api/include/unitree_api/msg/rosidl_typesupport_fastrtps_cpp__visibility_control.h
[1.241s] -- Up-to-date: /home/unitree/go2_ros2_ws/install/unitree_api/include/unitree_api/msg/detail
[1.241s] -- Up-to-date: /home/unitree/go2_ros2_ws/install/unitree_api/include/unitree_api/msg/detail/response_status__rosidl_typesupport_fastrtps_cpp.hpp
[1.241s] -- Up-to-date: /home/unitree/go2_ros2_ws/install/unitree_api/include/unitree_api/msg/detail/request_lease__rosidl_typesupport_fastrtps_cpp.hpp
[1.242s] -- Up-to-date: /home/unitree/go2_ros2_ws/install/unitree_api/include/unitree_api/msg/detail/response_header__rosidl_typesupport_fastrtps_cpp.hpp
[1.242s] -- Up-to-date: /home/unitree/go2_ros2_ws/install/unitree_api/include/unitree_api/msg/detail/request_header__rosidl_typesupport_fastrtps_cpp.hpp
[1.242s] -- Up-to-date: /home/unitree/go2_ros2_ws/install/unitree_api/include/unitree_api/msg/detail/request_policy__rosidl_typesupport_fastrtps_cpp.hpp
[1.242s] -- Up-to-date: /home/unitree/go2_ros2_ws/install/unitree_api/include/unitree_api/msg/detail/request_identity__rosidl_typesupport_fastrtps_cpp.hpp
[1.242s] -- Up-to-date: /home/unitree/go2_ros2_ws/install/unitree_api/include/unitree_api/msg/detail/response__rosidl_typesupport_fastrtps_cpp.hpp
[1.242s] -- Up-to-date: /home/unitree/go2_ros2_ws/install/unitree_api/include/unitree_api/msg/detail/request__rosidl_typesupport_fastrtps_cpp.hpp
[1.242s] -- Up-to-date: /home/unitree/go2_ros2_ws/install/unitree_api/include/unitree_api/msg/detail/dds_fastrtps
[1.244s] -- Up-to-date: /home/unitree/go2_ros2_ws/install/unitree_api/lib/libunitree_api__rosidl_typesupport_fastrtps_cpp.so
[1.245s] -- Up-to-date: /home/unitree/go2_ros2_ws/install/unitree_api/include/unitree_api
[1.258s] -- Up-to-date: /home/unitree/go2_ros2_ws/install/unitree_api/include/unitree_api/msg
[1.259s] -- Up-to-date: /home/unitree/go2_ros2_ws/install/unitree_api/include/unitree_api/msg/rosidl_typesupport_introspection_c__visibility_control.h
[1.261s] -- Up-to-date: /home/unitree/go2_ros2_ws/install/unitree_api/include/unitree_api/msg/detail
[1.262s] -- Up-to-date: /home/unitree/go2_ros2_ws/install/unitree_api/include/unitree_api/msg/detail/response_header__rosidl_typesupport_introspection_c.h
[1.262s] -- Up-to-date: /home/unitree/go2_ros2_ws/install/unitree_api/include/unitree_api/msg/detail/request_lease__rosidl_typesupport_introspection_c.h
[1.262s] -- Up-to-date: /home/unitree/go2_ros2_ws/install/unitree_api/include/unitree_api/msg/detail/request_policy__type_support.c
[1.262s] -- Up-to-date: /home/unitree/go2_ros2_ws/install/unitree_api/include/unitree_api/msg/detail/request_identity__type_support.c
[1.262s] -- Up-to-date: /home/unitree/go2_ros2_ws/install/unitree_api/include/unitree_api/msg/detail/request_identity__rosidl_typesupport_introspection_c.h
[1.263s] -- Up-to-date: /home/unitree/go2_ros2_ws/install/unitree_api/include/unitree_api/msg/detail/response__type_support.c
[1.263s] -- Up-to-date: /home/unitree/go2_ros2_ws/install/unitree_api/include/unitree_api/msg/detail/request_header__rosidl_typesupport_introspection_c.h
[1.263s] -- Up-to-date: /home/unitree/go2_ros2_ws/install/unitree_api/include/unitree_api/msg/detail/response_header__type_support.c
[1.264s] -- Up-to-date: /home/unitree/go2_ros2_ws/install/unitree_api/include/unitree_api/msg/detail/response__rosidl_typesupport_introspection_c.h
[1.264s] -- Up-to-date: /home/unitree/go2_ros2_ws/install/unitree_api/include/unitree_api/msg/detail/response_status__type_support.c
[1.269s] -- Up-to-date: /home/unitree/go2_ros2_ws/install/unitree_api/include/unitree_api/msg/detail/request_header__type_support.c
[1.270s] -- Up-to-date: /home/unitree/go2_ros2_ws/install/unitree_api/include/unitree_api/msg/detail/request_lease__type_support.c
[1.273s] -- Up-to-date: /home/unitree/go2_ros2_ws/install/unitree_api/include/unitree_api/msg/detail/response_status__rosidl_typesupport_introspection_c.h
[1.275s] -- Up-to-date: /home/unitree/go2_ros2_ws/install/unitree_api/include/unitree_api/msg/detail/request__rosidl_typesupport_introspection_c.h
[1.275s] -- Up-to-date: /home/unitree/go2_ros2_ws/install/unitree_api/include/unitree_api/msg/detail/request_policy__rosidl_typesupport_introspection_c.h
[1.276s] -- Up-to-date: /home/unitree/go2_ros2_ws/install/unitree_api/include/unitree_api/msg/detail/request__type_support.c
[1.284s] -- Up-to-date: /home/unitree/go2_ros2_ws/install/unitree_api/lib/libunitree_api__rosidl_typesupport_introspection_c.so
[1.286s] -- Up-to-date: /home/unitree/go2_ros2_ws/install/unitree_api/lib/libunitree_api__rosidl_typesupport_c.so
[1.286s] -- Up-to-date: /home/unitree/go2_ros2_ws/install/unitree_api/include/unitree_api
[1.287s] -- Up-to-date: /home/unitree/go2_ros2_ws/install/unitree_api/include/unitree_api/msg
[1.287s] -- Up-to-date: /home/unitree/go2_ros2_ws/install/unitree_api/include/unitree_api/msg/request_header.hpp
[1.287s] -- Up-to-date: /home/unitree/go2_ros2_ws/install/unitree_api/include/unitree_api/msg/response_header.hpp
[1.287s] -- Up-to-date: /home/unitree/go2_ros2_ws/install/unitree_api/include/unitree_api/msg/request_identity.hpp
[1.287s] -- Up-to-date: /home/unitree/go2_ros2_ws/install/unitree_api/include/unitree_api/msg/request.hpp
[1.287s] -- Up-to-date: /home/unitree/go2_ros2_ws/install/unitree_api/include/unitree_api/msg/request_lease.hpp
[1.288s] -- Up-to-date: /home/unitree/go2_ros2_ws/install/unitree_api/include/unitree_api/msg/response.hpp
[1.288s] -- Up-to-date: /home/unitree/go2_ros2_ws/install/unitree_api/include/unitree_api/msg/request_policy.hpp
[1.288s] -- Up-to-date: /home/unitree/go2_ros2_ws/install/unitree_api/include/unitree_api/msg/response_status.hpp
[1.288s] -- Up-to-date: /home/unitree/go2_ros2_ws/install/unitree_api/include/unitree_api/msg/detail
[1.289s] -- Up-to-date: /home/unitree/go2_ros2_ws/install/unitree_api/include/unitree_api/msg/detail/request__builder.hpp
[1.289s] -- Up-to-date: /home/unitree/go2_ros2_ws/install/unitree_api/include/unitree_api/msg/detail/request_identity__builder.hpp
[1.289s] -- Up-to-date: /home/unitree/go2_ros2_ws/install/unitree_api/include/unitree_api/msg/detail/request_policy__struct.hpp
[1.290s] -- Up-to-date: /home/unitree/go2_ros2_ws/install/unitree_api/include/unitree_api/msg/detail/request_policy__type_support.hpp
[1.290s] -- Up-to-date: /home/unitree/go2_ros2_ws/install/unitree_api/include/unitree_api/msg/detail/request_identity__traits.hpp
[1.290s] -- Up-to-date: /home/unitree/go2_ros2_ws/install/unitree_api/include/unitree_api/msg/detail/request_header__traits.hpp
[1.291s] -- Up-to-date: /home/unitree/go2_ros2_ws/install/unitree_api/include/unitree_api/msg/detail/response_status__traits.hpp
[1.291s] -- Up-to-date: /home/unitree/go2_ros2_ws/install/unitree_api/include/unitree_api/msg/detail/request_policy__builder.hpp
[1.291s] -- Up-to-date: /home/unitree/go2_ros2_ws/install/unitree_api/include/unitree_api/msg/detail/request__traits.hpp
[1.292s] -- Up-to-date: /home/unitree/go2_ros2_ws/install/unitree_api/include/unitree_api/msg/detail/request__type_support.hpp
[1.292s] -- Up-to-date: /home/unitree/go2_ros2_ws/install/unitree_api/include/unitree_api/msg/detail/response__builder.hpp
[1.292s] -- Up-to-date: /home/unitree/go2_ros2_ws/install/unitree_api/include/unitree_api/msg/detail/request_identity__type_support.hpp
[1.292s] -- Up-to-date: /home/unitree/go2_ros2_ws/install/unitree_api/include/unitree_api/msg/detail/request_lease__struct.hpp
[1.292s] -- Up-to-date: /home/unitree/go2_ros2_ws/install/unitree_api/include/unitree_api/msg/detail/request_identity__struct.hpp
[1.292s] -- Up-to-date: /home/unitree/go2_ros2_ws/install/unitree_api/include/unitree_api/msg/detail/request_header__builder.hpp
[1.293s] -- Up-to-date: /home/unitree/go2_ros2_ws/install/unitree_api/include/unitree_api/msg/detail/response__struct.hpp
[1.305s] -- Up-to-date: /home/unitree/go2_ros2_ws/install/unitree_api/include/unitree_api/msg/detail/request_policy__traits.hpp
[1.306s] -- Up-to-date: /home/unitree/go2_ros2_ws/install/unitree_api/include/unitree_api/msg/detail/response_status__builder.hpp
[1.306s] -- Up-to-date: /home/unitree/go2_ros2_ws/install/unitree_api/include/unitree_api/msg/detail/request__struct.hpp
[1.309s] -- Up-to-date: /home/unitree/go2_ros2_ws/install/unitree_api/include/unitree_api/msg/detail/response_header__struct.hpp
[1.309s] -- Up-to-date: /home/unitree/go2_ros2_ws/install/unitree_api/include/unitree_api/msg/detail/response__traits.hpp
[1.309s] -- Up-to-date: /home/unitree/go2_ros2_ws/install/unitree_api/include/unitree_api/msg/detail/request_lease__traits.hpp
[1.313s] -- Up-to-date: /home/unitree/go2_ros2_ws/install/unitree_api/include/unitree_api/msg/detail/request_header__type_support.hpp
[1.317s] -- Up-to-date: /home/unitree/go2_ros2_ws/install/unitree_api/include/unitree_api/msg/detail/response_status__struct.hpp
[1.318s] -- Up-to-date: /home/unitree/go2_ros2_ws/install/unitree_api/include/unitree_api/msg/detail/response_header__type_support.hpp
[1.318s] -- Up-to-date: /home/unitree/go2_ros2_ws/install/unitree_api/include/unitree_api/msg/detail/response_header__builder.hpp
[1.318s] -- Up-to-date: /home/unitree/go2_ros2_ws/install/unitree_api/include/unitree_api/msg/detail/request_lease__builder.hpp
[1.319s] -- Up-to-date: /home/unitree/go2_ros2_ws/install/unitree_api/include/unitree_api/msg/detail/response_header__traits.hpp
[1.319s] -- Up-to-date: /home/unitree/go2_ros2_ws/install/unitree_api/include/unitree_api/msg/detail/request_lease__type_support.hpp
[1.319s] -- Up-to-date: /home/unitree/go2_ros2_ws/install/unitree_api/include/unitree_api/msg/detail/response__type_support.hpp
[1.320s] -- Up-to-date: /home/unitree/go2_ros2_ws/install/unitree_api/include/unitree_api/msg/detail/request_header__struct.hpp
[1.320s] -- Up-to-date: /home/unitree/go2_ros2_ws/install/unitree_api/include/unitree_api/msg/detail/response_status__type_support.hpp
[1.320s] -- Up-to-date: /home/unitree/go2_ros2_ws/install/unitree_api/include/unitree_api/msg/rosidl_generator_cpp__visibility_control.hpp
[1.320s] -- Up-to-date: /home/unitree/go2_ros2_ws/install/unitree_api/include/unitree_api
[1.320s] -- Up-to-date: /home/unitree/go2_ros2_ws/install/unitree_api/include/unitree_api/msg
[1.321s] -- Up-to-date: /home/unitree/go2_ros2_ws/install/unitree_api/include/unitree_api/msg/detail
[1.321s] -- Up-to-date: /home/unitree/go2_ros2_ws/install/unitree_api/include/unitree_api/msg/detail/request_policy__rosidl_typesupport_introspection_cpp.hpp
[1.321s] -- Up-to-date: /home/unitree/go2_ros2_ws/install/unitree_api/include/unitree_api/msg/detail/response_status__type_support.cpp
[1.321s] -- Up-to-date: /home/unitree/go2_ros2_ws/install/unitree_api/include/unitree_api/msg/detail/request_identity__type_support.cpp
[1.322s] -- Up-to-date: /home/unitree/go2_ros2_ws/install/unitree_api/include/unitree_api/msg/detail/request_policy__type_support.cpp
[1.322s] -- Up-to-date: /home/unitree/go2_ros2_ws/install/unitree_api/include/unitree_api/msg/detail/request__rosidl_typesupport_introspection_cpp.hpp
[1.322s] -- Up-to-date: /home/unitree/go2_ros2_ws/install/unitree_api/include/unitree_api/msg/detail/response_header__rosidl_typesupport_introspection_cpp.hpp
[1.322s] -- Up-to-date: /home/unitree/go2_ros2_ws/install/unitree_api/include/unitree_api/msg/detail/response_status__rosidl_typesupport_introspection_cpp.hpp
[1.322s] -- Up-to-date: /home/unitree/go2_ros2_ws/install/unitree_api/include/unitree_api/msg/detail/request_lease__rosidl_typesupport_introspection_cpp.hpp
[1.323s] -- Up-to-date: /home/unitree/go2_ros2_ws/install/unitree_api/include/unitree_api/msg/detail/request_header__rosidl_typesupport_introspection_cpp.hpp
[1.323s] -- Up-to-date: /home/unitree/go2_ros2_ws/install/unitree_api/include/unitree_api/msg/detail/request_identity__rosidl_typesupport_introspection_cpp.hpp
[1.323s] -- Up-to-date: /home/unitree/go2_ros2_ws/install/unitree_api/include/unitree_api/msg/detail/request_header__type_support.cpp
[1.323s] -- Up-to-date: /home/unitree/go2_ros2_ws/install/unitree_api/include/unitree_api/msg/detail/response__type_support.cpp
[1.323s] -- Up-to-date: /home/unitree/go2_ros2_ws/install/unitree_api/include/unitree_api/msg/detail/response__rosidl_typesupport_introspection_cpp.hpp
[1.324s] -- Up-to-date: /home/unitree/go2_ros2_ws/install/unitree_api/include/unitree_api/msg/detail/request__type_support.cpp
[1.324s] -- Up-to-date: /home/unitree/go2_ros2_ws/install/unitree_api/include/unitree_api/msg/detail/request_lease__type_support.cpp
[1.324s] -- Up-to-date: /home/unitree/go2_ros2_ws/install/unitree_api/include/unitree_api/msg/detail/response_header__type_support.cpp
[1.324s] -- Up-to-date: /home/unitree/go2_ros2_ws/install/unitree_api/lib/libunitree_api__rosidl_typesupport_introspection_cpp.so
[1.325s] -- Up-to-date: /home/unitree/go2_ros2_ws/install/unitree_api/lib/libunitree_api__rosidl_typesupport_cpp.so
[1.325s] -- Up-to-date: /home/unitree/go2_ros2_ws/install/unitree_api/share/unitree_api/environment/pythonpath.sh
[1.325s] -- Up-to-date: /home/unitree/go2_ros2_ws/install/unitree_api/share/unitree_api/environment/pythonpath.dsv
[1.326s] -- Up-to-date: /home/unitree/go2_ros2_ws/install/unitree_api/lib/python3.8/site-packages/unitree_api/__init__.py
[1.400s] -- Up-to-date: /home/unitree/go2_ros2_ws/install/unitree_api/lib/python3.8/site-packages/unitree_api/msg
[1.401s] -- Up-to-date: /home/unitree/go2_ros2_ws/install/unitree_api/lib/python3.8/site-packages/unitree_api/msg/_response_header.py
[1.401s] -- Up-to-date: /home/unitree/go2_ros2_ws/install/unitree_api/lib/python3.8/site-packages/unitree_api/msg/_response_status_s.c
[1.402s] -- Up-to-date: /home/unitree/go2_ros2_ws/install/unitree_api/lib/python3.8/site-packages/unitree_api/msg/_request_s.c
[1.402s] -- Up-to-date: /home/unitree/go2_ros2_ws/install/unitree_api/lib/python3.8/site-packages/unitree_api/msg/_request_identity_s.c
[1.403s] -- Up-to-date: /home/unitree/go2_ros2_ws/install/unitree_api/lib/python3.8/site-packages/unitree_api/msg/_request.py
[1.404s] -- Up-to-date: /home/unitree/go2_ros2_ws/install/unitree_api/lib/python3.8/site-packages/unitree_api/msg/_request_policy.py
[1.404s] -- Up-to-date: /home/unitree/go2_ros2_ws/install/unitree_api/lib/python3.8/site-packages/unitree_api/msg/_response.py
[1.404s] -- Up-to-date: /home/unitree/go2_ros2_ws/install/unitree_api/lib/python3.8/site-packages/unitree_api/msg/_request_policy_s.c
[1.404s] -- Up-to-date: /home/unitree/go2_ros2_ws/install/unitree_api/lib/python3.8/site-packages/unitree_api/msg/_response_status.py
[1.404s] -- Up-to-date: /home/unitree/go2_ros2_ws/install/unitree_api/lib/python3.8/site-packages/unitree_api/msg/_request_header.py
[1.405s] -- Up-to-date: /home/unitree/go2_ros2_ws/install/unitree_api/lib/python3.8/site-packages/unitree_api/msg/__init__.py
[1.409s] -- Up-to-date: /home/unitree/go2_ros2_ws/install/unitree_api/lib/python3.8/site-packages/unitree_api/msg/_request_lease_s.c
[1.410s] -- Up-to-date: /home/unitree/go2_ros2_ws/install/unitree_api/lib/python3.8/site-packages/unitree_api/msg/_request_identity.py
[1.410s] -- Up-to-date: /home/unitree/go2_ros2_ws/install/unitree_api/lib/python3.8/site-packages/unitree_api/msg/_response_header_s.c
[1.411s] -- Up-to-date: /home/unitree/go2_ros2_ws/install/unitree_api/lib/python3.8/site-packages/unitree_api/msg/_response_s.c
[1.414s] -- Up-to-date: /home/unitree/go2_ros2_ws/install/unitree_api/lib/python3.8/site-packages/unitree_api/msg/_request_lease.py
[1.415s] -- Up-to-date: /home/unitree/go2_ros2_ws/install/unitree_api/lib/python3.8/site-packages/unitree_api/msg/_request_header_s.c
[1.415s] -- Up-to-date: /home/unitree/go2_ros2_ws/install/unitree_api/lib/python3.8/site-packages/unitree_api/unitree_api_s__rosidl_typesupport_fastrtps_c.cpython-38-aarch64-linux-gnu.so
[1.415s] -- Up-to-date: /home/unitree/go2_ros2_ws/install/unitree_api/lib/python3.8/site-packages/unitree_api/unitree_api_s__rosidl_typesupport_introspection_c.cpython-38-aarch64-linux-gnu.so
[1.416s] -- Up-to-date: /home/unitree/go2_ros2_ws/install/unitree_api/lib/python3.8/site-packages/unitree_api/unitree_api_s__rosidl_typesupport_c.cpython-38-aarch64-linux-gnu.so
[1.416s] -- Up-to-date: /home/unitree/go2_ros2_ws/install/unitree_api/lib/libunitree_api__python.so
[1.416s] -- Up-to-date: /home/unitree/go2_ros2_ws/install/unitree_api/share/unitree_api/msg/Request.idl
[1.417s] -- Up-to-date: /home/unitree/go2_ros2_ws/install/unitree_api/share/unitree_api/msg/RequestHeader.idl
[1.417s] -- Up-to-date: /home/unitree/go2_ros2_ws/install/unitree_api/share/unitree_api/msg/RequestIdentity.idl
[1.417s] -- Up-to-date: /home/unitree/go2_ros2_ws/install/unitree_api/share/unitree_api/msg/RequestLease.idl
[1.418s] -- Up-to-date: /home/unitree/go2_ros2_ws/install/unitree_api/share/unitree_api/msg/RequestPolicy.idl
[1.419s] -- Up-to-date: /home/unitree/go2_ros2_ws/install/unitree_api/share/unitree_api/msg/Response.idl
[1.419s] -- Up-to-date: /home/unitree/go2_ros2_ws/install/unitree_api/share/unitree_api/msg/ResponseHeader.idl
[1.419s] -- Up-to-date: /home/unitree/go2_ros2_ws/install/unitree_api/share/unitree_api/msg/ResponseStatus.idl
[1.420s] -- Up-to-date: /home/unitree/go2_ros2_ws/install/unitree_api/share/unitree_api/msg/Request.msg
[1.420s] -- Up-to-date: /home/unitree/go2_ros2_ws/install/unitree_api/share/unitree_api/msg/RequestHeader.msg
[1.420s] -- Up-to-date: /home/unitree/go2_ros2_ws/install/unitree_api/share/unitree_api/msg/RequestIdentity.msg
[1.421s] -- Up-to-date: /home/unitree/go2_ros2_ws/install/unitree_api/share/unitree_api/msg/RequestLease.msg
[1.421s] -- Up-to-date: /home/unitree/go2_ros2_ws/install/unitree_api/share/unitree_api/msg/RequestPolicy.msg
[1.421s] -- Up-to-date: /home/unitree/go2_ros2_ws/install/unitree_api/share/unitree_api/msg/Response.msg
[1.421s] -- Up-to-date: /home/unitree/go2_ros2_ws/install/unitree_api/share/unitree_api/msg/ResponseHeader.msg
[1.422s] -- Up-to-date: /home/unitree/go2_ros2_ws/install/unitree_api/share/unitree_api/msg/ResponseStatus.msg
[1.422s] -- Up-to-date: /home/unitree/go2_ros2_ws/install/unitree_api/share/unitree_api/msg/dds_connext
[1.422s] -- Up-to-date: /home/unitree/go2_ros2_ws/install/unitree_api/share/unitree_api/msg/dds_connext/Request_.idl
[1.422s] -- Up-to-date: /home/unitree/go2_ros2_ws/install/unitree_api/share/unitree_api/msg/dds_connext/RequestLease_.idl
[1.422s] -- Up-to-date: /home/unitree/go2_ros2_ws/install/unitree_api/share/unitree_api/msg/dds_connext/RequestHeader_.idl
[1.423s] -- Up-to-date: /home/unitree/go2_ros2_ws/install/unitree_api/share/unitree_api/msg/dds_connext/Response_.idl
[1.423s] -- Up-to-date: /home/unitree/go2_ros2_ws/install/unitree_api/share/unitree_api/msg/dds_connext/ResponseHeader_.idl
[1.424s] -- Up-to-date: /home/unitree/go2_ros2_ws/install/unitree_api/share/unitree_api/msg/dds_connext/ResponseStatus_.idl
[1.425s] -- Up-to-date: /home/unitree/go2_ros2_ws/install/unitree_api/share/unitree_api/msg/dds_connext/RequestIdentity_.idl
[1.425s] -- Up-to-date: /home/unitree/go2_ros2_ws/install/unitree_api/share/unitree_api/msg/dds_connext/RequestPolicy_.idl
[1.426s] -- Up-to-date: /home/unitree/go2_ros2_ws/install/unitree_api/share/ament_index/resource_index/package_run_dependencies/unitree_api
[1.426s] -- Up-to-date: /home/unitree/go2_ros2_ws/install/unitree_api/share/ament_index/resource_index/parent_prefix_path/unitree_api
[1.426s] -- Up-to-date: /home/unitree/go2_ros2_ws/install/unitree_api/share/unitree_api/environment/ament_prefix_path.sh
[1.426s] -- Up-to-date: /home/unitree/go2_ros2_ws/install/unitree_api/share/unitree_api/environment/ament_prefix_path.dsv
[1.426s] -- Up-to-date: /home/unitree/go2_ros2_ws/install/unitree_api/share/unitree_api/environment/path.sh
[1.427s] -- Up-to-date: /home/unitree/go2_ros2_ws/install/unitree_api/share/unitree_api/environment/path.dsv
[1.427s] -- Up-to-date: /home/unitree/go2_ros2_ws/install/unitree_api/share/unitree_api/local_setup.bash
[1.427s] -- Up-to-date: /home/unitree/go2_ros2_ws/install/unitree_api/share/unitree_api/local_setup.sh
[1.427s] -- Up-to-date: /home/unitree/go2_ros2_ws/install/unitree_api/share/unitree_api/local_setup.zsh
[1.427s] -- Up-to-date: /home/unitree/go2_ros2_ws/install/unitree_api/share/unitree_api/local_setup.dsv
[1.440s] -- Installing: /home/unitree/go2_ros2_ws/install/unitree_api/share/unitree_api/package.dsv
[1.440s] -- Up-to-date: /home/unitree/go2_ros2_ws/install/unitree_api/share/ament_index/resource_index/packages/unitree_api
[1.440s] -- Up-to-date: /home/unitree/go2_ros2_ws/install/unitree_api/share/unitree_api/cmake/unitree_api__rosidl_generator_cExport.cmake
[1.441s] -- Up-to-date: /home/unitree/go2_ros2_ws/install/unitree_api/share/unitree_api/cmake/unitree_api__rosidl_generator_cExport-noconfig.cmake
[1.441s] -- Up-to-date: /home/unitree/go2_ros2_ws/install/unitree_api/share/unitree_api/cmake/unitree_api__rosidl_typesupport_introspection_cExport.cmake
[1.441s] -- Up-to-date: /home/unitree/go2_ros2_ws/install/unitree_api/share/unitree_api/cmake/unitree_api__rosidl_typesupport_introspection_cExport-noconfig.cmake
[1.442s] -- Up-to-date: /home/unitree/go2_ros2_ws/install/unitree_api/share/unitree_api/cmake/unitree_api__rosidl_typesupport_cExport.cmake
[1.442s] -- Up-to-date: /home/unitree/go2_ros2_ws/install/unitree_api/share/unitree_api/cmake/unitree_api__rosidl_typesupport_cExport-noconfig.cmake
[1.443s] -- Up-to-date: /home/unitree/go2_ros2_ws/install/unitree_api/share/unitree_api/cmake/unitree_api__rosidl_generator_cppExport.cmake
[1.444s] -- Up-to-date: /home/unitree/go2_ros2_ws/install/unitree_api/share/unitree_api/cmake/unitree_api__rosidl_typesupport_introspection_cppExport.cmake
[1.444s] -- Up-to-date: /home/unitree/go2_ros2_ws/install/unitree_api/share/unitree_api/cmake/unitree_api__rosidl_typesupport_introspection_cppExport-noconfig.cmake
[1.445s] -- Up-to-date: /home/unitree/go2_ros2_ws/install/unitree_api/share/unitree_api/cmake/unitree_api__rosidl_typesupport_cppExport.cmake
[1.445s] -- Up-to-date: /home/unitree/go2_ros2_ws/install/unitree_api/share/unitree_api/cmake/unitree_api__rosidl_typesupport_cppExport-noconfig.cmake
[1.445s] -- Up-to-date: /home/unitree/go2_ros2_ws/install/unitree_api/share/unitree_api/cmake/rosidl_cmake-extras.cmake
[1.446s] -- Up-to-date: /home/unitree/go2_ros2_ws/install/unitree_api/share/unitree_api/cmake/ament_cmake_export_dependencies-extras.cmake
[1.446s] -- Up-to-date: /home/unitree/go2_ros2_ws/install/unitree_api/share/unitree_api/cmake/ament_cmake_export_libraries-extras.cmake
[1.446s] -- Up-to-date: /home/unitree/go2_ros2_ws/install/unitree_api/share/unitree_api/cmake/ament_cmake_export_targets-extras.cmake
[1.447s] -- Up-to-date: /home/unitree/go2_ros2_ws/install/unitree_api/share/unitree_api/cmake/ament_cmake_export_include_directories-extras.cmake
[1.447s] -- Up-to-date: /home/unitree/go2_ros2_ws/install/unitree_api/share/unitree_api/cmake/rosidl_cmake_export_typesupport_libraries-extras.cmake
[1.447s] -- Up-to-date: /home/unitree/go2_ros2_ws/install/unitree_api/share/unitree_api/cmake/rosidl_cmake_export_typesupport_targets-extras.cmake
[1.448s] -- Up-to-date: /home/unitree/go2_ros2_ws/install/unitree_api/share/unitree_api/cmake/unitree_apiConfig.cmake
[1.448s] -- Up-to-date: /home/unitree/go2_ros2_ws/install/unitree_api/share/unitree_api/cmake/unitree_apiConfig-version.cmake
[1.448s] -- Up-to-date: /home/unitree/go2_ros2_ws/install/unitree_api/share/unitree_api/package.xml
[1.448s] Invoked command in '/home/unitree/go2_ros2_ws/build/unitree_api' returned '0': CMAKE_PREFIX_PATH=${CMAKE_PREFIX_PATH}:/opt/ros/foxy /usr/bin/cmake --install /home/unitree/go2_ros2_ws/build/unitree_api
