[0.064s] Invoking command in '/home/unitree/go2_ros2_ws/build/unitree_go': CMAKE_PREFIX_PATH=${CMAKE_PREFIX_PATH}:/opt/ros/foxy /usr/bin/cmake --build /home/unitree/go2_ros2_ws/build/unitree_go -- -j4 -l4
[0.283s] [  0%] Built target unitree_go__cpp
[0.310s] [  1%] Built target unitree_go__dds_connext_idl
[0.353s] [ 13%] Built target unitree_go__rosidl_generator_c
[0.501s] [ 25%] Built target unitree_go__rosidl_typesupport_fastrtps_cpp
[0.527s] [ 37%] Built target unitree_go__rosidl_typesupport_cpp
[0.527s] [ 49%] Built target unitree_go__rosidl_typesupport_introspection_cpp
[0.578s] [ 61%] Built target unitree_go__rosidl_typesupport_introspection_c
[0.614s] [ 73%] Built target unitree_go__rosidl_typesupport_c
[0.630s] [ 85%] Built target unitree_go__rosidl_typesupport_fastrtps_c
[0.689s] [ 85%] Built target unitree_go
[0.763s] [ 85%] Built target unitree_go__py
[0.935s] [ 97%] Built target unitree_go__python
[1.052s] [ 98%] Built target unitree_go__rosidl_typesupport_c__pyext
[1.060s] [ 99%] Built target unitree_go__rosidl_typesupport_introspection_c__pyext
[1.085s] [100%] Built target unitree_go__rosidl_typesupport_fastrtps_c__pyext
[1.142s] Invoked command in '/home/unitree/go2_ros2_ws/build/unitree_go' returned '0': CMAKE_PREFIX_PATH=${CMAKE_PREFIX_PATH}:/opt/ros/foxy /usr/bin/cmake --build /home/unitree/go2_ros2_ws/build/unitree_go -- -j4 -l4
[1.146s] Invoking command in '/home/unitree/go2_ros2_ws/build/unitree_go': CMAKE_PREFIX_PATH=${CMAKE_PREFIX_PATH}:/opt/ros/foxy /usr/bin/cmake --install /home/unitree/go2_ros2_ws/build/unitree_go
[1.186s] -- Install configuration: ""
[1.187s] -- Up-to-date: /home/unitree/go2_ros2_ws/install/unitree_go/share/ament_index/resource_index/rosidl_interfaces/unitree_go
[1.188s] -- Up-to-date: /home/unitree/go2_ros2_ws/install/unitree_go/include/unitree_go
[1.199s] -- Up-to-date: /home/unitree/go2_ros2_ws/install/unitree_go/include/unitree_go/msg
[1.200s] -- Up-to-date: /home/unitree/go2_ros2_ws/install/unitree_go/include/unitree_go/msg/rosidl_generator_c__visibility_control.h
[1.200s] -- Up-to-date: /home/unitree/go2_ros2_ws/install/unitree_go/include/unitree_go/msg/path_point.h
[1.200s] -- Up-to-date: /home/unitree/go2_ros2_ws/install/unitree_go/include/unitree_go/msg/imu_state.h
[1.200s] -- Up-to-date: /home/unitree/go2_ros2_ws/install/unitree_go/include/unitree_go/msg/motor_cmd.h
[1.200s] -- Up-to-date: /home/unitree/go2_ros2_ws/install/unitree_go/include/unitree_go/msg/bms_state.h
[1.201s] -- Up-to-date: /home/unitree/go2_ros2_ws/install/unitree_go/include/unitree_go/msg/interface_config.h
[1.201s] -- Up-to-date: /home/unitree/go2_ros2_ws/install/unitree_go/include/unitree_go/msg/time_spec.h
[1.201s] -- Up-to-date: /home/unitree/go2_ros2_ws/install/unitree_go/include/unitree_go/msg/bms_cmd.h
[1.201s] -- Up-to-date: /home/unitree/go2_ros2_ws/install/unitree_go/include/unitree_go/msg/height_map.h
[1.201s] -- Up-to-date: /home/unitree/go2_ros2_ws/install/unitree_go/include/unitree_go/msg/uwb_switch.h
[1.201s] -- Up-to-date: /home/unitree/go2_ros2_ws/install/unitree_go/include/unitree_go/msg/res.h
[1.201s] -- Up-to-date: /home/unitree/go2_ros2_ws/install/unitree_go/include/unitree_go/msg/sport_mode_cmd.h
[1.201s] -- Up-to-date: /home/unitree/go2_ros2_ws/install/unitree_go/include/unitree_go/msg/audio_data.h
[1.201s] -- Up-to-date: /home/unitree/go2_ros2_ws/install/unitree_go/include/unitree_go/msg/lidar_state.h
[1.202s] -- Up-to-date: /home/unitree/go2_ros2_ws/install/unitree_go/include/unitree_go/msg/go2_front_video_data.h
[1.202s] -- Up-to-date: /home/unitree/go2_ros2_ws/install/unitree_go/include/unitree_go/msg/uwb_state.h
[1.202s] -- Up-to-date: /home/unitree/go2_ros2_ws/install/unitree_go/include/unitree_go/msg/motor_state.h
[1.202s] -- Up-to-date: /home/unitree/go2_ros2_ws/install/unitree_go/include/unitree_go/msg/req.h
[1.202s] -- Up-to-date: /home/unitree/go2_ros2_ws/install/unitree_go/include/unitree_go/msg/detail
[1.202s] -- Up-to-date: /home/unitree/go2_ros2_ws/install/unitree_go/include/unitree_go/msg/detail/motor_cmd__functions.h
[1.202s] -- Up-to-date: /home/unitree/go2_ros2_ws/install/unitree_go/include/unitree_go/msg/detail/req__functions.h
[1.202s] -- Up-to-date: /home/unitree/go2_ros2_ws/install/unitree_go/include/unitree_go/msg/detail/sport_mode_cmd__functions.h
[1.202s] -- Up-to-date: /home/unitree/go2_ros2_ws/install/unitree_go/include/unitree_go/msg/detail/motor_cmd__functions.c
[1.203s] -- Up-to-date: /home/unitree/go2_ros2_ws/install/unitree_go/include/unitree_go/msg/detail/go2_front_video_data__functions.c
[1.203s] -- Up-to-date: /home/unitree/go2_ros2_ws/install/unitree_go/include/unitree_go/msg/detail/low_cmd__type_support.h
[1.203s] -- Up-to-date: /home/unitree/go2_ros2_ws/install/unitree_go/include/unitree_go/msg/detail/uwb_switch__functions.h
[1.203s] -- Up-to-date: /home/unitree/go2_ros2_ws/install/unitree_go/include/unitree_go/msg/detail/uwb_state__type_support.h
[1.203s] -- Up-to-date: /home/unitree/go2_ros2_ws/install/unitree_go/include/unitree_go/msg/detail/motor_cmd__struct.h
[1.203s] -- Up-to-date: /home/unitree/go2_ros2_ws/install/unitree_go/include/unitree_go/msg/detail/low_state__struct.h
[1.203s] -- Up-to-date: /home/unitree/go2_ros2_ws/install/unitree_go/include/unitree_go/msg/detail/sport_mode_state__functions.h
[1.204s] -- Up-to-date: /home/unitree/go2_ros2_ws/install/unitree_go/include/unitree_go/msg/detail/bms_state__functions.c
[1.204s] -- Up-to-date: /home/unitree/go2_ros2_ws/install/unitree_go/include/unitree_go/msg/detail/uwb_state__struct.h
[1.204s] -- Up-to-date: /home/unitree/go2_ros2_ws/install/unitree_go/include/unitree_go/msg/detail/res__struct.h
[1.204s] -- Up-to-date: /home/unitree/go2_ros2_ws/install/unitree_go/include/unitree_go/msg/detail/interface_config__struct.h
[1.204s] -- Up-to-date: /home/unitree/go2_ros2_ws/install/unitree_go/include/unitree_go/msg/detail/audio_data__type_support.h
[1.204s] -- Up-to-date: /home/unitree/go2_ros2_ws/install/unitree_go/include/unitree_go/msg/detail/lidar_state__functions.c
[1.204s] -- Up-to-date: /home/unitree/go2_ros2_ws/install/unitree_go/include/unitree_go/msg/detail/wireless_controller__functions.c
[1.204s] -- Up-to-date: /home/unitree/go2_ros2_ws/install/unitree_go/include/unitree_go/msg/detail/interface_config__functions.h
[1.204s] -- Up-to-date: /home/unitree/go2_ros2_ws/install/unitree_go/include/unitree_go/msg/detail/audio_data__struct.h
[1.205s] -- Up-to-date: /home/unitree/go2_ros2_ws/install/unitree_go/include/unitree_go/msg/detail/low_state__functions.h
[1.205s] -- Up-to-date: /home/unitree/go2_ros2_ws/install/unitree_go/include/unitree_go/msg/detail/res__type_support.h
[1.205s] -- Up-to-date: /home/unitree/go2_ros2_ws/install/unitree_go/include/unitree_go/msg/detail/motor_cmd__type_support.h
[1.205s] -- Up-to-date: /home/unitree/go2_ros2_ws/install/unitree_go/include/unitree_go/msg/detail/error__functions.h
[1.205s] -- Up-to-date: /home/unitree/go2_ros2_ws/install/unitree_go/include/unitree_go/msg/detail/res__functions.h
[1.205s] -- Up-to-date: /home/unitree/go2_ros2_ws/install/unitree_go/include/unitree_go/msg/detail/interface_config__functions.c
[1.205s] -- Up-to-date: /home/unitree/go2_ros2_ws/install/unitree_go/include/unitree_go/msg/detail/height_map__functions.h
[1.205s] -- Up-to-date: /home/unitree/go2_ros2_ws/install/unitree_go/include/unitree_go/msg/detail/bms_cmd__functions.c
[1.206s] -- Up-to-date: /home/unitree/go2_ros2_ws/install/unitree_go/include/unitree_go/msg/detail/lidar_state__struct.h
[1.206s] -- Up-to-date: /home/unitree/go2_ros2_ws/install/unitree_go/include/unitree_go/msg/detail/uwb_switch__functions.c
[1.206s] -- Up-to-date: /home/unitree/go2_ros2_ws/install/unitree_go/include/unitree_go/msg/detail/bms_state__functions.h
[1.206s] -- Up-to-date: /home/unitree/go2_ros2_ws/install/unitree_go/include/unitree_go/msg/detail/audio_data__functions.c
[1.206s] -- Up-to-date: /home/unitree/go2_ros2_ws/install/unitree_go/include/unitree_go/msg/detail/error__functions.c
[1.206s] -- Up-to-date: /home/unitree/go2_ros2_ws/install/unitree_go/include/unitree_go/msg/detail/bms_state__struct.h
[1.206s] -- Up-to-date: /home/unitree/go2_ros2_ws/install/unitree_go/include/unitree_go/msg/detail/low_cmd__struct.h
[1.206s] -- Up-to-date: /home/unitree/go2_ros2_ws/install/unitree_go/include/unitree_go/msg/detail/motor_state__struct.h
[1.207s] -- Up-to-date: /home/unitree/go2_ros2_ws/install/unitree_go/include/unitree_go/msg/detail/wireless_controller__functions.h
[1.207s] -- Up-to-date: /home/unitree/go2_ros2_ws/install/unitree_go/include/unitree_go/msg/detail/sport_mode_state__struct.h
[1.207s] -- Up-to-date: /home/unitree/go2_ros2_ws/install/unitree_go/include/unitree_go/msg/detail/sport_mode_cmd__struct.h
[1.207s] -- Up-to-date: /home/unitree/go2_ros2_ws/install/unitree_go/include/unitree_go/msg/detail/interface_config__type_support.h
[1.207s] -- Up-to-date: /home/unitree/go2_ros2_ws/install/unitree_go/include/unitree_go/msg/detail/sport_mode_state__functions.c
[1.207s] -- Up-to-date: /home/unitree/go2_ros2_ws/install/unitree_go/include/unitree_go/msg/detail/go2_front_video_data__type_support.h
[1.207s] -- Up-to-date: /home/unitree/go2_ros2_ws/install/unitree_go/include/unitree_go/msg/detail/low_cmd__functions.h
[1.207s] -- Up-to-date: /home/unitree/go2_ros2_ws/install/unitree_go/include/unitree_go/msg/detail/wireless_controller__struct.h
[1.207s] -- Up-to-date: /home/unitree/go2_ros2_ws/install/unitree_go/include/unitree_go/msg/detail/bms_cmd__struct.h
[1.208s] -- Up-to-date: /home/unitree/go2_ros2_ws/install/unitree_go/include/unitree_go/msg/detail/sport_mode_state__type_support.h
[1.208s] -- Up-to-date: /home/unitree/go2_ros2_ws/install/unitree_go/include/unitree_go/msg/detail/motor_state__type_support.h
[1.208s] -- Up-to-date: /home/unitree/go2_ros2_ws/install/unitree_go/include/unitree_go/msg/detail/time_spec__functions.c
[1.208s] -- Up-to-date: /home/unitree/go2_ros2_ws/install/unitree_go/include/unitree_go/msg/detail/height_map__struct.h
[1.208s] -- Up-to-date: /home/unitree/go2_ros2_ws/install/unitree_go/include/unitree_go/msg/detail/go2_front_video_data__struct.h
[1.208s] -- Up-to-date: /home/unitree/go2_ros2_ws/install/unitree_go/include/unitree_go/msg/detail/audio_data__functions.h
[1.208s] -- Up-to-date: /home/unitree/go2_ros2_ws/install/unitree_go/include/unitree_go/msg/detail/time_spec__functions.h
[1.209s] -- Up-to-date: /home/unitree/go2_ros2_ws/install/unitree_go/include/unitree_go/msg/detail/time_spec__struct.h
[1.209s] -- Up-to-date: /home/unitree/go2_ros2_ws/install/unitree_go/include/unitree_go/msg/detail/uwb_state__functions.h
[1.209s] -- Up-to-date: /home/unitree/go2_ros2_ws/install/unitree_go/include/unitree_go/msg/detail/imu_state__type_support.h
[1.209s] -- Up-to-date: /home/unitree/go2_ros2_ws/install/unitree_go/include/unitree_go/msg/detail/path_point__struct.h
[1.209s] -- Up-to-date: /home/unitree/go2_ros2_ws/install/unitree_go/include/unitree_go/msg/detail/uwb_switch__type_support.h
[1.209s] -- Up-to-date: /home/unitree/go2_ros2_ws/install/unitree_go/include/unitree_go/msg/detail/uwb_state__functions.c
[1.219s] -- Up-to-date: /home/unitree/go2_ros2_ws/install/unitree_go/include/unitree_go/msg/detail/height_map__type_support.h
[1.219s] -- Up-to-date: /home/unitree/go2_ros2_ws/install/unitree_go/include/unitree_go/msg/detail/low_state__functions.c
[1.220s] -- Up-to-date: /home/unitree/go2_ros2_ws/install/unitree_go/include/unitree_go/msg/detail/bms_cmd__functions.h
[1.220s] -- Up-to-date: /home/unitree/go2_ros2_ws/install/unitree_go/include/unitree_go/msg/detail/time_spec__type_support.h
[1.220s] -- Up-to-date: /home/unitree/go2_ros2_ws/install/unitree_go/include/unitree_go/msg/detail/req__type_support.h
[1.220s] -- Up-to-date: /home/unitree/go2_ros2_ws/install/unitree_go/include/unitree_go/msg/detail/path_point__functions.h
[1.220s] -- Up-to-date: /home/unitree/go2_ros2_ws/install/unitree_go/include/unitree_go/msg/detail/error__type_support.h
[1.220s] -- Up-to-date: /home/unitree/go2_ros2_ws/install/unitree_go/include/unitree_go/msg/detail/bms_state__type_support.h
[1.220s] -- Up-to-date: /home/unitree/go2_ros2_ws/install/unitree_go/include/unitree_go/msg/detail/lidar_state__functions.h
[1.220s] -- Up-to-date: /home/unitree/go2_ros2_ws/install/unitree_go/include/unitree_go/msg/detail/req__struct.h
[1.220s] -- Up-to-date: /home/unitree/go2_ros2_ws/install/unitree_go/include/unitree_go/msg/detail/error__struct.h
[1.221s] -- Up-to-date: /home/unitree/go2_ros2_ws/install/unitree_go/include/unitree_go/msg/detail/req__functions.c
[1.221s] -- Up-to-date: /home/unitree/go2_ros2_ws/install/unitree_go/include/unitree_go/msg/detail/wireless_controller__type_support.h
[1.221s] -- Up-to-date: /home/unitree/go2_ros2_ws/install/unitree_go/include/unitree_go/msg/detail/motor_state__functions.c
[1.221s] -- Up-to-date: /home/unitree/go2_ros2_ws/install/unitree_go/include/unitree_go/msg/detail/res__functions.c
[1.221s] -- Up-to-date: /home/unitree/go2_ros2_ws/install/unitree_go/include/unitree_go/msg/detail/lidar_state__type_support.h
[1.221s] -- Up-to-date: /home/unitree/go2_ros2_ws/install/unitree_go/include/unitree_go/msg/detail/low_state__type_support.h
[1.221s] -- Up-to-date: /home/unitree/go2_ros2_ws/install/unitree_go/include/unitree_go/msg/detail/bms_cmd__type_support.h
[1.221s] -- Up-to-date: /home/unitree/go2_ros2_ws/install/unitree_go/include/unitree_go/msg/detail/sport_mode_cmd__functions.c
[1.222s] -- Up-to-date: /home/unitree/go2_ros2_ws/install/unitree_go/include/unitree_go/msg/detail/imu_state__struct.h
[1.222s] -- Up-to-date: /home/unitree/go2_ros2_ws/install/unitree_go/include/unitree_go/msg/detail/path_point__type_support.h
[1.222s] -- Up-to-date: /home/unitree/go2_ros2_ws/install/unitree_go/include/unitree_go/msg/detail/height_map__functions.c
[1.222s] -- Up-to-date: /home/unitree/go2_ros2_ws/install/unitree_go/include/unitree_go/msg/detail/imu_state__functions.c
[1.222s] -- Up-to-date: /home/unitree/go2_ros2_ws/install/unitree_go/include/unitree_go/msg/detail/path_point__functions.c
[1.222s] -- Up-to-date: /home/unitree/go2_ros2_ws/install/unitree_go/include/unitree_go/msg/detail/sport_mode_cmd__type_support.h
[1.222s] -- Up-to-date: /home/unitree/go2_ros2_ws/install/unitree_go/include/unitree_go/msg/detail/motor_state__functions.h
[1.222s] -- Up-to-date: /home/unitree/go2_ros2_ws/install/unitree_go/include/unitree_go/msg/detail/go2_front_video_data__functions.h
[1.222s] -- Up-to-date: /home/unitree/go2_ros2_ws/install/unitree_go/include/unitree_go/msg/detail/imu_state__functions.h
[1.223s] -- Up-to-date: /home/unitree/go2_ros2_ws/install/unitree_go/include/unitree_go/msg/detail/uwb_switch__struct.h
[1.223s] -- Up-to-date: /home/unitree/go2_ros2_ws/install/unitree_go/include/unitree_go/msg/detail/low_cmd__functions.c
[1.223s] -- Up-to-date: /home/unitree/go2_ros2_ws/install/unitree_go/include/unitree_go/msg/wireless_controller.h
[1.223s] -- Up-to-date: /home/unitree/go2_ros2_ws/install/unitree_go/include/unitree_go/msg/sport_mode_state.h
[1.223s] -- Up-to-date: /home/unitree/go2_ros2_ws/install/unitree_go/include/unitree_go/msg/error.h
[1.223s] -- Up-to-date: /home/unitree/go2_ros2_ws/install/unitree_go/include/unitree_go/msg/low_state.h
[1.223s] -- Up-to-date: /home/unitree/go2_ros2_ws/install/unitree_go/include/unitree_go/msg/low_cmd.h
[1.225s] -- Up-to-date: /home/unitree/go2_ros2_ws/install/unitree_go/share/unitree_go/environment/library_path.sh
[1.225s] -- Up-to-date: /home/unitree/go2_ros2_ws/install/unitree_go/share/unitree_go/environment/library_path.dsv
[1.225s] -- Up-to-date: /home/unitree/go2_ros2_ws/install/unitree_go/lib/libunitree_go__rosidl_generator_c.so
[1.226s] -- Up-to-date: /home/unitree/go2_ros2_ws/install/unitree_go/include/unitree_go
[1.226s] -- Up-to-date: /home/unitree/go2_ros2_ws/install/unitree_go/include/unitree_go/msg
[1.226s] -- Up-to-date: /home/unitree/go2_ros2_ws/install/unitree_go/include/unitree_go/msg/rosidl_typesupport_fastrtps_c__visibility_control.h
[1.227s] -- Up-to-date: /home/unitree/go2_ros2_ws/install/unitree_go/include/unitree_go/msg/detail
[1.227s] -- Up-to-date: /home/unitree/go2_ros2_ws/install/unitree_go/include/unitree_go/msg/detail/bms_cmd__rosidl_typesupport_fastrtps_c.h
[1.227s] -- Up-to-date: /home/unitree/go2_ros2_ws/install/unitree_go/include/unitree_go/msg/detail/height_map__rosidl_typesupport_fastrtps_c.h
[1.228s] -- Up-to-date: /home/unitree/go2_ros2_ws/install/unitree_go/include/unitree_go/msg/detail/time_spec__rosidl_typesupport_fastrtps_c.h
[1.228s] -- Up-to-date: /home/unitree/go2_ros2_ws/install/unitree_go/include/unitree_go/msg/detail/interface_config__rosidl_typesupport_fastrtps_c.h
[1.228s] -- Up-to-date: /home/unitree/go2_ros2_ws/install/unitree_go/include/unitree_go/msg/detail/motor_state__rosidl_typesupport_fastrtps_c.h
[1.228s] -- Up-to-date: /home/unitree/go2_ros2_ws/install/unitree_go/include/unitree_go/msg/detail/audio_data__rosidl_typesupport_fastrtps_c.h
[1.228s] -- Up-to-date: /home/unitree/go2_ros2_ws/install/unitree_go/include/unitree_go/msg/detail/go2_front_video_data__rosidl_typesupport_fastrtps_c.h
[1.228s] -- Up-to-date: /home/unitree/go2_ros2_ws/install/unitree_go/include/unitree_go/msg/detail/wireless_controller__rosidl_typesupport_fastrtps_c.h
[1.228s] -- Up-to-date: /home/unitree/go2_ros2_ws/install/unitree_go/include/unitree_go/msg/detail/error__rosidl_typesupport_fastrtps_c.h
[1.229s] -- Up-to-date: /home/unitree/go2_ros2_ws/install/unitree_go/include/unitree_go/msg/detail/low_cmd__rosidl_typesupport_fastrtps_c.h
[1.229s] -- Up-to-date: /home/unitree/go2_ros2_ws/install/unitree_go/include/unitree_go/msg/detail/uwb_state__rosidl_typesupport_fastrtps_c.h
[1.229s] -- Up-to-date: /home/unitree/go2_ros2_ws/install/unitree_go/include/unitree_go/msg/detail/lidar_state__rosidl_typesupport_fastrtps_c.h
[1.229s] -- Up-to-date: /home/unitree/go2_ros2_ws/install/unitree_go/include/unitree_go/msg/detail/uwb_switch__rosidl_typesupport_fastrtps_c.h
[1.229s] -- Up-to-date: /home/unitree/go2_ros2_ws/install/unitree_go/include/unitree_go/msg/detail/res__rosidl_typesupport_fastrtps_c.h
[1.229s] -- Up-to-date: /home/unitree/go2_ros2_ws/install/unitree_go/include/unitree_go/msg/detail/bms_state__rosidl_typesupport_fastrtps_c.h
[1.244s] -- Up-to-date: /home/unitree/go2_ros2_ws/install/unitree_go/include/unitree_go/msg/detail/imu_state__rosidl_typesupport_fastrtps_c.h
[1.244s] -- Up-to-date: /home/unitree/go2_ros2_ws/install/unitree_go/include/unitree_go/msg/detail/low_state__rosidl_typesupport_fastrtps_c.h
[1.244s] -- Up-to-date: /home/unitree/go2_ros2_ws/install/unitree_go/include/unitree_go/msg/detail/sport_mode_cmd__rosidl_typesupport_fastrtps_c.h
[1.245s] -- Up-to-date: /home/unitree/go2_ros2_ws/install/unitree_go/include/unitree_go/msg/detail/path_point__rosidl_typesupport_fastrtps_c.h
[1.245s] -- Up-to-date: /home/unitree/go2_ros2_ws/install/unitree_go/include/unitree_go/msg/detail/motor_cmd__rosidl_typesupport_fastrtps_c.h
[1.246s] -- Up-to-date: /home/unitree/go2_ros2_ws/install/unitree_go/include/unitree_go/msg/detail/req__rosidl_typesupport_fastrtps_c.h
[1.246s] -- Up-to-date: /home/unitree/go2_ros2_ws/install/unitree_go/include/unitree_go/msg/detail/sport_mode_state__rosidl_typesupport_fastrtps_c.h
[1.249s] -- Up-to-date: /home/unitree/go2_ros2_ws/install/unitree_go/lib/libunitree_go__rosidl_typesupport_fastrtps_c.so
[1.249s] -- Up-to-date: /home/unitree/go2_ros2_ws/install/unitree_go/include/unitree_go
[1.250s] -- Up-to-date: /home/unitree/go2_ros2_ws/install/unitree_go/include/unitree_go/msg
[1.259s] -- Up-to-date: /home/unitree/go2_ros2_ws/install/unitree_go/include/unitree_go/msg/rosidl_typesupport_fastrtps_cpp__visibility_control.h
[1.261s] -- Up-to-date: /home/unitree/go2_ros2_ws/install/unitree_go/include/unitree_go/msg/detail
[1.261s] -- Up-to-date: /home/unitree/go2_ros2_ws/install/unitree_go/include/unitree_go/msg/detail/sport_mode_state__rosidl_typesupport_fastrtps_cpp.hpp
[1.262s] -- Up-to-date: /home/unitree/go2_ros2_ws/install/unitree_go/include/unitree_go/msg/detail/low_cmd__rosidl_typesupport_fastrtps_cpp.hpp
[1.262s] -- Up-to-date: /home/unitree/go2_ros2_ws/install/unitree_go/include/unitree_go/msg/detail/time_spec__rosidl_typesupport_fastrtps_cpp.hpp
[1.263s] -- Up-to-date: /home/unitree/go2_ros2_ws/install/unitree_go/include/unitree_go/msg/detail/bms_state__rosidl_typesupport_fastrtps_cpp.hpp
[1.263s] -- Up-to-date: /home/unitree/go2_ros2_ws/install/unitree_go/include/unitree_go/msg/detail/interface_config__rosidl_typesupport_fastrtps_cpp.hpp
[1.264s] -- Up-to-date: /home/unitree/go2_ros2_ws/install/unitree_go/include/unitree_go/msg/detail/go2_front_video_data__rosidl_typesupport_fastrtps_cpp.hpp
[1.264s] -- Up-to-date: /home/unitree/go2_ros2_ws/install/unitree_go/include/unitree_go/msg/detail/wireless_controller__rosidl_typesupport_fastrtps_cpp.hpp
[1.264s] -- Up-to-date: /home/unitree/go2_ros2_ws/install/unitree_go/include/unitree_go/msg/detail/motor_state__rosidl_typesupport_fastrtps_cpp.hpp
[1.265s] -- Up-to-date: /home/unitree/go2_ros2_ws/install/unitree_go/include/unitree_go/msg/detail/audio_data__rosidl_typesupport_fastrtps_cpp.hpp
[1.265s] -- Up-to-date: /home/unitree/go2_ros2_ws/install/unitree_go/include/unitree_go/msg/detail/bms_cmd__rosidl_typesupport_fastrtps_cpp.hpp
[1.266s] -- Up-to-date: /home/unitree/go2_ros2_ws/install/unitree_go/include/unitree_go/msg/detail/lidar_state__rosidl_typesupport_fastrtps_cpp.hpp
[1.266s] -- Up-to-date: /home/unitree/go2_ros2_ws/install/unitree_go/include/unitree_go/msg/detail/req__rosidl_typesupport_fastrtps_cpp.hpp
[1.267s] -- Up-to-date: /home/unitree/go2_ros2_ws/install/unitree_go/include/unitree_go/msg/detail/sport_mode_cmd__rosidl_typesupport_fastrtps_cpp.hpp
[1.268s] -- Up-to-date: /home/unitree/go2_ros2_ws/install/unitree_go/include/unitree_go/msg/detail/height_map__rosidl_typesupport_fastrtps_cpp.hpp
[1.268s] -- Up-to-date: /home/unitree/go2_ros2_ws/install/unitree_go/include/unitree_go/msg/detail/error__rosidl_typesupport_fastrtps_cpp.hpp
[1.268s] -- Up-to-date: /home/unitree/go2_ros2_ws/install/unitree_go/include/unitree_go/msg/detail/uwb_state__rosidl_typesupport_fastrtps_cpp.hpp
[1.269s] -- Up-to-date: /home/unitree/go2_ros2_ws/install/unitree_go/include/unitree_go/msg/detail/motor_cmd__rosidl_typesupport_fastrtps_cpp.hpp
[1.270s] -- Up-to-date: /home/unitree/go2_ros2_ws/install/unitree_go/include/unitree_go/msg/detail/res__rosidl_typesupport_fastrtps_cpp.hpp
[1.270s] -- Up-to-date: /home/unitree/go2_ros2_ws/install/unitree_go/include/unitree_go/msg/detail/low_state__rosidl_typesupport_fastrtps_cpp.hpp
[1.270s] -- Up-to-date: /home/unitree/go2_ros2_ws/install/unitree_go/include/unitree_go/msg/detail/imu_state__rosidl_typesupport_fastrtps_cpp.hpp
[1.270s] -- Up-to-date: /home/unitree/go2_ros2_ws/install/unitree_go/include/unitree_go/msg/detail/path_point__rosidl_typesupport_fastrtps_cpp.hpp
[1.271s] -- Up-to-date: /home/unitree/go2_ros2_ws/install/unitree_go/include/unitree_go/msg/detail/dds_fastrtps
[1.271s] -- Up-to-date: /home/unitree/go2_ros2_ws/install/unitree_go/include/unitree_go/msg/detail/uwb_switch__rosidl_typesupport_fastrtps_cpp.hpp
[1.272s] -- Up-to-date: /home/unitree/go2_ros2_ws/install/unitree_go/lib/libunitree_go__rosidl_typesupport_fastrtps_cpp.so
[1.272s] -- Up-to-date: /home/unitree/go2_ros2_ws/install/unitree_go/include/unitree_go
[1.273s] -- Up-to-date: /home/unitree/go2_ros2_ws/install/unitree_go/include/unitree_go/msg
[1.274s] -- Up-to-date: /home/unitree/go2_ros2_ws/install/unitree_go/include/unitree_go/msg/rosidl_typesupport_introspection_c__visibility_control.h
[1.274s] -- Up-to-date: /home/unitree/go2_ros2_ws/install/unitree_go/include/unitree_go/msg/detail
[1.275s] -- Up-to-date: /home/unitree/go2_ros2_ws/install/unitree_go/include/unitree_go/msg/detail/uwb_switch__type_support.c
[1.275s] -- Up-to-date: /home/unitree/go2_ros2_ws/install/unitree_go/include/unitree_go/msg/detail/audio_data__type_support.c
[1.275s] -- Up-to-date: /home/unitree/go2_ros2_ws/install/unitree_go/include/unitree_go/msg/detail/low_state__type_support.c
[1.275s] -- Up-to-date: /home/unitree/go2_ros2_ws/install/unitree_go/include/unitree_go/msg/detail/height_map__rosidl_typesupport_introspection_c.h
[1.275s] -- Up-to-date: /home/unitree/go2_ros2_ws/install/unitree_go/include/unitree_go/msg/detail/uwb_state__type_support.c
[1.275s] -- Up-to-date: /home/unitree/go2_ros2_ws/install/unitree_go/include/unitree_go/msg/detail/motor_cmd__type_support.c
[1.276s] -- Up-to-date: /home/unitree/go2_ros2_ws/install/unitree_go/include/unitree_go/msg/detail/sport_mode_cmd__rosidl_typesupport_introspection_c.h
[1.276s] -- Up-to-date: /home/unitree/go2_ros2_ws/install/unitree_go/include/unitree_go/msg/detail/uwb_switch__rosidl_typesupport_introspection_c.h
[1.276s] -- Up-to-date: /home/unitree/go2_ros2_ws/install/unitree_go/include/unitree_go/msg/detail/motor_state__rosidl_typesupport_introspection_c.h
[1.304s] -- Up-to-date: /home/unitree/go2_ros2_ws/install/unitree_go/include/unitree_go/msg/detail/height_map__type_support.c
[1.311s] -- Up-to-date: /home/unitree/go2_ros2_ws/install/unitree_go/include/unitree_go/msg/detail/imu_state__type_support.c
[1.311s] -- Up-to-date: /home/unitree/go2_ros2_ws/install/unitree_go/include/unitree_go/msg/detail/lidar_state__type_support.c
[1.311s] -- Up-to-date: /home/unitree/go2_ros2_ws/install/unitree_go/include/unitree_go/msg/detail/sport_mode_cmd__type_support.c
[1.311s] -- Up-to-date: /home/unitree/go2_ros2_ws/install/unitree_go/include/unitree_go/msg/detail/low_state__rosidl_typesupport_introspection_c.h
[1.312s] -- Up-to-date: /home/unitree/go2_ros2_ws/install/unitree_go/include/unitree_go/msg/detail/error__rosidl_typesupport_introspection_c.h
[1.318s] -- Up-to-date: /home/unitree/go2_ros2_ws/install/unitree_go/include/unitree_go/msg/detail/sport_mode_state__rosidl_typesupport_introspection_c.h
[1.318s] -- Up-to-date: /home/unitree/go2_ros2_ws/install/unitree_go/include/unitree_go/msg/detail/res__type_support.c
[1.319s] -- Up-to-date: /home/unitree/go2_ros2_ws/install/unitree_go/include/unitree_go/msg/detail/path_point__rosidl_typesupport_introspection_c.h
[1.320s] -- Up-to-date: /home/unitree/go2_ros2_ws/install/unitree_go/include/unitree_go/msg/detail/error__type_support.c
[1.320s] -- Up-to-date: /home/unitree/go2_ros2_ws/install/unitree_go/include/unitree_go/msg/detail/imu_state__rosidl_typesupport_introspection_c.h
[1.320s] -- Up-to-date: /home/unitree/go2_ros2_ws/install/unitree_go/include/unitree_go/msg/detail/req__rosidl_typesupport_introspection_c.h
[1.320s] -- Up-to-date: /home/unitree/go2_ros2_ws/install/unitree_go/include/unitree_go/msg/detail/uwb_state__rosidl_typesupport_introspection_c.h
[1.321s] -- Up-to-date: /home/unitree/go2_ros2_ws/install/unitree_go/include/unitree_go/msg/detail/interface_config__type_support.c
[1.321s] -- Up-to-date: /home/unitree/go2_ros2_ws/install/unitree_go/include/unitree_go/msg/detail/bms_state__type_support.c
[1.322s] -- Up-to-date: /home/unitree/go2_ros2_ws/install/unitree_go/include/unitree_go/msg/detail/time_spec__rosidl_typesupport_introspection_c.h
[1.322s] -- Up-to-date: /home/unitree/go2_ros2_ws/install/unitree_go/include/unitree_go/msg/detail/motor_state__type_support.c
[1.322s] -- Up-to-date: /home/unitree/go2_ros2_ws/install/unitree_go/include/unitree_go/msg/detail/motor_cmd__rosidl_typesupport_introspection_c.h
[1.322s] -- Up-to-date: /home/unitree/go2_ros2_ws/install/unitree_go/include/unitree_go/msg/detail/path_point__type_support.c
[1.323s] -- Up-to-date: /home/unitree/go2_ros2_ws/install/unitree_go/include/unitree_go/msg/detail/bms_cmd__type_support.c
[1.323s] -- Up-to-date: /home/unitree/go2_ros2_ws/install/unitree_go/include/unitree_go/msg/detail/low_cmd__rosidl_typesupport_introspection_c.h
[1.323s] -- Up-to-date: /home/unitree/go2_ros2_ws/install/unitree_go/include/unitree_go/msg/detail/go2_front_video_data__type_support.c
[1.323s] -- Up-to-date: /home/unitree/go2_ros2_ws/install/unitree_go/include/unitree_go/msg/detail/low_cmd__type_support.c
[1.324s] -- Up-to-date: /home/unitree/go2_ros2_ws/install/unitree_go/include/unitree_go/msg/detail/interface_config__rosidl_typesupport_introspection_c.h
[1.324s] -- Up-to-date: /home/unitree/go2_ros2_ws/install/unitree_go/include/unitree_go/msg/detail/audio_data__rosidl_typesupport_introspection_c.h
[1.324s] -- Up-to-date: /home/unitree/go2_ros2_ws/install/unitree_go/include/unitree_go/msg/detail/sport_mode_state__type_support.c
[1.324s] -- Up-to-date: /home/unitree/go2_ros2_ws/install/unitree_go/include/unitree_go/msg/detail/wireless_controller__type_support.c
[1.325s] -- Up-to-date: /home/unitree/go2_ros2_ws/install/unitree_go/include/unitree_go/msg/detail/lidar_state__rosidl_typesupport_introspection_c.h
[1.325s] -- Up-to-date: /home/unitree/go2_ros2_ws/install/unitree_go/include/unitree_go/msg/detail/bms_state__rosidl_typesupport_introspection_c.h
[1.325s] -- Up-to-date: /home/unitree/go2_ros2_ws/install/unitree_go/include/unitree_go/msg/detail/wireless_controller__rosidl_typesupport_introspection_c.h
[1.325s] -- Up-to-date: /home/unitree/go2_ros2_ws/install/unitree_go/include/unitree_go/msg/detail/bms_cmd__rosidl_typesupport_introspection_c.h
[1.325s] -- Up-to-date: /home/unitree/go2_ros2_ws/install/unitree_go/include/unitree_go/msg/detail/res__rosidl_typesupport_introspection_c.h
[1.326s] -- Up-to-date: /home/unitree/go2_ros2_ws/install/unitree_go/include/unitree_go/msg/detail/req__type_support.c
[1.326s] -- Up-to-date: /home/unitree/go2_ros2_ws/install/unitree_go/include/unitree_go/msg/detail/time_spec__type_support.c
[1.326s] -- Up-to-date: /home/unitree/go2_ros2_ws/install/unitree_go/include/unitree_go/msg/detail/go2_front_video_data__rosidl_typesupport_introspection_c.h
[1.326s] -- Up-to-date: /home/unitree/go2_ros2_ws/install/unitree_go/lib/libunitree_go__rosidl_typesupport_introspection_c.so
[1.326s] -- Up-to-date: /home/unitree/go2_ros2_ws/install/unitree_go/lib/libunitree_go__rosidl_typesupport_c.so
[1.326s] -- Up-to-date: /home/unitree/go2_ros2_ws/install/unitree_go/include/unitree_go
[1.327s] -- Up-to-date: /home/unitree/go2_ros2_ws/install/unitree_go/include/unitree_go/msg
[1.327s] -- Up-to-date: /home/unitree/go2_ros2_ws/install/unitree_go/include/unitree_go/msg/path_point.hpp
[1.327s] -- Up-to-date: /home/unitree/go2_ros2_ws/install/unitree_go/include/unitree_go/msg/audio_data.hpp
[1.327s] -- Up-to-date: /home/unitree/go2_ros2_ws/install/unitree_go/include/unitree_go/msg/motor_state.hpp
[1.327s] -- Up-to-date: /home/unitree/go2_ros2_ws/install/unitree_go/include/unitree_go/msg/lidar_state.hpp
[1.327s] -- Up-to-date: /home/unitree/go2_ros2_ws/install/unitree_go/include/unitree_go/msg/imu_state.hpp
[1.327s] -- Up-to-date: /home/unitree/go2_ros2_ws/install/unitree_go/include/unitree_go/msg/go2_front_video_data.hpp
[1.329s] -- Up-to-date: /home/unitree/go2_ros2_ws/install/unitree_go/include/unitree_go/msg/motor_cmd.hpp
[1.329s] -- Up-to-date: /home/unitree/go2_ros2_ws/install/unitree_go/include/unitree_go/msg/low_state.hpp
[1.329s] -- Up-to-date: /home/unitree/go2_ros2_ws/install/unitree_go/include/unitree_go/msg/height_map.hpp
[1.330s] -- Up-to-date: /home/unitree/go2_ros2_ws/install/unitree_go/include/unitree_go/msg/sport_mode_state.hpp
[1.330s] -- Up-to-date: /home/unitree/go2_ros2_ws/install/unitree_go/include/unitree_go/msg/wireless_controller.hpp
[1.330s] -- Up-to-date: /home/unitree/go2_ros2_ws/install/unitree_go/include/unitree_go/msg/bms_cmd.hpp
[1.331s] -- Up-to-date: /home/unitree/go2_ros2_ws/install/unitree_go/include/unitree_go/msg/bms_state.hpp
[1.331s] -- Up-to-date: /home/unitree/go2_ros2_ws/install/unitree_go/include/unitree_go/msg/res.hpp
[1.331s] -- Up-to-date: /home/unitree/go2_ros2_ws/install/unitree_go/include/unitree_go/msg/sport_mode_cmd.hpp
[1.332s] -- Up-to-date: /home/unitree/go2_ros2_ws/install/unitree_go/include/unitree_go/msg/low_cmd.hpp
[1.332s] -- Up-to-date: /home/unitree/go2_ros2_ws/install/unitree_go/include/unitree_go/msg/interface_config.hpp
[1.332s] -- Up-to-date: /home/unitree/go2_ros2_ws/install/unitree_go/include/unitree_go/msg/req.hpp
[1.333s] -- Up-to-date: /home/unitree/go2_ros2_ws/install/unitree_go/include/unitree_go/msg/error.hpp
[1.335s] -- Up-to-date: /home/unitree/go2_ros2_ws/install/unitree_go/include/unitree_go/msg/detail
[1.335s] -- Up-to-date: /home/unitree/go2_ros2_ws/install/unitree_go/include/unitree_go/msg/detail/low_cmd__builder.hpp
[1.336s] -- Up-to-date: /home/unitree/go2_ros2_ws/install/unitree_go/include/unitree_go/msg/detail/motor_state__builder.hpp
[1.336s] -- Up-to-date: /home/unitree/go2_ros2_ws/install/unitree_go/include/unitree_go/msg/detail/res__struct.hpp
[1.337s] -- Up-to-date: /home/unitree/go2_ros2_ws/install/unitree_go/include/unitree_go/msg/detail/sport_mode_cmd__builder.hpp
[1.337s] -- Up-to-date: /home/unitree/go2_ros2_ws/install/unitree_go/include/unitree_go/msg/detail/motor_state__traits.hpp
[1.337s] -- Up-to-date: /home/unitree/go2_ros2_ws/install/unitree_go/include/unitree_go/msg/detail/interface_config__struct.hpp
[1.338s] -- Up-to-date: /home/unitree/go2_ros2_ws/install/unitree_go/include/unitree_go/msg/detail/time_spec__builder.hpp
[1.338s] -- Up-to-date: /home/unitree/go2_ros2_ws/install/unitree_go/include/unitree_go/msg/detail/imu_state__builder.hpp
[1.338s] -- Up-to-date: /home/unitree/go2_ros2_ws/install/unitree_go/include/unitree_go/msg/detail/uwb_state__builder.hpp
[1.339s] -- Up-to-date: /home/unitree/go2_ros2_ws/install/unitree_go/include/unitree_go/msg/detail/motor_cmd__builder.hpp
[1.339s] -- Up-to-date: /home/unitree/go2_ros2_ws/install/unitree_go/include/unitree_go/msg/detail/interface_config__builder.hpp
[1.339s] -- Up-to-date: /home/unitree/go2_ros2_ws/install/unitree_go/include/unitree_go/msg/detail/uwb_switch__builder.hpp
[1.340s] -- Up-to-date: /home/unitree/go2_ros2_ws/install/unitree_go/include/unitree_go/msg/detail/motor_state__type_support.hpp
[1.340s] -- Up-to-date: /home/unitree/go2_ros2_ws/install/unitree_go/include/unitree_go/msg/detail/motor_cmd__traits.hpp
[1.340s] -- Up-to-date: /home/unitree/go2_ros2_ws/install/unitree_go/include/unitree_go/msg/detail/go2_front_video_data__traits.hpp
[1.341s] -- Up-to-date: /home/unitree/go2_ros2_ws/install/unitree_go/include/unitree_go/msg/detail/height_map__struct.hpp
[1.341s] -- Up-to-date: /home/unitree/go2_ros2_ws/install/unitree_go/include/unitree_go/msg/detail/go2_front_video_data__builder.hpp
[1.342s] -- Up-to-date: /home/unitree/go2_ros2_ws/install/unitree_go/include/unitree_go/msg/detail/wireless_controller__type_support.hpp
[1.343s] -- Up-to-date: /home/unitree/go2_ros2_ws/install/unitree_go/include/unitree_go/msg/detail/bms_state__builder.hpp
[1.343s] -- Up-to-date: /home/unitree/go2_ros2_ws/install/unitree_go/include/unitree_go/msg/detail/height_map__type_support.hpp
[1.343s] -- Up-to-date: /home/unitree/go2_ros2_ws/install/unitree_go/include/unitree_go/msg/detail/low_cmd__type_support.hpp
[1.344s] -- Up-to-date: /home/unitree/go2_ros2_ws/install/unitree_go/include/unitree_go/msg/detail/bms_state__type_support.hpp
[1.344s] -- Up-to-date: /home/unitree/go2_ros2_ws/install/unitree_go/include/unitree_go/msg/detail/bms_cmd__traits.hpp
[1.344s] -- Up-to-date: /home/unitree/go2_ros2_ws/install/unitree_go/include/unitree_go/msg/detail/imu_state__traits.hpp
[1.344s] -- Up-to-date: /home/unitree/go2_ros2_ws/install/unitree_go/include/unitree_go/msg/detail/motor_state__struct.hpp
[1.345s] -- Up-to-date: /home/unitree/go2_ros2_ws/install/unitree_go/include/unitree_go/msg/detail/low_cmd__struct.hpp
[1.345s] -- Up-to-date: /home/unitree/go2_ros2_ws/install/unitree_go/include/unitree_go/msg/detail/res__type_support.hpp
[1.346s] -- Up-to-date: /home/unitree/go2_ros2_ws/install/unitree_go/include/unitree_go/msg/detail/low_state__builder.hpp
[1.346s] -- Up-to-date: /home/unitree/go2_ros2_ws/install/unitree_go/include/unitree_go/msg/detail/low_cmd__traits.hpp
[1.347s] -- Up-to-date: /home/unitree/go2_ros2_ws/install/unitree_go/include/unitree_go/msg/detail/height_map__traits.hpp
[1.347s] -- Up-to-date: /home/unitree/go2_ros2_ws/install/unitree_go/include/unitree_go/msg/detail/lidar_state__struct.hpp
[1.348s] -- Up-to-date: /home/unitree/go2_ros2_ws/install/unitree_go/include/unitree_go/msg/detail/lidar_state__builder.hpp
[1.348s] -- Up-to-date: /home/unitree/go2_ros2_ws/install/unitree_go/include/unitree_go/msg/detail/go2_front_video_data__type_support.hpp
[1.349s] -- Up-to-date: /home/unitree/go2_ros2_ws/install/unitree_go/include/unitree_go/msg/detail/res__traits.hpp
[1.349s] -- Up-to-date: /home/unitree/go2_ros2_ws/install/unitree_go/include/unitree_go/msg/detail/imu_state__type_support.hpp
[1.350s] -- Up-to-date: /home/unitree/go2_ros2_ws/install/unitree_go/include/unitree_go/msg/detail/audio_data__struct.hpp
[1.350s] -- Up-to-date: /home/unitree/go2_ros2_ws/install/unitree_go/include/unitree_go/msg/detail/uwb_switch__struct.hpp
[1.350s] -- Up-to-date: /home/unitree/go2_ros2_ws/install/unitree_go/include/unitree_go/msg/detail/go2_front_video_data__struct.hpp
[1.350s] -- Up-to-date: /home/unitree/go2_ros2_ws/install/unitree_go/include/unitree_go/msg/detail/wireless_controller__builder.hpp
[1.351s] -- Up-to-date: /home/unitree/go2_ros2_ws/install/unitree_go/include/unitree_go/msg/detail/sport_mode_cmd__type_support.hpp
[1.351s] -- Up-to-date: /home/unitree/go2_ros2_ws/install/unitree_go/include/unitree_go/msg/detail/wireless_controller__struct.hpp
[1.356s] -- Up-to-date: /home/unitree/go2_ros2_ws/install/unitree_go/include/unitree_go/msg/detail/interface_config__type_support.hpp
[1.356s] -- Up-to-date: /home/unitree/go2_ros2_ws/install/unitree_go/include/unitree_go/msg/detail/bms_cmd__type_support.hpp
[1.356s] -- Up-to-date: /home/unitree/go2_ros2_ws/install/unitree_go/include/unitree_go/msg/detail/sport_mode_cmd__traits.hpp
[1.357s] -- Up-to-date: /home/unitree/go2_ros2_ws/install/unitree_go/include/unitree_go/msg/detail/sport_mode_cmd__struct.hpp
[1.357s] -- Up-to-date: /home/unitree/go2_ros2_ws/install/unitree_go/include/unitree_go/msg/detail/time_spec__struct.hpp
[1.357s] -- Up-to-date: /home/unitree/go2_ros2_ws/install/unitree_go/include/unitree_go/msg/detail/interface_config__traits.hpp
[1.357s] -- Up-to-date: /home/unitree/go2_ros2_ws/install/unitree_go/include/unitree_go/msg/detail/uwb_switch__traits.hpp
[1.358s] -- Up-to-date: /home/unitree/go2_ros2_ws/install/unitree_go/include/unitree_go/msg/detail/audio_data__traits.hpp
[1.358s] -- Up-to-date: /home/unitree/go2_ros2_ws/install/unitree_go/include/unitree_go/msg/detail/audio_data__type_support.hpp
[1.358s] -- Up-to-date: /home/unitree/go2_ros2_ws/install/unitree_go/include/unitree_go/msg/detail/low_state__struct.hpp
[1.358s] -- Up-to-date: /home/unitree/go2_ros2_ws/install/unitree_go/include/unitree_go/msg/detail/bms_cmd__builder.hpp
[1.358s] -- Up-to-date: /home/unitree/go2_ros2_ws/install/unitree_go/include/unitree_go/msg/detail/path_point__builder.hpp
[1.359s] -- Up-to-date: /home/unitree/go2_ros2_ws/install/unitree_go/include/unitree_go/msg/detail/path_point__struct.hpp
[1.359s] -- Up-to-date: /home/unitree/go2_ros2_ws/install/unitree_go/include/unitree_go/msg/detail/sport_mode_state__builder.hpp
[1.359s] -- Up-to-date: /home/unitree/go2_ros2_ws/install/unitree_go/include/unitree_go/msg/detail/uwb_switch__type_support.hpp
[1.359s] -- Up-to-date: /home/unitree/go2_ros2_ws/install/unitree_go/include/unitree_go/msg/detail/error__builder.hpp
[1.360s] -- Up-to-date: /home/unitree/go2_ros2_ws/install/unitree_go/include/unitree_go/msg/detail/motor_cmd__type_support.hpp
[1.360s] -- Up-to-date: /home/unitree/go2_ros2_ws/install/unitree_go/include/unitree_go/msg/detail/error__traits.hpp
[1.360s] -- Up-to-date: /home/unitree/go2_ros2_ws/install/unitree_go/include/unitree_go/msg/detail/req__traits.hpp
[1.360s] -- Up-to-date: /home/unitree/go2_ros2_ws/install/unitree_go/include/unitree_go/msg/detail/low_state__traits.hpp
[1.360s] -- Up-to-date: /home/unitree/go2_ros2_ws/install/unitree_go/include/unitree_go/msg/detail/time_spec__traits.hpp
[1.360s] -- Up-to-date: /home/unitree/go2_ros2_ws/install/unitree_go/include/unitree_go/msg/detail/req__struct.hpp
[1.361s] -- Up-to-date: /home/unitree/go2_ros2_ws/install/unitree_go/include/unitree_go/msg/detail/imu_state__struct.hpp
[1.361s] -- Up-to-date: /home/unitree/go2_ros2_ws/install/unitree_go/include/unitree_go/msg/detail/error__type_support.hpp
[1.361s] -- Up-to-date: /home/unitree/go2_ros2_ws/install/unitree_go/include/unitree_go/msg/detail/low_state__type_support.hpp
[1.361s] -- Up-to-date: /home/unitree/go2_ros2_ws/install/unitree_go/include/unitree_go/msg/detail/height_map__builder.hpp
[1.361s] -- Up-to-date: /home/unitree/go2_ros2_ws/install/unitree_go/include/unitree_go/msg/detail/sport_mode_state__type_support.hpp
[1.362s] -- Up-to-date: /home/unitree/go2_ros2_ws/install/unitree_go/include/unitree_go/msg/detail/uwb_state__traits.hpp
[1.362s] -- Up-to-date: /home/unitree/go2_ros2_ws/install/unitree_go/include/unitree_go/msg/detail/res__builder.hpp
[1.362s] -- Up-to-date: /home/unitree/go2_ros2_ws/install/unitree_go/include/unitree_go/msg/detail/bms_state__struct.hpp
[1.362s] -- Up-to-date: /home/unitree/go2_ros2_ws/install/unitree_go/include/unitree_go/msg/detail/sport_mode_state__traits.hpp
[1.362s] -- Up-to-date: /home/unitree/go2_ros2_ws/install/unitree_go/include/unitree_go/msg/detail/bms_state__traits.hpp
[1.362s] -- Up-to-date: /home/unitree/go2_ros2_ws/install/unitree_go/include/unitree_go/msg/detail/motor_cmd__struct.hpp
[1.362s] -- Up-to-date: /home/unitree/go2_ros2_ws/install/unitree_go/include/unitree_go/msg/detail/uwb_state__type_support.hpp
[1.362s] -- Up-to-date: /home/unitree/go2_ros2_ws/install/unitree_go/include/unitree_go/msg/detail/wireless_controller__traits.hpp
[1.362s] -- Up-to-date: /home/unitree/go2_ros2_ws/install/unitree_go/include/unitree_go/msg/detail/audio_data__builder.hpp
[1.363s] -- Up-to-date: /home/unitree/go2_ros2_ws/install/unitree_go/include/unitree_go/msg/detail/lidar_state__traits.hpp
[1.363s] -- Up-to-date: /home/unitree/go2_ros2_ws/install/unitree_go/include/unitree_go/msg/detail/uwb_state__struct.hpp
[1.363s] -- Up-to-date: /home/unitree/go2_ros2_ws/install/unitree_go/include/unitree_go/msg/detail/path_point__traits.hpp
[1.363s] -- Up-to-date: /home/unitree/go2_ros2_ws/install/unitree_go/include/unitree_go/msg/detail/path_point__type_support.hpp
[1.363s] -- Up-to-date: /home/unitree/go2_ros2_ws/install/unitree_go/include/unitree_go/msg/detail/sport_mode_state__struct.hpp
[1.363s] -- Up-to-date: /home/unitree/go2_ros2_ws/install/unitree_go/include/unitree_go/msg/detail/req__type_support.hpp
[1.363s] -- Up-to-date: /home/unitree/go2_ros2_ws/install/unitree_go/include/unitree_go/msg/detail/bms_cmd__struct.hpp
[1.363s] -- Up-to-date: /home/unitree/go2_ros2_ws/install/unitree_go/include/unitree_go/msg/detail/req__builder.hpp
[1.363s] -- Up-to-date: /home/unitree/go2_ros2_ws/install/unitree_go/include/unitree_go/msg/detail/error__struct.hpp
[1.364s] -- Up-to-date: /home/unitree/go2_ros2_ws/install/unitree_go/include/unitree_go/msg/detail/lidar_state__type_support.hpp
[1.364s] -- Up-to-date: /home/unitree/go2_ros2_ws/install/unitree_go/include/unitree_go/msg/detail/time_spec__type_support.hpp
[1.364s] -- Up-to-date: /home/unitree/go2_ros2_ws/install/unitree_go/include/unitree_go/msg/rosidl_generator_cpp__visibility_control.hpp
[1.364s] -- Up-to-date: /home/unitree/go2_ros2_ws/install/unitree_go/include/unitree_go/msg/uwb_state.hpp
[1.364s] -- Up-to-date: /home/unitree/go2_ros2_ws/install/unitree_go/include/unitree_go/msg/uwb_switch.hpp
[1.364s] -- Up-to-date: /home/unitree/go2_ros2_ws/install/unitree_go/include/unitree_go/msg/time_spec.hpp
[1.364s] -- Up-to-date: /home/unitree/go2_ros2_ws/install/unitree_go/include/unitree_go
[1.365s] -- Up-to-date: /home/unitree/go2_ros2_ws/install/unitree_go/include/unitree_go/msg
[1.365s] -- Up-to-date: /home/unitree/go2_ros2_ws/install/unitree_go/include/unitree_go/msg/detail
[1.365s] -- Up-to-date: /home/unitree/go2_ros2_ws/install/unitree_go/include/unitree_go/msg/detail/interface_config__rosidl_typesupport_introspection_cpp.hpp
[1.365s] -- Up-to-date: /home/unitree/go2_ros2_ws/install/unitree_go/include/unitree_go/msg/detail/imu_state__type_support.cpp
[1.365s] -- Up-to-date: /home/unitree/go2_ros2_ws/install/unitree_go/include/unitree_go/msg/detail/lidar_state__type_support.cpp
[1.366s] -- Up-to-date: /home/unitree/go2_ros2_ws/install/unitree_go/include/unitree_go/msg/detail/height_map__type_support.cpp
[1.366s] -- Up-to-date: /home/unitree/go2_ros2_ws/install/unitree_go/include/unitree_go/msg/detail/motor_cmd__rosidl_typesupport_introspection_cpp.hpp
[1.366s] -- Up-to-date: /home/unitree/go2_ros2_ws/install/unitree_go/include/unitree_go/msg/detail/low_cmd__rosidl_typesupport_introspection_cpp.hpp
[1.367s] -- Up-to-date: /home/unitree/go2_ros2_ws/install/unitree_go/include/unitree_go/msg/detail/res__rosidl_typesupport_introspection_cpp.hpp
[1.368s] -- Up-to-date: /home/unitree/go2_ros2_ws/install/unitree_go/include/unitree_go/msg/detail/height_map__rosidl_typesupport_introspection_cpp.hpp
[1.369s] -- Up-to-date: /home/unitree/go2_ros2_ws/install/unitree_go/include/unitree_go/msg/detail/motor_cmd__type_support.cpp
[1.369s] -- Up-to-date: /home/unitree/go2_ros2_ws/install/unitree_go/include/unitree_go/msg/detail/uwb_switch__type_support.cpp
[1.369s] -- Up-to-date: /home/unitree/go2_ros2_ws/install/unitree_go/include/unitree_go/msg/detail/bms_cmd__type_support.cpp
[1.369s] -- Up-to-date: /home/unitree/go2_ros2_ws/install/unitree_go/include/unitree_go/msg/detail/wireless_controller__rosidl_typesupport_introspection_cpp.hpp
[1.369s] -- Up-to-date: /home/unitree/go2_ros2_ws/install/unitree_go/include/unitree_go/msg/detail/low_state__type_support.cpp
[1.370s] -- Up-to-date: /home/unitree/go2_ros2_ws/install/unitree_go/include/unitree_go/msg/detail/uwb_switch__rosidl_typesupport_introspection_cpp.hpp
[1.370s] -- Up-to-date: /home/unitree/go2_ros2_ws/install/unitree_go/include/unitree_go/msg/detail/bms_state__type_support.cpp
[1.371s] -- Up-to-date: /home/unitree/go2_ros2_ws/install/unitree_go/include/unitree_go/msg/detail/wireless_controller__type_support.cpp
[1.371s] -- Up-to-date: /home/unitree/go2_ros2_ws/install/unitree_go/include/unitree_go/msg/detail/req__type_support.cpp
[1.371s] -- Up-to-date: /home/unitree/go2_ros2_ws/install/unitree_go/include/unitree_go/msg/detail/time_spec__type_support.cpp
[1.372s] -- Up-to-date: /home/unitree/go2_ros2_ws/install/unitree_go/include/unitree_go/msg/detail/res__type_support.cpp
[1.372s] -- Up-to-date: /home/unitree/go2_ros2_ws/install/unitree_go/include/unitree_go/msg/detail/lidar_state__rosidl_typesupport_introspection_cpp.hpp
[1.372s] -- Up-to-date: /home/unitree/go2_ros2_ws/install/unitree_go/include/unitree_go/msg/detail/motor_state__type_support.cpp
[1.373s] -- Up-to-date: /home/unitree/go2_ros2_ws/install/unitree_go/include/unitree_go/msg/detail/go2_front_video_data__type_support.cpp
[1.373s] -- Up-to-date: /home/unitree/go2_ros2_ws/install/unitree_go/include/unitree_go/msg/detail/imu_state__rosidl_typesupport_introspection_cpp.hpp
[1.373s] -- Up-to-date: /home/unitree/go2_ros2_ws/install/unitree_go/include/unitree_go/msg/detail/error__type_support.cpp
[1.374s] -- Up-to-date: /home/unitree/go2_ros2_ws/install/unitree_go/include/unitree_go/msg/detail/req__rosidl_typesupport_introspection_cpp.hpp
[1.374s] -- Up-to-date: /home/unitree/go2_ros2_ws/install/unitree_go/include/unitree_go/msg/detail/sport_mode_cmd__type_support.cpp
[1.375s] -- Up-to-date: /home/unitree/go2_ros2_ws/install/unitree_go/include/unitree_go/msg/detail/bms_cmd__rosidl_typesupport_introspection_cpp.hpp
[1.375s] -- Up-to-date: /home/unitree/go2_ros2_ws/install/unitree_go/include/unitree_go/msg/detail/path_point__type_support.cpp
[1.376s] -- Up-to-date: /home/unitree/go2_ros2_ws/install/unitree_go/include/unitree_go/msg/detail/sport_mode_state__rosidl_typesupport_introspection_cpp.hpp
[1.376s] -- Up-to-date: /home/unitree/go2_ros2_ws/install/unitree_go/include/unitree_go/msg/detail/low_cmd__type_support.cpp
[1.377s] -- Up-to-date: /home/unitree/go2_ros2_ws/install/unitree_go/include/unitree_go/msg/detail/error__rosidl_typesupport_introspection_cpp.hpp
[1.377s] -- Up-to-date: /home/unitree/go2_ros2_ws/install/unitree_go/include/unitree_go/msg/detail/time_spec__rosidl_typesupport_introspection_cpp.hpp
[1.377s] -- Up-to-date: /home/unitree/go2_ros2_ws/install/unitree_go/include/unitree_go/msg/detail/audio_data__rosidl_typesupport_introspection_cpp.hpp
[1.377s] -- Up-to-date: /home/unitree/go2_ros2_ws/install/unitree_go/include/unitree_go/msg/detail/sport_mode_cmd__rosidl_typesupport_introspection_cpp.hpp
[1.378s] -- Up-to-date: /home/unitree/go2_ros2_ws/install/unitree_go/include/unitree_go/msg/detail/uwb_state__type_support.cpp
[1.378s] -- Up-to-date: /home/unitree/go2_ros2_ws/install/unitree_go/include/unitree_go/msg/detail/motor_state__rosidl_typesupport_introspection_cpp.hpp
[1.378s] -- Up-to-date: /home/unitree/go2_ros2_ws/install/unitree_go/include/unitree_go/msg/detail/low_state__rosidl_typesupport_introspection_cpp.hpp
[1.379s] -- Up-to-date: /home/unitree/go2_ros2_ws/install/unitree_go/include/unitree_go/msg/detail/bms_state__rosidl_typesupport_introspection_cpp.hpp
[1.380s] -- Up-to-date: /home/unitree/go2_ros2_ws/install/unitree_go/include/unitree_go/msg/detail/sport_mode_state__type_support.cpp
[1.380s] -- Up-to-date: /home/unitree/go2_ros2_ws/install/unitree_go/include/unitree_go/msg/detail/audio_data__type_support.cpp
[1.380s] -- Up-to-date: /home/unitree/go2_ros2_ws/install/unitree_go/include/unitree_go/msg/detail/interface_config__type_support.cpp
[1.380s] -- Up-to-date: /home/unitree/go2_ros2_ws/install/unitree_go/include/unitree_go/msg/detail/path_point__rosidl_typesupport_introspection_cpp.hpp
[1.380s] -- Up-to-date: /home/unitree/go2_ros2_ws/install/unitree_go/include/unitree_go/msg/detail/go2_front_video_data__rosidl_typesupport_introspection_cpp.hpp
[1.381s] -- Up-to-date: /home/unitree/go2_ros2_ws/install/unitree_go/include/unitree_go/msg/detail/uwb_state__rosidl_typesupport_introspection_cpp.hpp
[1.383s] -- Up-to-date: /home/unitree/go2_ros2_ws/install/unitree_go/lib/libunitree_go__rosidl_typesupport_introspection_cpp.so
[1.383s] -- Up-to-date: /home/unitree/go2_ros2_ws/install/unitree_go/lib/libunitree_go__rosidl_typesupport_cpp.so
[1.383s] -- Up-to-date: /home/unitree/go2_ros2_ws/install/unitree_go/share/unitree_go/environment/pythonpath.sh
[1.384s] -- Up-to-date: /home/unitree/go2_ros2_ws/install/unitree_go/share/unitree_go/environment/pythonpath.dsv
[1.384s] -- Up-to-date: /home/unitree/go2_ros2_ws/install/unitree_go/lib/python3.8/site-packages/unitree_go/__init__.py
[1.434s] -- Up-to-date: /home/unitree/go2_ros2_ws/install/unitree_go/lib/python3.8/site-packages/unitree_go/msg
[1.434s] -- Up-to-date: /home/unitree/go2_ros2_ws/install/unitree_go/lib/python3.8/site-packages/unitree_go/msg/_uwb_switch_s.c
[1.434s] -- Up-to-date: /home/unitree/go2_ros2_ws/install/unitree_go/lib/python3.8/site-packages/unitree_go/msg/_uwb_state_s.c
[1.435s] -- Up-to-date: /home/unitree/go2_ros2_ws/install/unitree_go/lib/python3.8/site-packages/unitree_go/msg/_motor_cmd.py
[1.435s] -- Up-to-date: /home/unitree/go2_ros2_ws/install/unitree_go/lib/python3.8/site-packages/unitree_go/msg/_time_spec_s.c
[1.435s] -- Up-to-date: /home/unitree/go2_ros2_ws/install/unitree_go/lib/python3.8/site-packages/unitree_go/msg/_low_state_s.c
[1.435s] -- Up-to-date: /home/unitree/go2_ros2_ws/install/unitree_go/lib/python3.8/site-packages/unitree_go/msg/_low_cmd.py
[1.436s] -- Up-to-date: /home/unitree/go2_ros2_ws/install/unitree_go/lib/python3.8/site-packages/unitree_go/msg/_audio_data_s.c
[1.436s] -- Up-to-date: /home/unitree/go2_ros2_ws/install/unitree_go/lib/python3.8/site-packages/unitree_go/msg/_imu_state_s.c
[1.436s] -- Up-to-date: /home/unitree/go2_ros2_ws/install/unitree_go/lib/python3.8/site-packages/unitree_go/msg/_path_point.py
[1.436s] -- Up-to-date: /home/unitree/go2_ros2_ws/install/unitree_go/lib/python3.8/site-packages/unitree_go/msg/_height_map.py
[1.437s] -- Up-to-date: /home/unitree/go2_ros2_ws/install/unitree_go/lib/python3.8/site-packages/unitree_go/msg/_sport_mode_cmd.py
[1.438s] -- Up-to-date: /home/unitree/go2_ros2_ws/install/unitree_go/lib/python3.8/site-packages/unitree_go/msg/_go2_front_video_data.py
[1.438s] -- Up-to-date: /home/unitree/go2_ros2_ws/install/unitree_go/lib/python3.8/site-packages/unitree_go/msg/_req.py
[1.438s] -- Up-to-date: /home/unitree/go2_ros2_ws/install/unitree_go/lib/python3.8/site-packages/unitree_go/msg/_sport_mode_state.py
[1.438s] -- Up-to-date: /home/unitree/go2_ros2_ws/install/unitree_go/lib/python3.8/site-packages/unitree_go/msg/_uwb_state.py
[1.439s] -- Up-to-date: /home/unitree/go2_ros2_ws/install/unitree_go/lib/python3.8/site-packages/unitree_go/msg/_low_cmd_s.c
[1.440s] -- Up-to-date: /home/unitree/go2_ros2_ws/install/unitree_go/lib/python3.8/site-packages/unitree_go/msg/_audio_data.py
[1.440s] -- Up-to-date: /home/unitree/go2_ros2_ws/install/unitree_go/lib/python3.8/site-packages/unitree_go/msg/_lidar_state.py
[1.440s] -- Up-to-date: /home/unitree/go2_ros2_ws/install/unitree_go/lib/python3.8/site-packages/unitree_go/msg/_sport_mode_state_s.c
[1.440s] -- Up-to-date: /home/unitree/go2_ros2_ws/install/unitree_go/lib/python3.8/site-packages/unitree_go/msg/_time_spec.py
[1.441s] -- Up-to-date: /home/unitree/go2_ros2_ws/install/unitree_go/lib/python3.8/site-packages/unitree_go/msg/_interface_config.py
[1.441s] -- Up-to-date: /home/unitree/go2_ros2_ws/install/unitree_go/lib/python3.8/site-packages/unitree_go/msg/_lidar_state_s.c
[1.441s] -- Up-to-date: /home/unitree/go2_ros2_ws/install/unitree_go/lib/python3.8/site-packages/unitree_go/msg/_uwb_switch.py
[1.441s] -- Up-to-date: /home/unitree/go2_ros2_ws/install/unitree_go/lib/python3.8/site-packages/unitree_go/msg/_res_s.c
[1.442s] -- Up-to-date: /home/unitree/go2_ros2_ws/install/unitree_go/lib/python3.8/site-packages/unitree_go/msg/_bms_cmd_s.c
[1.442s] -- Up-to-date: /home/unitree/go2_ros2_ws/install/unitree_go/lib/python3.8/site-packages/unitree_go/msg/_bms_state_s.c
[1.442s] -- Up-to-date: /home/unitree/go2_ros2_ws/install/unitree_go/lib/python3.8/site-packages/unitree_go/msg/_wireless_controller_s.c
[1.442s] -- Up-to-date: /home/unitree/go2_ros2_ws/install/unitree_go/lib/python3.8/site-packages/unitree_go/msg/_bms_state.py
[1.442s] -- Up-to-date: /home/unitree/go2_ros2_ws/install/unitree_go/lib/python3.8/site-packages/unitree_go/msg/_motor_state.py
[1.442s] -- Up-to-date: /home/unitree/go2_ros2_ws/install/unitree_go/lib/python3.8/site-packages/unitree_go/msg/_sport_mode_cmd_s.c
[1.443s] -- Up-to-date: /home/unitree/go2_ros2_ws/install/unitree_go/lib/python3.8/site-packages/unitree_go/msg/_low_state.py
[1.443s] -- Up-to-date: /home/unitree/go2_ros2_ws/install/unitree_go/lib/python3.8/site-packages/unitree_go/msg/_bms_cmd.py
[1.443s] -- Up-to-date: /home/unitree/go2_ros2_ws/install/unitree_go/lib/python3.8/site-packages/unitree_go/msg/_motor_cmd_s.c
[1.443s] -- Up-to-date: /home/unitree/go2_ros2_ws/install/unitree_go/lib/python3.8/site-packages/unitree_go/msg/_interface_config_s.c
[1.443s] -- Up-to-date: /home/unitree/go2_ros2_ws/install/unitree_go/lib/python3.8/site-packages/unitree_go/msg/_error_s.c
[1.443s] -- Up-to-date: /home/unitree/go2_ros2_ws/install/unitree_go/lib/python3.8/site-packages/unitree_go/msg/_req_s.c
[1.444s] -- Up-to-date: /home/unitree/go2_ros2_ws/install/unitree_go/lib/python3.8/site-packages/unitree_go/msg/__init__.py
[1.444s] -- Up-to-date: /home/unitree/go2_ros2_ws/install/unitree_go/lib/python3.8/site-packages/unitree_go/msg/_res.py
[1.444s] -- Up-to-date: /home/unitree/go2_ros2_ws/install/unitree_go/lib/python3.8/site-packages/unitree_go/msg/_error.py
[1.444s] -- Up-to-date: /home/unitree/go2_ros2_ws/install/unitree_go/lib/python3.8/site-packages/unitree_go/msg/_wireless_controller.py
[1.444s] -- Up-to-date: /home/unitree/go2_ros2_ws/install/unitree_go/lib/python3.8/site-packages/unitree_go/msg/_motor_state_s.c
[1.445s] -- Up-to-date: /home/unitree/go2_ros2_ws/install/unitree_go/lib/python3.8/site-packages/unitree_go/msg/_height_map_s.c
[1.445s] -- Up-to-date: /home/unitree/go2_ros2_ws/install/unitree_go/lib/python3.8/site-packages/unitree_go/msg/_go2_front_video_data_s.c
[1.445s] -- Up-to-date: /home/unitree/go2_ros2_ws/install/unitree_go/lib/python3.8/site-packages/unitree_go/msg/_imu_state.py
[1.445s] -- Up-to-date: /home/unitree/go2_ros2_ws/install/unitree_go/lib/python3.8/site-packages/unitree_go/msg/_path_point_s.c
[1.445s] -- Up-to-date: /home/unitree/go2_ros2_ws/install/unitree_go/lib/python3.8/site-packages/unitree_go/unitree_go_s__rosidl_typesupport_fastrtps_c.cpython-38-aarch64-linux-gnu.so
[1.445s] -- Up-to-date: /home/unitree/go2_ros2_ws/install/unitree_go/lib/python3.8/site-packages/unitree_go/unitree_go_s__rosidl_typesupport_introspection_c.cpython-38-aarch64-linux-gnu.so
[1.446s] -- Up-to-date: /home/unitree/go2_ros2_ws/install/unitree_go/lib/python3.8/site-packages/unitree_go/unitree_go_s__rosidl_typesupport_c.cpython-38-aarch64-linux-gnu.so
[1.447s] -- Up-to-date: /home/unitree/go2_ros2_ws/install/unitree_go/lib/libunitree_go__python.so
[1.447s] -- Up-to-date: /home/unitree/go2_ros2_ws/install/unitree_go/share/unitree_go/msg/AudioData.idl
[1.447s] -- Up-to-date: /home/unitree/go2_ros2_ws/install/unitree_go/share/unitree_go/msg/BmsCmd.idl
[1.448s] -- Up-to-date: /home/unitree/go2_ros2_ws/install/unitree_go/share/unitree_go/msg/BmsState.idl
[1.448s] -- Up-to-date: /home/unitree/go2_ros2_ws/install/unitree_go/share/unitree_go/msg/Error.idl
[1.449s] -- Up-to-date: /home/unitree/go2_ros2_ws/install/unitree_go/share/unitree_go/msg/Go2FrontVideoData.idl
[1.449s] -- Up-to-date: /home/unitree/go2_ros2_ws/install/unitree_go/share/unitree_go/msg/HeightMap.idl
[1.450s] -- Up-to-date: /home/unitree/go2_ros2_ws/install/unitree_go/share/unitree_go/msg/IMUState.idl
[1.450s] -- Up-to-date: /home/unitree/go2_ros2_ws/install/unitree_go/share/unitree_go/msg/InterfaceConfig.idl
[1.451s] -- Up-to-date: /home/unitree/go2_ros2_ws/install/unitree_go/share/unitree_go/msg/LidarState.idl
[1.451s] -- Up-to-date: /home/unitree/go2_ros2_ws/install/unitree_go/share/unitree_go/msg/LowCmd.idl
[1.452s] -- Up-to-date: /home/unitree/go2_ros2_ws/install/unitree_go/share/unitree_go/msg/LowState.idl
[1.452s] -- Up-to-date: /home/unitree/go2_ros2_ws/install/unitree_go/share/unitree_go/msg/MotorCmd.idl
[1.452s] -- Up-to-date: /home/unitree/go2_ros2_ws/install/unitree_go/share/unitree_go/msg/MotorState.idl
[1.453s] -- Up-to-date: /home/unitree/go2_ros2_ws/install/unitree_go/share/unitree_go/msg/PathPoint.idl
[1.454s] -- Up-to-date: /home/unitree/go2_ros2_ws/install/unitree_go/share/unitree_go/msg/Req.idl
[1.454s] -- Up-to-date: /home/unitree/go2_ros2_ws/install/unitree_go/share/unitree_go/msg/Res.idl
[1.455s] -- Up-to-date: /home/unitree/go2_ros2_ws/install/unitree_go/share/unitree_go/msg/SportModeCmd.idl
[1.455s] -- Up-to-date: /home/unitree/go2_ros2_ws/install/unitree_go/share/unitree_go/msg/SportModeState.idl
[1.456s] -- Up-to-date: /home/unitree/go2_ros2_ws/install/unitree_go/share/unitree_go/msg/TimeSpec.idl
[1.456s] -- Up-to-date: /home/unitree/go2_ros2_ws/install/unitree_go/share/unitree_go/msg/UwbState.idl
[1.456s] -- Up-to-date: /home/unitree/go2_ros2_ws/install/unitree_go/share/unitree_go/msg/UwbSwitch.idl
[1.457s] -- Up-to-date: /home/unitree/go2_ros2_ws/install/unitree_go/share/unitree_go/msg/WirelessController.idl
[1.457s] -- Up-to-date: /home/unitree/go2_ros2_ws/install/unitree_go/share/unitree_go/msg/AudioData.msg
[1.458s] -- Up-to-date: /home/unitree/go2_ros2_ws/install/unitree_go/share/unitree_go/msg/BmsCmd.msg
[1.458s] -- Up-to-date: /home/unitree/go2_ros2_ws/install/unitree_go/share/unitree_go/msg/BmsState.msg
[1.463s] -- Up-to-date: /home/unitree/go2_ros2_ws/install/unitree_go/share/unitree_go/msg/Error.msg
[1.463s] -- Up-to-date: /home/unitree/go2_ros2_ws/install/unitree_go/share/unitree_go/msg/Go2FrontVideoData.msg
[1.464s] -- Up-to-date: /home/unitree/go2_ros2_ws/install/unitree_go/share/unitree_go/msg/HeightMap.msg
[1.464s] -- Up-to-date: /home/unitree/go2_ros2_ws/install/unitree_go/share/unitree_go/msg/IMUState.msg
[1.465s] -- Up-to-date: /home/unitree/go2_ros2_ws/install/unitree_go/share/unitree_go/msg/InterfaceConfig.msg
[1.465s] -- Up-to-date: /home/unitree/go2_ros2_ws/install/unitree_go/share/unitree_go/msg/LidarState.msg
[1.465s] -- Up-to-date: /home/unitree/go2_ros2_ws/install/unitree_go/share/unitree_go/msg/LowCmd.msg
[1.466s] -- Up-to-date: /home/unitree/go2_ros2_ws/install/unitree_go/share/unitree_go/msg/LowState.msg
[1.466s] -- Up-to-date: /home/unitree/go2_ros2_ws/install/unitree_go/share/unitree_go/msg/MotorCmd.msg
[1.466s] -- Up-to-date: /home/unitree/go2_ros2_ws/install/unitree_go/share/unitree_go/msg/MotorState.msg
[1.466s] -- Up-to-date: /home/unitree/go2_ros2_ws/install/unitree_go/share/unitree_go/msg/PathPoint.msg
[1.467s] -- Up-to-date: /home/unitree/go2_ros2_ws/install/unitree_go/share/unitree_go/msg/Req.msg
[1.467s] -- Up-to-date: /home/unitree/go2_ros2_ws/install/unitree_go/share/unitree_go/msg/Res.msg
[1.467s] -- Up-to-date: /home/unitree/go2_ros2_ws/install/unitree_go/share/unitree_go/msg/SportModeCmd.msg
[1.468s] -- Up-to-date: /home/unitree/go2_ros2_ws/install/unitree_go/share/unitree_go/msg/SportModeState.msg
[1.470s] -- Up-to-date: /home/unitree/go2_ros2_ws/install/unitree_go/share/unitree_go/msg/TimeSpec.msg
[1.470s] -- Up-to-date: /home/unitree/go2_ros2_ws/install/unitree_go/share/unitree_go/msg/UwbState.msg
[1.471s] -- Up-to-date: /home/unitree/go2_ros2_ws/install/unitree_go/share/unitree_go/msg/UwbSwitch.msg
[1.471s] -- Up-to-date: /home/unitree/go2_ros2_ws/install/unitree_go/share/unitree_go/msg/WirelessController.msg
[1.472s] -- Up-to-date: /home/unitree/go2_ros2_ws/install/unitree_go/share/unitree_go/msg/dds_connext
[1.472s] -- Up-to-date: /home/unitree/go2_ros2_ws/install/unitree_go/share/unitree_go/msg/dds_connext/InterfaceConfig_.idl
[1.473s] -- Up-to-date: /home/unitree/go2_ros2_ws/install/unitree_go/share/unitree_go/msg/dds_connext/MotorCmd_.idl
[1.473s] -- Up-to-date: /home/unitree/go2_ros2_ws/install/unitree_go/share/unitree_go/msg/dds_connext/UwbSwitch_.idl
[1.474s] -- Up-to-date: /home/unitree/go2_ros2_ws/install/unitree_go/share/unitree_go/msg/dds_connext/LowState_.idl
[1.474s] -- Up-to-date: /home/unitree/go2_ros2_ws/install/unitree_go/share/unitree_go/msg/dds_connext/TimeSpec_.idl
[1.474s] -- Up-to-date: /home/unitree/go2_ros2_ws/install/unitree_go/share/unitree_go/msg/dds_connext/SportModeState_.idl
[1.474s] -- Up-to-date: /home/unitree/go2_ros2_ws/install/unitree_go/share/unitree_go/msg/dds_connext/WirelessController_.idl
[1.474s] -- Up-to-date: /home/unitree/go2_ros2_ws/install/unitree_go/share/unitree_go/msg/dds_connext/Req_.idl
[1.474s] -- Up-to-date: /home/unitree/go2_ros2_ws/install/unitree_go/share/unitree_go/msg/dds_connext/UwbState_.idl
[1.474s] -- Up-to-date: /home/unitree/go2_ros2_ws/install/unitree_go/share/unitree_go/msg/dds_connext/BmsState_.idl
[1.475s] -- Up-to-date: /home/unitree/go2_ros2_ws/install/unitree_go/share/unitree_go/msg/dds_connext/MotorState_.idl
[1.475s] -- Up-to-date: /home/unitree/go2_ros2_ws/install/unitree_go/share/unitree_go/msg/dds_connext/LowCmd_.idl
[1.475s] -- Up-to-date: /home/unitree/go2_ros2_ws/install/unitree_go/share/unitree_go/msg/dds_connext/HeightMap_.idl
[1.475s] -- Up-to-date: /home/unitree/go2_ros2_ws/install/unitree_go/share/unitree_go/msg/dds_connext/SportModeCmd_.idl
[1.475s] -- Up-to-date: /home/unitree/go2_ros2_ws/install/unitree_go/share/unitree_go/msg/dds_connext/IMUState_.idl
[1.475s] -- Up-to-date: /home/unitree/go2_ros2_ws/install/unitree_go/share/unitree_go/msg/dds_connext/PathPoint_.idl
[1.475s] -- Up-to-date: /home/unitree/go2_ros2_ws/install/unitree_go/share/unitree_go/msg/dds_connext/BmsCmd_.idl
[1.475s] -- Up-to-date: /home/unitree/go2_ros2_ws/install/unitree_go/share/unitree_go/msg/dds_connext/AudioData_.idl
[1.475s] -- Up-to-date: /home/unitree/go2_ros2_ws/install/unitree_go/share/unitree_go/msg/dds_connext/Go2FrontVideoData_.idl
[1.476s] -- Up-to-date: /home/unitree/go2_ros2_ws/install/unitree_go/share/unitree_go/msg/dds_connext/LidarState_.idl
[1.476s] -- Up-to-date: /home/unitree/go2_ros2_ws/install/unitree_go/share/unitree_go/msg/dds_connext/Error_.idl
[1.476s] -- Up-to-date: /home/unitree/go2_ros2_ws/install/unitree_go/share/unitree_go/msg/dds_connext/Res_.idl
[1.476s] -- Up-to-date: /home/unitree/go2_ros2_ws/install/unitree_go/share/ament_index/resource_index/package_run_dependencies/unitree_go
[1.476s] -- Up-to-date: /home/unitree/go2_ros2_ws/install/unitree_go/share/ament_index/resource_index/parent_prefix_path/unitree_go
[1.476s] -- Up-to-date: /home/unitree/go2_ros2_ws/install/unitree_go/share/unitree_go/environment/ament_prefix_path.sh
[1.476s] -- Up-to-date: /home/unitree/go2_ros2_ws/install/unitree_go/share/unitree_go/environment/ament_prefix_path.dsv
[1.476s] -- Up-to-date: /home/unitree/go2_ros2_ws/install/unitree_go/share/unitree_go/environment/path.sh
[1.477s] -- Up-to-date: /home/unitree/go2_ros2_ws/install/unitree_go/share/unitree_go/environment/path.dsv
[1.477s] -- Up-to-date: /home/unitree/go2_ros2_ws/install/unitree_go/share/unitree_go/local_setup.bash
[1.477s] -- Up-to-date: /home/unitree/go2_ros2_ws/install/unitree_go/share/unitree_go/local_setup.sh
[1.477s] -- Up-to-date: /home/unitree/go2_ros2_ws/install/unitree_go/share/unitree_go/local_setup.zsh
[1.477s] -- Up-to-date: /home/unitree/go2_ros2_ws/install/unitree_go/share/unitree_go/local_setup.dsv
[1.477s] -- Installing: /home/unitree/go2_ros2_ws/install/unitree_go/share/unitree_go/package.dsv
[1.477s] -- Up-to-date: /home/unitree/go2_ros2_ws/install/unitree_go/share/ament_index/resource_index/packages/unitree_go
[1.477s] -- Up-to-date: /home/unitree/go2_ros2_ws/install/unitree_go/share/unitree_go/cmake/unitree_go__rosidl_generator_cExport.cmake
[1.477s] -- Up-to-date: /home/unitree/go2_ros2_ws/install/unitree_go/share/unitree_go/cmake/unitree_go__rosidl_generator_cExport-noconfig.cmake
[1.478s] -- Up-to-date: /home/unitree/go2_ros2_ws/install/unitree_go/share/unitree_go/cmake/unitree_go__rosidl_typesupport_introspection_cExport.cmake
[1.478s] -- Up-to-date: /home/unitree/go2_ros2_ws/install/unitree_go/share/unitree_go/cmake/unitree_go__rosidl_typesupport_introspection_cExport-noconfig.cmake
[1.479s] -- Up-to-date: /home/unitree/go2_ros2_ws/install/unitree_go/share/unitree_go/cmake/unitree_go__rosidl_typesupport_cExport.cmake
[1.479s] -- Up-to-date: /home/unitree/go2_ros2_ws/install/unitree_go/share/unitree_go/cmake/unitree_go__rosidl_typesupport_cExport-noconfig.cmake
[1.480s] -- Up-to-date: /home/unitree/go2_ros2_ws/install/unitree_go/share/unitree_go/cmake/unitree_go__rosidl_generator_cppExport.cmake
[1.480s] -- Up-to-date: /home/unitree/go2_ros2_ws/install/unitree_go/share/unitree_go/cmake/unitree_go__rosidl_typesupport_introspection_cppExport.cmake
[1.481s] -- Up-to-date: /home/unitree/go2_ros2_ws/install/unitree_go/share/unitree_go/cmake/unitree_go__rosidl_typesupport_introspection_cppExport-noconfig.cmake
[1.481s] -- Up-to-date: /home/unitree/go2_ros2_ws/install/unitree_go/share/unitree_go/cmake/unitree_go__rosidl_typesupport_cppExport.cmake
[1.481s] -- Up-to-date: /home/unitree/go2_ros2_ws/install/unitree_go/share/unitree_go/cmake/unitree_go__rosidl_typesupport_cppExport-noconfig.cmake
[1.481s] -- Up-to-date: /home/unitree/go2_ros2_ws/install/unitree_go/share/unitree_go/cmake/rosidl_cmake-extras.cmake
[1.485s] -- Up-to-date: /home/unitree/go2_ros2_ws/install/unitree_go/share/unitree_go/cmake/ament_cmake_export_dependencies-extras.cmake
[1.485s] -- Up-to-date: /home/unitree/go2_ros2_ws/install/unitree_go/share/unitree_go/cmake/ament_cmake_export_libraries-extras.cmake
[1.485s] -- Up-to-date: /home/unitree/go2_ros2_ws/install/unitree_go/share/unitree_go/cmake/ament_cmake_export_targets-extras.cmake
[1.486s] -- Up-to-date: /home/unitree/go2_ros2_ws/install/unitree_go/share/unitree_go/cmake/ament_cmake_export_include_directories-extras.cmake
[1.486s] -- Up-to-date: /home/unitree/go2_ros2_ws/install/unitree_go/share/unitree_go/cmake/rosidl_cmake_export_typesupport_libraries-extras.cmake
[1.486s] -- Up-to-date: /home/unitree/go2_ros2_ws/install/unitree_go/share/unitree_go/cmake/rosidl_cmake_export_typesupport_targets-extras.cmake
[1.486s] -- Up-to-date: /home/unitree/go2_ros2_ws/install/unitree_go/share/unitree_go/cmake/unitree_goConfig.cmake
[1.486s] -- Up-to-date: /home/unitree/go2_ros2_ws/install/unitree_go/share/unitree_go/cmake/unitree_goConfig-version.cmake
[1.487s] -- Up-to-date: /home/unitree/go2_ros2_ws/install/unitree_go/share/unitree_go/package.xml
[1.488s] Invoked command in '/home/unitree/go2_ros2_ws/build/unitree_go' returned '0': CMAKE_PREFIX_PATH=${CMAKE_PREFIX_PATH}:/opt/ros/foxy /usr/bin/cmake --install /home/unitree/go2_ros2_ws/build/unitree_go
