[0.052s] Invoking command in '/home/unitree/go2_ros2_ws/build/go2_navigation': CMAKE_PREFIX_PATH=${CMAKE_PREFIX_PATH}:/opt/ros/foxy /usr/bin/cmake --build /home/unitree/go2_ros2_ws/build/go2_navigation -- -j4 -l4
[0.166s] Invoked command in '/home/unitree/go2_ros2_ws/build/go2_navigation' returned '0': CMAKE_PREFIX_PATH=${CMAKE_PREFIX_PATH}:/opt/ros/foxy /usr/bin/cmake --build /home/unitree/go2_ros2_ws/build/go2_navigation -- -j4 -l4
[0.206s] Invoking command in '/home/unitree/go2_ros2_ws/build/go2_navigation': CMAKE_PREFIX_PATH=${CMAKE_PREFIX_PATH}:/opt/ros/foxy /usr/bin/cmake --install /home/unitree/go2_ros2_ws/build/go2_navigation
[0.235s] -- Install configuration: ""
[0.236s] -- Up-to-date: /home/unitree/go2_ros2_ws/install/go2_navigation/share/go2_navigation/config
[0.237s] -- Up-to-date: /home/unitree/go2_ros2_ws/install/go2_navigation/share/go2_navigation/config/nav2_params.yaml
[0.237s] -- Up-to-date: /home/unitree/go2_ros2_ws/install/go2_navigation/share/go2_navigation/maps
[0.238s] -- Up-to-date: /home/unitree/go2_ros2_ws/install/go2_navigation/share/go2_navigation/maps/map.yaml
[0.238s] -- Up-to-date: /home/unitree/go2_ros2_ws/install/go2_navigation/share/go2_navigation/maps/map.pgm
[0.239s] -- Up-to-date: /home/unitree/go2_ros2_ws/install/go2_navigation/share/go2_navigation/launch
[0.242s] -- Up-to-date: /home/unitree/go2_ros2_ws/install/go2_navigation/share/go2_navigation/launch/go2_nav2.launch.py
[0.243s] -- Up-to-date: /home/unitree/go2_ros2_ws/install/go2_navigation/share/go2_navigation/maps
[0.244s] -- Up-to-date: /home/unitree/go2_ros2_ws/install/go2_navigation/share/go2_navigation/maps/map.yaml
[0.244s] -- Up-to-date: /home/unitree/go2_ros2_ws/install/go2_navigation/share/go2_navigation/maps/map.pgm
[0.244s] -- Up-to-date: /home/unitree/go2_ros2_ws/install/go2_navigation/share/ament_index/resource_index/package_run_dependencies/go2_navigation
[0.245s] -- Up-to-date: /home/unitree/go2_ros2_ws/install/go2_navigation/share/ament_index/resource_index/parent_prefix_path/go2_navigation
[0.246s] -- Up-to-date: /home/unitree/go2_ros2_ws/install/go2_navigation/share/go2_navigation/environment/ament_prefix_path.sh
[0.246s] -- Up-to-date: /home/unitree/go2_ros2_ws/install/go2_navigation/share/go2_navigation/environment/ament_prefix_path.dsv
[0.246s] -- Up-to-date: /home/unitree/go2_ros2_ws/install/go2_navigation/share/go2_navigation/environment/path.sh
[0.247s] -- Up-to-date: /home/unitree/go2_ros2_ws/install/go2_navigation/share/go2_navigation/environment/path.dsv
[0.247s] -- Up-to-date: /home/unitree/go2_ros2_ws/install/go2_navigation/share/go2_navigation/local_setup.bash
[0.247s] -- Up-to-date: /home/unitree/go2_ros2_ws/install/go2_navigation/share/go2_navigation/local_setup.sh
[0.247s] -- Up-to-date: /home/unitree/go2_ros2_ws/install/go2_navigation/share/go2_navigation/local_setup.zsh
[0.247s] -- Up-to-date: /home/unitree/go2_ros2_ws/install/go2_navigation/share/go2_navigation/local_setup.dsv
[0.247s] -- Installing: /home/unitree/go2_ros2_ws/install/go2_navigation/share/go2_navigation/package.dsv
[0.252s] -- Up-to-date: /home/unitree/go2_ros2_ws/install/go2_navigation/share/ament_index/resource_index/packages/go2_navigation
[0.252s] -- Up-to-date: /home/unitree/go2_ros2_ws/install/go2_navigation/share/go2_navigation/cmake/go2_navigationConfig.cmake
[0.253s] -- Up-to-date: /home/unitree/go2_ros2_ws/install/go2_navigation/share/go2_navigation/cmake/go2_navigationConfig-version.cmake
[0.253s] -- Up-to-date: /home/unitree/go2_ros2_ws/install/go2_navigation/share/go2_navigation/package.xml
[0.258s] Invoked command in '/home/unitree/go2_ros2_ws/build/go2_navigation' returned '0': CMAKE_PREFIX_PATH=${CMAKE_PREFIX_PATH}:/opt/ros/foxy /usr/bin/cmake --install /home/unitree/go2_ros2_ws/build/go2_navigation
