[0.034s] Invoking command in '/home/unitree/go2_ros2_ws/build/go2_navigation': /usr/bin/cmake /home/unitree/go2_ros2_ws/src/go2_ros2_toolbox/go2_ros2_toolbox-main/go2_navigation -DCMAKE_INSTALL_PREFIX=/home/unitree/go2_ros2_ws/install/go2_navigation
[0.146s] -- The C compiler identification is GNU 9.4.0
[0.248s] -- The CXX compiler identification is GNU 9.4.0
[0.257s] -- Check for working C compiler: /usr/bin/cc
[0.386s] -- Check for working C compiler: /usr/bin/cc -- works
[0.388s] -- Detecting C compiler ABI info
[0.507s] -- Detecting C compiler ABI info - done
[0.529s] -- Detecting C compile features
[0.529s] -- Detecting C compile features - done
[0.534s] -- Check for working CXX compiler: /usr/bin/c++
[0.696s] -- Check for working CXX compiler: /usr/bin/c++ -- works
[0.696s] -- Detecting CXX compiler ABI info
[0.861s] -- Detecting CXX compiler ABI info - done
[0.888s] -- Detecting CXX compile features
[0.892s] -- Detecting CXX compile features - done
[0.917s] CMake Error at CMakeLists.txt:19 (find_package):
[0.918s]   By not providing "Findament_cmake.cmake" in CMAKE_MODULE_PATH this project
[0.918s]   has asked CMake to find a package configuration file provided by
[0.918s]   "ament_cmake", but CMake did not find one.
[0.918s] 
[0.918s]   Could not find a package configuration file provided by "ament_cmake" with
[0.918s]   any of the following names:
[0.918s] 
[0.918s]     ament_cmakeConfig.cmake
[0.918s]     ament_cmake-config.cmake
[0.919s] 
[0.919s]   Add the installation prefix of "ament_cmake" to CMAKE_PREFIX_PATH or set
[0.919s]   "ament_cmake_DIR" to a directory containing one of the above files.  If
[0.919s]   "ament_cmake" provides a separate development package or SDK, be sure it
[0.919s]   has been installed.
[0.919s] 
[0.919s] 
[0.919s] -- Configuring incomplete, errors occurred!
[0.920s] See also "/home/unitree/go2_ros2_ws/build/go2_navigation/CMakeFiles/CMakeOutput.log".
