[0.051s] Invoking command in '/home/unitree/go2_ros2_ws/build/go2_h264_repub': CMAKE_PREFIX_PATH=${CMAKE_PREFIX_PATH}:/opt/ros/foxy /usr/bin/cmake --build /home/unitree/go2_ros2_ws/build/go2_h264_repub -- -j4 -l4
[0.256s] [100%] Built target go2_h264_repub
[0.342s] Invoked command in '/home/unitree/go2_ros2_ws/build/go2_h264_repub' returned '0': CMAKE_PREFIX_PATH=${CMAKE_PREFIX_PATH}:/opt/ros/foxy /usr/bin/cmake --build /home/unitree/go2_ros2_ws/build/go2_h264_repub -- -j4 -l4
[0.352s] Invoking command in '/home/unitree/go2_ros2_ws/build/go2_h264_repub': CMAKE_PREFIX_PATH=${CMAKE_PREFIX_PATH}:/opt/ros/foxy /usr/bin/cmake --install /home/unitree/go2_ros2_ws/build/go2_h264_repub
[0.389s] -- Install configuration: ""
[0.391s] -- Up-to-date: /home/unitree/go2_ros2_ws/install/go2_h264_repub/lib/go2_h264_repub/go2_h264_repub
[0.392s] -- Up-to-date: /home/unitree/go2_ros2_ws/install/go2_h264_repub/share/ament_index/resource_index/package_run_dependencies/go2_h264_repub
[0.393s] -- Up-to-date: /home/unitree/go2_ros2_ws/install/go2_h264_repub/share/ament_index/resource_index/parent_prefix_path/go2_h264_repub
[0.394s] -- Up-to-date: /home/unitree/go2_ros2_ws/install/go2_h264_repub/share/go2_h264_repub/environment/ament_prefix_path.sh
[0.394s] -- Up-to-date: /home/unitree/go2_ros2_ws/install/go2_h264_repub/share/go2_h264_repub/environment/ament_prefix_path.dsv
[0.394s] -- Up-to-date: /home/unitree/go2_ros2_ws/install/go2_h264_repub/share/go2_h264_repub/environment/path.sh
[0.395s] -- Up-to-date: /home/unitree/go2_ros2_ws/install/go2_h264_repub/share/go2_h264_repub/environment/path.dsv
[0.396s] -- Up-to-date: /home/unitree/go2_ros2_ws/install/go2_h264_repub/share/go2_h264_repub/local_setup.bash
[0.396s] -- Up-to-date: /home/unitree/go2_ros2_ws/install/go2_h264_repub/share/go2_h264_repub/local_setup.sh
[0.397s] -- Up-to-date: /home/unitree/go2_ros2_ws/install/go2_h264_repub/share/go2_h264_repub/local_setup.zsh
[0.397s] -- Up-to-date: /home/unitree/go2_ros2_ws/install/go2_h264_repub/share/go2_h264_repub/local_setup.dsv
[0.398s] -- Installing: /home/unitree/go2_ros2_ws/install/go2_h264_repub/share/go2_h264_repub/package.dsv
[0.402s] -- Up-to-date: /home/unitree/go2_ros2_ws/install/go2_h264_repub/share/ament_index/resource_index/packages/go2_h264_repub
[0.403s] -- Up-to-date: /home/unitree/go2_ros2_ws/install/go2_h264_repub/share/go2_h264_repub/cmake/go2_h264_repubConfig.cmake
[0.404s] -- Up-to-date: /home/unitree/go2_ros2_ws/install/go2_h264_repub/share/go2_h264_repub/cmake/go2_h264_repubConfig-version.cmake
[0.404s] -- Up-to-date: /home/unitree/go2_ros2_ws/install/go2_h264_repub/share/go2_h264_repub/package.xml
[0.413s] Invoked command in '/home/unitree/go2_ros2_ws/build/go2_h264_repub' returned '0': CMAKE_PREFIX_PATH=${CMAKE_PREFIX_PATH}:/opt/ros/foxy /usr/bin/cmake --install /home/unitree/go2_ros2_ws/build/go2_h264_repub
