[0.326s] DEBUG:colcon:Command line arguments: ['/usr/bin/colcon', 'build']
[0.326s] DEBUG:colcon:Parsed command line arguments: Namespace(allow_overriding=[], ament_cmake_args=None, base_paths=['.'], build_base='build', catkin_cmake_args=None, catkin_skip_building_tests=False, cmake_args=None, cmake_clean_cache=False, cmake_clean_first=False, cmake_force_configure=False, cmake_target=None, cmake_target_skip_unavailable=False, continue_on_error=False, event_handlers=None, executor='parallel', ignore_user_meta=False, install_base='install', log_base=None, log_level=None, main=<bound method BuildVerb.main of <colcon_core.verb.build.BuildVerb object at 0xffff95de4cd0>>, merge_install=False, metas=['./colcon.meta'], packages_above=None, packages_above_and_dependencies=None, packages_above_depth=None, packages_end=None, packages_ignore=None, packages_ignore_regex=None, packages_select=None, packages_select_build_failed=False, packages_select_by_dep=None, packages_select_regex=None, packages_select_test_failures=False, packages_skip=None, packages_skip_build_finished=False, packages_skip_by_dep=None, packages_skip_regex=None, packages_skip_test_passed=False, packages_skip_up_to=None, packages_start=None, packages_up_to=None, packages_up_to_regex=None, parallel_workers=4, paths=None, symlink_install=False, test_result_base=None, verb_extension=<colcon_core.verb.build.BuildVerb object at 0xffff95de4cd0>, verb_name='build', verb_parser=<colcon_defaults.argument_parser.defaults.DefaultArgumentsDecorator object at 0xffff95d15ee0>)
[0.582s] Level 1:colcon.colcon_core.package_discovery:discover_packages(colcon_meta) check parameters
[0.582s] Level 1:colcon.colcon_core.package_discovery:discover_packages(recursive) check parameters
[0.582s] Level 1:colcon.colcon_core.package_discovery:discover_packages(ignore) check parameters
[0.582s] Level 1:colcon.colcon_core.package_discovery:discover_packages(path) check parameters
[0.582s] Level 1:colcon.colcon_core.package_discovery:discover_packages(colcon_meta) discover
[0.582s] Level 1:colcon.colcon_core.package_discovery:discover_packages(recursive) discover
[0.582s] INFO:colcon.colcon_core.package_discovery:Crawling recursively for packages in '/home/unitree/go2_ros2_ws'
[0.583s] Level 1:colcon.colcon_core.package_identification:_identify(.) by extensions ['ignore', 'ignore_ament_install']
[0.583s] Level 1:colcon.colcon_core.package_identification:_identify(.) by extension 'ignore'
[0.583s] Level 1:colcon.colcon_core.package_identification:_identify(.) by extension 'ignore_ament_install'
[0.583s] Level 1:colcon.colcon_core.package_identification:_identify(.) by extensions ['colcon_pkg']
[0.583s] Level 1:colcon.colcon_core.package_identification:_identify(.) by extension 'colcon_pkg'
[0.584s] Level 1:colcon.colcon_core.package_identification:_identify(.) by extensions ['colcon_meta']
[0.584s] Level 1:colcon.colcon_core.package_identification:_identify(.) by extension 'colcon_meta'
[0.584s] Level 1:colcon.colcon_core.package_identification:_identify(.) by extensions ['ros']
[0.584s] Level 1:colcon.colcon_core.package_identification:_identify(.) by extension 'ros'
[0.603s] Level 1:colcon.colcon_core.package_identification:_identify(.) by extensions ['cmake', 'python']
[0.603s] Level 1:colcon.colcon_core.package_identification:_identify(.) by extension 'cmake'
[0.603s] Level 1:colcon.colcon_core.package_identification:_identify(.) by extension 'python'
[0.603s] Level 1:colcon.colcon_core.package_identification:_identify(.) by extensions ['python_setup_py']
[0.603s] Level 1:colcon.colcon_core.package_identification:_identify(.) by extension 'python_setup_py'
[0.604s] Level 1:colcon.colcon_core.package_identification:_identify(build) by extensions ['ignore', 'ignore_ament_install']
[0.604s] Level 1:colcon.colcon_core.package_identification:_identify(build) by extension 'ignore'
[0.604s] Level 1:colcon.colcon_core.package_identification:_identify(build) ignored
[0.604s] Level 1:colcon.colcon_core.package_identification:_identify(install) by extensions ['ignore', 'ignore_ament_install']
[0.604s] Level 1:colcon.colcon_core.package_identification:_identify(install) by extension 'ignore'
[0.605s] Level 1:colcon.colcon_core.package_identification:_identify(install) ignored
[0.605s] Level 1:colcon.colcon_core.package_identification:_identify(log) by extensions ['ignore', 'ignore_ament_install']
[0.605s] Level 1:colcon.colcon_core.package_identification:_identify(log) by extension 'ignore'
[0.605s] Level 1:colcon.colcon_core.package_identification:_identify(log) ignored
[0.605s] Level 1:colcon.colcon_core.package_identification:_identify(src) by extensions ['ignore', 'ignore_ament_install']
[0.605s] Level 1:colcon.colcon_core.package_identification:_identify(src) by extension 'ignore'
[0.605s] Level 1:colcon.colcon_core.package_identification:_identify(src) by extension 'ignore_ament_install'
[0.606s] Level 1:colcon.colcon_core.package_identification:_identify(src) by extensions ['colcon_pkg']
[0.606s] Level 1:colcon.colcon_core.package_identification:_identify(src) by extension 'colcon_pkg'
[0.606s] Level 1:colcon.colcon_core.package_identification:_identify(src) by extensions ['colcon_meta']
[0.606s] Level 1:colcon.colcon_core.package_identification:_identify(src) by extension 'colcon_meta'
[0.606s] Level 1:colcon.colcon_core.package_identification:_identify(src) by extensions ['ros']
[0.606s] Level 1:colcon.colcon_core.package_identification:_identify(src) by extension 'ros'
[0.606s] Level 1:colcon.colcon_core.package_identification:_identify(src) by extensions ['cmake', 'python']
[0.606s] Level 1:colcon.colcon_core.package_identification:_identify(src) by extension 'cmake'
[0.606s] Level 1:colcon.colcon_core.package_identification:_identify(src) by extension 'python'
[0.606s] Level 1:colcon.colcon_core.package_identification:_identify(src) by extensions ['python_setup_py']
[0.607s] Level 1:colcon.colcon_core.package_identification:_identify(src) by extension 'python_setup_py'
[0.607s] Level 1:colcon.colcon_core.package_identification:_identify(src/go2_ros2_toolbox) by extensions ['ignore', 'ignore_ament_install']
[0.607s] Level 1:colcon.colcon_core.package_identification:_identify(src/go2_ros2_toolbox) by extension 'ignore'
[0.607s] Level 1:colcon.colcon_core.package_identification:_identify(src/go2_ros2_toolbox) by extension 'ignore_ament_install'
[0.607s] Level 1:colcon.colcon_core.package_identification:_identify(src/go2_ros2_toolbox) by extensions ['colcon_pkg']
[0.607s] Level 1:colcon.colcon_core.package_identification:_identify(src/go2_ros2_toolbox) by extension 'colcon_pkg'
[0.607s] Level 1:colcon.colcon_core.package_identification:_identify(src/go2_ros2_toolbox) by extensions ['colcon_meta']
[0.607s] Level 1:colcon.colcon_core.package_identification:_identify(src/go2_ros2_toolbox) by extension 'colcon_meta'
[0.607s] Level 1:colcon.colcon_core.package_identification:_identify(src/go2_ros2_toolbox) by extensions ['ros']
[0.607s] Level 1:colcon.colcon_core.package_identification:_identify(src/go2_ros2_toolbox) by extension 'ros'
[0.608s] Level 1:colcon.colcon_core.package_identification:_identify(src/go2_ros2_toolbox) by extensions ['cmake', 'python']
[0.608s] Level 1:colcon.colcon_core.package_identification:_identify(src/go2_ros2_toolbox) by extension 'cmake'
[0.608s] Level 1:colcon.colcon_core.package_identification:_identify(src/go2_ros2_toolbox) by extension 'python'
[0.608s] Level 1:colcon.colcon_core.package_identification:_identify(src/go2_ros2_toolbox) by extensions ['python_setup_py']
[0.608s] Level 1:colcon.colcon_core.package_identification:_identify(src/go2_ros2_toolbox) by extension 'python_setup_py'
[0.608s] Level 1:colcon.colcon_core.package_identification:_identify(src/go2_ros2_toolbox/go2_ros2_toolbox-main) by extensions ['ignore', 'ignore_ament_install']
[0.608s] Level 1:colcon.colcon_core.package_identification:_identify(src/go2_ros2_toolbox/go2_ros2_toolbox-main) by extension 'ignore'
[0.608s] Level 1:colcon.colcon_core.package_identification:_identify(src/go2_ros2_toolbox/go2_ros2_toolbox-main) by extension 'ignore_ament_install'
[0.609s] Level 1:colcon.colcon_core.package_identification:_identify(src/go2_ros2_toolbox/go2_ros2_toolbox-main) by extensions ['colcon_pkg']
[0.609s] Level 1:colcon.colcon_core.package_identification:_identify(src/go2_ros2_toolbox/go2_ros2_toolbox-main) by extension 'colcon_pkg'
[0.609s] Level 1:colcon.colcon_core.package_identification:_identify(src/go2_ros2_toolbox/go2_ros2_toolbox-main) by extensions ['colcon_meta']
[0.609s] Level 1:colcon.colcon_core.package_identification:_identify(src/go2_ros2_toolbox/go2_ros2_toolbox-main) by extension 'colcon_meta'
[0.609s] Level 1:colcon.colcon_core.package_identification:_identify(src/go2_ros2_toolbox/go2_ros2_toolbox-main) by extensions ['ros']
[0.609s] Level 1:colcon.colcon_core.package_identification:_identify(src/go2_ros2_toolbox/go2_ros2_toolbox-main) by extension 'ros'
[0.609s] Level 1:colcon.colcon_core.package_identification:_identify(src/go2_ros2_toolbox/go2_ros2_toolbox-main) by extensions ['cmake', 'python']
[0.609s] Level 1:colcon.colcon_core.package_identification:_identify(src/go2_ros2_toolbox/go2_ros2_toolbox-main) by extension 'cmake'
[0.609s] Level 1:colcon.colcon_core.package_identification:_identify(src/go2_ros2_toolbox/go2_ros2_toolbox-main) by extension 'python'
[0.609s] Level 1:colcon.colcon_core.package_identification:_identify(src/go2_ros2_toolbox/go2_ros2_toolbox-main) by extensions ['python_setup_py']
[0.609s] Level 1:colcon.colcon_core.package_identification:_identify(src/go2_ros2_toolbox/go2_ros2_toolbox-main) by extension 'python_setup_py'
[0.610s] Level 1:colcon.colcon_core.package_identification:_identify(src/go2_ros2_toolbox/go2_ros2_toolbox-main/asset) by extensions ['ignore', 'ignore_ament_install']
[0.610s] Level 1:colcon.colcon_core.package_identification:_identify(src/go2_ros2_toolbox/go2_ros2_toolbox-main/asset) by extension 'ignore'
[0.610s] Level 1:colcon.colcon_core.package_identification:_identify(src/go2_ros2_toolbox/go2_ros2_toolbox-main/asset) by extension 'ignore_ament_install'
[0.610s] Level 1:colcon.colcon_core.package_identification:_identify(src/go2_ros2_toolbox/go2_ros2_toolbox-main/asset) by extensions ['colcon_pkg']
[0.610s] Level 1:colcon.colcon_core.package_identification:_identify(src/go2_ros2_toolbox/go2_ros2_toolbox-main/asset) by extension 'colcon_pkg'
[0.610s] Level 1:colcon.colcon_core.package_identification:_identify(src/go2_ros2_toolbox/go2_ros2_toolbox-main/asset) by extensions ['colcon_meta']
[0.610s] Level 1:colcon.colcon_core.package_identification:_identify(src/go2_ros2_toolbox/go2_ros2_toolbox-main/asset) by extension 'colcon_meta'
[0.610s] Level 1:colcon.colcon_core.package_identification:_identify(src/go2_ros2_toolbox/go2_ros2_toolbox-main/asset) by extensions ['ros']
[0.610s] Level 1:colcon.colcon_core.package_identification:_identify(src/go2_ros2_toolbox/go2_ros2_toolbox-main/asset) by extension 'ros'
[0.611s] Level 1:colcon.colcon_core.package_identification:_identify(src/go2_ros2_toolbox/go2_ros2_toolbox-main/asset) by extensions ['cmake', 'python']
[0.611s] Level 1:colcon.colcon_core.package_identification:_identify(src/go2_ros2_toolbox/go2_ros2_toolbox-main/asset) by extension 'cmake'
[0.611s] Level 1:colcon.colcon_core.package_identification:_identify(src/go2_ros2_toolbox/go2_ros2_toolbox-main/asset) by extension 'python'
[0.611s] Level 1:colcon.colcon_core.package_identification:_identify(src/go2_ros2_toolbox/go2_ros2_toolbox-main/asset) by extensions ['python_setup_py']
[0.611s] Level 1:colcon.colcon_core.package_identification:_identify(src/go2_ros2_toolbox/go2_ros2_toolbox-main/asset) by extension 'python_setup_py'
[0.611s] Level 1:colcon.colcon_core.package_identification:_identify(src/go2_ros2_toolbox/go2_ros2_toolbox-main/go2_core) by extensions ['ignore', 'ignore_ament_install']
[0.611s] Level 1:colcon.colcon_core.package_identification:_identify(src/go2_ros2_toolbox/go2_ros2_toolbox-main/go2_core) by extension 'ignore'
[0.611s] Level 1:colcon.colcon_core.package_identification:_identify(src/go2_ros2_toolbox/go2_ros2_toolbox-main/go2_core) by extension 'ignore_ament_install'
[0.611s] Level 1:colcon.colcon_core.package_identification:_identify(src/go2_ros2_toolbox/go2_ros2_toolbox-main/go2_core) by extensions ['colcon_pkg']
[0.612s] Level 1:colcon.colcon_core.package_identification:_identify(src/go2_ros2_toolbox/go2_ros2_toolbox-main/go2_core) by extension 'colcon_pkg'
[0.612s] Level 1:colcon.colcon_core.package_identification:_identify(src/go2_ros2_toolbox/go2_ros2_toolbox-main/go2_core) by extensions ['colcon_meta']
[0.612s] Level 1:colcon.colcon_core.package_identification:_identify(src/go2_ros2_toolbox/go2_ros2_toolbox-main/go2_core) by extension 'colcon_meta'
[0.612s] Level 1:colcon.colcon_core.package_identification:_identify(src/go2_ros2_toolbox/go2_ros2_toolbox-main/go2_core) by extensions ['ros']
[0.612s] Level 1:colcon.colcon_core.package_identification:_identify(src/go2_ros2_toolbox/go2_ros2_toolbox-main/go2_core) by extension 'ros'
[0.617s] DEBUG:colcon.colcon_core.package_identification:Package 'src/go2_ros2_toolbox/go2_ros2_toolbox-main/go2_core' with type 'ros.ament_cmake' and name 'go2_core'
[0.618s] Level 1:colcon.colcon_core.package_identification:_identify(src/go2_ros2_toolbox/go2_ros2_toolbox-main/go2_navigation) by extensions ['ignore', 'ignore_ament_install']
[0.618s] Level 1:colcon.colcon_core.package_identification:_identify(src/go2_ros2_toolbox/go2_ros2_toolbox-main/go2_navigation) by extension 'ignore'
[0.618s] Level 1:colcon.colcon_core.package_identification:_identify(src/go2_ros2_toolbox/go2_ros2_toolbox-main/go2_navigation) by extension 'ignore_ament_install'
[0.618s] Level 1:colcon.colcon_core.package_identification:_identify(src/go2_ros2_toolbox/go2_ros2_toolbox-main/go2_navigation) by extensions ['colcon_pkg']
[0.618s] Level 1:colcon.colcon_core.package_identification:_identify(src/go2_ros2_toolbox/go2_ros2_toolbox-main/go2_navigation) by extension 'colcon_pkg'
[0.618s] Level 1:colcon.colcon_core.package_identification:_identify(src/go2_ros2_toolbox/go2_ros2_toolbox-main/go2_navigation) by extensions ['colcon_meta']
[0.618s] Level 1:colcon.colcon_core.package_identification:_identify(src/go2_ros2_toolbox/go2_ros2_toolbox-main/go2_navigation) by extension 'colcon_meta'
[0.618s] Level 1:colcon.colcon_core.package_identification:_identify(src/go2_ros2_toolbox/go2_ros2_toolbox-main/go2_navigation) by extensions ['ros']
[0.618s] Level 1:colcon.colcon_core.package_identification:_identify(src/go2_ros2_toolbox/go2_ros2_toolbox-main/go2_navigation) by extension 'ros'
[0.619s] DEBUG:colcon.colcon_core.package_identification:Package 'src/go2_ros2_toolbox/go2_ros2_toolbox-main/go2_navigation' with type 'ros.ament_cmake' and name 'go2_navigation'
[0.620s] Level 1:colcon.colcon_core.package_identification:_identify(src/go2_ros2_toolbox/go2_ros2_toolbox-main/go2_perception) by extensions ['ignore', 'ignore_ament_install']
[0.620s] Level 1:colcon.colcon_core.package_identification:_identify(src/go2_ros2_toolbox/go2_ros2_toolbox-main/go2_perception) by extension 'ignore'
[0.620s] Level 1:colcon.colcon_core.package_identification:_identify(src/go2_ros2_toolbox/go2_ros2_toolbox-main/go2_perception) by extension 'ignore_ament_install'
[0.620s] Level 1:colcon.colcon_core.package_identification:_identify(src/go2_ros2_toolbox/go2_ros2_toolbox-main/go2_perception) by extensions ['colcon_pkg']
[0.620s] Level 1:colcon.colcon_core.package_identification:_identify(src/go2_ros2_toolbox/go2_ros2_toolbox-main/go2_perception) by extension 'colcon_pkg'
[0.620s] Level 1:colcon.colcon_core.package_identification:_identify(src/go2_ros2_toolbox/go2_ros2_toolbox-main/go2_perception) by extensions ['colcon_meta']
[0.620s] Level 1:colcon.colcon_core.package_identification:_identify(src/go2_ros2_toolbox/go2_ros2_toolbox-main/go2_perception) by extension 'colcon_meta'
[0.620s] Level 1:colcon.colcon_core.package_identification:_identify(src/go2_ros2_toolbox/go2_ros2_toolbox-main/go2_perception) by extensions ['ros']
[0.620s] Level 1:colcon.colcon_core.package_identification:_identify(src/go2_ros2_toolbox/go2_ros2_toolbox-main/go2_perception) by extension 'ros'
[0.621s] DEBUG:colcon.colcon_core.package_identification:Package 'src/go2_ros2_toolbox/go2_ros2_toolbox-main/go2_perception' with type 'ros.ament_cmake' and name 'go2_perception'
[0.622s] Level 1:colcon.colcon_core.package_identification:_identify(src/go2_ros2_toolbox/go2_ros2_toolbox-main/go2_slam) by extensions ['ignore', 'ignore_ament_install']
[0.622s] Level 1:colcon.colcon_core.package_identification:_identify(src/go2_ros2_toolbox/go2_ros2_toolbox-main/go2_slam) by extension 'ignore'
[0.622s] Level 1:colcon.colcon_core.package_identification:_identify(src/go2_ros2_toolbox/go2_ros2_toolbox-main/go2_slam) by extension 'ignore_ament_install'
[0.622s] Level 1:colcon.colcon_core.package_identification:_identify(src/go2_ros2_toolbox/go2_ros2_toolbox-main/go2_slam) by extensions ['colcon_pkg']
[0.622s] Level 1:colcon.colcon_core.package_identification:_identify(src/go2_ros2_toolbox/go2_ros2_toolbox-main/go2_slam) by extension 'colcon_pkg'
[0.622s] Level 1:colcon.colcon_core.package_identification:_identify(src/go2_ros2_toolbox/go2_ros2_toolbox-main/go2_slam) by extensions ['colcon_meta']
[0.622s] Level 1:colcon.colcon_core.package_identification:_identify(src/go2_ros2_toolbox/go2_ros2_toolbox-main/go2_slam) by extension 'colcon_meta'
[0.622s] Level 1:colcon.colcon_core.package_identification:_identify(src/go2_ros2_toolbox/go2_ros2_toolbox-main/go2_slam) by extensions ['ros']
[0.622s] Level 1:colcon.colcon_core.package_identification:_identify(src/go2_ros2_toolbox/go2_ros2_toolbox-main/go2_slam) by extension 'ros'
[0.623s] DEBUG:colcon.colcon_core.package_identification:Package 'src/go2_ros2_toolbox/go2_ros2_toolbox-main/go2_slam' with type 'ros.ament_cmake' and name 'go2_slam'
[0.623s] Level 1:colcon.colcon_core.package_identification:_identify(src/go2_ros2_toolbox/go2_ros2_toolbox-main/unitree_pkgs) by extensions ['ignore', 'ignore_ament_install']
[0.624s] Level 1:colcon.colcon_core.package_identification:_identify(src/go2_ros2_toolbox/go2_ros2_toolbox-main/unitree_pkgs) by extension 'ignore'
[0.624s] Level 1:colcon.colcon_core.package_identification:_identify(src/go2_ros2_toolbox/go2_ros2_toolbox-main/unitree_pkgs) by extension 'ignore_ament_install'
[0.624s] Level 1:colcon.colcon_core.package_identification:_identify(src/go2_ros2_toolbox/go2_ros2_toolbox-main/unitree_pkgs) by extensions ['colcon_pkg']
[0.624s] Level 1:colcon.colcon_core.package_identification:_identify(src/go2_ros2_toolbox/go2_ros2_toolbox-main/unitree_pkgs) by extension 'colcon_pkg'
[0.624s] Level 1:colcon.colcon_core.package_identification:_identify(src/go2_ros2_toolbox/go2_ros2_toolbox-main/unitree_pkgs) by extensions ['colcon_meta']
[0.624s] Level 1:colcon.colcon_core.package_identification:_identify(src/go2_ros2_toolbox/go2_ros2_toolbox-main/unitree_pkgs) by extension 'colcon_meta'
[0.624s] Level 1:colcon.colcon_core.package_identification:_identify(src/go2_ros2_toolbox/go2_ros2_toolbox-main/unitree_pkgs) by extensions ['ros']
[0.624s] Level 1:colcon.colcon_core.package_identification:_identify(src/go2_ros2_toolbox/go2_ros2_toolbox-main/unitree_pkgs) by extension 'ros'
[0.624s] Level 1:colcon.colcon_core.package_identification:_identify(src/go2_ros2_toolbox/go2_ros2_toolbox-main/unitree_pkgs) by extensions ['cmake', 'python']
[0.624s] Level 1:colcon.colcon_core.package_identification:_identify(src/go2_ros2_toolbox/go2_ros2_toolbox-main/unitree_pkgs) by extension 'cmake'
[0.625s] Level 1:colcon.colcon_core.package_identification:_identify(src/go2_ros2_toolbox/go2_ros2_toolbox-main/unitree_pkgs) by extension 'python'
[0.625s] Level 1:colcon.colcon_core.package_identification:_identify(src/go2_ros2_toolbox/go2_ros2_toolbox-main/unitree_pkgs) by extensions ['python_setup_py']
[0.625s] Level 1:colcon.colcon_core.package_identification:_identify(src/go2_ros2_toolbox/go2_ros2_toolbox-main/unitree_pkgs) by extension 'python_setup_py'
[0.625s] Level 1:colcon.colcon_core.package_identification:_identify(src/go2_ros2_toolbox/go2_ros2_toolbox-main/unitree_pkgs/go2_h264_repub) by extensions ['ignore', 'ignore_ament_install']
[0.625s] Level 1:colcon.colcon_core.package_identification:_identify(src/go2_ros2_toolbox/go2_ros2_toolbox-main/unitree_pkgs/go2_h264_repub) by extension 'ignore'
[0.625s] Level 1:colcon.colcon_core.package_identification:_identify(src/go2_ros2_toolbox/go2_ros2_toolbox-main/unitree_pkgs/go2_h264_repub) by extension 'ignore_ament_install'
[0.625s] Level 1:colcon.colcon_core.package_identification:_identify(src/go2_ros2_toolbox/go2_ros2_toolbox-main/unitree_pkgs/go2_h264_repub) by extensions ['colcon_pkg']
[0.625s] Level 1:colcon.colcon_core.package_identification:_identify(src/go2_ros2_toolbox/go2_ros2_toolbox-main/unitree_pkgs/go2_h264_repub) by extension 'colcon_pkg'
[0.626s] Level 1:colcon.colcon_core.package_identification:_identify(src/go2_ros2_toolbox/go2_ros2_toolbox-main/unitree_pkgs/go2_h264_repub) by extensions ['colcon_meta']
[0.626s] Level 1:colcon.colcon_core.package_identification:_identify(src/go2_ros2_toolbox/go2_ros2_toolbox-main/unitree_pkgs/go2_h264_repub) by extension 'colcon_meta'
[0.626s] Level 1:colcon.colcon_core.package_identification:_identify(src/go2_ros2_toolbox/go2_ros2_toolbox-main/unitree_pkgs/go2_h264_repub) by extensions ['ros']
[0.626s] Level 1:colcon.colcon_core.package_identification:_identify(src/go2_ros2_toolbox/go2_ros2_toolbox-main/unitree_pkgs/go2_h264_repub) by extension 'ros'
[0.627s] DEBUG:colcon.colcon_core.package_identification:Package 'src/go2_ros2_toolbox/go2_ros2_toolbox-main/unitree_pkgs/go2_h264_repub' with type 'ros.ament_cmake' and name 'go2_h264_repub'
[0.627s] Level 1:colcon.colcon_core.package_identification:_identify(src/go2_ros2_toolbox/go2_ros2_toolbox-main/unitree_pkgs/go2_sport_api) by extensions ['ignore', 'ignore_ament_install']
[0.627s] Level 1:colcon.colcon_core.package_identification:_identify(src/go2_ros2_toolbox/go2_ros2_toolbox-main/unitree_pkgs/go2_sport_api) by extension 'ignore'
[0.627s] Level 1:colcon.colcon_core.package_identification:_identify(src/go2_ros2_toolbox/go2_ros2_toolbox-main/unitree_pkgs/go2_sport_api) by extension 'ignore_ament_install'
[0.628s] Level 1:colcon.colcon_core.package_identification:_identify(src/go2_ros2_toolbox/go2_ros2_toolbox-main/unitree_pkgs/go2_sport_api) by extensions ['colcon_pkg']
[0.628s] Level 1:colcon.colcon_core.package_identification:_identify(src/go2_ros2_toolbox/go2_ros2_toolbox-main/unitree_pkgs/go2_sport_api) by extension 'colcon_pkg'
[0.628s] Level 1:colcon.colcon_core.package_identification:_identify(src/go2_ros2_toolbox/go2_ros2_toolbox-main/unitree_pkgs/go2_sport_api) by extensions ['colcon_meta']
[0.628s] Level 1:colcon.colcon_core.package_identification:_identify(src/go2_ros2_toolbox/go2_ros2_toolbox-main/unitree_pkgs/go2_sport_api) by extension 'colcon_meta'
[0.628s] Level 1:colcon.colcon_core.package_identification:_identify(src/go2_ros2_toolbox/go2_ros2_toolbox-main/unitree_pkgs/go2_sport_api) by extensions ['ros']
[0.628s] Level 1:colcon.colcon_core.package_identification:_identify(src/go2_ros2_toolbox/go2_ros2_toolbox-main/unitree_pkgs/go2_sport_api) by extension 'ros'
[0.629s] DEBUG:colcon.colcon_core.package_identification:Package 'src/go2_ros2_toolbox/go2_ros2_toolbox-main/unitree_pkgs/go2_sport_api' with type 'ros.ament_cmake' and name 'go2_sport_api'
[0.630s] Level 1:colcon.colcon_core.package_identification:_identify(src/go2_ros2_toolbox/go2_ros2_toolbox-main/unitree_pkgs/unitree_api) by extensions ['ignore', 'ignore_ament_install']
[0.630s] Level 1:colcon.colcon_core.package_identification:_identify(src/go2_ros2_toolbox/go2_ros2_toolbox-main/unitree_pkgs/unitree_api) by extension 'ignore'
[0.630s] Level 1:colcon.colcon_core.package_identification:_identify(src/go2_ros2_toolbox/go2_ros2_toolbox-main/unitree_pkgs/unitree_api) by extension 'ignore_ament_install'
[0.630s] Level 1:colcon.colcon_core.package_identification:_identify(src/go2_ros2_toolbox/go2_ros2_toolbox-main/unitree_pkgs/unitree_api) by extensions ['colcon_pkg']
[0.630s] Level 1:colcon.colcon_core.package_identification:_identify(src/go2_ros2_toolbox/go2_ros2_toolbox-main/unitree_pkgs/unitree_api) by extension 'colcon_pkg'
[0.630s] Level 1:colcon.colcon_core.package_identification:_identify(src/go2_ros2_toolbox/go2_ros2_toolbox-main/unitree_pkgs/unitree_api) by extensions ['colcon_meta']
[0.630s] Level 1:colcon.colcon_core.package_identification:_identify(src/go2_ros2_toolbox/go2_ros2_toolbox-main/unitree_pkgs/unitree_api) by extension 'colcon_meta'
[0.631s] Level 1:colcon.colcon_core.package_identification:_identify(src/go2_ros2_toolbox/go2_ros2_toolbox-main/unitree_pkgs/unitree_api) by extensions ['ros']
[0.631s] Level 1:colcon.colcon_core.package_identification:_identify(src/go2_ros2_toolbox/go2_ros2_toolbox-main/unitree_pkgs/unitree_api) by extension 'ros'
[0.632s] DEBUG:colcon.colcon_core.package_identification:Package 'src/go2_ros2_toolbox/go2_ros2_toolbox-main/unitree_pkgs/unitree_api' with type 'ros.ament_cmake' and name 'unitree_api'
[0.632s] Level 1:colcon.colcon_core.package_identification:_identify(src/go2_ros2_toolbox/go2_ros2_toolbox-main/unitree_pkgs/unitree_go) by extensions ['ignore', 'ignore_ament_install']
[0.634s] Level 1:colcon.colcon_core.package_identification:_identify(src/go2_ros2_toolbox/go2_ros2_toolbox-main/unitree_pkgs/unitree_go) by extension 'ignore'
[0.635s] Level 1:colcon.colcon_core.package_identification:_identify(src/go2_ros2_toolbox/go2_ros2_toolbox-main/unitree_pkgs/unitree_go) by extension 'ignore_ament_install'
[0.635s] Level 1:colcon.colcon_core.package_identification:_identify(src/go2_ros2_toolbox/go2_ros2_toolbox-main/unitree_pkgs/unitree_go) by extensions ['colcon_pkg']
[0.635s] Level 1:colcon.colcon_core.package_identification:_identify(src/go2_ros2_toolbox/go2_ros2_toolbox-main/unitree_pkgs/unitree_go) by extension 'colcon_pkg'
[0.635s] Level 1:colcon.colcon_core.package_identification:_identify(src/go2_ros2_toolbox/go2_ros2_toolbox-main/unitree_pkgs/unitree_go) by extensions ['colcon_meta']
[0.635s] Level 1:colcon.colcon_core.package_identification:_identify(src/go2_ros2_toolbox/go2_ros2_toolbox-main/unitree_pkgs/unitree_go) by extension 'colcon_meta'
[0.635s] Level 1:colcon.colcon_core.package_identification:_identify(src/go2_ros2_toolbox/go2_ros2_toolbox-main/unitree_pkgs/unitree_go) by extensions ['ros']
[0.635s] Level 1:colcon.colcon_core.package_identification:_identify(src/go2_ros2_toolbox/go2_ros2_toolbox-main/unitree_pkgs/unitree_go) by extension 'ros'
[0.636s] DEBUG:colcon.colcon_core.package_identification:Package 'src/go2_ros2_toolbox/go2_ros2_toolbox-main/unitree_pkgs/unitree_go' with type 'ros.ament_cmake' and name 'unitree_go'
[0.636s] Level 1:colcon.colcon_core.package_discovery:discover_packages(recursive) using defaults
[0.637s] Level 1:colcon.colcon_core.package_discovery:discover_packages(ignore) discover
[0.637s] Level 1:colcon.colcon_core.package_discovery:discover_packages(ignore) using defaults
[0.637s] Level 1:colcon.colcon_core.package_discovery:discover_packages(path) discover
[0.637s] Level 1:colcon.colcon_core.package_discovery:discover_packages(path) using defaults
[0.667s] Level 1:colcon.colcon_core.package_discovery:discover_packages(prefix_path) check parameters
[0.667s] Level 1:colcon.colcon_core.package_discovery:discover_packages(prefix_path) discover
[0.669s] Level 1:colcon.colcon_core.package_discovery:discover_packages(prefix_path) using defaults
[0.671s] Level 5:colcon.colcon_core.verb:set package 'go2_h264_repub' build argument 'cmake_args' from command line to 'None'
[0.671s] Level 5:colcon.colcon_core.verb:set package 'go2_h264_repub' build argument 'cmake_target' from command line to 'None'
[0.671s] Level 5:colcon.colcon_core.verb:set package 'go2_h264_repub' build argument 'cmake_target_skip_unavailable' from command line to 'False'
[0.671s] Level 5:colcon.colcon_core.verb:set package 'go2_h264_repub' build argument 'cmake_clean_cache' from command line to 'False'
[0.671s] Level 5:colcon.colcon_core.verb:set package 'go2_h264_repub' build argument 'cmake_clean_first' from command line to 'False'
[0.671s] Level 5:colcon.colcon_core.verb:set package 'go2_h264_repub' build argument 'cmake_force_configure' from command line to 'False'
[0.671s] Level 5:colcon.colcon_core.verb:set package 'go2_h264_repub' build argument 'ament_cmake_args' from command line to 'None'
[0.671s] Level 5:colcon.colcon_core.verb:set package 'go2_h264_repub' build argument 'catkin_cmake_args' from command line to 'None'
[0.671s] Level 5:colcon.colcon_core.verb:set package 'go2_h264_repub' build argument 'catkin_skip_building_tests' from command line to 'False'
[0.671s] DEBUG:colcon.colcon_core.verb:Building package 'go2_h264_repub' with the following arguments: {'ament_cmake_args': None, 'build_base': '/home/unitree/go2_ros2_ws/build/go2_h264_repub', 'catkin_cmake_args': None, 'catkin_skip_building_tests': False, 'cmake_args': None, 'cmake_clean_cache': False, 'cmake_clean_first': False, 'cmake_force_configure': False, 'cmake_target': None, 'cmake_target_skip_unavailable': False, 'install_base': '/home/unitree/go2_ros2_ws/install/go2_h264_repub', 'merge_install': False, 'path': '/home/unitree/go2_ros2_ws/src/go2_ros2_toolbox/go2_ros2_toolbox-main/unitree_pkgs/go2_h264_repub', 'symlink_install': False, 'test_result_base': None}
[0.672s] Level 5:colcon.colcon_core.verb:set package 'go2_navigation' build argument 'cmake_args' from command line to 'None'
[0.672s] Level 5:colcon.colcon_core.verb:set package 'go2_navigation' build argument 'cmake_target' from command line to 'None'
[0.672s] Level 5:colcon.colcon_core.verb:set package 'go2_navigation' build argument 'cmake_target_skip_unavailable' from command line to 'False'
[0.672s] Level 5:colcon.colcon_core.verb:set package 'go2_navigation' build argument 'cmake_clean_cache' from command line to 'False'
[0.672s] Level 5:colcon.colcon_core.verb:set package 'go2_navigation' build argument 'cmake_clean_first' from command line to 'False'
[0.672s] Level 5:colcon.colcon_core.verb:set package 'go2_navigation' build argument 'cmake_force_configure' from command line to 'False'
[0.673s] Level 5:colcon.colcon_core.verb:set package 'go2_navigation' build argument 'ament_cmake_args' from command line to 'None'
[0.673s] Level 5:colcon.colcon_core.verb:set package 'go2_navigation' build argument 'catkin_cmake_args' from command line to 'None'
[0.673s] Level 5:colcon.colcon_core.verb:set package 'go2_navigation' build argument 'catkin_skip_building_tests' from command line to 'False'
[0.673s] DEBUG:colcon.colcon_core.verb:Building package 'go2_navigation' with the following arguments: {'ament_cmake_args': None, 'build_base': '/home/unitree/go2_ros2_ws/build/go2_navigation', 'catkin_cmake_args': None, 'catkin_skip_building_tests': False, 'cmake_args': None, 'cmake_clean_cache': False, 'cmake_clean_first': False, 'cmake_force_configure': False, 'cmake_target': None, 'cmake_target_skip_unavailable': False, 'install_base': '/home/unitree/go2_ros2_ws/install/go2_navigation', 'merge_install': False, 'path': '/home/unitree/go2_ros2_ws/src/go2_ros2_toolbox/go2_ros2_toolbox-main/go2_navigation', 'symlink_install': False, 'test_result_base': None}
[0.673s] Level 5:colcon.colcon_core.verb:set package 'go2_perception' build argument 'cmake_args' from command line to 'None'
[0.673s] Level 5:colcon.colcon_core.verb:set package 'go2_perception' build argument 'cmake_target' from command line to 'None'
[0.673s] Level 5:colcon.colcon_core.verb:set package 'go2_perception' build argument 'cmake_target_skip_unavailable' from command line to 'False'
[0.673s] Level 5:colcon.colcon_core.verb:set package 'go2_perception' build argument 'cmake_clean_cache' from command line to 'False'
[0.674s] Level 5:colcon.colcon_core.verb:set package 'go2_perception' build argument 'cmake_clean_first' from command line to 'False'
[0.674s] Level 5:colcon.colcon_core.verb:set package 'go2_perception' build argument 'cmake_force_configure' from command line to 'False'
[0.674s] Level 5:colcon.colcon_core.verb:set package 'go2_perception' build argument 'ament_cmake_args' from command line to 'None'
[0.674s] Level 5:colcon.colcon_core.verb:set package 'go2_perception' build argument 'catkin_cmake_args' from command line to 'None'
[0.674s] Level 5:colcon.colcon_core.verb:set package 'go2_perception' build argument 'catkin_skip_building_tests' from command line to 'False'
[0.674s] DEBUG:colcon.colcon_core.verb:Building package 'go2_perception' with the following arguments: {'ament_cmake_args': None, 'build_base': '/home/unitree/go2_ros2_ws/build/go2_perception', 'catkin_cmake_args': None, 'catkin_skip_building_tests': False, 'cmake_args': None, 'cmake_clean_cache': False, 'cmake_clean_first': False, 'cmake_force_configure': False, 'cmake_target': None, 'cmake_target_skip_unavailable': False, 'install_base': '/home/unitree/go2_ros2_ws/install/go2_perception', 'merge_install': False, 'path': '/home/unitree/go2_ros2_ws/src/go2_ros2_toolbox/go2_ros2_toolbox-main/go2_perception', 'symlink_install': False, 'test_result_base': None}
[0.674s] Level 5:colcon.colcon_core.verb:set package 'go2_slam' build argument 'cmake_args' from command line to 'None'
[0.674s] Level 5:colcon.colcon_core.verb:set package 'go2_slam' build argument 'cmake_target' from command line to 'None'
[0.674s] Level 5:colcon.colcon_core.verb:set package 'go2_slam' build argument 'cmake_target_skip_unavailable' from command line to 'False'
[0.675s] Level 5:colcon.colcon_core.verb:set package 'go2_slam' build argument 'cmake_clean_cache' from command line to 'False'
[0.675s] Level 5:colcon.colcon_core.verb:set package 'go2_slam' build argument 'cmake_clean_first' from command line to 'False'
[0.675s] Level 5:colcon.colcon_core.verb:set package 'go2_slam' build argument 'cmake_force_configure' from command line to 'False'
[0.675s] Level 5:colcon.colcon_core.verb:set package 'go2_slam' build argument 'ament_cmake_args' from command line to 'None'
[0.675s] Level 5:colcon.colcon_core.verb:set package 'go2_slam' build argument 'catkin_cmake_args' from command line to 'None'
[0.675s] Level 5:colcon.colcon_core.verb:set package 'go2_slam' build argument 'catkin_skip_building_tests' from command line to 'False'
[0.675s] DEBUG:colcon.colcon_core.verb:Building package 'go2_slam' with the following arguments: {'ament_cmake_args': None, 'build_base': '/home/unitree/go2_ros2_ws/build/go2_slam', 'catkin_cmake_args': None, 'catkin_skip_building_tests': False, 'cmake_args': None, 'cmake_clean_cache': False, 'cmake_clean_first': False, 'cmake_force_configure': False, 'cmake_target': None, 'cmake_target_skip_unavailable': False, 'install_base': '/home/unitree/go2_ros2_ws/install/go2_slam', 'merge_install': False, 'path': '/home/unitree/go2_ros2_ws/src/go2_ros2_toolbox/go2_ros2_toolbox-main/go2_slam', 'symlink_install': False, 'test_result_base': None}
[0.675s] Level 5:colcon.colcon_core.verb:set package 'unitree_api' build argument 'cmake_args' from command line to 'None'
[0.675s] Level 5:colcon.colcon_core.verb:set package 'unitree_api' build argument 'cmake_target' from command line to 'None'
[0.675s] Level 5:colcon.colcon_core.verb:set package 'unitree_api' build argument 'cmake_target_skip_unavailable' from command line to 'False'
[0.676s] Level 5:colcon.colcon_core.verb:set package 'unitree_api' build argument 'cmake_clean_cache' from command line to 'False'
[0.676s] Level 5:colcon.colcon_core.verb:set package 'unitree_api' build argument 'cmake_clean_first' from command line to 'False'
[0.676s] Level 5:colcon.colcon_core.verb:set package 'unitree_api' build argument 'cmake_force_configure' from command line to 'False'
[0.676s] Level 5:colcon.colcon_core.verb:set package 'unitree_api' build argument 'ament_cmake_args' from command line to 'None'
[0.676s] Level 5:colcon.colcon_core.verb:set package 'unitree_api' build argument 'catkin_cmake_args' from command line to 'None'
[0.676s] Level 5:colcon.colcon_core.verb:set package 'unitree_api' build argument 'catkin_skip_building_tests' from command line to 'False'
[0.676s] DEBUG:colcon.colcon_core.verb:Building package 'unitree_api' with the following arguments: {'ament_cmake_args': None, 'build_base': '/home/unitree/go2_ros2_ws/build/unitree_api', 'catkin_cmake_args': None, 'catkin_skip_building_tests': False, 'cmake_args': None, 'cmake_clean_cache': False, 'cmake_clean_first': False, 'cmake_force_configure': False, 'cmake_target': None, 'cmake_target_skip_unavailable': False, 'install_base': '/home/unitree/go2_ros2_ws/install/unitree_api', 'merge_install': False, 'path': '/home/unitree/go2_ros2_ws/src/go2_ros2_toolbox/go2_ros2_toolbox-main/unitree_pkgs/unitree_api', 'symlink_install': False, 'test_result_base': None}
[0.676s] Level 5:colcon.colcon_core.verb:set package 'unitree_go' build argument 'cmake_args' from command line to 'None'
[0.677s] Level 5:colcon.colcon_core.verb:set package 'unitree_go' build argument 'cmake_target' from command line to 'None'
[0.677s] Level 5:colcon.colcon_core.verb:set package 'unitree_go' build argument 'cmake_target_skip_unavailable' from command line to 'False'
[0.677s] Level 5:colcon.colcon_core.verb:set package 'unitree_go' build argument 'cmake_clean_cache' from command line to 'False'
[0.677s] Level 5:colcon.colcon_core.verb:set package 'unitree_go' build argument 'cmake_clean_first' from command line to 'False'
[0.677s] Level 5:colcon.colcon_core.verb:set package 'unitree_go' build argument 'cmake_force_configure' from command line to 'False'
[0.677s] Level 5:colcon.colcon_core.verb:set package 'unitree_go' build argument 'ament_cmake_args' from command line to 'None'
[0.677s] Level 5:colcon.colcon_core.verb:set package 'unitree_go' build argument 'catkin_cmake_args' from command line to 'None'
[0.677s] Level 5:colcon.colcon_core.verb:set package 'unitree_go' build argument 'catkin_skip_building_tests' from command line to 'False'
[0.677s] DEBUG:colcon.colcon_core.verb:Building package 'unitree_go' with the following arguments: {'ament_cmake_args': None, 'build_base': '/home/unitree/go2_ros2_ws/build/unitree_go', 'catkin_cmake_args': None, 'catkin_skip_building_tests': False, 'cmake_args': None, 'cmake_clean_cache': False, 'cmake_clean_first': False, 'cmake_force_configure': False, 'cmake_target': None, 'cmake_target_skip_unavailable': False, 'install_base': '/home/unitree/go2_ros2_ws/install/unitree_go', 'merge_install': False, 'path': '/home/unitree/go2_ros2_ws/src/go2_ros2_toolbox/go2_ros2_toolbox-main/unitree_pkgs/unitree_go', 'symlink_install': False, 'test_result_base': None}
[0.677s] Level 5:colcon.colcon_core.verb:set package 'go2_sport_api' build argument 'cmake_args' from command line to 'None'
[0.678s] Level 5:colcon.colcon_core.verb:set package 'go2_sport_api' build argument 'cmake_target' from command line to 'None'
[0.678s] Level 5:colcon.colcon_core.verb:set package 'go2_sport_api' build argument 'cmake_target_skip_unavailable' from command line to 'False'
[0.678s] Level 5:colcon.colcon_core.verb:set package 'go2_sport_api' build argument 'cmake_clean_cache' from command line to 'False'
[0.678s] Level 5:colcon.colcon_core.verb:set package 'go2_sport_api' build argument 'cmake_clean_first' from command line to 'False'
[0.678s] Level 5:colcon.colcon_core.verb:set package 'go2_sport_api' build argument 'cmake_force_configure' from command line to 'False'
[0.678s] Level 5:colcon.colcon_core.verb:set package 'go2_sport_api' build argument 'ament_cmake_args' from command line to 'None'
[0.678s] Level 5:colcon.colcon_core.verb:set package 'go2_sport_api' build argument 'catkin_cmake_args' from command line to 'None'
[0.678s] Level 5:colcon.colcon_core.verb:set package 'go2_sport_api' build argument 'catkin_skip_building_tests' from command line to 'False'
[0.678s] DEBUG:colcon.colcon_core.verb:Building package 'go2_sport_api' with the following arguments: {'ament_cmake_args': None, 'build_base': '/home/unitree/go2_ros2_ws/build/go2_sport_api', 'catkin_cmake_args': None, 'catkin_skip_building_tests': False, 'cmake_args': None, 'cmake_clean_cache': False, 'cmake_clean_first': False, 'cmake_force_configure': False, 'cmake_target': None, 'cmake_target_skip_unavailable': False, 'install_base': '/home/unitree/go2_ros2_ws/install/go2_sport_api', 'merge_install': False, 'path': '/home/unitree/go2_ros2_ws/src/go2_ros2_toolbox/go2_ros2_toolbox-main/unitree_pkgs/go2_sport_api', 'symlink_install': False, 'test_result_base': None}
[0.678s] Level 5:colcon.colcon_core.verb:set package 'go2_core' build argument 'cmake_args' from command line to 'None'
[0.679s] Level 5:colcon.colcon_core.verb:set package 'go2_core' build argument 'cmake_target' from command line to 'None'
[0.679s] Level 5:colcon.colcon_core.verb:set package 'go2_core' build argument 'cmake_target_skip_unavailable' from command line to 'False'
[0.679s] Level 5:colcon.colcon_core.verb:set package 'go2_core' build argument 'cmake_clean_cache' from command line to 'False'
[0.679s] Level 5:colcon.colcon_core.verb:set package 'go2_core' build argument 'cmake_clean_first' from command line to 'False'
[0.679s] Level 5:colcon.colcon_core.verb:set package 'go2_core' build argument 'cmake_force_configure' from command line to 'False'
[0.679s] Level 5:colcon.colcon_core.verb:set package 'go2_core' build argument 'ament_cmake_args' from command line to 'None'
[0.679s] Level 5:colcon.colcon_core.verb:set package 'go2_core' build argument 'catkin_cmake_args' from command line to 'None'
[0.679s] Level 5:colcon.colcon_core.verb:set package 'go2_core' build argument 'catkin_skip_building_tests' from command line to 'False'
[0.679s] DEBUG:colcon.colcon_core.verb:Building package 'go2_core' with the following arguments: {'ament_cmake_args': None, 'build_base': '/home/unitree/go2_ros2_ws/build/go2_core', 'catkin_cmake_args': None, 'catkin_skip_building_tests': False, 'cmake_args': None, 'cmake_clean_cache': False, 'cmake_clean_first': False, 'cmake_force_configure': False, 'cmake_target': None, 'cmake_target_skip_unavailable': False, 'install_base': '/home/unitree/go2_ros2_ws/install/go2_core', 'merge_install': False, 'path': '/home/unitree/go2_ros2_ws/src/go2_ros2_toolbox/go2_ros2_toolbox-main/go2_core', 'symlink_install': False, 'test_result_base': None}
[0.679s] INFO:colcon.colcon_core.executor:Executing jobs using 'parallel' executor
[0.681s] DEBUG:colcon.colcon_parallel_executor.executor.parallel:run_until_complete
[0.682s] INFO:colcon.colcon_ros.task.ament_cmake.build:Building ROS package in '/home/unitree/go2_ros2_ws/src/go2_ros2_toolbox/go2_ros2_toolbox-main/unitree_pkgs/unitree_api' with build type 'ament_cmake'
[0.682s] INFO:colcon.colcon_cmake.task.cmake.build:Building CMake package in '/home/unitree/go2_ros2_ws/src/go2_ros2_toolbox/go2_ros2_toolbox-main/unitree_pkgs/unitree_api'
[0.686s] INFO:colcon.colcon_core.plugin_system:Skipping extension 'colcon_core.shell.bat': Not used on non-Windows systems
[0.686s] INFO:colcon.colcon_core.shell:Skip shell extension 'powershell' for command environment: Not usable outside of PowerShell
[0.686s] DEBUG:colcon.colcon_core.shell:Skip shell extension 'dsv' for command environment
[0.692s] INFO:colcon.colcon_ros.task.ament_cmake.build:Building ROS package in '/home/unitree/go2_ros2_ws/src/go2_ros2_toolbox/go2_ros2_toolbox-main/unitree_pkgs/unitree_go' with build type 'ament_cmake'
[0.693s] INFO:colcon.colcon_cmake.task.cmake.build:Building CMake package in '/home/unitree/go2_ros2_ws/src/go2_ros2_toolbox/go2_ros2_toolbox-main/unitree_pkgs/unitree_go'
[0.694s] INFO:colcon.colcon_core.shell:Skip shell extension 'powershell' for command environment: Not usable outside of PowerShell
[0.694s] DEBUG:colcon.colcon_core.shell:Skip shell extension 'dsv' for command environment
[0.699s] INFO:colcon.colcon_ros.task.ament_cmake.build:Building ROS package in '/home/unitree/go2_ros2_ws/src/go2_ros2_toolbox/go2_ros2_toolbox-main/unitree_pkgs/go2_h264_repub' with build type 'ament_cmake'
[0.699s] INFO:colcon.colcon_cmake.task.cmake.build:Building CMake package in '/home/unitree/go2_ros2_ws/src/go2_ros2_toolbox/go2_ros2_toolbox-main/unitree_pkgs/go2_h264_repub'
[0.700s] INFO:colcon.colcon_core.shell:Skip shell extension 'powershell' for command environment: Not usable outside of PowerShell
[0.701s] DEBUG:colcon.colcon_core.shell:Skip shell extension 'dsv' for command environment
[0.705s] INFO:colcon.colcon_ros.task.ament_cmake.build:Building ROS package in '/home/unitree/go2_ros2_ws/src/go2_ros2_toolbox/go2_ros2_toolbox-main/go2_navigation' with build type 'ament_cmake'
[0.705s] INFO:colcon.colcon_cmake.task.cmake.build:Building CMake package in '/home/unitree/go2_ros2_ws/src/go2_ros2_toolbox/go2_ros2_toolbox-main/go2_navigation'
[0.706s] INFO:colcon.colcon_core.shell:Skip shell extension 'powershell' for command environment: Not usable outside of PowerShell
[0.707s] DEBUG:colcon.colcon_core.shell:Skip shell extension 'dsv' for command environment
[0.717s] DEBUG:colcon.colcon_core.event_handler.log_command:Invoking command in '/home/unitree/go2_ros2_ws/build/unitree_api': /usr/bin/cmake /home/unitree/go2_ros2_ws/src/go2_ros2_toolbox/go2_ros2_toolbox-main/unitree_pkgs/unitree_api -DCMAKE_INSTALL_PREFIX=/home/unitree/go2_ros2_ws/install/unitree_api
[0.727s] DEBUG:colcon.colcon_core.event_handler.log_command:Invoking command in '/home/unitree/go2_ros2_ws/build/unitree_go': /usr/bin/cmake /home/unitree/go2_ros2_ws/src/go2_ros2_toolbox/go2_ros2_toolbox-main/unitree_pkgs/unitree_go -DCMAKE_INSTALL_PREFIX=/home/unitree/go2_ros2_ws/install/unitree_go
[0.733s] DEBUG:colcon.colcon_core.event_handler.log_command:Invoking command in '/home/unitree/go2_ros2_ws/build/go2_h264_repub': /usr/bin/cmake /home/unitree/go2_ros2_ws/src/go2_ros2_toolbox/go2_ros2_toolbox-main/unitree_pkgs/go2_h264_repub -DCMAKE_INSTALL_PREFIX=/home/unitree/go2_ros2_ws/install/go2_h264_repub
[0.739s] DEBUG:colcon.colcon_core.event_handler.log_command:Invoking command in '/home/unitree/go2_ros2_ws/build/go2_navigation': /usr/bin/cmake /home/unitree/go2_ros2_ws/src/go2_ros2_toolbox/go2_ros2_toolbox-main/go2_navigation -DCMAKE_INSTALL_PREFIX=/home/unitree/go2_ros2_ws/install/go2_navigation
[1.592s] DEBUG:colcon.colcon_core.event_handler.log_command:Invoked command in '/home/unitree/go2_ros2_ws/build/go2_h264_repub' returned '1': /usr/bin/cmake /home/unitree/go2_ros2_ws/src/go2_ros2_toolbox/go2_ros2_toolbox-main/unitree_pkgs/go2_h264_repub -DCMAKE_INSTALL_PREFIX=/home/unitree/go2_ros2_ws/install/go2_h264_repub
[1.602s] DEBUG:colcon.colcon_core.event_handler.log_command:Invoked command in '/home/unitree/go2_ros2_ws/build/unitree_go' returned '1': /usr/bin/cmake /home/unitree/go2_ros2_ws/src/go2_ros2_toolbox/go2_ros2_toolbox-main/unitree_pkgs/unitree_go -DCMAKE_INSTALL_PREFIX=/home/unitree/go2_ros2_ws/install/unitree_go
[1.619s] Level 1:colcon.colcon_core.environment:create_environment_scripts_only(go2_h264_repub)
[1.631s] Level 1:colcon.colcon_core.environment:checking '/home/unitree/go2_ros2_ws/install/go2_h264_repub' for CMake module files
[1.631s] Level 1:colcon.colcon_core.environment:checking '/home/unitree/go2_ros2_ws/install/go2_h264_repub' for CMake config files
[1.632s] Level 1:colcon.colcon_core.environment:checking '/home/unitree/go2_ros2_ws/install/go2_h264_repub/bin'
[1.632s] Level 1:colcon.colcon_core.environment:checking '/home/unitree/go2_ros2_ws/install/go2_h264_repub/lib/pkgconfig/go2_h264_repub.pc'
[1.634s] Level 1:colcon.colcon_core.environment:checking '/home/unitree/go2_ros2_ws/install/go2_h264_repub/lib/python3.8/site-packages'
[1.634s] Level 1:colcon.colcon_core.environment:checking '/home/unitree/go2_ros2_ws/install/go2_h264_repub/bin'
[1.635s] INFO:colcon.colcon_core.shell:Creating package script '/home/unitree/go2_ros2_ws/install/go2_h264_repub/share/go2_h264_repub/package.ps1'
[1.637s] INFO:colcon.colcon_core.shell:Creating package descriptor '/home/unitree/go2_ros2_ws/install/go2_h264_repub/share/go2_h264_repub/package.dsv'
[1.637s] INFO:colcon.colcon_core.shell:Creating package script '/home/unitree/go2_ros2_ws/install/go2_h264_repub/share/go2_h264_repub/package.sh'
[1.638s] INFO:colcon.colcon_core.shell:Creating package script '/home/unitree/go2_ros2_ws/install/go2_h264_repub/share/go2_h264_repub/package.bash'
[1.640s] INFO:colcon.colcon_core.shell:Creating package script '/home/unitree/go2_ros2_ws/install/go2_h264_repub/share/go2_h264_repub/package.zsh'
[1.641s] Level 1:colcon.colcon_core.environment:create_file_with_runtime_dependencies(/home/unitree/go2_ros2_ws/install/go2_h264_repub/share/colcon-core/packages/go2_h264_repub)
[1.655s] DEBUG:colcon.colcon_parallel_executor.executor.parallel:closing loop
[1.656s] DEBUG:colcon.colcon_parallel_executor.executor.parallel:loop closed
[1.656s] DEBUG:colcon.colcon_parallel_executor.executor.parallel:run_until_complete finished with '1'
[1.656s] DEBUG:colcon.colcon_core.event_reactor:joining thread
[1.671s] INFO:colcon.colcon_core.plugin_system:Skipping extension 'colcon_notification.desktop_notification.terminal_notifier': Not used on non-Darwin systems
[1.671s] INFO:colcon.colcon_core.plugin_system:Skipping extension 'colcon_notification.desktop_notification.win32': Not used on non-Windows systems
[1.672s] INFO:colcon.colcon_notification.desktop_notification:Sending desktop notification using 'notify2'
[1.711s] DEBUG:colcon.colcon_core.event_reactor:joined thread
[1.712s] INFO:colcon.colcon_core.shell:Creating prefix script '/home/unitree/go2_ros2_ws/install/local_setup.ps1'
[1.714s] INFO:colcon.colcon_core.shell:Creating prefix util module '/home/unitree/go2_ros2_ws/install/_local_setup_util_ps1.py'
[1.717s] INFO:colcon.colcon_core.shell:Creating prefix chain script '/home/unitree/go2_ros2_ws/install/setup.ps1'
[1.718s] INFO:colcon.colcon_core.shell:Creating prefix script '/home/unitree/go2_ros2_ws/install/local_setup.sh'
[1.719s] INFO:colcon.colcon_core.shell:Creating prefix util module '/home/unitree/go2_ros2_ws/install/_local_setup_util_sh.py'
[1.720s] INFO:colcon.colcon_core.shell:Creating prefix chain script '/home/unitree/go2_ros2_ws/install/setup.sh'
[1.722s] INFO:colcon.colcon_core.shell:Creating prefix script '/home/unitree/go2_ros2_ws/install/local_setup.bash'
[1.723s] INFO:colcon.colcon_core.shell:Creating prefix chain script '/home/unitree/go2_ros2_ws/install/setup.bash'
[1.754s] INFO:colcon.colcon_core.shell:Creating prefix script '/home/unitree/go2_ros2_ws/install/local_setup.zsh'
[1.755s] INFO:colcon.colcon_core.shell:Creating prefix chain script '/home/unitree/go2_ros2_ws/install/setup.zsh'
