[0.078s] Invoking command in '/home/unitree/go2_ros2_ws/build/go2_perception': CMAKE_PREFIX_PATH=${CMAKE_PREFIX_PATH}:/opt/ros/foxy /usr/bin/cmake --build /home/unitree/go2_ros2_ws/build/go2_perception -- -j4 -l4
[0.252s] [ 33%] Built target pointcloud_to_laserscan_node
[0.272s] [ 66%] Built target cloud_accumulation
[0.291s] [100%] Built target pointcloud_to_laserscan
[0.324s] Invoked command in '/home/unitree/go2_ros2_ws/build/go2_perception' returned '0': CMAKE_PREFIX_PATH=${CMAKE_PREFIX_PATH}:/opt/ros/foxy /usr/bin/cmake --build /home/unitree/go2_ros2_ws/build/go2_perception -- -j4 -l4
[0.335s] Invoking command in '/home/unitree/go2_ros2_ws/build/go2_perception': CMAKE_PREFIX_PATH=${CMAKE_PREFIX_PATH}:/opt/ros/foxy /usr/bin/cmake --install /home/unitree/go2_ros2_ws/build/go2_perception
[0.355s] -- Install configuration: ""
[0.362s] -- Up-to-date: /home/unitree/go2_ros2_ws/install/go2_perception/lib/go2_perception/pointcloud_to_laserscan_node
[0.368s] -- Up-to-date: /home/unitree/go2_ros2_ws/install/go2_perception/lib/libpointcloud_to_laserscan.so
[0.368s] -- Up-to-date: /home/unitree/go2_ros2_ws/install/go2_perception/lib/go2_perception/cloud_accumulation
[0.368s] -- Up-to-date: /home/unitree/go2_ros2_ws/install/go2_perception/share/go2_perception/launch
[0.368s] -- Up-to-date: /home/unitree/go2_ros2_ws/install/go2_perception/share/go2_perception/launch/go2_pointcloud_process.launch.py
[0.369s] -- Up-to-date: /home/unitree/go2_ros2_ws/install/go2_perception/share/go2_perception/environment/pythonpath.sh
[0.369s] -- Up-to-date: /home/unitree/go2_ros2_ws/install/go2_perception/share/go2_perception/environment/pythonpath.dsv
[0.369s] -- Up-to-date: /home/unitree/go2_ros2_ws/install/go2_perception/lib/python3.8/site-packages/go2_perception
[0.369s] -- Up-to-date: /home/unitree/go2_ros2_ws/install/go2_perception/lib/python3.8/site-packages/go2_perception/__init__.py
[0.440s] Listing '/home/unitree/go2_ros2_ws/install/go2_perception/lib/python3.8/site-packages/go2_perception'...
[0.452s] -- Up-to-date: /home/unitree/go2_ros2_ws/install/go2_perception/share/ament_index/resource_index/package_run_dependencies/go2_perception
[0.453s] -- Up-to-date: /home/unitree/go2_ros2_ws/install/go2_perception/share/ament_index/resource_index/parent_prefix_path/go2_perception
[0.454s] -- Up-to-date: /home/unitree/go2_ros2_ws/install/go2_perception/share/go2_perception/environment/ament_prefix_path.sh
[0.454s] -- Up-to-date: /home/unitree/go2_ros2_ws/install/go2_perception/share/go2_perception/environment/ament_prefix_path.dsv
[0.455s] -- Up-to-date: /home/unitree/go2_ros2_ws/install/go2_perception/share/go2_perception/environment/path.sh
[0.455s] -- Up-to-date: /home/unitree/go2_ros2_ws/install/go2_perception/share/go2_perception/environment/path.dsv
[0.456s] -- Up-to-date: /home/unitree/go2_ros2_ws/install/go2_perception/share/go2_perception/local_setup.bash
[0.456s] -- Up-to-date: /home/unitree/go2_ros2_ws/install/go2_perception/share/go2_perception/local_setup.sh
[0.457s] -- Up-to-date: /home/unitree/go2_ros2_ws/install/go2_perception/share/go2_perception/local_setup.zsh
[0.457s] -- Up-to-date: /home/unitree/go2_ros2_ws/install/go2_perception/share/go2_perception/local_setup.dsv
[0.457s] -- Installing: /home/unitree/go2_ros2_ws/install/go2_perception/share/go2_perception/package.dsv
[0.458s] -- Up-to-date: /home/unitree/go2_ros2_ws/install/go2_perception/share/ament_index/resource_index/packages/go2_perception
[0.459s] -- Up-to-date: /home/unitree/go2_ros2_ws/install/go2_perception/share/ament_index/resource_index/rclcpp_components/go2_perception
[0.459s] -- Up-to-date: /home/unitree/go2_ros2_ws/install/go2_perception/share/go2_perception/cmake/go2_perceptionConfig.cmake
[0.460s] -- Up-to-date: /home/unitree/go2_ros2_ws/install/go2_perception/share/go2_perception/cmake/go2_perceptionConfig-version.cmake
[0.460s] -- Up-to-date: /home/unitree/go2_ros2_ws/install/go2_perception/share/go2_perception/package.xml
[0.468s] Invoked command in '/home/unitree/go2_ros2_ws/build/go2_perception' returned '0': CMAKE_PREFIX_PATH=${CMAKE_PREFIX_PATH}:/opt/ros/foxy /usr/bin/cmake --install /home/unitree/go2_ros2_ws/build/go2_perception
