[0.065s] Invoking command in '/home/unitree/go2_ros2_ws/build/unitree_api': CMAKE_PREFIX_PATH=${CMAKE_PREFIX_PATH}:/opt/ros/foxy /usr/bin/cmake --build /home/unitree/go2_ros2_ws/build/unitree_api -- -j4 -l4
[0.226s] [  1%] Built target unitree_api__cpp
[0.244s] [  2%] Built target unitree_api__dds_connext_idl
[0.265s] [ 13%] Built target unitree_api__rosidl_generator_c
[0.312s] [ 25%] Built target unitree_api__rosidl_typesupport_introspection_cpp
[0.358s] [ 36%] Built target unitree_api__rosidl_typesupport_cpp
[0.381s] [ 47%] Built target unitree_api__rosidl_typesupport_c
[0.411s] [ 59%] Built target unitree_api__rosidl_typesupport_fastrtps_cpp
[0.431s] [ 70%] Built target unitree_api__rosidl_typesupport_introspection_c
[0.485s] [ 81%] Built target unitree_api__rosidl_typesupport_fastrtps_c
[0.529s] [ 81%] Built target unitree_api
[0.580s] [ 82%] Built target unitree_api__py
[0.644s] [ 93%] Built target unitree_api__python
[0.740s] [ 95%] Built target unitree_api__rosidl_typesupport_c__pyext
[0.751s] [ 97%] Built target unitree_api__rosidl_typesupport_introspection_c__pyext
[0.771s] [100%] Built target unitree_api__rosidl_typesupport_fastrtps_c__pyext
[0.814s] Invoked command in '/home/unitree/go2_ros2_ws/build/unitree_api' returned '0': CMAKE_PREFIX_PATH=${CMAKE_PREFIX_PATH}:/opt/ros/foxy /usr/bin/cmake --build /home/unitree/go2_ros2_ws/build/unitree_api -- -j4 -l4
[0.818s] Invoking command in '/home/unitree/go2_ros2_ws/build/unitree_api': CMAKE_PREFIX_PATH=${CMAKE_PREFIX_PATH}:/opt/ros/foxy /usr/bin/cmake --install /home/unitree/go2_ros2_ws/build/unitree_api
[0.836s] -- Install configuration: ""
[0.837s] -- Up-to-date: /home/unitree/go2_ros2_ws/install/unitree_api/share/ament_index/resource_index/rosidl_interfaces/unitree_api
[0.837s] -- Up-to-date: /home/unitree/go2_ros2_ws/install/unitree_api/include/unitree_api
[0.838s] -- Up-to-date: /home/unitree/go2_ros2_ws/install/unitree_api/include/unitree_api/msg
[0.838s] -- Up-to-date: /home/unitree/go2_ros2_ws/install/unitree_api/include/unitree_api/msg/request_header.h
[0.838s] -- Up-to-date: /home/unitree/go2_ros2_ws/install/unitree_api/include/unitree_api/msg/rosidl_generator_c__visibility_control.h
[0.838s] -- Up-to-date: /home/unitree/go2_ros2_ws/install/unitree_api/include/unitree_api/msg/request_lease.h
[0.839s] -- Up-to-date: /home/unitree/go2_ros2_ws/install/unitree_api/include/unitree_api/msg/response_status.h
[0.839s] -- Up-to-date: /home/unitree/go2_ros2_ws/install/unitree_api/include/unitree_api/msg/request_identity.h
[0.839s] -- Up-to-date: /home/unitree/go2_ros2_ws/install/unitree_api/include/unitree_api/msg/request.h
[0.839s] -- Up-to-date: /home/unitree/go2_ros2_ws/install/unitree_api/include/unitree_api/msg/request_policy.h
[0.839s] -- Up-to-date: /home/unitree/go2_ros2_ws/install/unitree_api/include/unitree_api/msg/response_header.h
[0.839s] -- Up-to-date: /home/unitree/go2_ros2_ws/install/unitree_api/include/unitree_api/msg/response.h
[0.839s] -- Up-to-date: /home/unitree/go2_ros2_ws/install/unitree_api/include/unitree_api/msg/detail
[0.840s] -- Up-to-date: /home/unitree/go2_ros2_ws/install/unitree_api/include/unitree_api/msg/detail/request_header__struct.h
[0.840s] -- Up-to-date: /home/unitree/go2_ros2_ws/install/unitree_api/include/unitree_api/msg/detail/response__functions.h
[0.840s] -- Up-to-date: /home/unitree/go2_ros2_ws/install/unitree_api/include/unitree_api/msg/detail/request_header__functions.c
[0.840s] -- Up-to-date: /home/unitree/go2_ros2_ws/install/unitree_api/include/unitree_api/msg/detail/request_identity__functions.h
[0.840s] -- Up-to-date: /home/unitree/go2_ros2_ws/install/unitree_api/include/unitree_api/msg/detail/request_policy__struct.h
[0.841s] -- Up-to-date: /home/unitree/go2_ros2_ws/install/unitree_api/include/unitree_api/msg/detail/response_header__type_support.h
[0.841s] -- Up-to-date: /home/unitree/go2_ros2_ws/install/unitree_api/include/unitree_api/msg/detail/request_header__type_support.h
[0.841s] -- Up-to-date: /home/unitree/go2_ros2_ws/install/unitree_api/include/unitree_api/msg/detail/request_lease__functions.c
[0.841s] -- Up-to-date: /home/unitree/go2_ros2_ws/install/unitree_api/include/unitree_api/msg/detail/response__type_support.h
[0.841s] -- Up-to-date: /home/unitree/go2_ros2_ws/install/unitree_api/include/unitree_api/msg/detail/response_status__struct.h
[0.842s] -- Up-to-date: /home/unitree/go2_ros2_ws/install/unitree_api/include/unitree_api/msg/detail/request_lease__functions.h
[0.842s] -- Up-to-date: /home/unitree/go2_ros2_ws/install/unitree_api/include/unitree_api/msg/detail/response_header__struct.h
[0.842s] -- Up-to-date: /home/unitree/go2_ros2_ws/install/unitree_api/include/unitree_api/msg/detail/request_lease__type_support.h
[0.842s] -- Up-to-date: /home/unitree/go2_ros2_ws/install/unitree_api/include/unitree_api/msg/detail/response_status__functions.c
[0.842s] -- Up-to-date: /home/unitree/go2_ros2_ws/install/unitree_api/include/unitree_api/msg/detail/request__type_support.h
[0.842s] -- Up-to-date: /home/unitree/go2_ros2_ws/install/unitree_api/include/unitree_api/msg/detail/request_policy__functions.h
[0.843s] -- Up-to-date: /home/unitree/go2_ros2_ws/install/unitree_api/include/unitree_api/msg/detail/response_status__type_support.h
[0.843s] -- Up-to-date: /home/unitree/go2_ros2_ws/install/unitree_api/include/unitree_api/msg/detail/request_identity__functions.c
[0.843s] -- Up-to-date: /home/unitree/go2_ros2_ws/install/unitree_api/include/unitree_api/msg/detail/request_policy__functions.c
[0.844s] -- Up-to-date: /home/unitree/go2_ros2_ws/install/unitree_api/include/unitree_api/msg/detail/response_header__functions.h
[0.844s] -- Up-to-date: /home/unitree/go2_ros2_ws/install/unitree_api/include/unitree_api/msg/detail/response_header__functions.c
[0.844s] -- Up-to-date: /home/unitree/go2_ros2_ws/install/unitree_api/include/unitree_api/msg/detail/request_policy__type_support.h
[0.844s] -- Up-to-date: /home/unitree/go2_ros2_ws/install/unitree_api/include/unitree_api/msg/detail/response__struct.h
[0.844s] -- Up-to-date: /home/unitree/go2_ros2_ws/install/unitree_api/include/unitree_api/msg/detail/request_lease__struct.h
[0.844s] -- Up-to-date: /home/unitree/go2_ros2_ws/install/unitree_api/include/unitree_api/msg/detail/response_status__functions.h
[0.844s] -- Up-to-date: /home/unitree/go2_ros2_ws/install/unitree_api/include/unitree_api/msg/detail/request_header__functions.h
[0.845s] -- Up-to-date: /home/unitree/go2_ros2_ws/install/unitree_api/include/unitree_api/msg/detail/request__functions.h
[0.845s] -- Up-to-date: /home/unitree/go2_ros2_ws/install/unitree_api/include/unitree_api/msg/detail/request_identity__struct.h
[0.845s] -- Up-to-date: /home/unitree/go2_ros2_ws/install/unitree_api/include/unitree_api/msg/detail/request_identity__type_support.h
[0.846s] -- Up-to-date: /home/unitree/go2_ros2_ws/install/unitree_api/include/unitree_api/msg/detail/request__functions.c
[0.846s] -- Up-to-date: /home/unitree/go2_ros2_ws/install/unitree_api/include/unitree_api/msg/detail/response__functions.c
[0.847s] -- Up-to-date: /home/unitree/go2_ros2_ws/install/unitree_api/include/unitree_api/msg/detail/request__struct.h
[0.847s] -- Up-to-date: /home/unitree/go2_ros2_ws/install/unitree_api/share/unitree_api/environment/library_path.sh
[0.847s] -- Up-to-date: /home/unitree/go2_ros2_ws/install/unitree_api/share/unitree_api/environment/library_path.dsv
[0.848s] -- Up-to-date: /home/unitree/go2_ros2_ws/install/unitree_api/lib/libunitree_api__rosidl_generator_c.so
[0.848s] -- Up-to-date: /home/unitree/go2_ros2_ws/install/unitree_api/include/unitree_api
[0.848s] -- Up-to-date: /home/unitree/go2_ros2_ws/install/unitree_api/include/unitree_api/msg
[0.848s] -- Up-to-date: /home/unitree/go2_ros2_ws/install/unitree_api/include/unitree_api/msg/rosidl_typesupport_fastrtps_c__visibility_control.h
[0.848s] -- Up-to-date: /home/unitree/go2_ros2_ws/install/unitree_api/include/unitree_api/msg/detail
[0.848s] -- Up-to-date: /home/unitree/go2_ros2_ws/install/unitree_api/include/unitree_api/msg/detail/response_header__rosidl_typesupport_fastrtps_c.h
[0.849s] -- Up-to-date: /home/unitree/go2_ros2_ws/install/unitree_api/include/unitree_api/msg/detail/request__rosidl_typesupport_fastrtps_c.h
[0.849s] -- Up-to-date: /home/unitree/go2_ros2_ws/install/unitree_api/include/unitree_api/msg/detail/request_identity__rosidl_typesupport_fastrtps_c.h
[0.849s] -- Up-to-date: /home/unitree/go2_ros2_ws/install/unitree_api/include/unitree_api/msg/detail/response_status__rosidl_typesupport_fastrtps_c.h
[0.849s] -- Up-to-date: /home/unitree/go2_ros2_ws/install/unitree_api/include/unitree_api/msg/detail/request_policy__rosidl_typesupport_fastrtps_c.h
[0.849s] -- Up-to-date: /home/unitree/go2_ros2_ws/install/unitree_api/include/unitree_api/msg/detail/response__rosidl_typesupport_fastrtps_c.h
[0.850s] -- Up-to-date: /home/unitree/go2_ros2_ws/install/unitree_api/include/unitree_api/msg/detail/request_header__rosidl_typesupport_fastrtps_c.h
[0.850s] -- Up-to-date: /home/unitree/go2_ros2_ws/install/unitree_api/include/unitree_api/msg/detail/request_lease__rosidl_typesupport_fastrtps_c.h
[0.850s] -- Up-to-date: /home/unitree/go2_ros2_ws/install/unitree_api/lib/libunitree_api__rosidl_typesupport_fastrtps_c.so
[0.850s] -- Up-to-date: /home/unitree/go2_ros2_ws/install/unitree_api/include/unitree_api
[0.850s] -- Up-to-date: /home/unitree/go2_ros2_ws/install/unitree_api/include/unitree_api/msg
[0.850s] -- Up-to-date: /home/unitree/go2_ros2_ws/install/unitree_api/include/unitree_api/msg/rosidl_typesupport_fastrtps_cpp__visibility_control.h
[0.850s] -- Up-to-date: /home/unitree/go2_ros2_ws/install/unitree_api/include/unitree_api/msg/detail
[0.851s] -- Up-to-date: /home/unitree/go2_ros2_ws/install/unitree_api/include/unitree_api/msg/detail/response_status__rosidl_typesupport_fastrtps_cpp.hpp
[0.851s] -- Up-to-date: /home/unitree/go2_ros2_ws/install/unitree_api/include/unitree_api/msg/detail/request_lease__rosidl_typesupport_fastrtps_cpp.hpp
[0.851s] -- Up-to-date: /home/unitree/go2_ros2_ws/install/unitree_api/include/unitree_api/msg/detail/response_header__rosidl_typesupport_fastrtps_cpp.hpp
[0.851s] -- Up-to-date: /home/unitree/go2_ros2_ws/install/unitree_api/include/unitree_api/msg/detail/request_header__rosidl_typesupport_fastrtps_cpp.hpp
[0.851s] -- Up-to-date: /home/unitree/go2_ros2_ws/install/unitree_api/include/unitree_api/msg/detail/request_policy__rosidl_typesupport_fastrtps_cpp.hpp
[0.851s] -- Up-to-date: /home/unitree/go2_ros2_ws/install/unitree_api/include/unitree_api/msg/detail/request_identity__rosidl_typesupport_fastrtps_cpp.hpp
[0.851s] -- Up-to-date: /home/unitree/go2_ros2_ws/install/unitree_api/include/unitree_api/msg/detail/response__rosidl_typesupport_fastrtps_cpp.hpp
[0.851s] -- Up-to-date: /home/unitree/go2_ros2_ws/install/unitree_api/include/unitree_api/msg/detail/request__rosidl_typesupport_fastrtps_cpp.hpp
[0.851s] -- Up-to-date: /home/unitree/go2_ros2_ws/install/unitree_api/include/unitree_api/msg/detail/dds_fastrtps
[0.852s] -- Up-to-date: /home/unitree/go2_ros2_ws/install/unitree_api/lib/libunitree_api__rosidl_typesupport_fastrtps_cpp.so
[0.852s] -- Up-to-date: /home/unitree/go2_ros2_ws/install/unitree_api/include/unitree_api
[0.852s] -- Up-to-date: /home/unitree/go2_ros2_ws/install/unitree_api/include/unitree_api/msg
[0.852s] -- Up-to-date: /home/unitree/go2_ros2_ws/install/unitree_api/include/unitree_api/msg/rosidl_typesupport_introspection_c__visibility_control.h
[0.852s] -- Up-to-date: /home/unitree/go2_ros2_ws/install/unitree_api/include/unitree_api/msg/detail
[0.852s] -- Up-to-date: /home/unitree/go2_ros2_ws/install/unitree_api/include/unitree_api/msg/detail/response_header__rosidl_typesupport_introspection_c.h
[0.852s] -- Up-to-date: /home/unitree/go2_ros2_ws/install/unitree_api/include/unitree_api/msg/detail/request_lease__rosidl_typesupport_introspection_c.h
[0.852s] -- Up-to-date: /home/unitree/go2_ros2_ws/install/unitree_api/include/unitree_api/msg/detail/request_policy__type_support.c
[0.852s] -- Up-to-date: /home/unitree/go2_ros2_ws/install/unitree_api/include/unitree_api/msg/detail/request_identity__type_support.c
[0.853s] -- Up-to-date: /home/unitree/go2_ros2_ws/install/unitree_api/include/unitree_api/msg/detail/request_identity__rosidl_typesupport_introspection_c.h
[0.853s] -- Up-to-date: /home/unitree/go2_ros2_ws/install/unitree_api/include/unitree_api/msg/detail/response__type_support.c
[0.853s] -- Up-to-date: /home/unitree/go2_ros2_ws/install/unitree_api/include/unitree_api/msg/detail/request_header__rosidl_typesupport_introspection_c.h
[0.853s] -- Up-to-date: /home/unitree/go2_ros2_ws/install/unitree_api/include/unitree_api/msg/detail/response_header__type_support.c
[0.853s] -- Up-to-date: /home/unitree/go2_ros2_ws/install/unitree_api/include/unitree_api/msg/detail/response__rosidl_typesupport_introspection_c.h
[0.853s] -- Up-to-date: /home/unitree/go2_ros2_ws/install/unitree_api/include/unitree_api/msg/detail/response_status__type_support.c
[0.853s] -- Up-to-date: /home/unitree/go2_ros2_ws/install/unitree_api/include/unitree_api/msg/detail/request_header__type_support.c
[0.853s] -- Up-to-date: /home/unitree/go2_ros2_ws/install/unitree_api/include/unitree_api/msg/detail/request_lease__type_support.c
[0.854s] -- Up-to-date: /home/unitree/go2_ros2_ws/install/unitree_api/include/unitree_api/msg/detail/response_status__rosidl_typesupport_introspection_c.h
[0.854s] -- Up-to-date: /home/unitree/go2_ros2_ws/install/unitree_api/include/unitree_api/msg/detail/request__rosidl_typesupport_introspection_c.h
[0.854s] -- Up-to-date: /home/unitree/go2_ros2_ws/install/unitree_api/include/unitree_api/msg/detail/request_policy__rosidl_typesupport_introspection_c.h
[0.854s] -- Up-to-date: /home/unitree/go2_ros2_ws/install/unitree_api/include/unitree_api/msg/detail/request__type_support.c
[0.854s] -- Up-to-date: /home/unitree/go2_ros2_ws/install/unitree_api/lib/libunitree_api__rosidl_typesupport_introspection_c.so
[0.854s] -- Up-to-date: /home/unitree/go2_ros2_ws/install/unitree_api/lib/libunitree_api__rosidl_typesupport_c.so
[0.854s] -- Up-to-date: /home/unitree/go2_ros2_ws/install/unitree_api/include/unitree_api
[0.854s] -- Up-to-date: /home/unitree/go2_ros2_ws/install/unitree_api/include/unitree_api/msg
[0.855s] -- Up-to-date: /home/unitree/go2_ros2_ws/install/unitree_api/include/unitree_api/msg/request_header.hpp
[0.855s] -- Up-to-date: /home/unitree/go2_ros2_ws/install/unitree_api/include/unitree_api/msg/response_header.hpp
[0.855s] -- Up-to-date: /home/unitree/go2_ros2_ws/install/unitree_api/include/unitree_api/msg/request_identity.hpp
[0.855s] -- Up-to-date: /home/unitree/go2_ros2_ws/install/unitree_api/include/unitree_api/msg/request.hpp
[0.855s] -- Up-to-date: /home/unitree/go2_ros2_ws/install/unitree_api/include/unitree_api/msg/request_lease.hpp
[0.855s] -- Up-to-date: /home/unitree/go2_ros2_ws/install/unitree_api/include/unitree_api/msg/response.hpp
[0.855s] -- Up-to-date: /home/unitree/go2_ros2_ws/install/unitree_api/include/unitree_api/msg/request_policy.hpp
[0.855s] -- Up-to-date: /home/unitree/go2_ros2_ws/install/unitree_api/include/unitree_api/msg/response_status.hpp
[0.855s] -- Up-to-date: /home/unitree/go2_ros2_ws/install/unitree_api/include/unitree_api/msg/detail
[0.856s] -- Up-to-date: /home/unitree/go2_ros2_ws/install/unitree_api/include/unitree_api/msg/detail/request__builder.hpp
[0.856s] -- Up-to-date: /home/unitree/go2_ros2_ws/install/unitree_api/include/unitree_api/msg/detail/request_identity__builder.hpp
[0.856s] -- Up-to-date: /home/unitree/go2_ros2_ws/install/unitree_api/include/unitree_api/msg/detail/request_policy__struct.hpp
[0.856s] -- Up-to-date: /home/unitree/go2_ros2_ws/install/unitree_api/include/unitree_api/msg/detail/request_policy__type_support.hpp
[0.856s] -- Up-to-date: /home/unitree/go2_ros2_ws/install/unitree_api/include/unitree_api/msg/detail/request_identity__traits.hpp
[0.856s] -- Up-to-date: /home/unitree/go2_ros2_ws/install/unitree_api/include/unitree_api/msg/detail/request_header__traits.hpp
[0.856s] -- Up-to-date: /home/unitree/go2_ros2_ws/install/unitree_api/include/unitree_api/msg/detail/response_status__traits.hpp
[0.856s] -- Up-to-date: /home/unitree/go2_ros2_ws/install/unitree_api/include/unitree_api/msg/detail/request_policy__builder.hpp
[0.856s] -- Up-to-date: /home/unitree/go2_ros2_ws/install/unitree_api/include/unitree_api/msg/detail/request__traits.hpp
[0.857s] -- Up-to-date: /home/unitree/go2_ros2_ws/install/unitree_api/include/unitree_api/msg/detail/request__type_support.hpp
[0.857s] -- Up-to-date: /home/unitree/go2_ros2_ws/install/unitree_api/include/unitree_api/msg/detail/response__builder.hpp
[0.857s] -- Up-to-date: /home/unitree/go2_ros2_ws/install/unitree_api/include/unitree_api/msg/detail/request_identity__type_support.hpp
[0.857s] -- Up-to-date: /home/unitree/go2_ros2_ws/install/unitree_api/include/unitree_api/msg/detail/request_lease__struct.hpp
[0.857s] -- Up-to-date: /home/unitree/go2_ros2_ws/install/unitree_api/include/unitree_api/msg/detail/request_identity__struct.hpp
[0.857s] -- Up-to-date: /home/unitree/go2_ros2_ws/install/unitree_api/include/unitree_api/msg/detail/request_header__builder.hpp
[0.857s] -- Up-to-date: /home/unitree/go2_ros2_ws/install/unitree_api/include/unitree_api/msg/detail/response__struct.hpp
[0.857s] -- Up-to-date: /home/unitree/go2_ros2_ws/install/unitree_api/include/unitree_api/msg/detail/request_policy__traits.hpp
[0.857s] -- Up-to-date: /home/unitree/go2_ros2_ws/install/unitree_api/include/unitree_api/msg/detail/response_status__builder.hpp
[0.858s] -- Up-to-date: /home/unitree/go2_ros2_ws/install/unitree_api/include/unitree_api/msg/detail/request__struct.hpp
[0.858s] -- Up-to-date: /home/unitree/go2_ros2_ws/install/unitree_api/include/unitree_api/msg/detail/response_header__struct.hpp
[0.858s] -- Up-to-date: /home/unitree/go2_ros2_ws/install/unitree_api/include/unitree_api/msg/detail/response__traits.hpp
[0.858s] -- Up-to-date: /home/unitree/go2_ros2_ws/install/unitree_api/include/unitree_api/msg/detail/request_lease__traits.hpp
[0.858s] -- Up-to-date: /home/unitree/go2_ros2_ws/install/unitree_api/include/unitree_api/msg/detail/request_header__type_support.hpp
[0.858s] -- Up-to-date: /home/unitree/go2_ros2_ws/install/unitree_api/include/unitree_api/msg/detail/response_status__struct.hpp
[0.858s] -- Up-to-date: /home/unitree/go2_ros2_ws/install/unitree_api/include/unitree_api/msg/detail/response_header__type_support.hpp
[0.858s] -- Up-to-date: /home/unitree/go2_ros2_ws/install/unitree_api/include/unitree_api/msg/detail/response_header__builder.hpp
[0.858s] -- Up-to-date: /home/unitree/go2_ros2_ws/install/unitree_api/include/unitree_api/msg/detail/request_lease__builder.hpp
[0.859s] -- Up-to-date: /home/unitree/go2_ros2_ws/install/unitree_api/include/unitree_api/msg/detail/response_header__traits.hpp
[0.859s] -- Up-to-date: /home/unitree/go2_ros2_ws/install/unitree_api/include/unitree_api/msg/detail/request_lease__type_support.hpp
[0.859s] -- Up-to-date: /home/unitree/go2_ros2_ws/install/unitree_api/include/unitree_api/msg/detail/response__type_support.hpp
[0.859s] -- Up-to-date: /home/unitree/go2_ros2_ws/install/unitree_api/include/unitree_api/msg/detail/request_header__struct.hpp
[0.859s] -- Up-to-date: /home/unitree/go2_ros2_ws/install/unitree_api/include/unitree_api/msg/detail/response_status__type_support.hpp
[0.859s] -- Up-to-date: /home/unitree/go2_ros2_ws/install/unitree_api/include/unitree_api/msg/rosidl_generator_cpp__visibility_control.hpp
[0.859s] -- Up-to-date: /home/unitree/go2_ros2_ws/install/unitree_api/include/unitree_api
[0.859s] -- Up-to-date: /home/unitree/go2_ros2_ws/install/unitree_api/include/unitree_api/msg
[0.859s] -- Up-to-date: /home/unitree/go2_ros2_ws/install/unitree_api/include/unitree_api/msg/detail
[0.860s] -- Up-to-date: /home/unitree/go2_ros2_ws/install/unitree_api/include/unitree_api/msg/detail/request_policy__rosidl_typesupport_introspection_cpp.hpp
[0.860s] -- Up-to-date: /home/unitree/go2_ros2_ws/install/unitree_api/include/unitree_api/msg/detail/response_status__type_support.cpp
[0.860s] -- Up-to-date: /home/unitree/go2_ros2_ws/install/unitree_api/include/unitree_api/msg/detail/request_identity__type_support.cpp
[0.860s] -- Up-to-date: /home/unitree/go2_ros2_ws/install/unitree_api/include/unitree_api/msg/detail/request_policy__type_support.cpp
[0.860s] -- Up-to-date: /home/unitree/go2_ros2_ws/install/unitree_api/include/unitree_api/msg/detail/request__rosidl_typesupport_introspection_cpp.hpp
[0.860s] -- Up-to-date: /home/unitree/go2_ros2_ws/install/unitree_api/include/unitree_api/msg/detail/response_header__rosidl_typesupport_introspection_cpp.hpp
[0.860s] -- Up-to-date: /home/unitree/go2_ros2_ws/install/unitree_api/include/unitree_api/msg/detail/response_status__rosidl_typesupport_introspection_cpp.hpp
[0.860s] -- Up-to-date: /home/unitree/go2_ros2_ws/install/unitree_api/include/unitree_api/msg/detail/request_lease__rosidl_typesupport_introspection_cpp.hpp
[0.861s] -- Up-to-date: /home/unitree/go2_ros2_ws/install/unitree_api/include/unitree_api/msg/detail/request_header__rosidl_typesupport_introspection_cpp.hpp
[0.861s] -- Up-to-date: /home/unitree/go2_ros2_ws/install/unitree_api/include/unitree_api/msg/detail/request_identity__rosidl_typesupport_introspection_cpp.hpp
[0.861s] -- Up-to-date: /home/unitree/go2_ros2_ws/install/unitree_api/include/unitree_api/msg/detail/request_header__type_support.cpp
[0.861s] -- Up-to-date: /home/unitree/go2_ros2_ws/install/unitree_api/include/unitree_api/msg/detail/response__type_support.cpp
[0.861s] -- Up-to-date: /home/unitree/go2_ros2_ws/install/unitree_api/include/unitree_api/msg/detail/response__rosidl_typesupport_introspection_cpp.hpp
[0.861s] -- Up-to-date: /home/unitree/go2_ros2_ws/install/unitree_api/include/unitree_api/msg/detail/request__type_support.cpp
[0.861s] -- Up-to-date: /home/unitree/go2_ros2_ws/install/unitree_api/include/unitree_api/msg/detail/request_lease__type_support.cpp
[0.861s] -- Up-to-date: /home/unitree/go2_ros2_ws/install/unitree_api/include/unitree_api/msg/detail/response_header__type_support.cpp
[0.862s] -- Up-to-date: /home/unitree/go2_ros2_ws/install/unitree_api/lib/libunitree_api__rosidl_typesupport_introspection_cpp.so
[0.865s] -- Up-to-date: /home/unitree/go2_ros2_ws/install/unitree_api/lib/libunitree_api__rosidl_typesupport_cpp.so
[0.876s] -- Up-to-date: /home/unitree/go2_ros2_ws/install/unitree_api/share/unitree_api/environment/pythonpath.sh
[0.877s] -- Up-to-date: /home/unitree/go2_ros2_ws/install/unitree_api/share/unitree_api/environment/pythonpath.dsv
[0.877s] -- Up-to-date: /home/unitree/go2_ros2_ws/install/unitree_api/lib/python3.8/site-packages/unitree_api/__init__.py
[1.017s] -- Up-to-date: /home/unitree/go2_ros2_ws/install/unitree_api/lib/python3.8/site-packages/unitree_api/msg
[1.017s] -- Up-to-date: /home/unitree/go2_ros2_ws/install/unitree_api/lib/python3.8/site-packages/unitree_api/msg/_response_header.py
[1.017s] -- Up-to-date: /home/unitree/go2_ros2_ws/install/unitree_api/lib/python3.8/site-packages/unitree_api/msg/_response_status_s.c
[1.018s] -- Up-to-date: /home/unitree/go2_ros2_ws/install/unitree_api/lib/python3.8/site-packages/unitree_api/msg/_request_s.c
[1.018s] -- Up-to-date: /home/unitree/go2_ros2_ws/install/unitree_api/lib/python3.8/site-packages/unitree_api/msg/_request_identity_s.c
[1.019s] -- Up-to-date: /home/unitree/go2_ros2_ws/install/unitree_api/lib/python3.8/site-packages/unitree_api/msg/_request.py
[1.019s] -- Up-to-date: /home/unitree/go2_ros2_ws/install/unitree_api/lib/python3.8/site-packages/unitree_api/msg/_request_policy.py
[1.019s] -- Up-to-date: /home/unitree/go2_ros2_ws/install/unitree_api/lib/python3.8/site-packages/unitree_api/msg/_response.py
[1.020s] -- Up-to-date: /home/unitree/go2_ros2_ws/install/unitree_api/lib/python3.8/site-packages/unitree_api/msg/_request_policy_s.c
[1.020s] -- Up-to-date: /home/unitree/go2_ros2_ws/install/unitree_api/lib/python3.8/site-packages/unitree_api/msg/_response_status.py
[1.020s] -- Up-to-date: /home/unitree/go2_ros2_ws/install/unitree_api/lib/python3.8/site-packages/unitree_api/msg/_request_header.py
[1.020s] -- Up-to-date: /home/unitree/go2_ros2_ws/install/unitree_api/lib/python3.8/site-packages/unitree_api/msg/__init__.py
[1.021s] -- Up-to-date: /home/unitree/go2_ros2_ws/install/unitree_api/lib/python3.8/site-packages/unitree_api/msg/_request_lease_s.c
[1.021s] -- Up-to-date: /home/unitree/go2_ros2_ws/install/unitree_api/lib/python3.8/site-packages/unitree_api/msg/_request_identity.py
[1.021s] -- Up-to-date: /home/unitree/go2_ros2_ws/install/unitree_api/lib/python3.8/site-packages/unitree_api/msg/_response_header_s.c
[1.022s] -- Up-to-date: /home/unitree/go2_ros2_ws/install/unitree_api/lib/python3.8/site-packages/unitree_api/msg/_response_s.c
[1.022s] -- Up-to-date: /home/unitree/go2_ros2_ws/install/unitree_api/lib/python3.8/site-packages/unitree_api/msg/_request_lease.py
[1.022s] -- Up-to-date: /home/unitree/go2_ros2_ws/install/unitree_api/lib/python3.8/site-packages/unitree_api/msg/_request_header_s.c
[1.023s] -- Up-to-date: /home/unitree/go2_ros2_ws/install/unitree_api/lib/python3.8/site-packages/unitree_api/unitree_api_s__rosidl_typesupport_fastrtps_c.cpython-38-aarch64-linux-gnu.so
[1.024s] -- Up-to-date: /home/unitree/go2_ros2_ws/install/unitree_api/lib/python3.8/site-packages/unitree_api/unitree_api_s__rosidl_typesupport_introspection_c.cpython-38-aarch64-linux-gnu.so
[1.024s] -- Up-to-date: /home/unitree/go2_ros2_ws/install/unitree_api/lib/python3.8/site-packages/unitree_api/unitree_api_s__rosidl_typesupport_c.cpython-38-aarch64-linux-gnu.so
[1.025s] -- Up-to-date: /home/unitree/go2_ros2_ws/install/unitree_api/lib/libunitree_api__python.so
[1.025s] -- Up-to-date: /home/unitree/go2_ros2_ws/install/unitree_api/share/unitree_api/msg/Request.idl
[1.025s] -- Up-to-date: /home/unitree/go2_ros2_ws/install/unitree_api/share/unitree_api/msg/RequestHeader.idl
[1.026s] -- Up-to-date: /home/unitree/go2_ros2_ws/install/unitree_api/share/unitree_api/msg/RequestIdentity.idl
[1.026s] -- Up-to-date: /home/unitree/go2_ros2_ws/install/unitree_api/share/unitree_api/msg/RequestLease.idl
[1.026s] -- Up-to-date: /home/unitree/go2_ros2_ws/install/unitree_api/share/unitree_api/msg/RequestPolicy.idl
[1.027s] -- Up-to-date: /home/unitree/go2_ros2_ws/install/unitree_api/share/unitree_api/msg/Response.idl
[1.027s] -- Up-to-date: /home/unitree/go2_ros2_ws/install/unitree_api/share/unitree_api/msg/ResponseHeader.idl
[1.027s] -- Up-to-date: /home/unitree/go2_ros2_ws/install/unitree_api/share/unitree_api/msg/ResponseStatus.idl
[1.028s] -- Up-to-date: /home/unitree/go2_ros2_ws/install/unitree_api/share/unitree_api/msg/Request.msg
[1.029s] -- Up-to-date: /home/unitree/go2_ros2_ws/install/unitree_api/share/unitree_api/msg/RequestHeader.msg
[1.029s] -- Up-to-date: /home/unitree/go2_ros2_ws/install/unitree_api/share/unitree_api/msg/RequestIdentity.msg
[1.029s] -- Up-to-date: /home/unitree/go2_ros2_ws/install/unitree_api/share/unitree_api/msg/RequestLease.msg
[1.029s] -- Up-to-date: /home/unitree/go2_ros2_ws/install/unitree_api/share/unitree_api/msg/RequestPolicy.msg
[1.030s] -- Up-to-date: /home/unitree/go2_ros2_ws/install/unitree_api/share/unitree_api/msg/Response.msg
[1.030s] -- Up-to-date: /home/unitree/go2_ros2_ws/install/unitree_api/share/unitree_api/msg/ResponseHeader.msg
[1.030s] -- Up-to-date: /home/unitree/go2_ros2_ws/install/unitree_api/share/unitree_api/msg/ResponseStatus.msg
[1.031s] -- Up-to-date: /home/unitree/go2_ros2_ws/install/unitree_api/share/unitree_api/msg/dds_connext
[1.031s] -- Up-to-date: /home/unitree/go2_ros2_ws/install/unitree_api/share/unitree_api/msg/dds_connext/Request_.idl
[1.032s] -- Up-to-date: /home/unitree/go2_ros2_ws/install/unitree_api/share/unitree_api/msg/dds_connext/RequestLease_.idl
[1.032s] -- Up-to-date: /home/unitree/go2_ros2_ws/install/unitree_api/share/unitree_api/msg/dds_connext/RequestHeader_.idl
[1.032s] -- Up-to-date: /home/unitree/go2_ros2_ws/install/unitree_api/share/unitree_api/msg/dds_connext/Response_.idl
[1.033s] -- Up-to-date: /home/unitree/go2_ros2_ws/install/unitree_api/share/unitree_api/msg/dds_connext/ResponseHeader_.idl
[1.034s] -- Up-to-date: /home/unitree/go2_ros2_ws/install/unitree_api/share/unitree_api/msg/dds_connext/ResponseStatus_.idl
[1.034s] -- Up-to-date: /home/unitree/go2_ros2_ws/install/unitree_api/share/unitree_api/msg/dds_connext/RequestIdentity_.idl
[1.034s] -- Up-to-date: /home/unitree/go2_ros2_ws/install/unitree_api/share/unitree_api/msg/dds_connext/RequestPolicy_.idl
[1.035s] -- Up-to-date: /home/unitree/go2_ros2_ws/install/unitree_api/share/ament_index/resource_index/package_run_dependencies/unitree_api
[1.035s] -- Up-to-date: /home/unitree/go2_ros2_ws/install/unitree_api/share/ament_index/resource_index/parent_prefix_path/unitree_api
[1.036s] -- Up-to-date: /home/unitree/go2_ros2_ws/install/unitree_api/share/unitree_api/environment/ament_prefix_path.sh
[1.036s] -- Up-to-date: /home/unitree/go2_ros2_ws/install/unitree_api/share/unitree_api/environment/ament_prefix_path.dsv
[1.036s] -- Up-to-date: /home/unitree/go2_ros2_ws/install/unitree_api/share/unitree_api/environment/path.sh
[1.037s] -- Up-to-date: /home/unitree/go2_ros2_ws/install/unitree_api/share/unitree_api/environment/path.dsv
[1.037s] -- Up-to-date: /home/unitree/go2_ros2_ws/install/unitree_api/share/unitree_api/local_setup.bash
[1.037s] -- Up-to-date: /home/unitree/go2_ros2_ws/install/unitree_api/share/unitree_api/local_setup.sh
[1.038s] -- Up-to-date: /home/unitree/go2_ros2_ws/install/unitree_api/share/unitree_api/local_setup.zsh
[1.038s] -- Up-to-date: /home/unitree/go2_ros2_ws/install/unitree_api/share/unitree_api/local_setup.dsv
[1.038s] -- Installing: /home/unitree/go2_ros2_ws/install/unitree_api/share/unitree_api/package.dsv
[1.039s] -- Up-to-date: /home/unitree/go2_ros2_ws/install/unitree_api/share/ament_index/resource_index/packages/unitree_api
[1.039s] -- Up-to-date: /home/unitree/go2_ros2_ws/install/unitree_api/share/unitree_api/cmake/unitree_api__rosidl_generator_cExport.cmake
[1.039s] -- Up-to-date: /home/unitree/go2_ros2_ws/install/unitree_api/share/unitree_api/cmake/unitree_api__rosidl_generator_cExport-noconfig.cmake
[1.040s] -- Up-to-date: /home/unitree/go2_ros2_ws/install/unitree_api/share/unitree_api/cmake/unitree_api__rosidl_typesupport_introspection_cExport.cmake
[1.040s] -- Up-to-date: /home/unitree/go2_ros2_ws/install/unitree_api/share/unitree_api/cmake/unitree_api__rosidl_typesupport_introspection_cExport-noconfig.cmake
[1.040s] -- Up-to-date: /home/unitree/go2_ros2_ws/install/unitree_api/share/unitree_api/cmake/unitree_api__rosidl_typesupport_cExport.cmake
[1.041s] -- Up-to-date: /home/unitree/go2_ros2_ws/install/unitree_api/share/unitree_api/cmake/unitree_api__rosidl_typesupport_cExport-noconfig.cmake
[1.041s] -- Up-to-date: /home/unitree/go2_ros2_ws/install/unitree_api/share/unitree_api/cmake/unitree_api__rosidl_generator_cppExport.cmake
[1.041s] -- Up-to-date: /home/unitree/go2_ros2_ws/install/unitree_api/share/unitree_api/cmake/unitree_api__rosidl_typesupport_introspection_cppExport.cmake
[1.041s] -- Up-to-date: /home/unitree/go2_ros2_ws/install/unitree_api/share/unitree_api/cmake/unitree_api__rosidl_typesupport_introspection_cppExport-noconfig.cmake
[1.042s] -- Up-to-date: /home/unitree/go2_ros2_ws/install/unitree_api/share/unitree_api/cmake/unitree_api__rosidl_typesupport_cppExport.cmake
[1.043s] -- Up-to-date: /home/unitree/go2_ros2_ws/install/unitree_api/share/unitree_api/cmake/unitree_api__rosidl_typesupport_cppExport-noconfig.cmake
[1.043s] -- Up-to-date: /home/unitree/go2_ros2_ws/install/unitree_api/share/unitree_api/cmake/rosidl_cmake-extras.cmake
[1.043s] -- Up-to-date: /home/unitree/go2_ros2_ws/install/unitree_api/share/unitree_api/cmake/ament_cmake_export_dependencies-extras.cmake
[1.043s] -- Up-to-date: /home/unitree/go2_ros2_ws/install/unitree_api/share/unitree_api/cmake/ament_cmake_export_libraries-extras.cmake
[1.044s] -- Up-to-date: /home/unitree/go2_ros2_ws/install/unitree_api/share/unitree_api/cmake/ament_cmake_export_targets-extras.cmake
[1.044s] -- Up-to-date: /home/unitree/go2_ros2_ws/install/unitree_api/share/unitree_api/cmake/ament_cmake_export_include_directories-extras.cmake
[1.044s] -- Up-to-date: /home/unitree/go2_ros2_ws/install/unitree_api/share/unitree_api/cmake/rosidl_cmake_export_typesupport_libraries-extras.cmake
[1.044s] -- Up-to-date: /home/unitree/go2_ros2_ws/install/unitree_api/share/unitree_api/cmake/rosidl_cmake_export_typesupport_targets-extras.cmake
[1.044s] -- Up-to-date: /home/unitree/go2_ros2_ws/install/unitree_api/share/unitree_api/cmake/unitree_apiConfig.cmake
[1.045s] -- Up-to-date: /home/unitree/go2_ros2_ws/install/unitree_api/share/unitree_api/cmake/unitree_apiConfig-version.cmake
[1.045s] -- Up-to-date: /home/unitree/go2_ros2_ws/install/unitree_api/share/unitree_api/package.xml
[1.090s] Invoked command in '/home/unitree/go2_ros2_ws/build/unitree_api' returned '0': CMAKE_PREFIX_PATH=${CMAKE_PREFIX_PATH}:/opt/ros/foxy /usr/bin/cmake --install /home/unitree/go2_ros2_ws/build/unitree_api
