[0.033s] Invoking command in '/home/unitree/go2_ros2_ws/build/go2_h264_repub': /usr/bin/cmake /home/unitree/go2_ros2_ws/src/go2_ros2_toolbox/go2_ros2_toolbox-main/unitree_pkgs/go2_h264_repub -DCMAKE_INSTALL_PREFIX=/home/unitree/go2_ros2_ws/install/go2_h264_repub
[0.134s] -- The C compiler identification is GNU 9.4.0
[0.236s] -- The CXX compiler identification is GNU 9.4.0
[0.245s] -- Check for working C compiler: /usr/bin/cc
[0.384s] -- Check for working C compiler: /usr/bin/cc -- works
[0.389s] -- Detecting C compiler ABI info
[0.513s] -- Detecting C compiler ABI info - done
[0.531s] -- Detecting C compile features
[0.532s] -- Detecting C compile features - done
[0.537s] -- Check for working CXX compiler: /usr/bin/c++
[0.702s] -- Check for working CXX compiler: /usr/bin/c++ -- works
[0.702s] -- Detecting CXX compiler ABI info
[0.836s] -- Detecting CXX compiler ABI info - done
[0.860s] -- Detecting CXX compile features
[0.861s] -- Detecting CXX compile features - done
[0.880s] CMake Error at CMakeLists.txt:23 (find_package):
[0.881s]   By not providing "Findament_cmake.cmake" in CMAKE_MODULE_PATH this project
[0.881s]   has asked CMake to find a package configuration file provided by
[0.881s]   "ament_cmake", but CMake did not find one.
[0.881s] 
[0.881s]   Could not find a package configuration file provided by "ament_cmake" with
[0.881s]   any of the following names:
[0.881s] 
[0.881s]     ament_cmakeConfig.cmake
[0.882s]     ament_cmake-config.cmake
[0.882s] 
[0.882s]   Add the installation prefix of "ament_cmake" to CMAKE_PREFIX_PATH or set
[0.882s]   "ament_cmake_DIR" to a directory containing one of the above files.  If
[0.882s]   "ament_cmake" provides a separate development package or SDK, be sure it
[0.882s]   has been installed.
[0.882s] 
[0.882s] 
[0.882s] -- Configuring incomplete, errors occurred!
[0.883s] See also "/home/unitree/go2_ros2_ws/build/go2_h264_repub/CMakeFiles/CMakeOutput.log".
[0.893s] Invoked command in '/home/unitree/go2_ros2_ws/build/go2_h264_repub' returned '1': /usr/bin/cmake /home/unitree/go2_ros2_ws/src/go2_ros2_toolbox/go2_ros2_toolbox-main/unitree_pkgs/go2_h264_repub -DCMAKE_INSTALL_PREFIX=/home/unitree/go2_ros2_ws/install/go2_h264_repub
